[1.305s] DEBUG:colcon:Command line arguments: ['/usr/bin/colcon', 'list', '-p', '--base-paths', '/home/rosdev/ros2_ws']
[1.305s] DEBUG:colcon:Parsed command line arguments: Namespace(log_base=None, log_level=None, verb_name='list', build_base='build', ignore_user_meta=False, metas=['./colcon.meta'], base_paths=['/home/rosdev/ros2_ws'], packages_ignore=None, packages_ignore_regex=None, paths=None, packages_up_to=None, packages_up_to_regex=None, packages_above=None, packages_above_and_dependencies=None, packages_above_depth=None, packages_select_by_dep=None, packages_skip_by_dep=None, packages_skip_up_to=None, packages_select_build_failed=False, packages_skip_build_finished=False, packages_select_test_failures=False, packages_skip_test_passed=False, packages_select=None, packages_skip=None, packages_select_regex=None, packages_skip_regex=None, packages_start=None, packages_end=None, topological_order=False, names_only=False, paths_only=True, topological_graph=False, topological_graph_dot=False, topological_graph_density=False, topological_graph_legend=False, topological_graph_dot_cluster=False, topological_graph_dot_include_skipped=False, mixin_files=None, mixin=None, verb_parser=<colcon_mixin.mixin.mixin_argument.MixinArgumentDecorator object at 0x7fc0311e6980>, verb_extension=<colcon_package_information.verb.list.ListVerb object at 0x7fc0311e59c0>, main=<bound method ListVerb.main of <colcon_package_information.verb.list.ListVerb object at 0x7fc0311e59c0>>, mixin_verb=('list',))
[1.349s] Level 1:colcon.colcon_core.package_discovery:discover_packages(colcon_meta) check parameters
[1.349s] Level 1:colcon.colcon_core.package_discovery:discover_packages(recursive) check parameters
[1.349s] Level 1:colcon.colcon_core.package_discovery:discover_packages(ignore) check parameters
[1.349s] Level 1:colcon.colcon_core.package_discovery:discover_packages(path) check parameters
[1.349s] Level 1:colcon.colcon_core.package_discovery:discover_packages(recursive) discover
[1.349s] INFO:colcon.colcon_core.package_discovery:Crawling recursively for packages in '/home/rosdev/ros2_ws'
[1.350s] Level 1:colcon.colcon_core.package_identification:_identify(/home/rosdev/ros2_ws) by extensions ['ignore', 'ignore_ament_install']
[1.350s] Level 1:colcon.colcon_core.package_identification:_identify(/home/rosdev/ros2_ws) by extension 'ignore'
[1.350s] Level 1:colcon.colcon_core.package_identification:_identify(/home/rosdev/ros2_ws) by extension 'ignore_ament_install'
[1.350s] Level 1:colcon.colcon_core.package_identification:_identify(/home/rosdev/ros2_ws) by extensions ['colcon_pkg']
[1.350s] Level 1:colcon.colcon_core.package_identification:_identify(/home/rosdev/ros2_ws) by extension 'colcon_pkg'
[1.350s] Level 1:colcon.colcon_core.package_identification:_identify(/home/rosdev/ros2_ws) by extensions ['colcon_meta']
[1.350s] Level 1:colcon.colcon_core.package_identification:_identify(/home/rosdev/ros2_ws) by extension 'colcon_meta'
[1.350s] Level 1:colcon.colcon_core.package_identification:_identify(/home/rosdev/ros2_ws) by extensions ['ros']
[1.350s] Level 1:colcon.colcon_core.package_identification:_identify(/home/rosdev/ros2_ws) by extension 'ros'
[1.366s] Level 1:colcon.colcon_core.package_identification:_identify(/home/rosdev/ros2_ws) by extensions ['cmake', 'python']
[1.366s] Level 1:colcon.colcon_core.package_identification:_identify(/home/rosdev/ros2_ws) by extension 'cmake'
[1.366s] Level 1:colcon.colcon_core.package_identification:_identify(/home/rosdev/ros2_ws) by extension 'python'
[1.366s] Level 1:colcon.colcon_core.package_identification:_identify(/home/rosdev/ros2_ws) by extensions ['python_setup_py']
[1.366s] Level 1:colcon.colcon_core.package_identification:_identify(/home/rosdev/ros2_ws) by extension 'python_setup_py'
[1.366s] Level 1:colcon.colcon_core.package_identification:_identify(/home/rosdev/ros2_ws/build) by extensions ['ignore', 'ignore_ament_install']
[1.367s] Level 1:colcon.colcon_core.package_identification:_identify(/home/rosdev/ros2_ws/build) by extension 'ignore'
[1.367s] Level 1:colcon.colcon_core.package_identification:_identify(/home/rosdev/ros2_ws/build) ignored
[1.367s] Level 1:colcon.colcon_core.package_identification:_identify(/home/rosdev/ros2_ws/install) by extensions ['ignore', 'ignore_ament_install']
[1.367s] Level 1:colcon.colcon_core.package_identification:_identify(/home/rosdev/ros2_ws/install) by extension 'ignore'
[1.367s] Level 1:colcon.colcon_core.package_identification:_identify(/home/rosdev/ros2_ws/install) ignored
[1.368s] Level 1:colcon.colcon_core.package_identification:_identify(/home/rosdev/ros2_ws/log) by extensions ['ignore', 'ignore_ament_install']
[1.368s] Level 1:colcon.colcon_core.package_identification:_identify(/home/rosdev/ros2_ws/log) by extension 'ignore'
[1.368s] Level 1:colcon.colcon_core.package_identification:_identify(/home/rosdev/ros2_ws/log) ignored
[1.368s] Level 1:colcon.colcon_core.package_identification:_identify(/home/rosdev/ros2_ws/src) by extensions ['ignore', 'ignore_ament_install']
[1.368s] Level 1:colcon.colcon_core.package_identification:_identify(/home/rosdev/ros2_ws/src) by extension 'ignore'
[1.368s] Level 1:colcon.colcon_core.package_identification:_identify(/home/rosdev/ros2_ws/src) by extension 'ignore_ament_install'
[1.368s] Level 1:colcon.colcon_core.package_identification:_identify(/home/rosdev/ros2_ws/src) by extensions ['colcon_pkg']
[1.368s] Level 1:colcon.colcon_core.package_identification:_identify(/home/rosdev/ros2_ws/src) by extension 'colcon_pkg'
[1.368s] Level 1:colcon.colcon_core.package_identification:_identify(/home/rosdev/ros2_ws/src) by extensions ['colcon_meta']
[1.369s] Level 1:colcon.colcon_core.package_identification:_identify(/home/rosdev/ros2_ws/src) by extension 'colcon_meta'
[1.369s] Level 1:colcon.colcon_core.package_identification:_identify(/home/rosdev/ros2_ws/src) by extensions ['ros']
[1.369s] Level 1:colcon.colcon_core.package_identification:_identify(/home/rosdev/ros2_ws/src) by extension 'ros'
[1.369s] Level 1:colcon.colcon_core.package_identification:_identify(/home/rosdev/ros2_ws/src) by extensions ['cmake', 'python']
[1.369s] Level 1:colcon.colcon_core.package_identification:_identify(/home/rosdev/ros2_ws/src) by extension 'cmake'
[1.369s] Level 1:colcon.colcon_core.package_identification:_identify(/home/rosdev/ros2_ws/src) by extension 'python'
[1.369s] Level 1:colcon.colcon_core.package_identification:_identify(/home/rosdev/ros2_ws/src) by extensions ['python_setup_py']
[1.369s] Level 1:colcon.colcon_core.package_identification:_identify(/home/rosdev/ros2_ws/src) by extension 'python_setup_py'
[1.369s] Level 1:colcon.colcon_core.package_identification:_identify(/home/rosdev/ros2_ws/src/build) by extensions ['ignore', 'ignore_ament_install']
[1.370s] Level 1:colcon.colcon_core.package_identification:_identify(/home/rosdev/ros2_ws/src/build) by extension 'ignore'
[1.370s] Level 1:colcon.colcon_core.package_identification:_identify(/home/rosdev/ros2_ws/src/build) ignored
[1.370s] Level 1:colcon.colcon_core.package_identification:_identify(/home/rosdev/ros2_ws/src/claw_machine_msgs) by extensions ['ignore', 'ignore_ament_install']
[1.370s] Level 1:colcon.colcon_core.package_identification:_identify(/home/rosdev/ros2_ws/src/claw_machine_msgs) by extension 'ignore'
[1.370s] Level 1:colcon.colcon_core.package_identification:_identify(/home/rosdev/ros2_ws/src/claw_machine_msgs) by extension 'ignore_ament_install'
[1.370s] Level 1:colcon.colcon_core.package_identification:_identify(/home/rosdev/ros2_ws/src/claw_machine_msgs) by extensions ['colcon_pkg']
[1.370s] Level 1:colcon.colcon_core.package_identification:_identify(/home/rosdev/ros2_ws/src/claw_machine_msgs) by extension 'colcon_pkg'
[1.370s] Level 1:colcon.colcon_core.package_identification:_identify(/home/rosdev/ros2_ws/src/claw_machine_msgs) by extensions ['colcon_meta']
[1.370s] Level 1:colcon.colcon_core.package_identification:_identify(/home/rosdev/ros2_ws/src/claw_machine_msgs) by extension 'colcon_meta'
[1.371s] Level 1:colcon.colcon_core.package_identification:_identify(/home/rosdev/ros2_ws/src/claw_machine_msgs) by extensions ['ros']
[1.371s] Level 1:colcon.colcon_core.package_identification:_identify(/home/rosdev/ros2_ws/src/claw_machine_msgs) by extension 'ros'
[1.375s] DEBUG:colcon.colcon_core.package_identification:Package '/home/rosdev/ros2_ws/src/claw_machine_msgs' with type 'ros.ament_cmake' and name 'claw_machine_msgs'
[1.375s] Level 1:colcon.colcon_core.package_identification:_identify(/home/rosdev/ros2_ws/src/install) by extensions ['ignore', 'ignore_ament_install']
[1.375s] Level 1:colcon.colcon_core.package_identification:_identify(/home/rosdev/ros2_ws/src/install) by extension 'ignore'
[1.375s] Level 1:colcon.colcon_core.package_identification:_identify(/home/rosdev/ros2_ws/src/install) ignored
[1.376s] Level 1:colcon.colcon_core.package_identification:_identify(/home/rosdev/ros2_ws/src/keyboard_claw_controller) by extensions ['ignore', 'ignore_ament_install']
[1.376s] Level 1:colcon.colcon_core.package_identification:_identify(/home/rosdev/ros2_ws/src/keyboard_claw_controller) by extension 'ignore'
[1.376s] Level 1:colcon.colcon_core.package_identification:_identify(/home/rosdev/ros2_ws/src/keyboard_claw_controller) by extension 'ignore_ament_install'
[1.376s] Level 1:colcon.colcon_core.package_identification:_identify(/home/rosdev/ros2_ws/src/keyboard_claw_controller) by extensions ['colcon_pkg']
[1.376s] Level 1:colcon.colcon_core.package_identification:_identify(/home/rosdev/ros2_ws/src/keyboard_claw_controller) by extension 'colcon_pkg'
[1.376s] Level 1:colcon.colcon_core.package_identification:_identify(/home/rosdev/ros2_ws/src/keyboard_claw_controller) by extensions ['colcon_meta']
[1.376s] Level 1:colcon.colcon_core.package_identification:_identify(/home/rosdev/ros2_ws/src/keyboard_claw_controller) by extension 'colcon_meta'
[1.376s] Level 1:colcon.colcon_core.package_identification:_identify(/home/rosdev/ros2_ws/src/keyboard_claw_controller) by extensions ['ros']
[1.376s] Level 1:colcon.colcon_core.package_identification:_identify(/home/rosdev/ros2_ws/src/keyboard_claw_controller) by extension 'ros'
[1.377s] DEBUG:colcon.colcon_core.package_identification:Package '/home/rosdev/ros2_ws/src/keyboard_claw_controller' with type 'ros.ament_python' and name 'keyboard_claw_controller'
[1.377s] Level 1:colcon.colcon_core.package_identification:_identify(/home/rosdev/ros2_ws/src/log) by extensions ['ignore', 'ignore_ament_install']
[1.377s] Level 1:colcon.colcon_core.package_identification:_identify(/home/rosdev/ros2_ws/src/log) by extension 'ignore'
[1.377s] Level 1:colcon.colcon_core.package_identification:_identify(/home/rosdev/ros2_ws/src/log) ignored
[1.377s] Level 1:colcon.colcon_core.package_discovery:discover_packages(recursive) using defaults
