/home/pico/code/claw_machine_ros2/install/keyboard_claw_controller/lib/python3.11/site-packages/keyboard_claw_controller/ros2_mqtt_bridge.py
/home/pico/code/claw_machine_ros2/install/keyboard_claw_controller/lib/python3.11/site-packages/keyboard_claw_controller/__init__.py
/home/pico/code/claw_machine_ros2/install/keyboard_claw_controller/lib/python3.11/site-packages/keyboard_claw_controller/keyboard_publisher.py
/home/pico/code/claw_machine_ros2/install/keyboard_claw_controller/lib/python3.11/site-packages/keyboard_claw_controller/xcarve_controller.py
/home/pico/code/claw_machine_ros2/install/keyboard_claw_controller/lib/python3.11/site-packages/keyboard_claw_controller/__pycache__/ros2_mqtt_bridge.cpython-311.pyc
/home/pico/code/claw_machine_ros2/install/keyboard_claw_controller/lib/python3.11/site-packages/keyboard_claw_controller/__pycache__/__init__.cpython-311.pyc
/home/pico/code/claw_machine_ros2/install/keyboard_claw_controller/lib/python3.11/site-packages/keyboard_claw_controller/__pycache__/keyboard_publisher.cpython-311.pyc
/home/pico/code/claw_machine_ros2/install/keyboard_claw_controller/lib/python3.11/site-packages/keyboard_claw_controller/__pycache__/xcarve_controller.cpython-311.pyc
/home/pico/code/claw_machine_ros2/install/keyboard_claw_controller/share/ament_index/resource_index/packages/keyboard_claw_controller
/home/pico/code/claw_machine_ros2/install/keyboard_claw_controller/share/keyboard_claw_controller/package.xml
/home/pico/code/claw_machine_ros2/install/keyboard_claw_controller/lib/python3.11/site-packages/keyboard_claw_controller-0.0.0-py3.11.egg-info/zip-safe
/home/pico/code/claw_machine_ros2/install/keyboard_claw_controller/lib/python3.11/site-packages/keyboard_claw_controller-0.0.0-py3.11.egg-info/top_level.txt
/home/pico/code/claw_machine_ros2/install/keyboard_claw_controller/lib/python3.11/site-packages/keyboard_claw_controller-0.0.0-py3.11.egg-info/dependency_links.txt
/home/pico/code/claw_machine_ros2/install/keyboard_claw_controller/lib/python3.11/site-packages/keyboard_claw_controller-0.0.0-py3.11.egg-info/entry_points.txt
/home/pico/code/claw_machine_ros2/install/keyboard_claw_controller/lib/python3.11/site-packages/keyboard_claw_controller-0.0.0-py3.11.egg-info/requires.txt
/home/pico/code/claw_machine_ros2/install/keyboard_claw_controller/lib/python3.11/site-packages/keyboard_claw_controller-0.0.0-py3.11.egg-info/SOURCES.txt
/home/pico/code/claw_machine_ros2/install/keyboard_claw_controller/lib/python3.11/site-packages/keyboard_claw_controller-0.0.0-py3.11.egg-info/PKG-INFO
/home/pico/code/claw_machine_ros2/install/keyboard_claw_controller/lib/keyboard_claw_controller/keyboard_publisher
/home/pico/code/claw_machine_ros2/install/keyboard_claw_controller/lib/keyboard_claw_controller/ros2_mqtt_bridge
/home/pico/code/claw_machine_ros2/install/keyboard_claw_controller/lib/keyboard_claw_controller/xcarve_controller
