running egg_info
writing ../../build/keyboard_claw_controller/keyboard_claw_controller.egg-info/PKG-INFO
writing dependency_links to ../../build/keyboard_claw_controller/keyboard_claw_controller.egg-info/dependency_links.txt
writing entry points to ../../build/keyboard_claw_controller/keyboard_claw_controller.egg-info/entry_points.txt
writing requirements to ../../build/keyboard_claw_controller/keyboard_claw_controller.egg-info/requires.txt
writing top-level names to ../../build/keyboard_claw_controller/keyboard_claw_controller.egg-info/top_level.txt
reading manifest file '../../build/keyboard_claw_controller/keyboard_claw_controller.egg-info/SOURCES.txt'
writing manifest file '../../build/keyboard_claw_controller/keyboard_claw_controller.egg-info/SOURCES.txt'
running build
running build_py
copying keyboard_claw_controller/ros2_mqtt_bridge.py -> /home/pico/code/claw_machine_ros2/build/keyboard_claw_controller/build/lib/keyboard_claw_controller
copying keyboard_claw_controller/__init__.py -> /home/pico/code/claw_machine_ros2/build/keyboard_claw_controller/build/lib/keyboard_claw_controller
copying keyboard_claw_controller/keyboard_publisher.py -> /home/pico/code/claw_machine_ros2/build/keyboard_claw_controller/build/lib/keyboard_claw_controller
copying keyboard_claw_controller/xcarve_controller.py -> /home/pico/code/claw_machine_ros2/build/keyboard_claw_controller/build/lib/keyboard_claw_controller
copying keyboard_claw_controller/temp.py -> /home/pico/code/claw_machine_ros2/build/keyboard_claw_controller/build/lib/keyboard_claw_controller
copying keyboard_claw_controller/basic_game.py -> /home/pico/code/claw_machine_ros2/build/keyboard_claw_controller/build/lib/keyboard_claw_controller
running install
running install_lib
copying /home/pico/code/claw_machine_ros2/build/keyboard_claw_controller/build/lib/keyboard_claw_controller/temp.py -> /home/pico/code/claw_machine_ros2/install/keyboard_claw_controller/lib/python3.11/site-packages/keyboard_claw_controller
copying /home/pico/code/claw_machine_ros2/build/keyboard_claw_controller/build/lib/keyboard_claw_controller/basic_game.py -> /home/pico/code/claw_machine_ros2/install/keyboard_claw_controller/lib/python3.11/site-packages/keyboard_claw_controller
byte-compiling /home/pico/code/claw_machine_ros2/install/keyboard_claw_controller/lib/python3.11/site-packages/keyboard_claw_controller/temp.py to temp.cpython-311.pyc
byte-compiling /home/pico/code/claw_machine_ros2/install/keyboard_claw_controller/lib/python3.11/site-packages/keyboard_claw_controller/basic_game.py to basic_game.cpython-311.pyc
Sorry: IndentationError: expected an indented block after class definition on line 8 (temp.py, line 14)
running install_data
copying resource/keyboard_claw_controller -> /home/pico/code/claw_machine_ros2/install/keyboard_claw_controller/share/ament_index/resource_index/packages
copying package.xml -> /home/pico/code/claw_machine_ros2/install/keyboard_claw_controller/share/keyboard_claw_controller
running install_egg_info
removing '/home/pico/code/claw_machine_ros2/install/keyboard_claw_controller/lib/python3.11/site-packages/keyboard_claw_controller-0.0.0-py3.11.egg-info' (and everything under it)
Copying ../../build/keyboard_claw_controller/keyboard_claw_controller.egg-info to /home/pico/code/claw_machine_ros2/install/keyboard_claw_controller/lib/python3.11/site-packages/keyboard_claw_controller-0.0.0-py3.11.egg-info
running install_scripts
Installing basic_game script to /home/pico/code/claw_machine_ros2/install/keyboard_claw_controller/lib/keyboard_claw_controller
Installing keyboard_publisher script to /home/pico/code/claw_machine_ros2/install/keyboard_claw_controller/lib/keyboard_claw_controller
Installing ros2_mqtt_bridge script to /home/pico/code/claw_machine_ros2/install/keyboard_claw_controller/lib/keyboard_claw_controller
Installing xcarve_controller script to /home/pico/code/claw_machine_ros2/install/keyboard_claw_controller/lib/keyboard_claw_controller
writing list of installed files to '/home/pico/code/claw_machine_ros2/build/keyboard_claw_controller/install.log'
