[3.372s] Invoking command in '/home/pico/code/claw_machine_ros2/src/keyboard_claw_controller': CONDA_PROMPT_MODIFIER=(ros2) PYTHONPATH=/home/pico/code/claw_machine_ros2/build/keyboard_claw_controller/prefix_override:/home/pico/code/claw_machine_ros2/install/keyboard_claw_controller/lib/python3.11/site-packages:${PYTHONPATH} /home/pico/miniconda3/envs/ros2/bin/python3.11 -W ignore:setup.py install is deprecated setup.py egg_info --egg-base ../../build/keyboard_claw_controller build --build-base /home/pico/code/claw_machine_ros2/build/keyboard_claw_controller/build install --record /home/pico/code/claw_machine_ros2/build/keyboard_claw_controller/install.log --single-version-externally-managed install_data
[3.509s] running egg_info
[3.517s] writing ../../build/keyboard_claw_controller/keyboard_claw_controller.egg-info/PKG-INFO
[3.517s] writing dependency_links to ../../build/keyboard_claw_controller/keyboard_claw_controller.egg-info/dependency_links.txt
[3.517s] writing entry points to ../../build/keyboard_claw_controller/keyboard_claw_controller.egg-info/entry_points.txt
[3.517s] writing requirements to ../../build/keyboard_claw_controller/keyboard_claw_controller.egg-info/requires.txt
[3.517s] writing top-level names to ../../build/keyboard_claw_controller/keyboard_claw_controller.egg-info/top_level.txt
[3.534s] reading manifest file '../../build/keyboard_claw_controller/keyboard_claw_controller.egg-info/SOURCES.txt'
[3.535s] writing manifest file '../../build/keyboard_claw_controller/keyboard_claw_controller.egg-info/SOURCES.txt'
[3.535s] running build
[3.535s] running build_py
[3.535s] copying keyboard_claw_controller/ros2_mqtt_bridge.py -> /home/pico/code/claw_machine_ros2/build/keyboard_claw_controller/build/lib/keyboard_claw_controller
[3.535s] copying keyboard_claw_controller/__init__.py -> /home/pico/code/claw_machine_ros2/build/keyboard_claw_controller/build/lib/keyboard_claw_controller
[3.535s] copying keyboard_claw_controller/keyboard_publisher.py -> /home/pico/code/claw_machine_ros2/build/keyboard_claw_controller/build/lib/keyboard_claw_controller
[3.535s] copying keyboard_claw_controller/xcarve_controller.py -> /home/pico/code/claw_machine_ros2/build/keyboard_claw_controller/build/lib/keyboard_claw_controller
[3.535s] copying keyboard_claw_controller/basic_game.py -> /home/pico/code/claw_machine_ros2/build/keyboard_claw_controller/build/lib/keyboard_claw_controller
[3.535s] running install
[3.540s] running install_lib
[3.549s] copying /home/pico/code/claw_machine_ros2/build/keyboard_claw_controller/build/lib/keyboard_claw_controller/basic_game.py -> /home/pico/code/claw_machine_ros2/install/keyboard_claw_controller/lib/python3.11/site-packages/keyboard_claw_controller
[3.549s] byte-compiling /home/pico/code/claw_machine_ros2/install/keyboard_claw_controller/lib/python3.11/site-packages/keyboard_claw_controller/basic_game.py to basic_game.cpython-311.pyc
[3.549s] running install_data
[3.549s] copying resource/keyboard_claw_controller -> /home/pico/code/claw_machine_ros2/install/keyboard_claw_controller/share/ament_index/resource_index/packages
[3.549s] copying package.xml -> /home/pico/code/claw_machine_ros2/install/keyboard_claw_controller/share/keyboard_claw_controller
[3.550s] running install_egg_info
[3.559s] removing '/home/pico/code/claw_machine_ros2/install/keyboard_claw_controller/lib/python3.11/site-packages/keyboard_claw_controller-0.0.0-py3.11.egg-info' (and everything under it)
[3.559s] Copying ../../build/keyboard_claw_controller/keyboard_claw_controller.egg-info to /home/pico/code/claw_machine_ros2/install/keyboard_claw_controller/lib/python3.11/site-packages/keyboard_claw_controller-0.0.0-py3.11.egg-info
[3.578s] running install_scripts
[3.643s] Installing basic_game script to /home/pico/code/claw_machine_ros2/install/keyboard_claw_controller/lib/keyboard_claw_controller
[3.643s] Installing keyboard_publisher script to /home/pico/code/claw_machine_ros2/install/keyboard_claw_controller/lib/keyboard_claw_controller
[3.643s] Installing ros2_mqtt_bridge script to /home/pico/code/claw_machine_ros2/install/keyboard_claw_controller/lib/keyboard_claw_controller
[3.643s] Installing xcarve_controller script to /home/pico/code/claw_machine_ros2/install/keyboard_claw_controller/lib/keyboard_claw_controller
[3.644s] writing list of installed files to '/home/pico/code/claw_machine_ros2/build/keyboard_claw_controller/install.log'
[3.659s] Invoked command in '/home/pico/code/claw_machine_ros2/src/keyboard_claw_controller' returned '0': CONDA_PROMPT_MODIFIER=(ros2) PYTHONPATH=/home/pico/code/claw_machine_ros2/build/keyboard_claw_controller/prefix_override:/home/pico/code/claw_machine_ros2/install/keyboard_claw_controller/lib/python3.11/site-packages:${PYTHONPATH} /home/pico/miniconda3/envs/ros2/bin/python3.11 -W ignore:setup.py install is deprecated setup.py egg_info --egg-base ../../build/keyboard_claw_controller build --build-base /home/pico/code/claw_machine_ros2/build/keyboard_claw_controller/build install --record /home/pico/code/claw_machine_ros2/build/keyboard_claw_controller/install.log --single-version-externally-managed install_data
