[0.580s] Invoking command in '/home/rosdev/ros2_ws/src/keyboard_claw_controller': PYTHONPATH=/home/rosdev/ros2_ws/src/build/keyboard_claw_controller/prefix_override:/home/rosdev/ros2_ws/src/install/keyboard_claw_controller/lib/python3.10/site-packages:${PYTHONPATH} /usr/bin/python3 setup.py egg_info --egg-base ../build/keyboard_claw_controller build --build-base /home/rosdev/ros2_ws/src/build/keyboard_claw_controller/build install --record /home/rosdev/ros2_ws/src/build/keyboard_claw_controller/install.log --single-version-externally-managed
[0.760s] running egg_info
[0.761s] creating ../build/keyboard_claw_controller/keyboard_claw_controller.egg-info
[0.761s] writing ../build/keyboard_claw_controller/keyboard_claw_controller.egg-info/PKG-INFO
[0.761s] writing dependency_links to ../build/keyboard_claw_controller/keyboard_claw_controller.egg-info/dependency_links.txt
[0.761s] writing entry points to ../build/keyboard_claw_controller/keyboard_claw_controller.egg-info/entry_points.txt
[0.761s] writing requirements to ../build/keyboard_claw_controller/keyboard_claw_controller.egg-info/requires.txt
[0.762s] writing top-level names to ../build/keyboard_claw_controller/keyboard_claw_controller.egg-info/top_level.txt
[0.762s] writing manifest file '../build/keyboard_claw_controller/keyboard_claw_controller.egg-info/SOURCES.txt'
[0.763s] reading manifest file '../build/keyboard_claw_controller/keyboard_claw_controller.egg-info/SOURCES.txt'
[0.764s] writing manifest file '../build/keyboard_claw_controller/keyboard_claw_controller.egg-info/SOURCES.txt'
[0.765s] running build
[0.765s] running build_py
[0.765s] creating /home/rosdev/ros2_ws/src/build/keyboard_claw_controller/build
[0.765s] creating /home/rosdev/ros2_ws/src/build/keyboard_claw_controller/build/lib
[0.765s] creating /home/rosdev/ros2_ws/src/build/keyboard_claw_controller/build/lib/keyboard_claw_controller
[0.765s] copying keyboard_claw_controller/keyboard_publisher.py -> /home/rosdev/ros2_ws/src/build/keyboard_claw_controller/build/lib/keyboard_claw_controller
[0.765s] copying keyboard_claw_controller/xcarve_controller.py -> /home/rosdev/ros2_ws/src/build/keyboard_claw_controller/build/lib/keyboard_claw_controller
[0.765s] copying keyboard_claw_controller/__init__.py -> /home/rosdev/ros2_ws/src/build/keyboard_claw_controller/build/lib/keyboard_claw_controller
[0.765s] running install
[0.766s] /usr/lib/python3/dist-packages/setuptools/command/install.py:34: SetuptoolsDeprecationWarning: setup.py install is deprecated. Use build and pip and other standards-based tools.
[0.766s]   warnings.warn(
[0.766s] running install_lib
[0.766s] creating /home/rosdev/ros2_ws/src/install/keyboard_claw_controller/lib/python3.10/site-packages/keyboard_claw_controller
[0.767s] copying /home/rosdev/ros2_ws/src/build/keyboard_claw_controller/build/lib/keyboard_claw_controller/keyboard_publisher.py -> /home/rosdev/ros2_ws/src/install/keyboard_claw_controller/lib/python3.10/site-packages/keyboard_claw_controller
[0.767s] copying /home/rosdev/ros2_ws/src/build/keyboard_claw_controller/build/lib/keyboard_claw_controller/xcarve_controller.py -> /home/rosdev/ros2_ws/src/install/keyboard_claw_controller/lib/python3.10/site-packages/keyboard_claw_controller
[0.767s] copying /home/rosdev/ros2_ws/src/build/keyboard_claw_controller/build/lib/keyboard_claw_controller/__init__.py -> /home/rosdev/ros2_ws/src/install/keyboard_claw_controller/lib/python3.10/site-packages/keyboard_claw_controller
[0.768s] byte-compiling /home/rosdev/ros2_ws/src/install/keyboard_claw_controller/lib/python3.10/site-packages/keyboard_claw_controller/keyboard_publisher.py to keyboard_publisher.cpython-310.pyc
[0.768s] byte-compiling /home/rosdev/ros2_ws/src/install/keyboard_claw_controller/lib/python3.10/site-packages/keyboard_claw_controller/xcarve_controller.py to xcarve_controller.cpython-310.pyc
[0.768s] byte-compiling /home/rosdev/ros2_ws/src/install/keyboard_claw_controller/lib/python3.10/site-packages/keyboard_claw_controller/__init__.py to __init__.cpython-310.pyc
[0.769s] running install_data
[0.769s] creating /home/rosdev/ros2_ws/src/install/keyboard_claw_controller/share/ament_index
[0.769s] creating /home/rosdev/ros2_ws/src/install/keyboard_claw_controller/share/ament_index/resource_index
[0.769s] creating /home/rosdev/ros2_ws/src/install/keyboard_claw_controller/share/ament_index/resource_index/packages
[0.769s] copying resource/keyboard_claw_controller -> /home/rosdev/ros2_ws/src/install/keyboard_claw_controller/share/ament_index/resource_index/packages
[0.769s] copying package.xml -> /home/rosdev/ros2_ws/src/install/keyboard_claw_controller/share/keyboard_claw_controller
[0.769s] running install_egg_info
[0.772s] Copying ../build/keyboard_claw_controller/keyboard_claw_controller.egg-info to /home/rosdev/ros2_ws/src/install/keyboard_claw_controller/lib/python3.10/site-packages/keyboard_claw_controller-0.0.0-py3.10.egg-info
[0.773s] running install_scripts
[0.789s] Installing keyboard_publisher script to /home/rosdev/ros2_ws/src/install/keyboard_claw_controller/lib/keyboard_claw_controller
[0.790s] Installing xcarve_controller script to /home/rosdev/ros2_ws/src/install/keyboard_claw_controller/lib/keyboard_claw_controller
[0.790s] writing list of installed files to '/home/rosdev/ros2_ws/src/build/keyboard_claw_controller/install.log'
[0.809s] Invoked command in '/home/rosdev/ros2_ws/src/keyboard_claw_controller' returned '0': PYTHONPATH=/home/rosdev/ros2_ws/src/build/keyboard_claw_controller/prefix_override:/home/rosdev/ros2_ws/src/install/keyboard_claw_controller/lib/python3.10/site-packages:${PYTHONPATH} /usr/bin/python3 setup.py egg_info --egg-base ../build/keyboard_claw_controller build --build-base /home/rosdev/ros2_ws/src/build/keyboard_claw_controller/build install --record /home/rosdev/ros2_ws/src/build/keyboard_claw_controller/install.log --single-version-externally-managed
