-- The C compiler identification is GNU 12.3.0
-- The CXX compiler identification is GNU 12.3.0
-- Detecting C compiler ABI info
-- Detecting C compiler ABI info - done
-- Check for working C compiler: /home/pico/miniconda3/envs/ros2/bin/x86_64-conda-linux-gnu-cc - skipped
-- Detecting C compile features
-- Detecting C compile features - done
-- Detecting CXX compiler ABI info
-- Detecting CXX compiler ABI info - done
-- Check for working CXX compiler: /home/pico/miniconda3/envs/ros2/bin/x86_64-conda-linux-gnu-c++ - skipped
-- Detecting CXX compile features
-- Detecting CXX compile features - done
-- Found ament_cmake: 1.3.7 (/home/pico/miniconda3/envs/ros2/share/ament_cmake/cmake)
-- Found Python3: /home/pico/miniconda3/envs/ros2/bin/python3.11 (found version "3.11.8") found components: Interpreter 
-- Found std_msgs: 4.2.3 (/home/pico/miniconda3/envs/ros2/share/std_msgs/cmake)
-- Found rosidl_generator_c: 3.1.5 (/home/pico/miniconda3/envs/ros2/share/rosidl_generator_c/cmake)
-- Found rosidl_adapter: 3.1.5 (/home/pico/miniconda3/envs/ros2/share/rosidl_adapter/cmake)
-- Found rosidl_generator_cpp: 3.1.5 (/home/pico/miniconda3/envs/ros2/share/rosidl_generator_cpp/cmake)
-- Using all available rosidl_typesupport_c: rosidl_typesupport_fastrtps_c;rosidl_typesupport_introspection_c
-- Using all available rosidl_typesupport_cpp: rosidl_typesupport_fastrtps_cpp;rosidl_typesupport_introspection_cpp
-- Found rosidl_default_generators: 1.2.0 (/home/pico/miniconda3/envs/ros2/share/rosidl_default_generators/cmake)
-- Found Python3: /home/pico/miniconda3/envs/ros2/include/python3.11 (found version "3.11.8") found components: Development NumPy Interpreter Development.Module Development.Embed 
-- Found Python3: /home/pico/miniconda3/envs/ros2/bin/python3.11 (found version "3.11.8") found components: Interpreter 
-- Found ament_cmake_ros: 0.10.0 (/home/pico/miniconda3/envs/ros2/share/ament_cmake_ros/cmake)
-- Using all available rosidl_typesupport_c: rosidl_typesupport_fastrtps_c;rosidl_typesupport_introspection_c
-- Using all available rosidl_typesupport_cpp: rosidl_typesupport_fastrtps_cpp;rosidl_typesupport_introspection_cpp
[33mCMake Warning (dev) at /home/pico/miniconda3/envs/ros2/share/rosidl_generator_py/cmake/rosidl_generator_py_generate_interfaces.cmake:20 (find_package):
  Policy CMP0148 is not set: The FindPythonInterp and FindPythonLibs modules
  are removed.  Run "cmake --help-policy CMP0148" for policy details.  Use
  the cmake_policy command to set the policy and suppress this warning.

Call Stack (most recent call first):
  /home/pico/miniconda3/envs/ros2/share/ament_cmake_core/cmake/core/ament_execute_extensions.cmake:48 (include)
  /home/pico/miniconda3/envs/ros2/share/rosidl_cmake/cmake/rosidl_generate_interfaces.cmake:286 (ament_execute_extensions)
  CMakeLists.txt:15 (rosidl_generate_interfaces)
This warning is for project developers.  Use -Wno-dev to suppress it.
[0m
-- Found PythonInterp: /home/pico/miniconda3/envs/ros2/bin/python3 (found suitable version "3.11.8", minimum required is "3.6") 
-- Found python_cmake_module: 0.10.0 (/home/pico/miniconda3/envs/ros2/share/python_cmake_module/cmake)
[33mCMake Warning (dev) at /home/pico/miniconda3/envs/ros2/share/python_cmake_module/cmake/Modules/FindPythonExtra.cmake:52 (find_package):
  Policy CMP0148 is not set: The FindPythonInterp and FindPythonLibs modules
  are removed.  Run "cmake --help-policy CMP0148" for policy details.  Use
  the cmake_policy command to set the policy and suppress this warning.

Call Stack (most recent call first):
  /home/pico/miniconda3/envs/ros2/share/rosidl_generator_py/cmake/rosidl_generator_py_generate_interfaces.cmake:23 (find_package)
  /home/pico/miniconda3/envs/ros2/share/ament_cmake_core/cmake/core/ament_execute_extensions.cmake:48 (include)
  /home/pico/miniconda3/envs/ros2/share/rosidl_cmake/cmake/rosidl_generate_interfaces.cmake:286 (ament_execute_extensions)
  CMakeLists.txt:15 (rosidl_generate_interfaces)
This warning is for project developers.  Use -Wno-dev to suppress it.
[0m
[33mCMake Warning (dev) at /home/pico/miniconda3/envs/ros2/share/python_cmake_module/cmake/Modules/FindPythonExtra.cmake:140 (find_package):
  Policy CMP0148 is not set: The FindPythonInterp and FindPythonLibs modules
  are removed.  Run "cmake --help-policy CMP0148" for policy details.  Use
  the cmake_policy command to set the policy and suppress this warning.

Call Stack (most recent call first):
  /home/pico/miniconda3/envs/ros2/share/rosidl_generator_py/cmake/rosidl_generator_py_generate_interfaces.cmake:23 (find_package)
  /home/pico/miniconda3/envs/ros2/share/ament_cmake_core/cmake/core/ament_execute_extensions.cmake:48 (include)
  /home/pico/miniconda3/envs/ros2/share/rosidl_cmake/cmake/rosidl_generate_interfaces.cmake:286 (ament_execute_extensions)
  CMakeLists.txt:15 (rosidl_generate_interfaces)
This warning is for project developers.  Use -Wno-dev to suppress it.
[0m
-- Found PythonLibs: /home/pico/miniconda3/envs/ros2/lib/libpython3.11.so (found suitable version "3.11.8", minimum required is "3.5") 
-- Using PYTHON_EXECUTABLE: /home/pico/miniconda3/envs/ros2/bin/python3
-- Using PYTHON_INCLUDE_DIRS: /home/pico/miniconda3/envs/ros2/include/python3.11
-- Using PYTHON_LIBRARIES: /home/pico/miniconda3/envs/ros2/lib/libpython3.11.so
-- Found PythonExtra: .so  
-- Found Python3: /home/pico/miniconda3/envs/ros2/include/python3.11 (found version "3.11.8") found components: Development NumPy Interpreter Development.Module Development.Embed 
-- Found ament_lint_auto: 0.12.10 (/home/pico/miniconda3/envs/ros2/share/ament_lint_auto/cmake)
-- Added test 'lint_cmake' to check CMake code style
-- Added test 'xmllint' to check XML markup files
-- Configuring done (5.5s)
-- Generating done (0.0s)
-- Build files have been written to: /home/pico/code/claw_machine_ros2/src/build/claw_machine_msgs
[  3%] [34m[1mGenerating C code for ROS interfaces[0m
[  6%] [34m[1mGenerating C++ code for ROS interfaces[0m
[  6%] Built target ament_cmake_python_copy_claw_machine_msgs
running egg_info
creating claw_machine_msgs.egg-info
writing claw_machine_msgs.egg-info/PKG-INFO
writing dependency_links to claw_machine_msgs.egg-info/dependency_links.txt
writing top-level names to claw_machine_msgs.egg-info/top_level.txt
writing manifest file 'claw_machine_msgs.egg-info/SOURCES.txt'
reading manifest file 'claw_machine_msgs.egg-info/SOURCES.txt'
writing manifest file 'claw_machine_msgs.egg-info/SOURCES.txt'
[  6%] Built target claw_machine_msgs__cpp
[  6%] Built target ament_cmake_python_build_claw_machine_msgs_egg
[ 12%] [34m[1mGenerating C++ type support for eProsima Fast-RTPS[0m
[ 12%] [34m[1mGenerating C++ type support dispatch for ROS interfaces[0m
[ 16%] [34m[1mGenerating C++ introspection for ROS interfaces[0m
[ 19%] [32mBuilding C object CMakeFiles/claw_machine_msgs__rosidl_generator_c.dir/rosidl_generator_c/claw_machine_msgs/msg/detail/position__functions.c.o[0m
[ 22%] [32mBuilding CXX object CMakeFiles/claw_machine_msgs__rosidl_typesupport_cpp.dir/rosidl_typesupport_cpp/claw_machine_msgs/msg/position__type_support.cpp.o[0m
[ 25%] [32mBuilding CXX object CMakeFiles/claw_machine_msgs__rosidl_typesupport_fastrtps_cpp.dir/rosidl_typesupport_fastrtps_cpp/claw_machine_msgs/msg/detail/dds_fastrtps/position__type_support.cpp.o[0m
[ 29%] [32mBuilding CXX object CMakeFiles/claw_machine_msgs__rosidl_typesupport_introspection_cpp.dir/rosidl_typesupport_introspection_cpp/claw_machine_msgs/msg/detail/position__type_support.cpp.o[0m
[ 32%] [32m[1mLinking C shared library libclaw_machine_msgs__rosidl_generator_c.so[0m
[ 32%] Built target claw_machine_msgs__rosidl_generator_c
[ 38%] [34m[1mGenerating C type support for eProsima Fast-RTPS[0m
[ 38%] [34m[1mGenerating C introspection for ROS interfaces[0m
[ 41%] [34m[1mGenerating C type support dispatch for ROS interfaces[0m
[ 45%] [32mBuilding CXX object CMakeFiles/claw_machine_msgs__rosidl_typesupport_c.dir/rosidl_typesupport_c/claw_machine_msgs/msg/position__type_support.cpp.o[0m
[ 48%] [32mBuilding C object CMakeFiles/claw_machine_msgs__rosidl_typesupport_introspection_c.dir/rosidl_typesupport_introspection_c/claw_machine_msgs/msg/detail/position__type_support.c.o[0m
[ 51%] [32mBuilding CXX object CMakeFiles/claw_machine_msgs__rosidl_typesupport_fastrtps_c.dir/rosidl_typesupport_fastrtps_c/claw_machine_msgs/msg/detail/position__type_support_c.cpp.o[0m
[ 54%] [32m[1mLinking CXX shared library libclaw_machine_msgs__rosidl_typesupport_c.so[0m
[ 58%] [32m[1mLinking CXX shared library libclaw_machine_msgs__rosidl_typesupport_cpp.so[0m
[ 58%] Built target claw_machine_msgs__rosidl_typesupport_c
[ 61%] Built target claw_machine_msgs__rosidl_typesupport_cpp
[ 61%] [32m[1mLinking C shared library libclaw_machine_msgs__rosidl_typesupport_introspection_c.so[0m
[ 61%] Built target claw_machine_msgs__rosidl_typesupport_introspection_c
[ 64%] [32m[1mLinking CXX shared library libclaw_machine_msgs__rosidl_typesupport_introspection_cpp.so[0m
[ 64%] Built target claw_machine_msgs__rosidl_typesupport_introspection_cpp
[ 67%] [32m[1mLinking CXX shared library libclaw_machine_msgs__rosidl_typesupport_fastrtps_c.so[0m
[ 67%] Built target claw_machine_msgs__rosidl_typesupport_fastrtps_c
[ 70%] [32m[1mLinking CXX shared library libclaw_machine_msgs__rosidl_typesupport_fastrtps_cpp.so[0m
[ 70%] Built target claw_machine_msgs__rosidl_typesupport_fastrtps_cpp
[ 70%] Built target claw_machine_msgs
[ 74%] [34m[1mGenerating Python code for ROS interfaces[0m
[ 74%] Built target claw_machine_msgs__py
[ 77%] [32mBuilding C object CMakeFiles/claw_machine_msgs__rosidl_generator_py.dir/rosidl_generator_py/claw_machine_msgs/msg/_position_s.c.o[0m
[ 80%] [32m[1mLinking C shared library rosidl_generator_py/claw_machine_msgs/libclaw_machine_msgs__rosidl_generator_py.so[0m
[ 80%] Built target claw_machine_msgs__rosidl_generator_py
[ 83%] [32mBuilding C object CMakeFiles/claw_machine_msgs__rosidl_typesupport_fastrtps_c__pyext.dir/rosidl_generator_py/claw_machine_msgs/_claw_machine_msgs_s.ep.rosidl_typesupport_fastrtps_c.c.o[0m
[ 87%] [32mBuilding C object CMakeFiles/claw_machine_msgs__rosidl_typesupport_introspection_c__pyext.dir/rosidl_generator_py/claw_machine_msgs/_claw_machine_msgs_s.ep.rosidl_typesupport_introspection_c.c.o[0m
[ 90%] [32mBuilding C object CMakeFiles/claw_machine_msgs__rosidl_typesupport_c__pyext.dir/rosidl_generator_py/claw_machine_msgs/_claw_machine_msgs_s.ep.rosidl_typesupport_c.c.o[0m
[100%] [32m[1mLinking C shared library rosidl_generator_py/claw_machine_msgs/claw_machine_msgs_s__rosidl_typesupport_introspection_c.cpython-311-x86_64-linux-gnu.so[0m
[100%] [32m[1mLinking C shared library rosidl_generator_py/claw_machine_msgs/claw_machine_msgs_s__rosidl_typesupport_c.cpython-311-x86_64-linux-gnu.so[0m
[100%] [32m[1mLinking C shared library rosidl_generator_py/claw_machine_msgs/claw_machine_msgs_s__rosidl_typesupport_fastrtps_c.cpython-311-x86_64-linux-gnu.so[0m
[100%] Built target claw_machine_msgs__rosidl_typesupport_c__pyext
[100%] Built target claw_machine_msgs__rosidl_typesupport_introspection_c__pyext
[100%] Built target claw_machine_msgs__rosidl_typesupport_fastrtps_c__pyext
-- Install configuration: ""
-- Installing: /home/pico/code/claw_machine_ros2/src/install/claw_machine_msgs/share/ament_index/resource_index/rosidl_interfaces/claw_machine_msgs
-- Installing: /home/pico/code/claw_machine_ros2/src/install/claw_machine_msgs/include/claw_machine_msgs/claw_machine_msgs
-- Installing: /home/pico/code/claw_machine_ros2/src/install/claw_machine_msgs/include/claw_machine_msgs/claw_machine_msgs/msg
-- Installing: /home/pico/code/claw_machine_ros2/src/install/claw_machine_msgs/include/claw_machine_msgs/claw_machine_msgs/msg/rosidl_generator_c__visibility_control.h
-- Installing: /home/pico/code/claw_machine_ros2/src/install/claw_machine_msgs/include/claw_machine_msgs/claw_machine_msgs/msg/detail
-- Installing: /home/pico/code/claw_machine_ros2/src/install/claw_machine_msgs/include/claw_machine_msgs/claw_machine_msgs/msg/detail/position__functions.h
-- Installing: /home/pico/code/claw_machine_ros2/src/install/claw_machine_msgs/include/claw_machine_msgs/claw_machine_msgs/msg/detail/position__type_support.h
-- Installing: /home/pico/code/claw_machine_ros2/src/install/claw_machine_msgs/include/claw_machine_msgs/claw_machine_msgs/msg/detail/position__functions.c
-- Installing: /home/pico/code/claw_machine_ros2/src/install/claw_machine_msgs/include/claw_machine_msgs/claw_machine_msgs/msg/detail/position__struct.h
-- Installing: /home/pico/code/claw_machine_ros2/src/install/claw_machine_msgs/include/claw_machine_msgs/claw_machine_msgs/msg/position.h
-- Installing: /home/pico/code/claw_machine_ros2/src/install/claw_machine_msgs/lib/libclaw_machine_msgs__rosidl_generator_c.so
-- Up-to-date: /home/pico/code/claw_machine_ros2/src/install/claw_machine_msgs/include/claw_machine_msgs/claw_machine_msgs
-- Up-to-date: /home/pico/code/claw_machine_ros2/src/install/claw_machine_msgs/include/claw_machine_msgs/claw_machine_msgs/msg
-- Up-to-date: /home/pico/code/claw_machine_ros2/src/install/claw_machine_msgs/include/claw_machine_msgs/claw_machine_msgs/msg/detail
-- Installing: /home/pico/code/claw_machine_ros2/src/install/claw_machine_msgs/include/claw_machine_msgs/claw_machine_msgs/msg/detail/position__rosidl_typesupport_fastrtps_c.h
-- Installing: /home/pico/code/claw_machine_ros2/src/install/claw_machine_msgs/include/claw_machine_msgs/claw_machine_msgs/msg/rosidl_typesupport_fastrtps_c__visibility_control.h
-- Installing: /home/pico/code/claw_machine_ros2/src/install/claw_machine_msgs/lib/libclaw_machine_msgs__rosidl_typesupport_fastrtps_c.so
-- Set non-toolchain portion of runtime path of "/home/pico/code/claw_machine_ros2/src/install/claw_machine_msgs/lib/libclaw_machine_msgs__rosidl_typesupport_fastrtps_c.so" to ""
-- Up-to-date: /home/pico/code/claw_machine_ros2/src/install/claw_machine_msgs/include/claw_machine_msgs/claw_machine_msgs
-- Up-to-date: /home/pico/code/claw_machine_ros2/src/install/claw_machine_msgs/include/claw_machine_msgs/claw_machine_msgs/msg
-- Up-to-date: /home/pico/code/claw_machine_ros2/src/install/claw_machine_msgs/include/claw_machine_msgs/claw_machine_msgs/msg/detail
-- Installing: /home/pico/code/claw_machine_ros2/src/install/claw_machine_msgs/include/claw_machine_msgs/claw_machine_msgs/msg/detail/position__builder.hpp
-- Installing: /home/pico/code/claw_machine_ros2/src/install/claw_machine_msgs/include/claw_machine_msgs/claw_machine_msgs/msg/detail/position__struct.hpp
-- Installing: /home/pico/code/claw_machine_ros2/src/install/claw_machine_msgs/include/claw_machine_msgs/claw_machine_msgs/msg/detail/position__traits.hpp
-- Installing: /home/pico/code/claw_machine_ros2/src/install/claw_machine_msgs/include/claw_machine_msgs/claw_machine_msgs/msg/position.hpp
-- Up-to-date: /home/pico/code/claw_machine_ros2/src/install/claw_machine_msgs/include/claw_machine_msgs/claw_machine_msgs
-- Up-to-date: /home/pico/code/claw_machine_ros2/src/install/claw_machine_msgs/include/claw_machine_msgs/claw_machine_msgs/msg
-- Installing: /home/pico/code/claw_machine_ros2/src/install/claw_machine_msgs/include/claw_machine_msgs/claw_machine_msgs/msg/rosidl_typesupport_fastrtps_cpp__visibility_control.h
-- Up-to-date: /home/pico/code/claw_machine_ros2/src/install/claw_machine_msgs/include/claw_machine_msgs/claw_machine_msgs/msg/detail
-- Installing: /home/pico/code/claw_machine_ros2/src/install/claw_machine_msgs/include/claw_machine_msgs/claw_machine_msgs/msg/detail/dds_fastrtps
-- Installing: /home/pico/code/claw_machine_ros2/src/install/claw_machine_msgs/include/claw_machine_msgs/claw_machine_msgs/msg/detail/position__rosidl_typesupport_fastrtps_cpp.hpp
-- Installing: /home/pico/code/claw_machine_ros2/src/install/claw_machine_msgs/lib/libclaw_machine_msgs__rosidl_typesupport_fastrtps_cpp.so
-- Up-to-date: /home/pico/code/claw_machine_ros2/src/install/claw_machine_msgs/include/claw_machine_msgs/claw_machine_msgs
-- Up-to-date: /home/pico/code/claw_machine_ros2/src/install/claw_machine_msgs/include/claw_machine_msgs/claw_machine_msgs/msg
-- Up-to-date: /home/pico/code/claw_machine_ros2/src/install/claw_machine_msgs/include/claw_machine_msgs/claw_machine_msgs/msg/detail
-- Installing: /home/pico/code/claw_machine_ros2/src/install/claw_machine_msgs/include/claw_machine_msgs/claw_machine_msgs/msg/detail/position__type_support.c
-- Installing: /home/pico/code/claw_machine_ros2/src/install/claw_machine_msgs/include/claw_machine_msgs/claw_machine_msgs/msg/detail/position__rosidl_typesupport_introspection_c.h
-- Installing: /home/pico/code/claw_machine_ros2/src/install/claw_machine_msgs/include/claw_machine_msgs/claw_machine_msgs/msg/rosidl_typesupport_introspection_c__visibility_control.h
-- Installing: /home/pico/code/claw_machine_ros2/src/install/claw_machine_msgs/lib/libclaw_machine_msgs__rosidl_typesupport_introspection_c.so
-- Set non-toolchain portion of runtime path of "/home/pico/code/claw_machine_ros2/src/install/claw_machine_msgs/lib/libclaw_machine_msgs__rosidl_typesupport_introspection_c.so" to ""
-- Installing: /home/pico/code/claw_machine_ros2/src/install/claw_machine_msgs/lib/libclaw_machine_msgs__rosidl_typesupport_c.so
-- Set non-toolchain portion of runtime path of "/home/pico/code/claw_machine_ros2/src/install/claw_machine_msgs/lib/libclaw_machine_msgs__rosidl_typesupport_c.so" to ""
-- Up-to-date: /home/pico/code/claw_machine_ros2/src/install/claw_machine_msgs/include/claw_machine_msgs/claw_machine_msgs
-- Up-to-date: /home/pico/code/claw_machine_ros2/src/install/claw_machine_msgs/include/claw_machine_msgs/claw_machine_msgs/msg
-- Up-to-date: /home/pico/code/claw_machine_ros2/src/install/claw_machine_msgs/include/claw_machine_msgs/claw_machine_msgs/msg/detail
-- Installing: /home/pico/code/claw_machine_ros2/src/install/claw_machine_msgs/include/claw_machine_msgs/claw_machine_msgs/msg/detail/position__type_support.cpp
-- Installing: /home/pico/code/claw_machine_ros2/src/install/claw_machine_msgs/include/claw_machine_msgs/claw_machine_msgs/msg/detail/position__rosidl_typesupport_introspection_cpp.hpp
-- Installing: /home/pico/code/claw_machine_ros2/src/install/claw_machine_msgs/lib/libclaw_machine_msgs__rosidl_typesupport_introspection_cpp.so
-- Installing: /home/pico/code/claw_machine_ros2/src/install/claw_machine_msgs/lib/libclaw_machine_msgs__rosidl_typesupport_cpp.so
-- Installing: /home/pico/code/claw_machine_ros2/src/install/claw_machine_msgs/share/claw_machine_msgs/environment/pythonpath.sh
-- Installing: /home/pico/code/claw_machine_ros2/src/install/claw_machine_msgs/share/claw_machine_msgs/environment/pythonpath.dsv
-- Installing: /home/pico/code/claw_machine_ros2/src/install/claw_machine_msgs/lib/python3.11/site-packages/claw_machine_msgs-0.0.0-py3.11.egg-info
-- Installing: /home/pico/code/claw_machine_ros2/src/install/claw_machine_msgs/lib/python3.11/site-packages/claw_machine_msgs-0.0.0-py3.11.egg-info/top_level.txt
-- Installing: /home/pico/code/claw_machine_ros2/src/install/claw_machine_msgs/lib/python3.11/site-packages/claw_machine_msgs-0.0.0-py3.11.egg-info/dependency_links.txt
-- Installing: /home/pico/code/claw_machine_ros2/src/install/claw_machine_msgs/lib/python3.11/site-packages/claw_machine_msgs-0.0.0-py3.11.egg-info/SOURCES.txt
-- Installing: /home/pico/code/claw_machine_ros2/src/install/claw_machine_msgs/lib/python3.11/site-packages/claw_machine_msgs-0.0.0-py3.11.egg-info/PKG-INFO
-- Installing: /home/pico/code/claw_machine_ros2/src/install/claw_machine_msgs/lib/python3.11/site-packages/claw_machine_msgs
-- Installing: /home/pico/code/claw_machine_ros2/src/install/claw_machine_msgs/lib/python3.11/site-packages/claw_machine_msgs/_claw_machine_msgs_s.ep.rosidl_typesupport_introspection_c.c
-- Installing: /home/pico/code/claw_machine_ros2/src/install/claw_machine_msgs/lib/python3.11/site-packages/claw_machine_msgs/_claw_machine_msgs_s.ep.rosidl_typesupport_c.c
-- Installing: /home/pico/code/claw_machine_ros2/src/install/claw_machine_msgs/lib/python3.11/site-packages/claw_machine_msgs/claw_machine_msgs_s__rosidl_typesupport_fastrtps_c.cpython-311-x86_64-linux-gnu.so
-- Installing: /home/pico/code/claw_machine_ros2/src/install/claw_machine_msgs/lib/python3.11/site-packages/claw_machine_msgs/__init__.py
-- Installing: /home/pico/code/claw_machine_ros2/src/install/claw_machine_msgs/lib/python3.11/site-packages/claw_machine_msgs/claw_machine_msgs_s__rosidl_typesupport_c.cpython-311-x86_64-linux-gnu.so
-- Installing: /home/pico/code/claw_machine_ros2/src/install/claw_machine_msgs/lib/python3.11/site-packages/claw_machine_msgs/msg
-- Installing: /home/pico/code/claw_machine_ros2/src/install/claw_machine_msgs/lib/python3.11/site-packages/claw_machine_msgs/msg/_position.py
-- Installing: /home/pico/code/claw_machine_ros2/src/install/claw_machine_msgs/lib/python3.11/site-packages/claw_machine_msgs/msg/__init__.py
-- Installing: /home/pico/code/claw_machine_ros2/src/install/claw_machine_msgs/lib/python3.11/site-packages/claw_machine_msgs/msg/_position_s.c
-- Installing: /home/pico/code/claw_machine_ros2/src/install/claw_machine_msgs/lib/python3.11/site-packages/claw_machine_msgs/libclaw_machine_msgs__rosidl_generator_py.so
-- Installing: /home/pico/code/claw_machine_ros2/src/install/claw_machine_msgs/lib/python3.11/site-packages/claw_machine_msgs/claw_machine_msgs_s__rosidl_typesupport_introspection_c.cpython-311-x86_64-linux-gnu.so
-- Installing: /home/pico/code/claw_machine_ros2/src/install/claw_machine_msgs/lib/python3.11/site-packages/claw_machine_msgs/_claw_machine_msgs_s.ep.rosidl_typesupport_fastrtps_c.c
Listing 'lib/python3.11/site-packages/claw_machine_msgs'...
Can't list 'lib/python3.11/site-packages/claw_machine_msgs'
-- Installing: /home/pico/code/claw_machine_ros2/src/install/claw_machine_msgs/lib/python3.11/site-packages/claw_machine_msgs/claw_machine_msgs_s__rosidl_typesupport_fastrtps_c.cpython-311-x86_64-linux-gnu.so
-- Set non-toolchain portion of runtime path of "/home/pico/code/claw_machine_ros2/src/install/claw_machine_msgs/lib/python3.11/site-packages/claw_machine_msgs/claw_machine_msgs_s__rosidl_typesupport_fastrtps_c.cpython-311-x86_64-linux-gnu.so" to ""
-- Installing: /home/pico/code/claw_machine_ros2/src/install/claw_machine_msgs/lib/python3.11/site-packages/claw_machine_msgs/claw_machine_msgs_s__rosidl_typesupport_introspection_c.cpython-311-x86_64-linux-gnu.so
-- Set non-toolchain portion of runtime path of "/home/pico/code/claw_machine_ros2/src/install/claw_machine_msgs/lib/python3.11/site-packages/claw_machine_msgs/claw_machine_msgs_s__rosidl_typesupport_introspection_c.cpython-311-x86_64-linux-gnu.so" to ""
-- Installing: /home/pico/code/claw_machine_ros2/src/install/claw_machine_msgs/lib/python3.11/site-packages/claw_machine_msgs/claw_machine_msgs_s__rosidl_typesupport_c.cpython-311-x86_64-linux-gnu.so
-- Set non-toolchain portion of runtime path of "/home/pico/code/claw_machine_ros2/src/install/claw_machine_msgs/lib/python3.11/site-packages/claw_machine_msgs/claw_machine_msgs_s__rosidl_typesupport_c.cpython-311-x86_64-linux-gnu.so" to ""
-- Installing: /home/pico/code/claw_machine_ros2/src/install/claw_machine_msgs/lib/libclaw_machine_msgs__rosidl_generator_py.so
-- Set non-toolchain portion of runtime path of "/home/pico/code/claw_machine_ros2/src/install/claw_machine_msgs/lib/libclaw_machine_msgs__rosidl_generator_py.so" to ""
-- Installing: /home/pico/code/claw_machine_ros2/src/install/claw_machine_msgs/share/claw_machine_msgs/msg/Position.idl
-- Installing: /home/pico/code/claw_machine_ros2/src/install/claw_machine_msgs/share/claw_machine_msgs/msg/Position.msg
-- Installing: /home/pico/code/claw_machine_ros2/src/install/claw_machine_msgs/share/ament_index/resource_index/package_run_dependencies/claw_machine_msgs
-- Installing: /home/pico/code/claw_machine_ros2/src/install/claw_machine_msgs/share/ament_index/resource_index/parent_prefix_path/claw_machine_msgs
-- Installing: /home/pico/code/claw_machine_ros2/src/install/claw_machine_msgs/share/claw_machine_msgs/environment/ament_prefix_path.sh
-- Installing: /home/pico/code/claw_machine_ros2/src/install/claw_machine_msgs/share/claw_machine_msgs/environment/ament_prefix_path.dsv
-- Installing: /home/pico/code/claw_machine_ros2/src/install/claw_machine_msgs/share/claw_machine_msgs/environment/path.sh
-- Installing: /home/pico/code/claw_machine_ros2/src/install/claw_machine_msgs/share/claw_machine_msgs/environment/path.dsv
-- Installing: /home/pico/code/claw_machine_ros2/src/install/claw_machine_msgs/share/claw_machine_msgs/local_setup.bash
-- Installing: /home/pico/code/claw_machine_ros2/src/install/claw_machine_msgs/share/claw_machine_msgs/local_setup.sh
-- Installing: /home/pico/code/claw_machine_ros2/src/install/claw_machine_msgs/share/claw_machine_msgs/local_setup.zsh
-- Installing: /home/pico/code/claw_machine_ros2/src/install/claw_machine_msgs/share/claw_machine_msgs/local_setup.dsv
-- Installing: /home/pico/code/claw_machine_ros2/src/install/claw_machine_msgs/share/claw_machine_msgs/package.dsv
-- Installing: /home/pico/code/claw_machine_ros2/src/install/claw_machine_msgs/share/ament_index/resource_index/packages/claw_machine_msgs
-- Installing: /home/pico/code/claw_machine_ros2/src/install/claw_machine_msgs/share/claw_machine_msgs/cmake/export_claw_machine_msgs__rosidl_generator_cExport.cmake
-- Installing: /home/pico/code/claw_machine_ros2/src/install/claw_machine_msgs/share/claw_machine_msgs/cmake/export_claw_machine_msgs__rosidl_generator_cExport-noconfig.cmake
-- Installing: /home/pico/code/claw_machine_ros2/src/install/claw_machine_msgs/share/claw_machine_msgs/cmake/export_claw_machine_msgs__rosidl_typesupport_fastrtps_cExport.cmake
-- Installing: /home/pico/code/claw_machine_ros2/src/install/claw_machine_msgs/share/claw_machine_msgs/cmake/export_claw_machine_msgs__rosidl_typesupport_fastrtps_cExport-noconfig.cmake
-- Installing: /home/pico/code/claw_machine_ros2/src/install/claw_machine_msgs/share/claw_machine_msgs/cmake/export_claw_machine_msgs__rosidl_generator_cppExport.cmake
-- Installing: /home/pico/code/claw_machine_ros2/src/install/claw_machine_msgs/share/claw_machine_msgs/cmake/export_claw_machine_msgs__rosidl_typesupport_fastrtps_cppExport.cmake
-- Installing: /home/pico/code/claw_machine_ros2/src/install/claw_machine_msgs/share/claw_machine_msgs/cmake/export_claw_machine_msgs__rosidl_typesupport_fastrtps_cppExport-noconfig.cmake
-- Installing: /home/pico/code/claw_machine_ros2/src/install/claw_machine_msgs/share/claw_machine_msgs/cmake/claw_machine_msgs__rosidl_typesupport_introspection_cExport.cmake
-- Installing: /home/pico/code/claw_machine_ros2/src/install/claw_machine_msgs/share/claw_machine_msgs/cmake/claw_machine_msgs__rosidl_typesupport_introspection_cExport-noconfig.cmake
-- Installing: /home/pico/code/claw_machine_ros2/src/install/claw_machine_msgs/share/claw_machine_msgs/cmake/claw_machine_msgs__rosidl_typesupport_cExport.cmake
-- Installing: /home/pico/code/claw_machine_ros2/src/install/claw_machine_msgs/share/claw_machine_msgs/cmake/claw_machine_msgs__rosidl_typesupport_cExport-noconfig.cmake
-- Installing: /home/pico/code/claw_machine_ros2/src/install/claw_machine_msgs/share/claw_machine_msgs/cmake/claw_machine_msgs__rosidl_typesupport_introspection_cppExport.cmake
-- Installing: /home/pico/code/claw_machine_ros2/src/install/claw_machine_msgs/share/claw_machine_msgs/cmake/claw_machine_msgs__rosidl_typesupport_introspection_cppExport-noconfig.cmake
-- Installing: /home/pico/code/claw_machine_ros2/src/install/claw_machine_msgs/share/claw_machine_msgs/cmake/claw_machine_msgs__rosidl_typesupport_cppExport.cmake
-- Installing: /home/pico/code/claw_machine_ros2/src/install/claw_machine_msgs/share/claw_machine_msgs/cmake/claw_machine_msgs__rosidl_typesupport_cppExport-noconfig.cmake
-- Installing: /home/pico/code/claw_machine_ros2/src/install/claw_machine_msgs/share/claw_machine_msgs/cmake/export_claw_machine_msgs__rosidl_generator_pyExport.cmake
-- Installing: /home/pico/code/claw_machine_ros2/src/install/claw_machine_msgs/share/claw_machine_msgs/cmake/export_claw_machine_msgs__rosidl_generator_pyExport-noconfig.cmake
-- Installing: /home/pico/code/claw_machine_ros2/src/install/claw_machine_msgs/share/claw_machine_msgs/cmake/rosidl_cmake-extras.cmake
-- Installing: /home/pico/code/claw_machine_ros2/src/install/claw_machine_msgs/share/claw_machine_msgs/cmake/ament_cmake_export_dependencies-extras.cmake
-- Installing: /home/pico/code/claw_machine_ros2/src/install/claw_machine_msgs/share/claw_machine_msgs/cmake/ament_cmake_export_include_directories-extras.cmake
-- Installing: /home/pico/code/claw_machine_ros2/src/install/claw_machine_msgs/share/claw_machine_msgs/cmake/ament_cmake_export_libraries-extras.cmake
-- Installing: /home/pico/code/claw_machine_ros2/src/install/claw_machine_msgs/share/claw_machine_msgs/cmake/ament_cmake_export_targets-extras.cmake
-- Installing: /home/pico/code/claw_machine_ros2/src/install/claw_machine_msgs/share/claw_machine_msgs/cmake/rosidl_cmake_export_typesupport_targets-extras.cmake
-- Installing: /home/pico/code/claw_machine_ros2/src/install/claw_machine_msgs/share/claw_machine_msgs/cmake/rosidl_cmake_export_typesupport_libraries-extras.cmake
-- Installing: /home/pico/code/claw_machine_ros2/src/install/claw_machine_msgs/share/claw_machine_msgs/cmake/claw_machine_msgsConfig.cmake
-- Installing: /home/pico/code/claw_machine_ros2/src/install/claw_machine_msgs/share/claw_machine_msgs/cmake/claw_machine_msgsConfig-version.cmake
-- Installing: /home/pico/code/claw_machine_ros2/src/install/claw_machine_msgs/share/claw_machine_msgs/package.xml
