[0.008s] Invoking command in '/home/pico/code/claw_machine_ros2/src/build/claw_machine_msgs': CONDA_PROMPT_MODIFIER=(ros2) /home/pico/miniconda3/envs/ros2/bin/cmake /home/pico/code/claw_machine_ros2/src/claw_machine_msgs -DCMAKE_INSTALL_PREFIX=/home/pico/code/claw_machine_ros2/src/install/claw_machine_msgs
[1.481s] -- The C compiler identification is GNU 12.3.0
[2.320s] -- The CXX compiler identification is GNU 12.3.0
[2.448s] -- Detecting C compiler ABI info
[2.639s] -- Detecting C compiler ABI info - done
[2.648s] -- Check for working C compiler: /home/pico/miniconda3/envs/ros2/bin/x86_64-conda-linux-gnu-cc - skipped
[2.654s] -- Detecting C compile features
[2.654s] -- Detecting C compile features - done
[2.666s] -- Detecting CXX compiler ABI info
[2.871s] -- Detecting CXX compiler ABI info - done
[2.882s] -- Check for working CXX compiler: /home/pico/miniconda3/envs/ros2/bin/x86_64-conda-linux-gnu-c++ - skipped
[2.883s] -- Detecting CXX compile features
[2.883s] -- Detecting CXX compile features - done
[2.935s] -- Found ament_cmake: 1.3.7 (/home/pico/miniconda3/envs/ros2/share/ament_cmake/cmake)
[3.354s] -- Found Python3: /home/pico/miniconda3/envs/ros2/bin/python3.11 (found version "3.11.8") found components: Interpreter 
[3.699s] -- Found std_msgs: 4.2.3 (/home/pico/miniconda3/envs/ros2/share/std_msgs/cmake)
[3.921s] -- Found rosidl_generator_c: 3.1.5 (/home/pico/miniconda3/envs/ros2/share/rosidl_generator_c/cmake)
[3.978s] -- Found rosidl_adapter: 3.1.5 (/home/pico/miniconda3/envs/ros2/share/rosidl_adapter/cmake)
[4.014s] -- Found rosidl_generator_cpp: 3.1.5 (/home/pico/miniconda3/envs/ros2/share/rosidl_generator_cpp/cmake)
[4.054s] -- Using all available rosidl_typesupport_c: rosidl_typesupport_fastrtps_c;rosidl_typesupport_introspection_c
[4.117s] -- Using all available rosidl_typesupport_cpp: rosidl_typesupport_fastrtps_cpp;rosidl_typesupport_introspection_cpp
[4.273s] -- Found rosidl_default_generators: 1.2.0 (/home/pico/miniconda3/envs/ros2/share/rosidl_default_generators/cmake)
[4.573s] -- Found Python3: /home/pico/miniconda3/envs/ros2/include/python3.11 (found version "3.11.8") found components: Development NumPy Interpreter Development.Module Development.Embed 
[4.643s] -- Found Python3: /home/pico/miniconda3/envs/ros2/bin/python3.11 (found version "3.11.8") found components: Interpreter 
[4.834s] -- Found ament_cmake_ros: 0.10.0 (/home/pico/miniconda3/envs/ros2/share/ament_cmake_ros/cmake)
[5.041s] -- Using all available rosidl_typesupport_c: rosidl_typesupport_fastrtps_c;rosidl_typesupport_introspection_c
[5.091s] -- Using all available rosidl_typesupport_cpp: rosidl_typesupport_fastrtps_cpp;rosidl_typesupport_introspection_cpp
[5.093s] [33mCMake Warning (dev) at /home/pico/miniconda3/envs/ros2/share/rosidl_generator_py/cmake/rosidl_generator_py_generate_interfaces.cmake:20 (find_package):
[5.093s]   Policy CMP0148 is not set: The FindPythonInterp and FindPythonLibs modules
[5.093s]   are removed.  Run "cmake --help-policy CMP0148" for policy details.  Use
[5.093s]   the cmake_policy command to set the policy and suppress this warning.
[5.093s] 
[5.093s] Call Stack (most recent call first):
[5.093s]   /home/pico/miniconda3/envs/ros2/share/ament_cmake_core/cmake/core/ament_execute_extensions.cmake:48 (include)
[5.093s]   /home/pico/miniconda3/envs/ros2/share/rosidl_cmake/cmake/rosidl_generate_interfaces.cmake:286 (ament_execute_extensions)
[5.093s]   CMakeLists.txt:15 (rosidl_generate_interfaces)
[5.093s] This warning is for project developers.  Use -Wno-dev to suppress it.
[5.093s] [0m
[5.155s] -- Found PythonInterp: /home/pico/miniconda3/envs/ros2/bin/python3 (found suitable version "3.11.8", minimum required is "3.6") 
[5.167s] -- Found python_cmake_module: 0.10.0 (/home/pico/miniconda3/envs/ros2/share/python_cmake_module/cmake)
[5.167s] [33mCMake Warning (dev) at /home/pico/miniconda3/envs/ros2/share/python_cmake_module/cmake/Modules/FindPythonExtra.cmake:52 (find_package):
[5.167s]   Policy CMP0148 is not set: The FindPythonInterp and FindPythonLibs modules
[5.167s]   are removed.  Run "cmake --help-policy CMP0148" for policy details.  Use
[5.167s]   the cmake_policy command to set the policy and suppress this warning.
[5.167s] 
[5.167s] Call Stack (most recent call first):
[5.167s]   /home/pico/miniconda3/envs/ros2/share/rosidl_generator_py/cmake/rosidl_generator_py_generate_interfaces.cmake:23 (find_package)
[5.167s]   /home/pico/miniconda3/envs/ros2/share/ament_cmake_core/cmake/core/ament_execute_extensions.cmake:48 (include)
[5.167s]   /home/pico/miniconda3/envs/ros2/share/rosidl_cmake/cmake/rosidl_generate_interfaces.cmake:286 (ament_execute_extensions)
[5.167s]   CMakeLists.txt:15 (rosidl_generate_interfaces)
[5.167s] This warning is for project developers.  Use -Wno-dev to suppress it.
[5.167s] [0m
[5.176s] [33mCMake Warning (dev) at /home/pico/miniconda3/envs/ros2/share/python_cmake_module/cmake/Modules/FindPythonExtra.cmake:140 (find_package):
[5.176s]   Policy CMP0148 is not set: The FindPythonInterp and FindPythonLibs modules
[5.176s]   are removed.  Run "cmake --help-policy CMP0148" for policy details.  Use
[5.176s]   the cmake_policy command to set the policy and suppress this warning.
[5.176s] 
[5.176s] Call Stack (most recent call first):
[5.176s]   /home/pico/miniconda3/envs/ros2/share/rosidl_generator_py/cmake/rosidl_generator_py_generate_interfaces.cmake:23 (find_package)
[5.176s]   /home/pico/miniconda3/envs/ros2/share/ament_cmake_core/cmake/core/ament_execute_extensions.cmake:48 (include)
[5.176s]   /home/pico/miniconda3/envs/ros2/share/rosidl_cmake/cmake/rosidl_generate_interfaces.cmake:286 (ament_execute_extensions)
[5.176s]   CMakeLists.txt:15 (rosidl_generate_interfaces)
[5.176s] This warning is for project developers.  Use -Wno-dev to suppress it.
[5.176s] [0m
[5.191s] -- Found PythonLibs: /home/pico/miniconda3/envs/ros2/lib/libpython3.11.so (found suitable version "3.11.8", minimum required is "3.5") 
[5.191s] -- Using PYTHON_EXECUTABLE: /home/pico/miniconda3/envs/ros2/bin/python3
[5.191s] -- Using PYTHON_INCLUDE_DIRS: /home/pico/miniconda3/envs/ros2/include/python3.11
[5.191s] -- Using PYTHON_LIBRARIES: /home/pico/miniconda3/envs/ros2/lib/libpython3.11.so
[5.202s] -- Found PythonExtra: .so  
[5.397s] -- Found Python3: /home/pico/miniconda3/envs/ros2/include/python3.11 (found version "3.11.8") found components: Development NumPy Interpreter Development.Module Development.Embed 
[5.447s] -- Found ament_lint_auto: 0.12.10 (/home/pico/miniconda3/envs/ros2/share/ament_lint_auto/cmake)
[5.548s] -- Added test 'lint_cmake' to check CMake code style
[5.549s] -- Added test 'xmllint' to check XML markup files
[5.551s] -- Configuring done (5.5s)
[5.578s] -- Generating done (0.0s)
[5.580s] -- Build files have been written to: /home/pico/code/claw_machine_ros2/src/build/claw_machine_msgs
[5.583s] Invoked command in '/home/pico/code/claw_machine_ros2/src/build/claw_machine_msgs' returned '0': CONDA_PROMPT_MODIFIER=(ros2) /home/pico/miniconda3/envs/ros2/bin/cmake /home/pico/code/claw_machine_ros2/src/claw_machine_msgs -DCMAKE_INSTALL_PREFIX=/home/pico/code/claw_machine_ros2/src/install/claw_machine_msgs
[5.585s] Invoking command in '/home/pico/code/claw_machine_ros2/src/build/claw_machine_msgs': CONDA_PROMPT_MODIFIER=(ros2) /home/pico/miniconda3/envs/ros2/bin/cmake --build /home/pico/code/claw_machine_ros2/src/build/claw_machine_msgs -- -j20 -l20
[5.601s] [  3%] [34m[1mGenerating C code for ROS interfaces[0m
[5.605s] [  6%] [34m[1mGenerating C++ code for ROS interfaces[0m
[5.608s] [  6%] Built target ament_cmake_python_copy_claw_machine_msgs
[5.718s] running egg_info
[5.719s] creating claw_machine_msgs.egg-info
[5.727s] writing claw_machine_msgs.egg-info/PKG-INFO
[5.727s] writing dependency_links to claw_machine_msgs.egg-info/dependency_links.txt
[5.727s] writing top-level names to claw_machine_msgs.egg-info/top_level.txt
[5.727s] writing manifest file 'claw_machine_msgs.egg-info/SOURCES.txt'
[5.751s] reading manifest file 'claw_machine_msgs.egg-info/SOURCES.txt'
[5.751s] writing manifest file 'claw_machine_msgs.egg-info/SOURCES.txt'
[5.767s] [  6%] Built target claw_machine_msgs__cpp
[5.767s] [  6%] Built target ament_cmake_python_build_claw_machine_msgs_egg
[5.771s] [ 12%] [34m[1mGenerating C++ type support for eProsima Fast-RTPS[0m
[5.771s] [ 12%] [34m[1mGenerating C++ type support dispatch for ROS interfaces[0m
[5.771s] [ 16%] [34m[1mGenerating C++ introspection for ROS interfaces[0m
[5.774s] [ 19%] [32mBuilding C object CMakeFiles/claw_machine_msgs__rosidl_generator_c.dir/rosidl_generator_c/claw_machine_msgs/msg/detail/position__functions.c.o[0m
[5.912s] [ 22%] [32mBuilding CXX object CMakeFiles/claw_machine_msgs__rosidl_typesupport_cpp.dir/rosidl_typesupport_cpp/claw_machine_msgs/msg/position__type_support.cpp.o[0m
[5.922s] [ 25%] [32mBuilding CXX object CMakeFiles/claw_machine_msgs__rosidl_typesupport_fastrtps_cpp.dir/rosidl_typesupport_fastrtps_cpp/claw_machine_msgs/msg/detail/dds_fastrtps/position__type_support.cpp.o[0m
[5.929s] [ 29%] [32mBuilding CXX object CMakeFiles/claw_machine_msgs__rosidl_typesupport_introspection_cpp.dir/rosidl_typesupport_introspection_cpp/claw_machine_msgs/msg/detail/position__type_support.cpp.o[0m
[6.886s] [ 32%] [32m[1mLinking C shared library libclaw_machine_msgs__rosidl_generator_c.so[0m
[6.946s] [ 32%] Built target claw_machine_msgs__rosidl_generator_c
[6.950s] [ 38%] [34m[1mGenerating C type support for eProsima Fast-RTPS[0m
[6.951s] [ 38%] [34m[1mGenerating C introspection for ROS interfaces[0m
[6.951s] [ 41%] [34m[1mGenerating C type support dispatch for ROS interfaces[0m
[7.120s] [ 45%] [32mBuilding CXX object CMakeFiles/claw_machine_msgs__rosidl_typesupport_c.dir/rosidl_typesupport_c/claw_machine_msgs/msg/position__type_support.cpp.o[0m
[7.128s] [ 48%] [32mBuilding C object CMakeFiles/claw_machine_msgs__rosidl_typesupport_introspection_c.dir/rosidl_typesupport_introspection_c/claw_machine_msgs/msg/detail/position__type_support.c.o[0m
[7.132s] [ 51%] [32mBuilding CXX object CMakeFiles/claw_machine_msgs__rosidl_typesupport_fastrtps_c.dir/rosidl_typesupport_fastrtps_c/claw_machine_msgs/msg/detail/position__type_support_c.cpp.o[0m
[7.188s] [ 54%] [32m[1mLinking CXX shared library libclaw_machine_msgs__rosidl_typesupport_c.so[0m
[7.192s] [ 58%] [32m[1mLinking CXX shared library libclaw_machine_msgs__rosidl_typesupport_cpp.so[0m
[7.206s] [ 58%] Built target claw_machine_msgs__rosidl_typesupport_c
[7.358s] [ 61%] Built target claw_machine_msgs__rosidl_typesupport_cpp
[7.358s] [ 61%] [32m[1mLinking C shared library libclaw_machine_msgs__rosidl_typesupport_introspection_c.so[0m
[7.372s] [ 61%] Built target claw_machine_msgs__rosidl_typesupport_introspection_c
[7.407s] [ 64%] [32m[1mLinking CXX shared library libclaw_machine_msgs__rosidl_typesupport_introspection_cpp.so[0m
[7.459s] [ 64%] Built target claw_machine_msgs__rosidl_typesupport_introspection_cpp
[7.550s] [ 67%] [32m[1mLinking CXX shared library libclaw_machine_msgs__rosidl_typesupport_fastrtps_c.so[0m
[7.591s] [ 67%] Built target claw_machine_msgs__rosidl_typesupport_fastrtps_c
[7.636s] [ 70%] [32m[1mLinking CXX shared library libclaw_machine_msgs__rosidl_typesupport_fastrtps_cpp.so[0m
[7.695s] [ 70%] Built target claw_machine_msgs__rosidl_typesupport_fastrtps_cpp
[7.702s] [ 70%] Built target claw_machine_msgs
[7.709s] [ 74%] [34m[1mGenerating Python code for ROS interfaces[0m
[7.889s] [ 74%] Built target claw_machine_msgs__py
[7.897s] [ 77%] [32mBuilding C object CMakeFiles/claw_machine_msgs__rosidl_generator_py.dir/rosidl_generator_py/claw_machine_msgs/msg/_position_s.c.o[0m
[8.597s] [ 80%] [32m[1mLinking C shared library rosidl_generator_py/claw_machine_msgs/libclaw_machine_msgs__rosidl_generator_py.so[0m
[8.614s] [ 80%] Built target claw_machine_msgs__rosidl_generator_py
[8.622s] [ 83%] [32mBuilding C object CMakeFiles/claw_machine_msgs__rosidl_typesupport_fastrtps_c__pyext.dir/rosidl_generator_py/claw_machine_msgs/_claw_machine_msgs_s.ep.rosidl_typesupport_fastrtps_c.c.o[0m
[8.622s] [ 87%] [32mBuilding C object CMakeFiles/claw_machine_msgs__rosidl_typesupport_introspection_c__pyext.dir/rosidl_generator_py/claw_machine_msgs/_claw_machine_msgs_s.ep.rosidl_typesupport_introspection_c.c.o[0m
[8.622s] [ 90%] [32mBuilding C object CMakeFiles/claw_machine_msgs__rosidl_typesupport_c__pyext.dir/rosidl_generator_py/claw_machine_msgs/_claw_machine_msgs_s.ep.rosidl_typesupport_c.c.o[0m
[8.694s] [100%] [32m[1mLinking C shared library rosidl_generator_py/claw_machine_msgs/claw_machine_msgs_s__rosidl_typesupport_introspection_c.cpython-311-x86_64-linux-gnu.so[0m
[8.694s] [100%] [32m[1mLinking C shared library rosidl_generator_py/claw_machine_msgs/claw_machine_msgs_s__rosidl_typesupport_c.cpython-311-x86_64-linux-gnu.so[0m
[8.694s] [100%] [32m[1mLinking C shared library rosidl_generator_py/claw_machine_msgs/claw_machine_msgs_s__rosidl_typesupport_fastrtps_c.cpython-311-x86_64-linux-gnu.so[0m
[8.709s] [100%] Built target claw_machine_msgs__rosidl_typesupport_c__pyext
[8.709s] [100%] Built target claw_machine_msgs__rosidl_typesupport_introspection_c__pyext
[8.709s] [100%] Built target claw_machine_msgs__rosidl_typesupport_fastrtps_c__pyext
[8.726s] Invoked command in '/home/pico/code/claw_machine_ros2/src/build/claw_machine_msgs' returned '0': CONDA_PROMPT_MODIFIER=(ros2) /home/pico/miniconda3/envs/ros2/bin/cmake --build /home/pico/code/claw_machine_ros2/src/build/claw_machine_msgs -- -j20 -l20
[8.897s] Invoking command in '/home/pico/code/claw_machine_ros2/src/build/claw_machine_msgs': CONDA_PROMPT_MODIFIER=(ros2) /home/pico/miniconda3/envs/ros2/bin/cmake --install /home/pico/code/claw_machine_ros2/src/build/claw_machine_msgs
[8.903s] -- Install configuration: ""
[8.903s] -- Installing: /home/pico/code/claw_machine_ros2/src/install/claw_machine_msgs/share/ament_index/resource_index/rosidl_interfaces/claw_machine_msgs
[8.903s] -- Installing: /home/pico/code/claw_machine_ros2/src/install/claw_machine_msgs/include/claw_machine_msgs/claw_machine_msgs
[8.903s] -- Installing: /home/pico/code/claw_machine_ros2/src/install/claw_machine_msgs/include/claw_machine_msgs/claw_machine_msgs/msg
[8.903s] -- Installing: /home/pico/code/claw_machine_ros2/src/install/claw_machine_msgs/include/claw_machine_msgs/claw_machine_msgs/msg/rosidl_generator_c__visibility_control.h
[8.903s] -- Installing: /home/pico/code/claw_machine_ros2/src/install/claw_machine_msgs/include/claw_machine_msgs/claw_machine_msgs/msg/detail
[8.904s] -- Installing: /home/pico/code/claw_machine_ros2/src/install/claw_machine_msgs/include/claw_machine_msgs/claw_machine_msgs/msg/detail/position__functions.h
[8.904s] -- Installing: /home/pico/code/claw_machine_ros2/src/install/claw_machine_msgs/include/claw_machine_msgs/claw_machine_msgs/msg/detail/position__type_support.h
[8.904s] -- Installing: /home/pico/code/claw_machine_ros2/src/install/claw_machine_msgs/include/claw_machine_msgs/claw_machine_msgs/msg/detail/position__functions.c
[8.904s] -- Installing: /home/pico/code/claw_machine_ros2/src/install/claw_machine_msgs/include/claw_machine_msgs/claw_machine_msgs/msg/detail/position__struct.h
[8.904s] -- Installing: /home/pico/code/claw_machine_ros2/src/install/claw_machine_msgs/include/claw_machine_msgs/claw_machine_msgs/msg/position.h
[8.904s] -- Installing: /home/pico/code/claw_machine_ros2/src/install/claw_machine_msgs/lib/libclaw_machine_msgs__rosidl_generator_c.so
[8.904s] -- Up-to-date: /home/pico/code/claw_machine_ros2/src/install/claw_machine_msgs/include/claw_machine_msgs/claw_machine_msgs
[8.904s] -- Up-to-date: /home/pico/code/claw_machine_ros2/src/install/claw_machine_msgs/include/claw_machine_msgs/claw_machine_msgs/msg
[8.904s] -- Up-to-date: /home/pico/code/claw_machine_ros2/src/install/claw_machine_msgs/include/claw_machine_msgs/claw_machine_msgs/msg/detail
[8.904s] -- Installing: /home/pico/code/claw_machine_ros2/src/install/claw_machine_msgs/include/claw_machine_msgs/claw_machine_msgs/msg/detail/position__rosidl_typesupport_fastrtps_c.h
[8.904s] -- Installing: /home/pico/code/claw_machine_ros2/src/install/claw_machine_msgs/include/claw_machine_msgs/claw_machine_msgs/msg/rosidl_typesupport_fastrtps_c__visibility_control.h
[8.904s] -- Installing: /home/pico/code/claw_machine_ros2/src/install/claw_machine_msgs/lib/libclaw_machine_msgs__rosidl_typesupport_fastrtps_c.so
[8.904s] -- Set non-toolchain portion of runtime path of "/home/pico/code/claw_machine_ros2/src/install/claw_machine_msgs/lib/libclaw_machine_msgs__rosidl_typesupport_fastrtps_c.so" to ""
[8.904s] -- Up-to-date: /home/pico/code/claw_machine_ros2/src/install/claw_machine_msgs/include/claw_machine_msgs/claw_machine_msgs
[8.904s] -- Up-to-date: /home/pico/code/claw_machine_ros2/src/install/claw_machine_msgs/include/claw_machine_msgs/claw_machine_msgs/msg
[8.904s] -- Up-to-date: /home/pico/code/claw_machine_ros2/src/install/claw_machine_msgs/include/claw_machine_msgs/claw_machine_msgs/msg/detail
[8.904s] -- Installing: /home/pico/code/claw_machine_ros2/src/install/claw_machine_msgs/include/claw_machine_msgs/claw_machine_msgs/msg/detail/position__builder.hpp
[8.904s] -- Installing: /home/pico/code/claw_machine_ros2/src/install/claw_machine_msgs/include/claw_machine_msgs/claw_machine_msgs/msg/detail/position__struct.hpp
[8.904s] -- Installing: /home/pico/code/claw_machine_ros2/src/install/claw_machine_msgs/include/claw_machine_msgs/claw_machine_msgs/msg/detail/position__traits.hpp
[8.905s] -- Installing: /home/pico/code/claw_machine_ros2/src/install/claw_machine_msgs/include/claw_machine_msgs/claw_machine_msgs/msg/position.hpp
[8.905s] -- Up-to-date: /home/pico/code/claw_machine_ros2/src/install/claw_machine_msgs/include/claw_machine_msgs/claw_machine_msgs
[8.905s] -- Up-to-date: /home/pico/code/claw_machine_ros2/src/install/claw_machine_msgs/include/claw_machine_msgs/claw_machine_msgs/msg
[8.905s] -- Installing: /home/pico/code/claw_machine_ros2/src/install/claw_machine_msgs/include/claw_machine_msgs/claw_machine_msgs/msg/rosidl_typesupport_fastrtps_cpp__visibility_control.h
[8.905s] -- Up-to-date: /home/pico/code/claw_machine_ros2/src/install/claw_machine_msgs/include/claw_machine_msgs/claw_machine_msgs/msg/detail
[8.905s] -- Installing: /home/pico/code/claw_machine_ros2/src/install/claw_machine_msgs/include/claw_machine_msgs/claw_machine_msgs/msg/detail/dds_fastrtps
[8.905s] -- Installing: /home/pico/code/claw_machine_ros2/src/install/claw_machine_msgs/include/claw_machine_msgs/claw_machine_msgs/msg/detail/position__rosidl_typesupport_fastrtps_cpp.hpp
[8.905s] -- Installing: /home/pico/code/claw_machine_ros2/src/install/claw_machine_msgs/lib/libclaw_machine_msgs__rosidl_typesupport_fastrtps_cpp.so
[8.905s] -- Up-to-date: /home/pico/code/claw_machine_ros2/src/install/claw_machine_msgs/include/claw_machine_msgs/claw_machine_msgs
[8.905s] -- Up-to-date: /home/pico/code/claw_machine_ros2/src/install/claw_machine_msgs/include/claw_machine_msgs/claw_machine_msgs/msg
[8.905s] -- Up-to-date: /home/pico/code/claw_machine_ros2/src/install/claw_machine_msgs/include/claw_machine_msgs/claw_machine_msgs/msg/detail
[8.905s] -- Installing: /home/pico/code/claw_machine_ros2/src/install/claw_machine_msgs/include/claw_machine_msgs/claw_machine_msgs/msg/detail/position__type_support.c
[8.905s] -- Installing: /home/pico/code/claw_machine_ros2/src/install/claw_machine_msgs/include/claw_machine_msgs/claw_machine_msgs/msg/detail/position__rosidl_typesupport_introspection_c.h
[8.905s] -- Installing: /home/pico/code/claw_machine_ros2/src/install/claw_machine_msgs/include/claw_machine_msgs/claw_machine_msgs/msg/rosidl_typesupport_introspection_c__visibility_control.h
[8.905s] -- Installing: /home/pico/code/claw_machine_ros2/src/install/claw_machine_msgs/lib/libclaw_machine_msgs__rosidl_typesupport_introspection_c.so
[8.905s] -- Set non-toolchain portion of runtime path of "/home/pico/code/claw_machine_ros2/src/install/claw_machine_msgs/lib/libclaw_machine_msgs__rosidl_typesupport_introspection_c.so" to ""
[8.905s] -- Installing: /home/pico/code/claw_machine_ros2/src/install/claw_machine_msgs/lib/libclaw_machine_msgs__rosidl_typesupport_c.so
[8.905s] -- Set non-toolchain portion of runtime path of "/home/pico/code/claw_machine_ros2/src/install/claw_machine_msgs/lib/libclaw_machine_msgs__rosidl_typesupport_c.so" to ""
[8.905s] -- Up-to-date: /home/pico/code/claw_machine_ros2/src/install/claw_machine_msgs/include/claw_machine_msgs/claw_machine_msgs
[8.906s] -- Up-to-date: /home/pico/code/claw_machine_ros2/src/install/claw_machine_msgs/include/claw_machine_msgs/claw_machine_msgs/msg
[8.906s] -- Up-to-date: /home/pico/code/claw_machine_ros2/src/install/claw_machine_msgs/include/claw_machine_msgs/claw_machine_msgs/msg/detail
[8.906s] -- Installing: /home/pico/code/claw_machine_ros2/src/install/claw_machine_msgs/include/claw_machine_msgs/claw_machine_msgs/msg/detail/position__type_support.cpp
[8.906s] -- Installing: /home/pico/code/claw_machine_ros2/src/install/claw_machine_msgs/include/claw_machine_msgs/claw_machine_msgs/msg/detail/position__rosidl_typesupport_introspection_cpp.hpp
[8.906s] -- Installing: /home/pico/code/claw_machine_ros2/src/install/claw_machine_msgs/lib/libclaw_machine_msgs__rosidl_typesupport_introspection_cpp.so
[8.906s] -- Installing: /home/pico/code/claw_machine_ros2/src/install/claw_machine_msgs/lib/libclaw_machine_msgs__rosidl_typesupport_cpp.so
[8.906s] -- Installing: /home/pico/code/claw_machine_ros2/src/install/claw_machine_msgs/share/claw_machine_msgs/environment/pythonpath.sh
[8.906s] -- Installing: /home/pico/code/claw_machine_ros2/src/install/claw_machine_msgs/share/claw_machine_msgs/environment/pythonpath.dsv
[8.906s] -- Installing: /home/pico/code/claw_machine_ros2/src/install/claw_machine_msgs/lib/python3.11/site-packages/claw_machine_msgs-0.0.0-py3.11.egg-info
[8.906s] -- Installing: /home/pico/code/claw_machine_ros2/src/install/claw_machine_msgs/lib/python3.11/site-packages/claw_machine_msgs-0.0.0-py3.11.egg-info/top_level.txt
[8.906s] -- Installing: /home/pico/code/claw_machine_ros2/src/install/claw_machine_msgs/lib/python3.11/site-packages/claw_machine_msgs-0.0.0-py3.11.egg-info/dependency_links.txt
[8.906s] -- Installing: /home/pico/code/claw_machine_ros2/src/install/claw_machine_msgs/lib/python3.11/site-packages/claw_machine_msgs-0.0.0-py3.11.egg-info/SOURCES.txt
[8.906s] -- Installing: /home/pico/code/claw_machine_ros2/src/install/claw_machine_msgs/lib/python3.11/site-packages/claw_machine_msgs-0.0.0-py3.11.egg-info/PKG-INFO
[8.906s] -- Installing: /home/pico/code/claw_machine_ros2/src/install/claw_machine_msgs/lib/python3.11/site-packages/claw_machine_msgs
[8.906s] -- Installing: /home/pico/code/claw_machine_ros2/src/install/claw_machine_msgs/lib/python3.11/site-packages/claw_machine_msgs/_claw_machine_msgs_s.ep.rosidl_typesupport_introspection_c.c
[8.906s] -- Installing: /home/pico/code/claw_machine_ros2/src/install/claw_machine_msgs/lib/python3.11/site-packages/claw_machine_msgs/_claw_machine_msgs_s.ep.rosidl_typesupport_c.c
[8.906s] -- Installing: /home/pico/code/claw_machine_ros2/src/install/claw_machine_msgs/lib/python3.11/site-packages/claw_machine_msgs/claw_machine_msgs_s__rosidl_typesupport_fastrtps_c.cpython-311-x86_64-linux-gnu.so
[8.906s] -- Installing: /home/pico/code/claw_machine_ros2/src/install/claw_machine_msgs/lib/python3.11/site-packages/claw_machine_msgs/__init__.py
[8.906s] -- Installing: /home/pico/code/claw_machine_ros2/src/install/claw_machine_msgs/lib/python3.11/site-packages/claw_machine_msgs/claw_machine_msgs_s__rosidl_typesupport_c.cpython-311-x86_64-linux-gnu.so
[8.906s] -- Installing: /home/pico/code/claw_machine_ros2/src/install/claw_machine_msgs/lib/python3.11/site-packages/claw_machine_msgs/msg
[8.906s] -- Installing: /home/pico/code/claw_machine_ros2/src/install/claw_machine_msgs/lib/python3.11/site-packages/claw_machine_msgs/msg/_position.py
[8.907s] -- Installing: /home/pico/code/claw_machine_ros2/src/install/claw_machine_msgs/lib/python3.11/site-packages/claw_machine_msgs/msg/__init__.py
[8.907s] -- Installing: /home/pico/code/claw_machine_ros2/src/install/claw_machine_msgs/lib/python3.11/site-packages/claw_machine_msgs/msg/_position_s.c
[8.907s] -- Installing: /home/pico/code/claw_machine_ros2/src/install/claw_machine_msgs/lib/python3.11/site-packages/claw_machine_msgs/libclaw_machine_msgs__rosidl_generator_py.so
[8.907s] -- Installing: /home/pico/code/claw_machine_ros2/src/install/claw_machine_msgs/lib/python3.11/site-packages/claw_machine_msgs/claw_machine_msgs_s__rosidl_typesupport_introspection_c.cpython-311-x86_64-linux-gnu.so
[8.907s] -- Installing: /home/pico/code/claw_machine_ros2/src/install/claw_machine_msgs/lib/python3.11/site-packages/claw_machine_msgs/_claw_machine_msgs_s.ep.rosidl_typesupport_fastrtps_c.c
[8.925s] Listing 'lib/python3.11/site-packages/claw_machine_msgs'...
[8.925s] Can't list 'lib/python3.11/site-packages/claw_machine_msgs'
[8.928s] -- Installing: /home/pico/code/claw_machine_ros2/src/install/claw_machine_msgs/lib/python3.11/site-packages/claw_machine_msgs/claw_machine_msgs_s__rosidl_typesupport_fastrtps_c.cpython-311-x86_64-linux-gnu.so
[8.929s] -- Set non-toolchain portion of runtime path of "/home/pico/code/claw_machine_ros2/src/install/claw_machine_msgs/lib/python3.11/site-packages/claw_machine_msgs/claw_machine_msgs_s__rosidl_typesupport_fastrtps_c.cpython-311-x86_64-linux-gnu.so" to ""
[8.929s] -- Installing: /home/pico/code/claw_machine_ros2/src/install/claw_machine_msgs/lib/python3.11/site-packages/claw_machine_msgs/claw_machine_msgs_s__rosidl_typesupport_introspection_c.cpython-311-x86_64-linux-gnu.so
[8.929s] -- Set non-toolchain portion of runtime path of "/home/pico/code/claw_machine_ros2/src/install/claw_machine_msgs/lib/python3.11/site-packages/claw_machine_msgs/claw_machine_msgs_s__rosidl_typesupport_introspection_c.cpython-311-x86_64-linux-gnu.so" to ""
[8.929s] -- Installing: /home/pico/code/claw_machine_ros2/src/install/claw_machine_msgs/lib/python3.11/site-packages/claw_machine_msgs/claw_machine_msgs_s__rosidl_typesupport_c.cpython-311-x86_64-linux-gnu.so
[8.929s] -- Set non-toolchain portion of runtime path of "/home/pico/code/claw_machine_ros2/src/install/claw_machine_msgs/lib/python3.11/site-packages/claw_machine_msgs/claw_machine_msgs_s__rosidl_typesupport_c.cpython-311-x86_64-linux-gnu.so" to ""
[8.929s] -- Installing: /home/pico/code/claw_machine_ros2/src/install/claw_machine_msgs/lib/libclaw_machine_msgs__rosidl_generator_py.so
[8.929s] -- Set non-toolchain portion of runtime path of "/home/pico/code/claw_machine_ros2/src/install/claw_machine_msgs/lib/libclaw_machine_msgs__rosidl_generator_py.so" to ""
[8.929s] -- Installing: /home/pico/code/claw_machine_ros2/src/install/claw_machine_msgs/share/claw_machine_msgs/msg/Position.idl
[8.929s] -- Installing: /home/pico/code/claw_machine_ros2/src/install/claw_machine_msgs/share/claw_machine_msgs/msg/Position.msg
[8.929s] -- Installing: /home/pico/code/claw_machine_ros2/src/install/claw_machine_msgs/share/ament_index/resource_index/package_run_dependencies/claw_machine_msgs
[8.929s] -- Installing: /home/pico/code/claw_machine_ros2/src/install/claw_machine_msgs/share/ament_index/resource_index/parent_prefix_path/claw_machine_msgs
[8.929s] -- Installing: /home/pico/code/claw_machine_ros2/src/install/claw_machine_msgs/share/claw_machine_msgs/environment/ament_prefix_path.sh
[8.929s] -- Installing: /home/pico/code/claw_machine_ros2/src/install/claw_machine_msgs/share/claw_machine_msgs/environment/ament_prefix_path.dsv
[8.929s] -- Installing: /home/pico/code/claw_machine_ros2/src/install/claw_machine_msgs/share/claw_machine_msgs/environment/path.sh
[8.930s] -- Installing: /home/pico/code/claw_machine_ros2/src/install/claw_machine_msgs/share/claw_machine_msgs/environment/path.dsv
[8.930s] -- Installing: /home/pico/code/claw_machine_ros2/src/install/claw_machine_msgs/share/claw_machine_msgs/local_setup.bash
[8.930s] -- Installing: /home/pico/code/claw_machine_ros2/src/install/claw_machine_msgs/share/claw_machine_msgs/local_setup.sh
[8.930s] -- Installing: /home/pico/code/claw_machine_ros2/src/install/claw_machine_msgs/share/claw_machine_msgs/local_setup.zsh
[8.930s] -- Installing: /home/pico/code/claw_machine_ros2/src/install/claw_machine_msgs/share/claw_machine_msgs/local_setup.dsv
[8.930s] -- Installing: /home/pico/code/claw_machine_ros2/src/install/claw_machine_msgs/share/claw_machine_msgs/package.dsv
[8.930s] -- Installing: /home/pico/code/claw_machine_ros2/src/install/claw_machine_msgs/share/ament_index/resource_index/packages/claw_machine_msgs
[8.930s] -- Installing: /home/pico/code/claw_machine_ros2/src/install/claw_machine_msgs/share/claw_machine_msgs/cmake/export_claw_machine_msgs__rosidl_generator_cExport.cmake
[8.930s] -- Installing: /home/pico/code/claw_machine_ros2/src/install/claw_machine_msgs/share/claw_machine_msgs/cmake/export_claw_machine_msgs__rosidl_generator_cExport-noconfig.cmake
[8.930s] -- Installing: /home/pico/code/claw_machine_ros2/src/install/claw_machine_msgs/share/claw_machine_msgs/cmake/export_claw_machine_msgs__rosidl_typesupport_fastrtps_cExport.cmake
[8.930s] -- Installing: /home/pico/code/claw_machine_ros2/src/install/claw_machine_msgs/share/claw_machine_msgs/cmake/export_claw_machine_msgs__rosidl_typesupport_fastrtps_cExport-noconfig.cmake
[8.930s] -- Installing: /home/pico/code/claw_machine_ros2/src/install/claw_machine_msgs/share/claw_machine_msgs/cmake/export_claw_machine_msgs__rosidl_generator_cppExport.cmake
[8.930s] -- Installing: /home/pico/code/claw_machine_ros2/src/install/claw_machine_msgs/share/claw_machine_msgs/cmake/export_claw_machine_msgs__rosidl_typesupport_fastrtps_cppExport.cmake
[8.930s] -- Installing: /home/pico/code/claw_machine_ros2/src/install/claw_machine_msgs/share/claw_machine_msgs/cmake/export_claw_machine_msgs__rosidl_typesupport_fastrtps_cppExport-noconfig.cmake
[8.931s] -- Installing: /home/pico/code/claw_machine_ros2/src/install/claw_machine_msgs/share/claw_machine_msgs/cmake/claw_machine_msgs__rosidl_typesupport_introspection_cExport.cmake
[8.931s] -- Installing: /home/pico/code/claw_machine_ros2/src/install/claw_machine_msgs/share/claw_machine_msgs/cmake/claw_machine_msgs__rosidl_typesupport_introspection_cExport-noconfig.cmake
[8.931s] -- Installing: /home/pico/code/claw_machine_ros2/src/install/claw_machine_msgs/share/claw_machine_msgs/cmake/claw_machine_msgs__rosidl_typesupport_cExport.cmake
[8.931s] -- Installing: /home/pico/code/claw_machine_ros2/src/install/claw_machine_msgs/share/claw_machine_msgs/cmake/claw_machine_msgs__rosidl_typesupport_cExport-noconfig.cmake
[8.931s] -- Installing: /home/pico/code/claw_machine_ros2/src/install/claw_machine_msgs/share/claw_machine_msgs/cmake/claw_machine_msgs__rosidl_typesupport_introspection_cppExport.cmake
[8.931s] -- Installing: /home/pico/code/claw_machine_ros2/src/install/claw_machine_msgs/share/claw_machine_msgs/cmake/claw_machine_msgs__rosidl_typesupport_introspection_cppExport-noconfig.cmake
[8.931s] -- Installing: /home/pico/code/claw_machine_ros2/src/install/claw_machine_msgs/share/claw_machine_msgs/cmake/claw_machine_msgs__rosidl_typesupport_cppExport.cmake
[8.931s] -- Installing: /home/pico/code/claw_machine_ros2/src/install/claw_machine_msgs/share/claw_machine_msgs/cmake/claw_machine_msgs__rosidl_typesupport_cppExport-noconfig.cmake
[8.931s] -- Installing: /home/pico/code/claw_machine_ros2/src/install/claw_machine_msgs/share/claw_machine_msgs/cmake/export_claw_machine_msgs__rosidl_generator_pyExport.cmake
[8.931s] -- Installing: /home/pico/code/claw_machine_ros2/src/install/claw_machine_msgs/share/claw_machine_msgs/cmake/export_claw_machine_msgs__rosidl_generator_pyExport-noconfig.cmake
[8.931s] -- Installing: /home/pico/code/claw_machine_ros2/src/install/claw_machine_msgs/share/claw_machine_msgs/cmake/rosidl_cmake-extras.cmake
[8.931s] -- Installing: /home/pico/code/claw_machine_ros2/src/install/claw_machine_msgs/share/claw_machine_msgs/cmake/ament_cmake_export_dependencies-extras.cmake
[8.931s] -- Installing: /home/pico/code/claw_machine_ros2/src/install/claw_machine_msgs/share/claw_machine_msgs/cmake/ament_cmake_export_include_directories-extras.cmake
[8.931s] -- Installing: /home/pico/code/claw_machine_ros2/src/install/claw_machine_msgs/share/claw_machine_msgs/cmake/ament_cmake_export_libraries-extras.cmake
[8.931s] -- Installing: /home/pico/code/claw_machine_ros2/src/install/claw_machine_msgs/share/claw_machine_msgs/cmake/ament_cmake_export_targets-extras.cmake
[8.932s] -- Installing: /home/pico/code/claw_machine_ros2/src/install/claw_machine_msgs/share/claw_machine_msgs/cmake/rosidl_cmake_export_typesupport_targets-extras.cmake
[8.932s] -- Installing: /home/pico/code/claw_machine_ros2/src/install/claw_machine_msgs/share/claw_machine_msgs/cmake/rosidl_cmake_export_typesupport_libraries-extras.cmake
[8.932s] -- Installing: /home/pico/code/claw_machine_ros2/src/install/claw_machine_msgs/share/claw_machine_msgs/cmake/claw_machine_msgsConfig.cmake
[8.932s] -- Installing: /home/pico/code/claw_machine_ros2/src/install/claw_machine_msgs/share/claw_machine_msgs/cmake/claw_machine_msgsConfig-version.cmake
[8.932s] -- Installing: /home/pico/code/claw_machine_ros2/src/install/claw_machine_msgs/share/claw_machine_msgs/package.xml
[8.933s] Invoked command in '/home/pico/code/claw_machine_ros2/src/build/claw_machine_msgs' returned '0': CONDA_PROMPT_MODIFIER=(ros2) /home/pico/miniconda3/envs/ros2/bin/cmake --install /home/pico/code/claw_machine_ros2/src/build/claw_machine_msgs
