[0.211s] Invoking command in '/home/pico/code/claw_machine_ros2/build/claw_machine_msgs': CMAKE_PREFIX_PATH=${CMAKE_PREFIX_PATH}:/home/pico/code/claw_machine_ros2/install/keyboard_claw_controller CONDA_PROMPT_MODIFIER=(ros2) /home/pico/miniconda3/envs/ros2/bin/cmake --build /home/pico/code/claw_machine_ros2/build/claw_machine_msgs -- -j20 -l20
[2.190s] [  3%] Built target claw_machine_msgs__cpp
[2.232s] [  3%] Built target ament_cmake_python_copy_claw_machine_msgs
[2.421s] running egg_info
[2.429s] writing claw_machine_msgs.egg-info/PKG-INFO
[2.429s] writing dependency_links to claw_machine_msgs.egg-info/dependency_links.txt
[2.429s] writing top-level names to claw_machine_msgs.egg-info/top_level.txt
[2.453s] reading manifest file 'claw_machine_msgs.egg-info/SOURCES.txt'
[2.469s] writing manifest file 'claw_machine_msgs.egg-info/SOURCES.txt'
[2.483s] [  3%] Built target ament_cmake_python_build_claw_machine_msgs_egg
[2.596s] [ 12%] Built target claw_machine_msgs__rosidl_generator_c
[2.597s] [ 22%] Built target claw_machine_msgs__rosidl_typesupport_fastrtps_cpp
[2.615s] [ 32%] Built target claw_machine_msgs__rosidl_typesupport_cpp
[2.742s] [ 41%] Built target claw_machine_msgs__rosidl_typesupport_introspection_cpp
[2.744s] [ 51%] Built target claw_machine_msgs__rosidl_typesupport_introspection_c
[2.762s] [ 61%] Built target claw_machine_msgs__rosidl_typesupport_c
[2.802s] [ 70%] Built target claw_machine_msgs__rosidl_typesupport_fastrtps_c
[2.811s] [ 70%] Built target claw_machine_msgs
[2.904s] [ 74%] Built target claw_machine_msgs__py
[3.034s] [ 80%] Built target claw_machine_msgs__rosidl_generator_py
[3.067s] [ 87%] Built target claw_machine_msgs__rosidl_typesupport_c__pyext
[3.068s] [ 93%] Built target claw_machine_msgs__rosidl_typesupport_introspection_c__pyext
[3.108s] [100%] Built target claw_machine_msgs__rosidl_typesupport_fastrtps_c__pyext
[3.115s] Invoked command in '/home/pico/code/claw_machine_ros2/build/claw_machine_msgs' returned '0': CMAKE_PREFIX_PATH=${CMAKE_PREFIX_PATH}:/home/pico/code/claw_machine_ros2/install/keyboard_claw_controller CONDA_PROMPT_MODIFIER=(ros2) /home/pico/miniconda3/envs/ros2/bin/cmake --build /home/pico/code/claw_machine_ros2/build/claw_machine_msgs -- -j20 -l20
[3.168s] Invoking command in '/home/pico/code/claw_machine_ros2/build/claw_machine_msgs': CMAKE_PREFIX_PATH=${CMAKE_PREFIX_PATH}:/home/pico/code/claw_machine_ros2/install/keyboard_claw_controller CONDA_PROMPT_MODIFIER=(ros2) /home/pico/miniconda3/envs/ros2/bin/cmake --install /home/pico/code/claw_machine_ros2/build/claw_machine_msgs
[3.174s] -- Install configuration: ""
[3.197s] -- Up-to-date: /home/pico/code/claw_machine_ros2/install/claw_machine_msgs/share/ament_index/resource_index/rosidl_interfaces/claw_machine_msgs
[3.203s] -- Up-to-date: /home/pico/code/claw_machine_ros2/install/claw_machine_msgs/include/claw_machine_msgs/claw_machine_msgs
[3.203s] -- Up-to-date: /home/pico/code/claw_machine_ros2/install/claw_machine_msgs/include/claw_machine_msgs/claw_machine_msgs/msg
[3.203s] -- Up-to-date: /home/pico/code/claw_machine_ros2/install/claw_machine_msgs/include/claw_machine_msgs/claw_machine_msgs/msg/rosidl_generator_c__visibility_control.h
[3.203s] -- Up-to-date: /home/pico/code/claw_machine_ros2/install/claw_machine_msgs/include/claw_machine_msgs/claw_machine_msgs/msg/detail
[3.203s] -- Up-to-date: /home/pico/code/claw_machine_ros2/install/claw_machine_msgs/include/claw_machine_msgs/claw_machine_msgs/msg/detail/position__functions.h
[3.203s] -- Up-to-date: /home/pico/code/claw_machine_ros2/install/claw_machine_msgs/include/claw_machine_msgs/claw_machine_msgs/msg/detail/position__type_support.h
[3.203s] -- Up-to-date: /home/pico/code/claw_machine_ros2/install/claw_machine_msgs/include/claw_machine_msgs/claw_machine_msgs/msg/detail/position__functions.c
[3.203s] -- Up-to-date: /home/pico/code/claw_machine_ros2/install/claw_machine_msgs/include/claw_machine_msgs/claw_machine_msgs/msg/detail/position__struct.h
[3.203s] -- Up-to-date: /home/pico/code/claw_machine_ros2/install/claw_machine_msgs/include/claw_machine_msgs/claw_machine_msgs/msg/position.h
[3.203s] -- Installing: /home/pico/code/claw_machine_ros2/install/claw_machine_msgs/lib/libclaw_machine_msgs__rosidl_generator_c.so
[3.204s] -- Up-to-date: /home/pico/code/claw_machine_ros2/install/claw_machine_msgs/include/claw_machine_msgs/claw_machine_msgs
[3.204s] -- Up-to-date: /home/pico/code/claw_machine_ros2/install/claw_machine_msgs/include/claw_machine_msgs/claw_machine_msgs/msg
[3.204s] -- Up-to-date: /home/pico/code/claw_machine_ros2/install/claw_machine_msgs/include/claw_machine_msgs/claw_machine_msgs/msg/detail
[3.204s] -- Up-to-date: /home/pico/code/claw_machine_ros2/install/claw_machine_msgs/include/claw_machine_msgs/claw_machine_msgs/msg/detail/position__rosidl_typesupport_fastrtps_c.h
[3.204s] -- Up-to-date: /home/pico/code/claw_machine_ros2/install/claw_machine_msgs/include/claw_machine_msgs/claw_machine_msgs/msg/rosidl_typesupport_fastrtps_c__visibility_control.h
[3.204s] -- Installing: /home/pico/code/claw_machine_ros2/install/claw_machine_msgs/lib/libclaw_machine_msgs__rosidl_typesupport_fastrtps_c.so
[3.205s] -- Set non-toolchain portion of runtime path of "/home/pico/code/claw_machine_ros2/install/claw_machine_msgs/lib/libclaw_machine_msgs__rosidl_typesupport_fastrtps_c.so" to ""
[3.205s] -- Up-to-date: /home/pico/code/claw_machine_ros2/install/claw_machine_msgs/include/claw_machine_msgs/claw_machine_msgs
[3.205s] -- Up-to-date: /home/pico/code/claw_machine_ros2/install/claw_machine_msgs/include/claw_machine_msgs/claw_machine_msgs/msg
[3.205s] -- Up-to-date: /home/pico/code/claw_machine_ros2/install/claw_machine_msgs/include/claw_machine_msgs/claw_machine_msgs/msg/detail
[3.205s] -- Up-to-date: /home/pico/code/claw_machine_ros2/install/claw_machine_msgs/include/claw_machine_msgs/claw_machine_msgs/msg/detail/position__builder.hpp
[3.205s] -- Up-to-date: /home/pico/code/claw_machine_ros2/install/claw_machine_msgs/include/claw_machine_msgs/claw_machine_msgs/msg/detail/position__struct.hpp
[3.205s] -- Up-to-date: /home/pico/code/claw_machine_ros2/install/claw_machine_msgs/include/claw_machine_msgs/claw_machine_msgs/msg/detail/position__traits.hpp
[3.205s] -- Up-to-date: /home/pico/code/claw_machine_ros2/install/claw_machine_msgs/include/claw_machine_msgs/claw_machine_msgs/msg/position.hpp
[3.205s] -- Up-to-date: /home/pico/code/claw_machine_ros2/install/claw_machine_msgs/include/claw_machine_msgs/claw_machine_msgs
[3.205s] -- Up-to-date: /home/pico/code/claw_machine_ros2/install/claw_machine_msgs/include/claw_machine_msgs/claw_machine_msgs/msg
[3.205s] -- Up-to-date: /home/pico/code/claw_machine_ros2/install/claw_machine_msgs/include/claw_machine_msgs/claw_machine_msgs/msg/rosidl_typesupport_fastrtps_cpp__visibility_control.h
[3.205s] -- Up-to-date: /home/pico/code/claw_machine_ros2/install/claw_machine_msgs/include/claw_machine_msgs/claw_machine_msgs/msg/detail
[3.205s] -- Up-to-date: /home/pico/code/claw_machine_ros2/install/claw_machine_msgs/include/claw_machine_msgs/claw_machine_msgs/msg/detail/dds_fastrtps
[3.205s] -- Up-to-date: /home/pico/code/claw_machine_ros2/install/claw_machine_msgs/include/claw_machine_msgs/claw_machine_msgs/msg/detail/position__rosidl_typesupport_fastrtps_cpp.hpp
[3.205s] -- Installing: /home/pico/code/claw_machine_ros2/install/claw_machine_msgs/lib/libclaw_machine_msgs__rosidl_typesupport_fastrtps_cpp.so
[3.205s] -- Up-to-date: /home/pico/code/claw_machine_ros2/install/claw_machine_msgs/include/claw_machine_msgs/claw_machine_msgs
[3.205s] -- Up-to-date: /home/pico/code/claw_machine_ros2/install/claw_machine_msgs/include/claw_machine_msgs/claw_machine_msgs/msg
[3.205s] -- Up-to-date: /home/pico/code/claw_machine_ros2/install/claw_machine_msgs/include/claw_machine_msgs/claw_machine_msgs/msg/detail
[3.206s] -- Up-to-date: /home/pico/code/claw_machine_ros2/install/claw_machine_msgs/include/claw_machine_msgs/claw_machine_msgs/msg/detail/position__type_support.c
[3.206s] -- Up-to-date: /home/pico/code/claw_machine_ros2/install/claw_machine_msgs/include/claw_machine_msgs/claw_machine_msgs/msg/detail/position__rosidl_typesupport_introspection_c.h
[3.206s] -- Up-to-date: /home/pico/code/claw_machine_ros2/install/claw_machine_msgs/include/claw_machine_msgs/claw_machine_msgs/msg/rosidl_typesupport_introspection_c__visibility_control.h
[3.206s] -- Installing: /home/pico/code/claw_machine_ros2/install/claw_machine_msgs/lib/libclaw_machine_msgs__rosidl_typesupport_introspection_c.so
[3.206s] -- Set non-toolchain portion of runtime path of "/home/pico/code/claw_machine_ros2/install/claw_machine_msgs/lib/libclaw_machine_msgs__rosidl_typesupport_introspection_c.so" to ""
[3.206s] -- Installing: /home/pico/code/claw_machine_ros2/install/claw_machine_msgs/lib/libclaw_machine_msgs__rosidl_typesupport_c.so
[3.206s] -- Set non-toolchain portion of runtime path of "/home/pico/code/claw_machine_ros2/install/claw_machine_msgs/lib/libclaw_machine_msgs__rosidl_typesupport_c.so" to ""
[3.206s] -- Up-to-date: /home/pico/code/claw_machine_ros2/install/claw_machine_msgs/include/claw_machine_msgs/claw_machine_msgs
[3.206s] -- Up-to-date: /home/pico/code/claw_machine_ros2/install/claw_machine_msgs/include/claw_machine_msgs/claw_machine_msgs/msg
[3.206s] -- Up-to-date: /home/pico/code/claw_machine_ros2/install/claw_machine_msgs/include/claw_machine_msgs/claw_machine_msgs/msg/detail
[3.206s] -- Up-to-date: /home/pico/code/claw_machine_ros2/install/claw_machine_msgs/include/claw_machine_msgs/claw_machine_msgs/msg/detail/position__type_support.cpp
[3.206s] -- Up-to-date: /home/pico/code/claw_machine_ros2/install/claw_machine_msgs/include/claw_machine_msgs/claw_machine_msgs/msg/detail/position__rosidl_typesupport_introspection_cpp.hpp
[3.207s] -- Installing: /home/pico/code/claw_machine_ros2/install/claw_machine_msgs/lib/libclaw_machine_msgs__rosidl_typesupport_introspection_cpp.so
[3.207s] -- Installing: /home/pico/code/claw_machine_ros2/install/claw_machine_msgs/lib/libclaw_machine_msgs__rosidl_typesupport_cpp.so
[3.207s] -- Up-to-date: /home/pico/code/claw_machine_ros2/install/claw_machine_msgs/share/claw_machine_msgs/environment/pythonpath.sh
[3.207s] -- Up-to-date: /home/pico/code/claw_machine_ros2/install/claw_machine_msgs/share/claw_machine_msgs/environment/pythonpath.dsv
[3.207s] -- Up-to-date: /home/pico/code/claw_machine_ros2/install/claw_machine_msgs/lib/python3.11/site-packages/claw_machine_msgs-0.0.0-py3.11.egg-info
[3.207s] -- Installing: /home/pico/code/claw_machine_ros2/install/claw_machine_msgs/lib/python3.11/site-packages/claw_machine_msgs-0.0.0-py3.11.egg-info/top_level.txt
[3.207s] -- Installing: /home/pico/code/claw_machine_ros2/install/claw_machine_msgs/lib/python3.11/site-packages/claw_machine_msgs-0.0.0-py3.11.egg-info/dependency_links.txt
[3.208s] -- Installing: /home/pico/code/claw_machine_ros2/install/claw_machine_msgs/lib/python3.11/site-packages/claw_machine_msgs-0.0.0-py3.11.egg-info/SOURCES.txt
[3.208s] -- Installing: /home/pico/code/claw_machine_ros2/install/claw_machine_msgs/lib/python3.11/site-packages/claw_machine_msgs-0.0.0-py3.11.egg-info/PKG-INFO
[3.208s] -- Up-to-date: /home/pico/code/claw_machine_ros2/install/claw_machine_msgs/lib/python3.11/site-packages/claw_machine_msgs
[3.208s] -- Up-to-date: /home/pico/code/claw_machine_ros2/install/claw_machine_msgs/lib/python3.11/site-packages/claw_machine_msgs/_claw_machine_msgs_s.ep.rosidl_typesupport_introspection_c.c
[3.208s] -- Up-to-date: /home/pico/code/claw_machine_ros2/install/claw_machine_msgs/lib/python3.11/site-packages/claw_machine_msgs/_claw_machine_msgs_s.ep.rosidl_typesupport_c.c
[3.208s] -- Up-to-date: /home/pico/code/claw_machine_ros2/install/claw_machine_msgs/lib/python3.11/site-packages/claw_machine_msgs/claw_machine_msgs_s__rosidl_typesupport_fastrtps_c.cpython-311-x86_64-linux-gnu.so
[3.208s] -- Up-to-date: /home/pico/code/claw_machine_ros2/install/claw_machine_msgs/lib/python3.11/site-packages/claw_machine_msgs/__init__.py
[3.208s] -- Up-to-date: /home/pico/code/claw_machine_ros2/install/claw_machine_msgs/lib/python3.11/site-packages/claw_machine_msgs/claw_machine_msgs_s__rosidl_typesupport_c.cpython-311-x86_64-linux-gnu.so
[3.208s] -- Up-to-date: /home/pico/code/claw_machine_ros2/install/claw_machine_msgs/lib/python3.11/site-packages/claw_machine_msgs/msg
[3.208s] -- Up-to-date: /home/pico/code/claw_machine_ros2/install/claw_machine_msgs/lib/python3.11/site-packages/claw_machine_msgs/msg/_position.py
[3.208s] -- Up-to-date: /home/pico/code/claw_machine_ros2/install/claw_machine_msgs/lib/python3.11/site-packages/claw_machine_msgs/msg/__init__.py
[3.208s] -- Up-to-date: /home/pico/code/claw_machine_ros2/install/claw_machine_msgs/lib/python3.11/site-packages/claw_machine_msgs/msg/_position_s.c
[3.208s] -- Up-to-date: /home/pico/code/claw_machine_ros2/install/claw_machine_msgs/lib/python3.11/site-packages/claw_machine_msgs/libclaw_machine_msgs__rosidl_generator_py.so
[3.208s] -- Up-to-date: /home/pico/code/claw_machine_ros2/install/claw_machine_msgs/lib/python3.11/site-packages/claw_machine_msgs/claw_machine_msgs_s__rosidl_typesupport_introspection_c.cpython-311-x86_64-linux-gnu.so
[3.208s] -- Up-to-date: /home/pico/code/claw_machine_ros2/install/claw_machine_msgs/lib/python3.11/site-packages/claw_machine_msgs/_claw_machine_msgs_s.ep.rosidl_typesupport_fastrtps_c.c
[3.227s] Listing 'lib/python3.11/site-packages/claw_machine_msgs'...
[3.227s] Can't list 'lib/python3.11/site-packages/claw_machine_msgs'
[3.230s] -- Installing: /home/pico/code/claw_machine_ros2/install/claw_machine_msgs/lib/python3.11/site-packages/claw_machine_msgs/claw_machine_msgs_s__rosidl_typesupport_fastrtps_c.cpython-311-x86_64-linux-gnu.so
[3.230s] -- Set non-toolchain portion of runtime path of "/home/pico/code/claw_machine_ros2/install/claw_machine_msgs/lib/python3.11/site-packages/claw_machine_msgs/claw_machine_msgs_s__rosidl_typesupport_fastrtps_c.cpython-311-x86_64-linux-gnu.so" to ""
[3.231s] -- Installing: /home/pico/code/claw_machine_ros2/install/claw_machine_msgs/lib/python3.11/site-packages/claw_machine_msgs/claw_machine_msgs_s__rosidl_typesupport_introspection_c.cpython-311-x86_64-linux-gnu.so
[3.231s] -- Set non-toolchain portion of runtime path of "/home/pico/code/claw_machine_ros2/install/claw_machine_msgs/lib/python3.11/site-packages/claw_machine_msgs/claw_machine_msgs_s__rosidl_typesupport_introspection_c.cpython-311-x86_64-linux-gnu.so" to ""
[3.231s] -- Installing: /home/pico/code/claw_machine_ros2/install/claw_machine_msgs/lib/python3.11/site-packages/claw_machine_msgs/claw_machine_msgs_s__rosidl_typesupport_c.cpython-311-x86_64-linux-gnu.so
[3.231s] -- Set non-toolchain portion of runtime path of "/home/pico/code/claw_machine_ros2/install/claw_machine_msgs/lib/python3.11/site-packages/claw_machine_msgs/claw_machine_msgs_s__rosidl_typesupport_c.cpython-311-x86_64-linux-gnu.so" to ""
[3.231s] -- Installing: /home/pico/code/claw_machine_ros2/install/claw_machine_msgs/lib/libclaw_machine_msgs__rosidl_generator_py.so
[3.231s] -- Set non-toolchain portion of runtime path of "/home/pico/code/claw_machine_ros2/install/claw_machine_msgs/lib/libclaw_machine_msgs__rosidl_generator_py.so" to ""
[3.255s] -- Up-to-date: /home/pico/code/claw_machine_ros2/install/claw_machine_msgs/share/claw_machine_msgs/msg/Position.idl
[3.255s] -- Up-to-date: /home/pico/code/claw_machine_ros2/install/claw_machine_msgs/share/claw_machine_msgs/msg/Position.msg
[3.255s] -- Up-to-date: /home/pico/code/claw_machine_ros2/install/claw_machine_msgs/share/ament_index/resource_index/package_run_dependencies/claw_machine_msgs
[3.259s] -- Up-to-date: /home/pico/code/claw_machine_ros2/install/claw_machine_msgs/share/ament_index/resource_index/parent_prefix_path/claw_machine_msgs
[3.260s] -- Up-to-date: /home/pico/code/claw_machine_ros2/install/claw_machine_msgs/share/claw_machine_msgs/environment/ament_prefix_path.sh
[3.260s] -- Up-to-date: /home/pico/code/claw_machine_ros2/install/claw_machine_msgs/share/claw_machine_msgs/environment/ament_prefix_path.dsv
[3.260s] -- Up-to-date: /home/pico/code/claw_machine_ros2/install/claw_machine_msgs/share/claw_machine_msgs/environment/path.sh
[3.260s] -- Up-to-date: /home/pico/code/claw_machine_ros2/install/claw_machine_msgs/share/claw_machine_msgs/environment/path.dsv
[3.260s] -- Up-to-date: /home/pico/code/claw_machine_ros2/install/claw_machine_msgs/share/claw_machine_msgs/local_setup.bash
[3.260s] -- Up-to-date: /home/pico/code/claw_machine_ros2/install/claw_machine_msgs/share/claw_machine_msgs/local_setup.sh
[3.260s] -- Up-to-date: /home/pico/code/claw_machine_ros2/install/claw_machine_msgs/share/claw_machine_msgs/local_setup.zsh
[3.260s] -- Up-to-date: /home/pico/code/claw_machine_ros2/install/claw_machine_msgs/share/claw_machine_msgs/local_setup.dsv
[3.260s] -- Installing: /home/pico/code/claw_machine_ros2/install/claw_machine_msgs/share/claw_machine_msgs/package.dsv
[3.271s] -- Up-to-date: /home/pico/code/claw_machine_ros2/install/claw_machine_msgs/share/ament_index/resource_index/packages/claw_machine_msgs
[3.309s] -- Up-to-date: /home/pico/code/claw_machine_ros2/install/claw_machine_msgs/share/claw_machine_msgs/cmake/export_claw_machine_msgs__rosidl_generator_cExport.cmake
[3.309s] -- Up-to-date: /home/pico/code/claw_machine_ros2/install/claw_machine_msgs/share/claw_machine_msgs/cmake/export_claw_machine_msgs__rosidl_generator_cExport-noconfig.cmake
[3.309s] -- Up-to-date: /home/pico/code/claw_machine_ros2/install/claw_machine_msgs/share/claw_machine_msgs/cmake/export_claw_machine_msgs__rosidl_typesupport_fastrtps_cExport.cmake
[3.309s] -- Up-to-date: /home/pico/code/claw_machine_ros2/install/claw_machine_msgs/share/claw_machine_msgs/cmake/export_claw_machine_msgs__rosidl_typesupport_fastrtps_cExport-noconfig.cmake
[3.310s] -- Up-to-date: /home/pico/code/claw_machine_ros2/install/claw_machine_msgs/share/claw_machine_msgs/cmake/export_claw_machine_msgs__rosidl_generator_cppExport.cmake
[3.310s] -- Up-to-date: /home/pico/code/claw_machine_ros2/install/claw_machine_msgs/share/claw_machine_msgs/cmake/export_claw_machine_msgs__rosidl_typesupport_fastrtps_cppExport.cmake
[3.310s] -- Up-to-date: /home/pico/code/claw_machine_ros2/install/claw_machine_msgs/share/claw_machine_msgs/cmake/export_claw_machine_msgs__rosidl_typesupport_fastrtps_cppExport-noconfig.cmake
[3.310s] -- Up-to-date: /home/pico/code/claw_machine_ros2/install/claw_machine_msgs/share/claw_machine_msgs/cmake/claw_machine_msgs__rosidl_typesupport_introspection_cExport.cmake
[3.310s] -- Up-to-date: /home/pico/code/claw_machine_ros2/install/claw_machine_msgs/share/claw_machine_msgs/cmake/claw_machine_msgs__rosidl_typesupport_introspection_cExport-noconfig.cmake
[3.311s] -- Up-to-date: /home/pico/code/claw_machine_ros2/install/claw_machine_msgs/share/claw_machine_msgs/cmake/claw_machine_msgs__rosidl_typesupport_cExport.cmake
[3.311s] -- Up-to-date: /home/pico/code/claw_machine_ros2/install/claw_machine_msgs/share/claw_machine_msgs/cmake/claw_machine_msgs__rosidl_typesupport_cExport-noconfig.cmake
[3.311s] -- Up-to-date: /home/pico/code/claw_machine_ros2/install/claw_machine_msgs/share/claw_machine_msgs/cmake/claw_machine_msgs__rosidl_typesupport_introspection_cppExport.cmake
[3.311s] -- Up-to-date: /home/pico/code/claw_machine_ros2/install/claw_machine_msgs/share/claw_machine_msgs/cmake/claw_machine_msgs__rosidl_typesupport_introspection_cppExport-noconfig.cmake
[3.311s] -- Up-to-date: /home/pico/code/claw_machine_ros2/install/claw_machine_msgs/share/claw_machine_msgs/cmake/claw_machine_msgs__rosidl_typesupport_cppExport.cmake
[3.311s] -- Up-to-date: /home/pico/code/claw_machine_ros2/install/claw_machine_msgs/share/claw_machine_msgs/cmake/claw_machine_msgs__rosidl_typesupport_cppExport-noconfig.cmake
[3.312s] -- Up-to-date: /home/pico/code/claw_machine_ros2/install/claw_machine_msgs/share/claw_machine_msgs/cmake/export_claw_machine_msgs__rosidl_generator_pyExport.cmake
[3.312s] -- Up-to-date: /home/pico/code/claw_machine_ros2/install/claw_machine_msgs/share/claw_machine_msgs/cmake/export_claw_machine_msgs__rosidl_generator_pyExport-noconfig.cmake
[3.312s] -- Up-to-date: /home/pico/code/claw_machine_ros2/install/claw_machine_msgs/share/claw_machine_msgs/cmake/rosidl_cmake-extras.cmake
[3.312s] -- Up-to-date: /home/pico/code/claw_machine_ros2/install/claw_machine_msgs/share/claw_machine_msgs/cmake/ament_cmake_export_dependencies-extras.cmake
[3.312s] -- Up-to-date: /home/pico/code/claw_machine_ros2/install/claw_machine_msgs/share/claw_machine_msgs/cmake/ament_cmake_export_include_directories-extras.cmake
[3.312s] -- Up-to-date: /home/pico/code/claw_machine_ros2/install/claw_machine_msgs/share/claw_machine_msgs/cmake/ament_cmake_export_libraries-extras.cmake
[3.312s] -- Up-to-date: /home/pico/code/claw_machine_ros2/install/claw_machine_msgs/share/claw_machine_msgs/cmake/ament_cmake_export_targets-extras.cmake
[3.312s] -- Up-to-date: /home/pico/code/claw_machine_ros2/install/claw_machine_msgs/share/claw_machine_msgs/cmake/rosidl_cmake_export_typesupport_targets-extras.cmake
[3.312s] -- Up-to-date: /home/pico/code/claw_machine_ros2/install/claw_machine_msgs/share/claw_machine_msgs/cmake/rosidl_cmake_export_typesupport_libraries-extras.cmake
[3.312s] -- Up-to-date: /home/pico/code/claw_machine_ros2/install/claw_machine_msgs/share/claw_machine_msgs/cmake/claw_machine_msgsConfig.cmake
[3.312s] -- Up-to-date: /home/pico/code/claw_machine_ros2/install/claw_machine_msgs/share/claw_machine_msgs/cmake/claw_machine_msgsConfig-version.cmake
[3.312s] -- Up-to-date: /home/pico/code/claw_machine_ros2/install/claw_machine_msgs/share/claw_machine_msgs/package.xml
[3.313s] Invoked command in '/home/pico/code/claw_machine_ros2/build/claw_machine_msgs' returned '0': CMAKE_PREFIX_PATH=${CMAKE_PREFIX_PATH}:/home/pico/code/claw_machine_ros2/install/keyboard_claw_controller CONDA_PROMPT_MODIFIER=(ros2) /home/pico/miniconda3/envs/ros2/bin/cmake --install /home/pico/code/claw_machine_ros2/build/claw_machine_msgs
