[0.052s] Invoking command in '/home/rosdev/ros2_ws/build/claw_machine_msgs': CMAKE_PREFIX_PATH=/home/rosdev/ros2_ws/install/keyboard_claw_controller:/opt/ros/humble /usr/bin/cmake /home/rosdev/ros2_ws/src/claw_machine_msgs -DCMAKE_INSTALL_PREFIX=/home/rosdev/ros2_ws/install/claw_machine_msgs
[0.061s] -- Found ament_cmake: 1.3.8 (/opt/ros/humble/share/ament_cmake/cmake)
[0.169s] -- Found std_msgs: 4.2.3 (/opt/ros/humble/share/std_msgs/cmake)
[0.197s] -- Found rosidl_generator_c: 3.1.5 (/opt/ros/humble/share/rosidl_generator_c/cmake)
[0.200s] -- Found rosidl_adapter: 3.1.5 (/opt/ros/humble/share/rosidl_adapter/cmake)
[0.206s] -- Found rosidl_generator_cpp: 3.1.5 (/opt/ros/humble/share/rosidl_generator_cpp/cmake)
[0.217s] -- Using all available rosidl_typesupport_c: rosidl_typesupport_fastrtps_c;rosidl_typesupport_introspection_c
[0.236s] -- Using all available rosidl_typesupport_cpp: rosidl_typesupport_fastrtps_cpp;rosidl_typesupport_introspection_cpp
[0.291s] -- Found rosidl_default_generators: 1.2.0 (/opt/ros/humble/share/rosidl_default_generators/cmake)
[0.522s] -- Found ament_cmake_ros: 0.10.0 (/opt/ros/humble/share/ament_cmake_ros/cmake)
[0.830s] -- Using all available rosidl_typesupport_c: rosidl_typesupport_fastrtps_c;rosidl_typesupport_introspection_c
[0.941s] -- Using all available rosidl_typesupport_cpp: rosidl_typesupport_fastrtps_cpp;rosidl_typesupport_introspection_cpp
[0.957s] -- Found PythonInterp: /usr/bin/python3 (found suitable version "3.10.12", minimum required is "3.6") 
[0.960s] -- Found python_cmake_module: 0.10.0 (/opt/ros/humble/share/python_cmake_module/cmake)
[0.983s] -- Found PythonLibs: /usr/lib/x86_64-linux-gnu/libpython3.10.so (found suitable version "3.10.12", minimum required is "3.5") 
[0.983s] -- Using PYTHON_EXECUTABLE: /usr/bin/python3
[0.983s] -- Using PYTHON_INCLUDE_DIRS: /usr/include/python3.10
[0.983s] -- Using PYTHON_LIBRARIES: /usr/lib/x86_64-linux-gnu/libpython3.10.so
[0.997s] -- Found PythonExtra: .so  
[1.051s] -- Found ament_lint_auto: 0.12.10 (/opt/ros/humble/share/ament_lint_auto/cmake)
[1.085s] -- Added test 'lint_cmake' to check CMake code style
[1.087s] -- Added test 'xmllint' to check XML markup files
[1.090s] -- Configuring done
[1.134s] -- Generating done
[1.136s] -- Build files have been written to: /home/rosdev/ros2_ws/build/claw_machine_msgs
[1.142s] Invoked command in '/home/rosdev/ros2_ws/build/claw_machine_msgs' returned '0': CMAKE_PREFIX_PATH=/home/rosdev/ros2_ws/install/keyboard_claw_controller:/opt/ros/humble /usr/bin/cmake /home/rosdev/ros2_ws/src/claw_machine_msgs -DCMAKE_INSTALL_PREFIX=/home/rosdev/ros2_ws/install/claw_machine_msgs
[1.144s] Invoking command in '/home/rosdev/ros2_ws/build/claw_machine_msgs': CMAKE_PREFIX_PATH=/home/rosdev/ros2_ws/install/keyboard_claw_controller:/opt/ros/humble /usr/bin/cmake --build /home/rosdev/ros2_ws/build/claw_machine_msgs -- -j12 -l12
[1.179s] [  3%] [34m[1mGenerating C code for ROS interfaces[0m
[1.189s] [  6%] [34m[1mGenerating C++ code for ROS interfaces[0m
[1.196s] [  6%] Built target ament_cmake_python_copy_claw_machine_msgs
[1.386s] running egg_info
[1.386s] creating claw_machine_msgs.egg-info
[1.386s] writing claw_machine_msgs.egg-info/PKG-INFO
[1.387s] writing dependency_links to claw_machine_msgs.egg-info/dependency_links.txt
[1.387s] writing top-level names to claw_machine_msgs.egg-info/top_level.txt
[1.387s] writing manifest file 'claw_machine_msgs.egg-info/SOURCES.txt'
[1.389s] reading manifest file 'claw_machine_msgs.egg-info/SOURCES.txt'
[1.389s] writing manifest file 'claw_machine_msgs.egg-info/SOURCES.txt'
[1.417s] [  6%] Built target ament_cmake_python_build_claw_machine_msgs_egg
[1.433s] [  9%] [32mBuilding C object CMakeFiles/claw_machine_msgs__rosidl_generator_c.dir/rosidl_generator_c/claw_machine_msgs/msg/detail/position__functions.c.o[0m
[1.434s] [  9%] Built target claw_machine_msgs__cpp
[1.445s] [ 19%] [34m[1mGenerating C++ type support dispatch for ROS interfaces[0m
[1.445s] [ 19%] [34m[1mGenerating C++ introspection for ROS interfaces[0m
[1.445s] [ 19%] [34m[1mGenerating C++ type support for eProsima Fast-RTPS[0m
[1.462s] In file included from [01m[K/home/rosdev/ros2_ws/build/claw_machine_msgs/rosidl_generator_c/claw_machine_msgs/msg/detail/position__functions.h:19[m[K,
[1.462s]                  from [01m[K/home/rosdev/ros2_ws/build/claw_machine_msgs/rosidl_generator_c/claw_machine_msgs/msg/detail/position__functions.c:4[m[K:
[1.463s] [01m[K/home/rosdev/ros2_ws/build/claw_machine_msgs/rosidl_generator_c/claw_machine_msgs/msg/detail/position__struct.h:22:10:[m[K [01;31m[Kfatal error: [m[Kclaw_machine_msgs/msg/detail/header__struct.h: No such file or directory
[1.463s]    22 | #include [01;31m[K"claw_machine_msgs/msg/detail/header__struct.h"[m[K
[1.463s]       |          [01;31m[K^~~~~~~~~~~~~~~~~~~~~~~~~~~~~~~~~~~~~~~~~~~~~~~[m[K
[1.463s] compilation terminated.
[1.463s] gmake[2]: *** [CMakeFiles/claw_machine_msgs__rosidl_generator_c.dir/build.make:137: CMakeFiles/claw_machine_msgs__rosidl_generator_c.dir/rosidl_generator_c/claw_machine_msgs/msg/detail/position__functions.c.o] Error 1
[1.464s] gmake[1]: *** [CMakeFiles/Makefile2:213: CMakeFiles/claw_machine_msgs__rosidl_generator_c.dir/all] Error 2
[1.464s] gmake[1]: *** Waiting for unfinished jobs....
[1.650s] [ 22%] [32mBuilding CXX object CMakeFiles/claw_machine_msgs__rosidl_typesupport_cpp.dir/rosidl_typesupport_cpp/claw_machine_msgs/msg/position__type_support.cpp.o[0m
[1.671s] [ 25%] [32mBuilding CXX object CMakeFiles/claw_machine_msgs__rosidl_typesupport_introspection_cpp.dir/rosidl_typesupport_introspection_cpp/claw_machine_msgs/msg/detail/position__type_support.cpp.o[0m
[1.675s] [ 29%] [32mBuilding CXX object CMakeFiles/claw_machine_msgs__rosidl_typesupport_fastrtps_cpp.dir/rosidl_typesupport_fastrtps_cpp/claw_machine_msgs/msg/detail/dds_fastrtps/position__type_support.cpp.o[0m
[1.734s] In file included from [01m[K/home/rosdev/ros2_ws/build/claw_machine_msgs/rosidl_typesupport_cpp/claw_machine_msgs/msg/position__type_support.cpp:7[m[K:
[1.734s] [01m[K/home/rosdev/ros2_ws/build/claw_machine_msgs/rosidl_generator_cpp/claw_machine_msgs/msg/detail/position__struct.hpp:20:10:[m[K [01;31m[Kfatal error: [m[Kclaw_machine_msgs/msg/detail/header__struct.hpp: No such file or directory
[1.734s]    20 | #include [01;31m[K"claw_machine_msgs/msg/detail/header__struct.hpp"[m[K
[1.734s]       |          [01;31m[K^~~~~~~~~~~~~~~~~~~~~~~~~~~~~~~~~~~~~~~~~~~~~~~~~[m[K
[1.734s] compilation terminated.
[1.735s] gmake[2]: *** [CMakeFiles/claw_machine_msgs__rosidl_typesupport_cpp.dir/build.make:118: CMakeFiles/claw_machine_msgs__rosidl_typesupport_cpp.dir/rosidl_typesupport_cpp/claw_machine_msgs/msg/position__type_support.cpp.o] Error 1
[1.735s] gmake[1]: *** [CMakeFiles/Makefile2:395: CMakeFiles/claw_machine_msgs__rosidl_typesupport_cpp.dir/all] Error 2
[1.740s] In file included from [01m[K/home/rosdev/ros2_ws/build/claw_machine_msgs/rosidl_typesupport_fastrtps_cpp/claw_machine_msgs/msg/detail/position__rosidl_typesupport_fastrtps_cpp.hpp:11[m[K,
[1.740s]                  from [01m[K/home/rosdev/ros2_ws/build/claw_machine_msgs/rosidl_typesupport_fastrtps_cpp/claw_machine_msgs/msg/detail/dds_fastrtps/position__type_support.cpp:4[m[K:
[1.740s] [01m[K/home/rosdev/ros2_ws/build/claw_machine_msgs/rosidl_generator_cpp/claw_machine_msgs/msg/detail/position__struct.hpp:20:10:[m[K [01;31m[Kfatal error: [m[Kclaw_machine_msgs/msg/detail/header__struct.hpp: No such file or directory
[1.741s]    20 | #include [01;31m[K"claw_machine_msgs/msg/detail/header__struct.hpp"[m[K
[1.741s]       |          [01;31m[K^~~~~~~~~~~~~~~~~~~~~~~~~~~~~~~~~~~~~~~~~~~~~~~~~[m[K
[1.741s] compilation terminated.
[1.741s] gmake[2]: *** [CMakeFiles/claw_machine_msgs__rosidl_typesupport_fastrtps_cpp.dir/build.make:123: CMakeFiles/claw_machine_msgs__rosidl_typesupport_fastrtps_cpp.dir/rosidl_typesupport_fastrtps_cpp/claw_machine_msgs/msg/detail/dds_fastrtps/position__type_support.cpp.o] Error 1
[1.742s] gmake[1]: *** [CMakeFiles/Makefile2:291: CMakeFiles/claw_machine_msgs__rosidl_typesupport_fastrtps_cpp.dir/all] Error 2
[1.753s] In file included from [01m[K/home/rosdev/ros2_ws/build/claw_machine_msgs/rosidl_typesupport_introspection_cpp/claw_machine_msgs/msg/detail/position__type_support.cpp:12[m[K:
[1.753s] [01m[K/home/rosdev/ros2_ws/build/claw_machine_msgs/rosidl_generator_cpp/claw_machine_msgs/msg/detail/position__struct.hpp:20:10:[m[K [01;31m[Kfatal error: [m[Kclaw_machine_msgs/msg/detail/header__struct.hpp: No such file or directory
[1.753s]    20 | #include [01;31m[K"claw_machine_msgs/msg/detail/header__struct.hpp"[m[K
[1.753s]       |          [01;31m[K^~~~~~~~~~~~~~~~~~~~~~~~~~~~~~~~~~~~~~~~~~~~~~~~~[m[K
[1.753s] compilation terminated.
[1.754s] gmake[2]: *** [CMakeFiles/claw_machine_msgs__rosidl_typesupport_introspection_cpp.dir/build.make:123: CMakeFiles/claw_machine_msgs__rosidl_typesupport_introspection_cpp.dir/rosidl_typesupport_introspection_cpp/claw_machine_msgs/msg/detail/position__type_support.cpp.o] Error 1
[1.754s] gmake[1]: *** [CMakeFiles/Makefile2:369: CMakeFiles/claw_machine_msgs__rosidl_typesupport_introspection_cpp.dir/all] Error 2
[1.754s] gmake: *** [Makefile:146: all] Error 2
[1.756s] Invoked command in '/home/rosdev/ros2_ws/build/claw_machine_msgs' returned '2': CMAKE_PREFIX_PATH=/home/rosdev/ros2_ws/install/keyboard_claw_controller:/opt/ros/humble /usr/bin/cmake --build /home/rosdev/ros2_ws/build/claw_machine_msgs -- -j12 -l12
