[0.643s] Invoking command in '/home/rosdev/ros2_ws/src/keyboard_claw_controller': PYTHONPATH=/home/rosdev/ros2_ws/build/keyboard_claw_controller/prefix_override:/home/rosdev/ros2_ws/install/keyboard_claw_controller/lib/python3.10/site-packages:${PYTHONPATH} /usr/bin/python3 setup.py egg_info --egg-base ../../build/keyboard_claw_controller build --build-base /home/rosdev/ros2_ws/build/keyboard_claw_controller/build install --record /home/rosdev/ros2_ws/build/keyboard_claw_controller/install.log --single-version-externally-managed
[0.831s] running egg_info
[0.831s] writing ../../build/keyboard_claw_controller/keyboard_claw_controller.egg-info/PKG-INFO
[0.831s] writing dependency_links to ../../build/keyboard_claw_controller/keyboard_claw_controller.egg-info/dependency_links.txt
[0.832s] writing entry points to ../../build/keyboard_claw_controller/keyboard_claw_controller.egg-info/entry_points.txt
[0.832s] writing requirements to ../../build/keyboard_claw_controller/keyboard_claw_controller.egg-info/requires.txt
[0.832s] writing top-level names to ../../build/keyboard_claw_controller/keyboard_claw_controller.egg-info/top_level.txt
[0.833s] reading manifest file '../../build/keyboard_claw_controller/keyboard_claw_controller.egg-info/SOURCES.txt'
[0.834s] writing manifest file '../../build/keyboard_claw_controller/keyboard_claw_controller.egg-info/SOURCES.txt'
[0.834s] running build
[0.834s] running build_py
[0.834s] copying keyboard_claw_controller/ros2_mqtt_bridge.py -> /home/rosdev/ros2_ws/build/keyboard_claw_controller/build/lib/keyboard_claw_controller
[0.834s] running install
[0.835s] /usr/lib/python3/dist-packages/setuptools/command/install.py:34: SetuptoolsDeprecationWarning: setup.py install is deprecated. Use build and pip and other standards-based tools.
[0.835s]   warnings.warn(
[0.835s] running install_lib
[0.835s] copying /home/rosdev/ros2_ws/build/keyboard_claw_controller/build/lib/keyboard_claw_controller/ros2_mqtt_bridge.py -> /home/rosdev/ros2_ws/install/keyboard_claw_controller/lib/python3.10/site-packages/keyboard_claw_controller
[0.836s] byte-compiling /home/rosdev/ros2_ws/install/keyboard_claw_controller/lib/python3.10/site-packages/keyboard_claw_controller/ros2_mqtt_bridge.py to ros2_mqtt_bridge.cpython-310.pyc
[0.837s] running install_data
[0.837s] running install_egg_info
[0.839s] removing '/home/rosdev/ros2_ws/install/keyboard_claw_controller/lib/python3.10/site-packages/keyboard_claw_controller-0.0.0-py3.10.egg-info' (and everything under it)
[0.839s] Copying ../../build/keyboard_claw_controller/keyboard_claw_controller.egg-info to /home/rosdev/ros2_ws/install/keyboard_claw_controller/lib/python3.10/site-packages/keyboard_claw_controller-0.0.0-py3.10.egg-info
[0.840s] running install_scripts
[0.858s] Installing keyboard_publisher script to /home/rosdev/ros2_ws/install/keyboard_claw_controller/lib/keyboard_claw_controller
[0.858s] Installing ros2_mqtt_bridge script to /home/rosdev/ros2_ws/install/keyboard_claw_controller/lib/keyboard_claw_controller
[0.858s] Installing xcarve_controller script to /home/rosdev/ros2_ws/install/keyboard_claw_controller/lib/keyboard_claw_controller
[0.858s] writing list of installed files to '/home/rosdev/ros2_ws/build/keyboard_claw_controller/install.log'
[0.878s] Invoked command in '/home/rosdev/ros2_ws/src/keyboard_claw_controller' returned '0': PYTHONPATH=/home/rosdev/ros2_ws/build/keyboard_claw_controller/prefix_override:/home/rosdev/ros2_ws/install/keyboard_claw_controller/lib/python3.10/site-packages:${PYTHONPATH} /usr/bin/python3 setup.py egg_info --egg-base ../../build/keyboard_claw_controller build --build-base /home/rosdev/ros2_ws/build/keyboard_claw_controller/build install --record /home/rosdev/ros2_ws/build/keyboard_claw_controller/install.log --single-version-externally-managed
