[0.571s] Invoking command in '/home/rosdev/ros2_ws/src/keyboard_claw_controller': PYTHONPATH=/home/rosdev/ros2_ws/build/keyboard_claw_controller/prefix_override:/home/rosdev/ros2_ws/install/keyboard_claw_controller/lib/python3.10/site-packages:${PYTHONPATH} /usr/bin/python3 setup.py egg_info --egg-base ../../build/keyboard_claw_controller build --build-base /home/rosdev/ros2_ws/build/keyboard_claw_controller/build install --record /home/rosdev/ros2_ws/build/keyboard_claw_controller/install.log --single-version-externally-managed
[0.749s] running egg_info
[0.749s] writing ../../build/keyboard_claw_controller/keyboard_claw_controller.egg-info/PKG-INFO
[0.750s] writing dependency_links to ../../build/keyboard_claw_controller/keyboard_claw_controller.egg-info/dependency_links.txt
[0.750s] writing entry points to ../../build/keyboard_claw_controller/keyboard_claw_controller.egg-info/entry_points.txt
[0.750s] writing requirements to ../../build/keyboard_claw_controller/keyboard_claw_controller.egg-info/requires.txt
[0.750s] writing top-level names to ../../build/keyboard_claw_controller/keyboard_claw_controller.egg-info/top_level.txt
[0.751s] reading manifest file '../../build/keyboard_claw_controller/keyboard_claw_controller.egg-info/SOURCES.txt'
[0.752s] writing manifest file '../../build/keyboard_claw_controller/keyboard_claw_controller.egg-info/SOURCES.txt'
[0.752s] running build
[0.752s] running build_py
[0.752s] copying keyboard_claw_controller/keyboard_publisher.py -> /home/rosdev/ros2_ws/build/keyboard_claw_controller/build/lib/keyboard_claw_controller
[0.752s] copying keyboard_claw_controller/xcarve_controller.py -> /home/rosdev/ros2_ws/build/keyboard_claw_controller/build/lib/keyboard_claw_controller
[0.753s] running install
[0.753s] /usr/lib/python3/dist-packages/setuptools/command/install.py:34: SetuptoolsDeprecationWarning: setup.py install is deprecated. Use build and pip and other standards-based tools.
[0.753s]   warnings.warn(
[0.753s] running install_lib
[0.753s] copying /home/rosdev/ros2_ws/build/keyboard_claw_controller/build/lib/keyboard_claw_controller/keyboard_publisher.py -> /home/rosdev/ros2_ws/install/keyboard_claw_controller/lib/python3.10/site-packages/keyboard_claw_controller
[0.753s] copying /home/rosdev/ros2_ws/build/keyboard_claw_controller/build/lib/keyboard_claw_controller/xcarve_controller.py -> /home/rosdev/ros2_ws/install/keyboard_claw_controller/lib/python3.10/site-packages/keyboard_claw_controller
[0.754s] byte-compiling /home/rosdev/ros2_ws/install/keyboard_claw_controller/lib/python3.10/site-packages/keyboard_claw_controller/keyboard_publisher.py to keyboard_publisher.cpython-310.pyc
[0.755s] byte-compiling /home/rosdev/ros2_ws/install/keyboard_claw_controller/lib/python3.10/site-packages/keyboard_claw_controller/xcarve_controller.py to xcarve_controller.cpython-310.pyc
[0.755s] running install_data
[0.756s] running install_egg_info
[0.758s] removing '/home/rosdev/ros2_ws/install/keyboard_claw_controller/lib/python3.10/site-packages/keyboard_claw_controller-0.0.0-py3.10.egg-info' (and everything under it)
[0.758s] Copying ../../build/keyboard_claw_controller/keyboard_claw_controller.egg-info to /home/rosdev/ros2_ws/install/keyboard_claw_controller/lib/python3.10/site-packages/keyboard_claw_controller-0.0.0-py3.10.egg-info
[0.759s] running install_scripts
[0.776s] Installing keyboard_publisher script to /home/rosdev/ros2_ws/install/keyboard_claw_controller/lib/keyboard_claw_controller
[0.776s] Installing xcarve_controller script to /home/rosdev/ros2_ws/install/keyboard_claw_controller/lib/keyboard_claw_controller
[0.776s] writing list of installed files to '/home/rosdev/ros2_ws/build/keyboard_claw_controller/install.log'
[0.792s] Invoked command in '/home/rosdev/ros2_ws/src/keyboard_claw_controller' returned '0': PYTHONPATH=/home/rosdev/ros2_ws/build/keyboard_claw_controller/prefix_override:/home/rosdev/ros2_ws/install/keyboard_claw_controller/lib/python3.10/site-packages:${PYTHONPATH} /usr/bin/python3 setup.py egg_info --egg-base ../../build/keyboard_claw_controller build --build-base /home/rosdev/ros2_ws/build/keyboard_claw_controller/build install --record /home/rosdev/ros2_ws/build/keyboard_claw_controller/install.log --single-version-externally-managed
