[0.383s] Invoking command in '/home/pico/code/claw_machine_ros2/src/keyboard_claw_controller': CONDA_PROMPT_MODIFIER=(ros2) PYTHONPATH=/home/pico/code/claw_machine_ros2/src/build/keyboard_claw_controller/prefix_override:/home/pico/code/claw_machine_ros2/src/install/keyboard_claw_controller/lib/python3.11/site-packages:${PYTHONPATH} /home/pico/miniconda3/envs/ros2/bin/python3.11 -W ignore:setup.py install is deprecated setup.py egg_info --egg-base ../build/keyboard_claw_controller build --build-base /home/pico/code/claw_machine_ros2/src/build/keyboard_claw_controller/build install --record /home/pico/code/claw_machine_ros2/src/build/keyboard_claw_controller/install.log --single-version-externally-managed install_data
[0.507s] running egg_info
[0.514s] writing ../build/keyboard_claw_controller/keyboard_claw_controller.egg-info/PKG-INFO
[0.514s] writing dependency_links to ../build/keyboard_claw_controller/keyboard_claw_controller.egg-info/dependency_links.txt
[0.515s] writing entry points to ../build/keyboard_claw_controller/keyboard_claw_controller.egg-info/entry_points.txt
[0.515s] writing requirements to ../build/keyboard_claw_controller/keyboard_claw_controller.egg-info/requires.txt
[0.515s] writing top-level names to ../build/keyboard_claw_controller/keyboard_claw_controller.egg-info/top_level.txt
[0.530s] reading manifest file '../build/keyboard_claw_controller/keyboard_claw_controller.egg-info/SOURCES.txt'
[0.546s] writing manifest file '../build/keyboard_claw_controller/keyboard_claw_controller.egg-info/SOURCES.txt'
[0.546s] running build
[0.546s] running build_py
[0.547s] copying keyboard_claw_controller/ros2_mqtt_bridge.py -> /home/pico/code/claw_machine_ros2/src/build/keyboard_claw_controller/build/lib/keyboard_claw_controller
[0.547s] copying keyboard_claw_controller/xcarve_controller.py -> /home/pico/code/claw_machine_ros2/src/build/keyboard_claw_controller/build/lib/keyboard_claw_controller
[0.547s] running install
[0.553s] running install_lib
[0.564s] creating /home/pico/code/claw_machine_ros2/src/install/keyboard_claw_controller/lib/python3.11/site-packages/keyboard_claw_controller
[0.564s] copying /home/pico/code/claw_machine_ros2/src/build/keyboard_claw_controller/build/lib/keyboard_claw_controller/ros2_mqtt_bridge.py -> /home/pico/code/claw_machine_ros2/src/install/keyboard_claw_controller/lib/python3.11/site-packages/keyboard_claw_controller
[0.564s] copying /home/pico/code/claw_machine_ros2/src/build/keyboard_claw_controller/build/lib/keyboard_claw_controller/__init__.py -> /home/pico/code/claw_machine_ros2/src/install/keyboard_claw_controller/lib/python3.11/site-packages/keyboard_claw_controller
[0.564s] copying /home/pico/code/claw_machine_ros2/src/build/keyboard_claw_controller/build/lib/keyboard_claw_controller/keyboard_publisher.py -> /home/pico/code/claw_machine_ros2/src/install/keyboard_claw_controller/lib/python3.11/site-packages/keyboard_claw_controller
[0.567s] copying /home/pico/code/claw_machine_ros2/src/build/keyboard_claw_controller/build/lib/keyboard_claw_controller/xcarve_controller.py -> /home/pico/code/claw_machine_ros2/src/install/keyboard_claw_controller/lib/python3.11/site-packages/keyboard_claw_controller
[0.568s] byte-compiling /home/pico/code/claw_machine_ros2/src/install/keyboard_claw_controller/lib/python3.11/site-packages/keyboard_claw_controller/ros2_mqtt_bridge.py to ros2_mqtt_bridge.cpython-311.pyc
[0.568s] byte-compiling /home/pico/code/claw_machine_ros2/src/install/keyboard_claw_controller/lib/python3.11/site-packages/keyboard_claw_controller/__init__.py to __init__.cpython-311.pyc
[0.568s] byte-compiling /home/pico/code/claw_machine_ros2/src/install/keyboard_claw_controller/lib/python3.11/site-packages/keyboard_claw_controller/keyboard_publisher.py to keyboard_publisher.cpython-311.pyc
[0.569s] byte-compiling /home/pico/code/claw_machine_ros2/src/install/keyboard_claw_controller/lib/python3.11/site-packages/keyboard_claw_controller/xcarve_controller.py to xcarve_controller.cpython-311.pyc
[0.570s] running install_data
[0.570s] running install_egg_info
[0.579s] Copying ../build/keyboard_claw_controller/keyboard_claw_controller.egg-info to /home/pico/code/claw_machine_ros2/src/install/keyboard_claw_controller/lib/python3.11/site-packages/keyboard_claw_controller-0.0.0-py3.11.egg-info
[0.592s] running install_scripts
[0.650s] Installing keyboard_publisher script to /home/pico/code/claw_machine_ros2/src/install/keyboard_claw_controller/lib/keyboard_claw_controller
[0.650s] Installing ros2_mqtt_bridge script to /home/pico/code/claw_machine_ros2/src/install/keyboard_claw_controller/lib/keyboard_claw_controller
[0.650s] Installing xcarve_controller script to /home/pico/code/claw_machine_ros2/src/install/keyboard_claw_controller/lib/keyboard_claw_controller
[0.651s] writing list of installed files to '/home/pico/code/claw_machine_ros2/src/build/keyboard_claw_controller/install.log'
[0.665s] Invoked command in '/home/pico/code/claw_machine_ros2/src/keyboard_claw_controller' returned '0': CONDA_PROMPT_MODIFIER=(ros2) PYTHONPATH=/home/pico/code/claw_machine_ros2/src/build/keyboard_claw_controller/prefix_override:/home/pico/code/claw_machine_ros2/src/install/keyboard_claw_controller/lib/python3.11/site-packages:${PYTHONPATH} /home/pico/miniconda3/envs/ros2/bin/python3.11 -W ignore:setup.py install is deprecated setup.py egg_info --egg-base ../build/keyboard_claw_controller build --build-base /home/pico/code/claw_machine_ros2/src/build/keyboard_claw_controller/build install --record /home/pico/code/claw_machine_ros2/src/build/keyboard_claw_controller/install.log --single-version-externally-managed install_data
