[0.124s] Invoking command in '/home/rosdev/ros2_ws/build/claw_machine_msgs': CMAKE_PREFIX_PATH=${CMAKE_PREFIX_PATH}:/home/rosdev/ros2_ws/install/keyboard_claw_controller:/opt/ros/humble /usr/bin/cmake --build /home/rosdev/ros2_ws/build/claw_machine_msgs -- -j12 -l12
[0.171s] [  6%] Built target claw_machine_msgs__cpp
[0.171s] [ 12%] Built target claw_machine_msgs__rosidl_generator_c
[0.184s] [ 12%] Built target ament_cmake_python_copy_claw_machine_msgs
[0.195s] [ 32%] Built target claw_machine_msgs__rosidl_typesupport_fastrtps_c
[0.195s] [ 32%] Built target claw_machine_msgs__rosidl_typesupport_introspection_c
[0.197s] [ 41%] Built target claw_machine_msgs__rosidl_typesupport_c
[0.199s] [ 51%] Built target claw_machine_msgs__rosidl_typesupport_cpp
[0.200s] [ 61%] Built target claw_machine_msgs__rosidl_typesupport_fastrtps_cpp
[0.201s] [ 70%] Built target claw_machine_msgs__rosidl_typesupport_introspection_cpp
[0.222s] [ 70%] Built target claw_machine_msgs
[0.241s] [ 74%] Built target claw_machine_msgs__py
[0.262s] [ 80%] Built target claw_machine_msgs__rosidl_generator_py
[0.285s] [ 87%] Built target claw_machine_msgs__rosidl_typesupport_fastrtps_c__pyext
[0.286s] [ 93%] Built target claw_machine_msgs__rosidl_typesupport_introspection_c__pyext
[0.288s] [100%] Built target claw_machine_msgs__rosidl_typesupport_c__pyext
[0.403s] running egg_info
[0.404s] writing claw_machine_msgs.egg-info/PKG-INFO
[0.404s] writing dependency_links to claw_machine_msgs.egg-info/dependency_links.txt
[0.404s] writing top-level names to claw_machine_msgs.egg-info/top_level.txt
[0.406s] reading manifest file 'claw_machine_msgs.egg-info/SOURCES.txt'
[0.406s] writing manifest file 'claw_machine_msgs.egg-info/SOURCES.txt'
[0.430s] [100%] Built target ament_cmake_python_build_claw_machine_msgs_egg
[0.441s] Invoked command in '/home/rosdev/ros2_ws/build/claw_machine_msgs' returned '0': CMAKE_PREFIX_PATH=${CMAKE_PREFIX_PATH}:/home/rosdev/ros2_ws/install/keyboard_claw_controller:/opt/ros/humble /usr/bin/cmake --build /home/rosdev/ros2_ws/build/claw_machine_msgs -- -j12 -l12
[0.508s] Invoking command in '/home/rosdev/ros2_ws/build/claw_machine_msgs': CMAKE_PREFIX_PATH=${CMAKE_PREFIX_PATH}:/home/rosdev/ros2_ws/install/keyboard_claw_controller:/opt/ros/humble /usr/bin/cmake --install /home/rosdev/ros2_ws/build/claw_machine_msgs
[0.515s] -- Install configuration: ""
[0.516s] -- Up-to-date: /home/rosdev/ros2_ws/install/claw_machine_msgs/share/ament_index/resource_index/rosidl_interfaces/claw_machine_msgs
[0.516s] -- Up-to-date: /home/rosdev/ros2_ws/install/claw_machine_msgs/include/claw_machine_msgs/claw_machine_msgs
[0.516s] -- Up-to-date: /home/rosdev/ros2_ws/install/claw_machine_msgs/include/claw_machine_msgs/claw_machine_msgs/msg
[0.516s] -- Up-to-date: /home/rosdev/ros2_ws/install/claw_machine_msgs/include/claw_machine_msgs/claw_machine_msgs/msg/rosidl_generator_c__visibility_control.h
[0.516s] -- Up-to-date: /home/rosdev/ros2_ws/install/claw_machine_msgs/include/claw_machine_msgs/claw_machine_msgs/msg/detail
[0.516s] -- Up-to-date: /home/rosdev/ros2_ws/install/claw_machine_msgs/include/claw_machine_msgs/claw_machine_msgs/msg/detail/position__functions.c
[0.516s] -- Up-to-date: /home/rosdev/ros2_ws/install/claw_machine_msgs/include/claw_machine_msgs/claw_machine_msgs/msg/detail/position__functions.h
[0.516s] -- Up-to-date: /home/rosdev/ros2_ws/install/claw_machine_msgs/include/claw_machine_msgs/claw_machine_msgs/msg/detail/position__type_support.h
[0.516s] -- Up-to-date: /home/rosdev/ros2_ws/install/claw_machine_msgs/include/claw_machine_msgs/claw_machine_msgs/msg/detail/position__struct.h
[0.517s] -- Up-to-date: /home/rosdev/ros2_ws/install/claw_machine_msgs/include/claw_machine_msgs/claw_machine_msgs/msg/position.h
[0.517s] -- Up-to-date: /home/rosdev/ros2_ws/install/claw_machine_msgs/share/claw_machine_msgs/environment/library_path.sh
[0.517s] -- Up-to-date: /home/rosdev/ros2_ws/install/claw_machine_msgs/share/claw_machine_msgs/environment/library_path.dsv
[0.517s] -- Up-to-date: /home/rosdev/ros2_ws/install/claw_machine_msgs/lib/libclaw_machine_msgs__rosidl_generator_c.so
[0.517s] -- Up-to-date: /home/rosdev/ros2_ws/install/claw_machine_msgs/include/claw_machine_msgs/claw_machine_msgs
[0.517s] -- Up-to-date: /home/rosdev/ros2_ws/install/claw_machine_msgs/include/claw_machine_msgs/claw_machine_msgs/msg
[0.517s] -- Up-to-date: /home/rosdev/ros2_ws/install/claw_machine_msgs/include/claw_machine_msgs/claw_machine_msgs/msg/rosidl_typesupport_fastrtps_c__visibility_control.h
[0.517s] -- Up-to-date: /home/rosdev/ros2_ws/install/claw_machine_msgs/include/claw_machine_msgs/claw_machine_msgs/msg/detail
[0.517s] -- Up-to-date: /home/rosdev/ros2_ws/install/claw_machine_msgs/include/claw_machine_msgs/claw_machine_msgs/msg/detail/position__rosidl_typesupport_fastrtps_c.h
[0.517s] -- Up-to-date: /home/rosdev/ros2_ws/install/claw_machine_msgs/lib/libclaw_machine_msgs__rosidl_typesupport_fastrtps_c.so
[0.518s] -- Up-to-date: /home/rosdev/ros2_ws/install/claw_machine_msgs/include/claw_machine_msgs/claw_machine_msgs
[0.518s] -- Up-to-date: /home/rosdev/ros2_ws/install/claw_machine_msgs/include/claw_machine_msgs/claw_machine_msgs/msg
[0.518s] -- Up-to-date: /home/rosdev/ros2_ws/install/claw_machine_msgs/include/claw_machine_msgs/claw_machine_msgs/msg/detail
[0.518s] -- Up-to-date: /home/rosdev/ros2_ws/install/claw_machine_msgs/include/claw_machine_msgs/claw_machine_msgs/msg/detail/position__struct.hpp
[0.518s] -- Up-to-date: /home/rosdev/ros2_ws/install/claw_machine_msgs/include/claw_machine_msgs/claw_machine_msgs/msg/detail/position__traits.hpp
[0.518s] -- Up-to-date: /home/rosdev/ros2_ws/install/claw_machine_msgs/include/claw_machine_msgs/claw_machine_msgs/msg/detail/position__builder.hpp
[0.518s] -- Up-to-date: /home/rosdev/ros2_ws/install/claw_machine_msgs/include/claw_machine_msgs/claw_machine_msgs/msg/position.hpp
[0.518s] -- Up-to-date: /home/rosdev/ros2_ws/install/claw_machine_msgs/include/claw_machine_msgs/claw_machine_msgs
[0.518s] -- Up-to-date: /home/rosdev/ros2_ws/install/claw_machine_msgs/include/claw_machine_msgs/claw_machine_msgs/msg
[0.518s] -- Up-to-date: /home/rosdev/ros2_ws/install/claw_machine_msgs/include/claw_machine_msgs/claw_machine_msgs/msg/rosidl_typesupport_fastrtps_cpp__visibility_control.h
[0.518s] -- Up-to-date: /home/rosdev/ros2_ws/install/claw_machine_msgs/include/claw_machine_msgs/claw_machine_msgs/msg/detail
[0.518s] -- Up-to-date: /home/rosdev/ros2_ws/install/claw_machine_msgs/include/claw_machine_msgs/claw_machine_msgs/msg/detail/position__rosidl_typesupport_fastrtps_cpp.hpp
[0.518s] -- Up-to-date: /home/rosdev/ros2_ws/install/claw_machine_msgs/include/claw_machine_msgs/claw_machine_msgs/msg/detail/dds_fastrtps
[0.519s] -- Up-to-date: /home/rosdev/ros2_ws/install/claw_machine_msgs/lib/libclaw_machine_msgs__rosidl_typesupport_fastrtps_cpp.so
[0.519s] -- Up-to-date: /home/rosdev/ros2_ws/install/claw_machine_msgs/include/claw_machine_msgs/claw_machine_msgs
[0.519s] -- Up-to-date: /home/rosdev/ros2_ws/install/claw_machine_msgs/include/claw_machine_msgs/claw_machine_msgs/msg
[0.519s] -- Up-to-date: /home/rosdev/ros2_ws/install/claw_machine_msgs/include/claw_machine_msgs/claw_machine_msgs/msg/detail
[0.519s] -- Up-to-date: /home/rosdev/ros2_ws/install/claw_machine_msgs/include/claw_machine_msgs/claw_machine_msgs/msg/detail/position__rosidl_typesupport_introspection_c.h
[0.519s] -- Up-to-date: /home/rosdev/ros2_ws/install/claw_machine_msgs/include/claw_machine_msgs/claw_machine_msgs/msg/detail/position__type_support.c
[0.519s] -- Up-to-date: /home/rosdev/ros2_ws/install/claw_machine_msgs/include/claw_machine_msgs/claw_machine_msgs/msg/rosidl_typesupport_introspection_c__visibility_control.h
[0.519s] -- Up-to-date: /home/rosdev/ros2_ws/install/claw_machine_msgs/lib/libclaw_machine_msgs__rosidl_typesupport_introspection_c.so
[0.519s] -- Up-to-date: /home/rosdev/ros2_ws/install/claw_machine_msgs/lib/libclaw_machine_msgs__rosidl_typesupport_c.so
[0.519s] -- Up-to-date: /home/rosdev/ros2_ws/install/claw_machine_msgs/include/claw_machine_msgs/claw_machine_msgs
[0.519s] -- Up-to-date: /home/rosdev/ros2_ws/install/claw_machine_msgs/include/claw_machine_msgs/claw_machine_msgs/msg
[0.519s] -- Up-to-date: /home/rosdev/ros2_ws/install/claw_machine_msgs/include/claw_machine_msgs/claw_machine_msgs/msg/detail
[0.519s] -- Up-to-date: /home/rosdev/ros2_ws/install/claw_machine_msgs/include/claw_machine_msgs/claw_machine_msgs/msg/detail/position__rosidl_typesupport_introspection_cpp.hpp
[0.519s] -- Up-to-date: /home/rosdev/ros2_ws/install/claw_machine_msgs/include/claw_machine_msgs/claw_machine_msgs/msg/detail/position__type_support.cpp
[0.519s] -- Up-to-date: /home/rosdev/ros2_ws/install/claw_machine_msgs/lib/libclaw_machine_msgs__rosidl_typesupport_introspection_cpp.so
[0.519s] -- Up-to-date: /home/rosdev/ros2_ws/install/claw_machine_msgs/lib/libclaw_machine_msgs__rosidl_typesupport_cpp.so
[0.520s] -- Up-to-date: /home/rosdev/ros2_ws/install/claw_machine_msgs/share/claw_machine_msgs/environment/pythonpath.sh
[0.520s] -- Up-to-date: /home/rosdev/ros2_ws/install/claw_machine_msgs/share/claw_machine_msgs/environment/pythonpath.dsv
[0.520s] -- Up-to-date: /home/rosdev/ros2_ws/install/claw_machine_msgs/local/lib/python3.10/dist-packages/claw_machine_msgs-0.0.0-py3.10.egg-info
[0.520s] -- Installing: /home/rosdev/ros2_ws/install/claw_machine_msgs/local/lib/python3.10/dist-packages/claw_machine_msgs-0.0.0-py3.10.egg-info/PKG-INFO
[0.520s] -- Installing: /home/rosdev/ros2_ws/install/claw_machine_msgs/local/lib/python3.10/dist-packages/claw_machine_msgs-0.0.0-py3.10.egg-info/dependency_links.txt
[0.520s] -- Installing: /home/rosdev/ros2_ws/install/claw_machine_msgs/local/lib/python3.10/dist-packages/claw_machine_msgs-0.0.0-py3.10.egg-info/SOURCES.txt
[0.520s] -- Installing: /home/rosdev/ros2_ws/install/claw_machine_msgs/local/lib/python3.10/dist-packages/claw_machine_msgs-0.0.0-py3.10.egg-info/top_level.txt
[0.520s] -- Up-to-date: /home/rosdev/ros2_ws/install/claw_machine_msgs/local/lib/python3.10/dist-packages/claw_machine_msgs
[0.520s] -- Up-to-date: /home/rosdev/ros2_ws/install/claw_machine_msgs/local/lib/python3.10/dist-packages/claw_machine_msgs/claw_machine_msgs_s__rosidl_typesupport_introspection_c.cpython-310-x86_64-linux-gnu.so
[0.521s] -- Up-to-date: /home/rosdev/ros2_ws/install/claw_machine_msgs/local/lib/python3.10/dist-packages/claw_machine_msgs/claw_machine_msgs_s__rosidl_typesupport_c.cpython-310-x86_64-linux-gnu.so
[0.521s] -- Up-to-date: /home/rosdev/ros2_ws/install/claw_machine_msgs/local/lib/python3.10/dist-packages/claw_machine_msgs/libclaw_machine_msgs__rosidl_generator_py.so
[0.521s] -- Up-to-date: /home/rosdev/ros2_ws/install/claw_machine_msgs/local/lib/python3.10/dist-packages/claw_machine_msgs/claw_machine_msgs_s__rosidl_typesupport_fastrtps_c.cpython-310-x86_64-linux-gnu.so
[0.521s] -- Up-to-date: /home/rosdev/ros2_ws/install/claw_machine_msgs/local/lib/python3.10/dist-packages/claw_machine_msgs/_claw_machine_msgs_s.ep.rosidl_typesupport_introspection_c.c
[0.521s] -- Up-to-date: /home/rosdev/ros2_ws/install/claw_machine_msgs/local/lib/python3.10/dist-packages/claw_machine_msgs/msg
[0.521s] -- Up-to-date: /home/rosdev/ros2_ws/install/claw_machine_msgs/local/lib/python3.10/dist-packages/claw_machine_msgs/msg/_position.py
[0.521s] -- Up-to-date: /home/rosdev/ros2_ws/install/claw_machine_msgs/local/lib/python3.10/dist-packages/claw_machine_msgs/msg/__init__.py
[0.521s] -- Up-to-date: /home/rosdev/ros2_ws/install/claw_machine_msgs/local/lib/python3.10/dist-packages/claw_machine_msgs/msg/_position_s.c
[0.521s] -- Up-to-date: /home/rosdev/ros2_ws/install/claw_machine_msgs/local/lib/python3.10/dist-packages/claw_machine_msgs/__init__.py
[0.521s] -- Up-to-date: /home/rosdev/ros2_ws/install/claw_machine_msgs/local/lib/python3.10/dist-packages/claw_machine_msgs/_claw_machine_msgs_s.ep.rosidl_typesupport_c.c
[0.521s] -- Up-to-date: /home/rosdev/ros2_ws/install/claw_machine_msgs/local/lib/python3.10/dist-packages/claw_machine_msgs/_claw_machine_msgs_s.ep.rosidl_typesupport_fastrtps_c.c
[0.549s] Listing '/home/rosdev/ros2_ws/install/claw_machine_msgs/local/lib/python3.10/dist-packages/claw_machine_msgs'...
[0.549s] Listing '/home/rosdev/ros2_ws/install/claw_machine_msgs/local/lib/python3.10/dist-packages/claw_machine_msgs/msg'...
[0.553s] -- Up-to-date: /home/rosdev/ros2_ws/install/claw_machine_msgs/local/lib/python3.10/dist-packages/claw_machine_msgs/claw_machine_msgs_s__rosidl_typesupport_fastrtps_c.cpython-310-x86_64-linux-gnu.so
[0.553s] -- Up-to-date: /home/rosdev/ros2_ws/install/claw_machine_msgs/local/lib/python3.10/dist-packages/claw_machine_msgs/claw_machine_msgs_s__rosidl_typesupport_introspection_c.cpython-310-x86_64-linux-gnu.so
[0.553s] -- Up-to-date: /home/rosdev/ros2_ws/install/claw_machine_msgs/local/lib/python3.10/dist-packages/claw_machine_msgs/claw_machine_msgs_s__rosidl_typesupport_c.cpython-310-x86_64-linux-gnu.so
[0.554s] -- Up-to-date: /home/rosdev/ros2_ws/install/claw_machine_msgs/lib/libclaw_machine_msgs__rosidl_generator_py.so
[0.554s] -- Up-to-date: /home/rosdev/ros2_ws/install/claw_machine_msgs/share/claw_machine_msgs/msg/Position.idl
[0.554s] -- Up-to-date: /home/rosdev/ros2_ws/install/claw_machine_msgs/share/claw_machine_msgs/msg/Position.msg
[0.554s] -- Up-to-date: /home/rosdev/ros2_ws/install/claw_machine_msgs/share/ament_index/resource_index/package_run_dependencies/claw_machine_msgs
[0.554s] -- Up-to-date: /home/rosdev/ros2_ws/install/claw_machine_msgs/share/ament_index/resource_index/parent_prefix_path/claw_machine_msgs
[0.554s] -- Up-to-date: /home/rosdev/ros2_ws/install/claw_machine_msgs/share/claw_machine_msgs/environment/ament_prefix_path.sh
[0.554s] -- Up-to-date: /home/rosdev/ros2_ws/install/claw_machine_msgs/share/claw_machine_msgs/environment/ament_prefix_path.dsv
[0.554s] -- Up-to-date: /home/rosdev/ros2_ws/install/claw_machine_msgs/share/claw_machine_msgs/environment/path.sh
[0.555s] -- Up-to-date: /home/rosdev/ros2_ws/install/claw_machine_msgs/share/claw_machine_msgs/environment/path.dsv
[0.555s] -- Up-to-date: /home/rosdev/ros2_ws/install/claw_machine_msgs/share/claw_machine_msgs/local_setup.bash
[0.555s] -- Up-to-date: /home/rosdev/ros2_ws/install/claw_machine_msgs/share/claw_machine_msgs/local_setup.sh
[0.555s] -- Up-to-date: /home/rosdev/ros2_ws/install/claw_machine_msgs/share/claw_machine_msgs/local_setup.zsh
[0.555s] -- Up-to-date: /home/rosdev/ros2_ws/install/claw_machine_msgs/share/claw_machine_msgs/local_setup.dsv
[0.555s] -- Installing: /home/rosdev/ros2_ws/install/claw_machine_msgs/share/claw_machine_msgs/package.dsv
[0.555s] -- Up-to-date: /home/rosdev/ros2_ws/install/claw_machine_msgs/share/ament_index/resource_index/packages/claw_machine_msgs
[0.555s] -- Up-to-date: /home/rosdev/ros2_ws/install/claw_machine_msgs/share/claw_machine_msgs/cmake/export_claw_machine_msgs__rosidl_generator_cExport.cmake
[0.555s] -- Up-to-date: /home/rosdev/ros2_ws/install/claw_machine_msgs/share/claw_machine_msgs/cmake/export_claw_machine_msgs__rosidl_generator_cExport-noconfig.cmake
[0.555s] -- Up-to-date: /home/rosdev/ros2_ws/install/claw_machine_msgs/share/claw_machine_msgs/cmake/export_claw_machine_msgs__rosidl_typesupport_fastrtps_cExport.cmake
[0.555s] -- Up-to-date: /home/rosdev/ros2_ws/install/claw_machine_msgs/share/claw_machine_msgs/cmake/export_claw_machine_msgs__rosidl_typesupport_fastrtps_cExport-noconfig.cmake
[0.555s] -- Up-to-date: /home/rosdev/ros2_ws/install/claw_machine_msgs/share/claw_machine_msgs/cmake/export_claw_machine_msgs__rosidl_generator_cppExport.cmake
[0.555s] -- Up-to-date: /home/rosdev/ros2_ws/install/claw_machine_msgs/share/claw_machine_msgs/cmake/export_claw_machine_msgs__rosidl_typesupport_fastrtps_cppExport.cmake
[0.555s] -- Up-to-date: /home/rosdev/ros2_ws/install/claw_machine_msgs/share/claw_machine_msgs/cmake/export_claw_machine_msgs__rosidl_typesupport_fastrtps_cppExport-noconfig.cmake
[0.556s] -- Up-to-date: /home/rosdev/ros2_ws/install/claw_machine_msgs/share/claw_machine_msgs/cmake/claw_machine_msgs__rosidl_typesupport_introspection_cExport.cmake
[0.556s] -- Up-to-date: /home/rosdev/ros2_ws/install/claw_machine_msgs/share/claw_machine_msgs/cmake/claw_machine_msgs__rosidl_typesupport_introspection_cExport-noconfig.cmake
[0.556s] -- Up-to-date: /home/rosdev/ros2_ws/install/claw_machine_msgs/share/claw_machine_msgs/cmake/claw_machine_msgs__rosidl_typesupport_cExport.cmake
[0.556s] -- Up-to-date: /home/rosdev/ros2_ws/install/claw_machine_msgs/share/claw_machine_msgs/cmake/claw_machine_msgs__rosidl_typesupport_cExport-noconfig.cmake
[0.556s] -- Up-to-date: /home/rosdev/ros2_ws/install/claw_machine_msgs/share/claw_machine_msgs/cmake/claw_machine_msgs__rosidl_typesupport_introspection_cppExport.cmake
[0.556s] -- Up-to-date: /home/rosdev/ros2_ws/install/claw_machine_msgs/share/claw_machine_msgs/cmake/claw_machine_msgs__rosidl_typesupport_introspection_cppExport-noconfig.cmake
[0.556s] -- Up-to-date: /home/rosdev/ros2_ws/install/claw_machine_msgs/share/claw_machine_msgs/cmake/claw_machine_msgs__rosidl_typesupport_cppExport.cmake
[0.556s] -- Up-to-date: /home/rosdev/ros2_ws/install/claw_machine_msgs/share/claw_machine_msgs/cmake/claw_machine_msgs__rosidl_typesupport_cppExport-noconfig.cmake
[0.556s] -- Up-to-date: /home/rosdev/ros2_ws/install/claw_machine_msgs/share/claw_machine_msgs/cmake/export_claw_machine_msgs__rosidl_generator_pyExport.cmake
[0.556s] -- Up-to-date: /home/rosdev/ros2_ws/install/claw_machine_msgs/share/claw_machine_msgs/cmake/export_claw_machine_msgs__rosidl_generator_pyExport-noconfig.cmake
[0.556s] -- Up-to-date: /home/rosdev/ros2_ws/install/claw_machine_msgs/share/claw_machine_msgs/cmake/rosidl_cmake-extras.cmake
[0.556s] -- Up-to-date: /home/rosdev/ros2_ws/install/claw_machine_msgs/share/claw_machine_msgs/cmake/ament_cmake_export_dependencies-extras.cmake
[0.556s] -- Up-to-date: /home/rosdev/ros2_ws/install/claw_machine_msgs/share/claw_machine_msgs/cmake/ament_cmake_export_include_directories-extras.cmake
[0.556s] -- Up-to-date: /home/rosdev/ros2_ws/install/claw_machine_msgs/share/claw_machine_msgs/cmake/ament_cmake_export_libraries-extras.cmake
[0.557s] -- Up-to-date: /home/rosdev/ros2_ws/install/claw_machine_msgs/share/claw_machine_msgs/cmake/ament_cmake_export_targets-extras.cmake
[0.557s] -- Up-to-date: /home/rosdev/ros2_ws/install/claw_machine_msgs/share/claw_machine_msgs/cmake/rosidl_cmake_export_typesupport_targets-extras.cmake
[0.557s] -- Up-to-date: /home/rosdev/ros2_ws/install/claw_machine_msgs/share/claw_machine_msgs/cmake/rosidl_cmake_export_typesupport_libraries-extras.cmake
[0.557s] -- Up-to-date: /home/rosdev/ros2_ws/install/claw_machine_msgs/share/claw_machine_msgs/cmake/claw_machine_msgsConfig.cmake
[0.557s] -- Up-to-date: /home/rosdev/ros2_ws/install/claw_machine_msgs/share/claw_machine_msgs/cmake/claw_machine_msgsConfig-version.cmake
[0.557s] -- Up-to-date: /home/rosdev/ros2_ws/install/claw_machine_msgs/share/claw_machine_msgs/package.xml
[0.559s] Invoked command in '/home/rosdev/ros2_ws/build/claw_machine_msgs' returned '0': CMAKE_PREFIX_PATH=${CMAKE_PREFIX_PATH}:/home/rosdev/ros2_ws/install/keyboard_claw_controller:/opt/ros/humble /usr/bin/cmake --install /home/rosdev/ros2_ws/build/claw_machine_msgs
