[0.008s] Invoking command in '/home/pico/code/claw_machine_ros2/build/claw_machine_msgs': CONDA_PROMPT_MODIFIER=(ros2) /home/pico/miniconda3/envs/ros2/bin/cmake /home/pico/code/claw_machine_ros2/src/claw_machine_msgs -DCMAKE_INSTALL_PREFIX=/home/pico/code/claw_machine_ros2/install/claw_machine_msgs
[0.039s] -- The C compiler identification is GNU 12.3.0
[0.085s] -- The CXX compiler identification is GNU 12.3.0
[0.094s] -- Detecting C compiler ABI info
[0.137s] -- Detecting C compiler ABI info - done
[0.146s] -- Check for working C compiler: /home/pico/miniconda3/envs/ros2/bin/x86_64-conda-linux-gnu-cc - skipped
[0.146s] -- Detecting C compile features
[0.146s] -- Detecting C compile features - done
[0.151s] -- Detecting CXX compiler ABI info
[0.199s] -- Detecting CXX compiler ABI info - done
[0.208s] -- Check for working CXX compiler: /home/pico/miniconda3/envs/ros2/bin/x86_64-conda-linux-gnu-c++ - skipped
[0.208s] -- Detecting CXX compile features
[0.209s] -- Detecting CXX compile features - done
[0.212s] -- Found ament_cmake: 1.3.7 (/home/pico/miniconda3/envs/ros2/share/ament_cmake/cmake)
[0.540s] -- Found Python3: /home/pico/miniconda3/envs/ros2/bin/python3.11 (found version "3.11.8") found components: Interpreter 
[0.613s] -- Found std_msgs: 4.2.3 (/home/pico/miniconda3/envs/ros2/share/std_msgs/cmake)
[0.648s] -- Found rosidl_generator_c: 3.1.5 (/home/pico/miniconda3/envs/ros2/share/rosidl_generator_c/cmake)
[0.654s] -- Found rosidl_adapter: 3.1.5 (/home/pico/miniconda3/envs/ros2/share/rosidl_adapter/cmake)
[0.663s] -- Found rosidl_generator_cpp: 3.1.5 (/home/pico/miniconda3/envs/ros2/share/rosidl_generator_cpp/cmake)
[0.677s] -- Using all available rosidl_typesupport_c: rosidl_typesupport_fastrtps_c;rosidl_typesupport_introspection_c
[0.698s] -- Using all available rosidl_typesupport_cpp: rosidl_typesupport_fastrtps_cpp;rosidl_typesupport_introspection_cpp
[0.752s] -- Found rosidl_default_generators: 1.2.0 (/home/pico/miniconda3/envs/ros2/share/rosidl_default_generators/cmake)
[1.023s] -- Found Python3: /home/pico/miniconda3/envs/ros2/include/python3.11 (found version "3.11.8") found components: Development NumPy Interpreter Development.Module Development.Embed 
[1.040s] -- Found Python3: /home/pico/miniconda3/envs/ros2/bin/python3.11 (found version "3.11.8") found components: Interpreter 
[1.159s] -- Found ament_cmake_ros: 0.10.0 (/home/pico/miniconda3/envs/ros2/share/ament_cmake_ros/cmake)
[1.294s] -- Using all available rosidl_typesupport_c: rosidl_typesupport_fastrtps_c;rosidl_typesupport_introspection_c
[1.344s] -- Using all available rosidl_typesupport_cpp: rosidl_typesupport_fastrtps_cpp;rosidl_typesupport_introspection_cpp
[1.346s] [33mCMake Warning (dev) at /home/pico/miniconda3/envs/ros2/share/rosidl_generator_py/cmake/rosidl_generator_py_generate_interfaces.cmake:20 (find_package):
[1.346s]   Policy CMP0148 is not set: The FindPythonInterp and FindPythonLibs modules
[1.346s]   are removed.  Run "cmake --help-policy CMP0148" for policy details.  Use
[1.346s]   the cmake_policy command to set the policy and suppress this warning.
[1.346s] 
[1.346s] Call Stack (most recent call first):
[1.346s]   /home/pico/miniconda3/envs/ros2/share/ament_cmake_core/cmake/core/ament_execute_extensions.cmake:48 (include)
[1.346s]   /home/pico/miniconda3/envs/ros2/share/rosidl_cmake/cmake/rosidl_generate_interfaces.cmake:286 (ament_execute_extensions)
[1.346s]   CMakeLists.txt:15 (rosidl_generate_interfaces)
[1.346s] This warning is for project developers.  Use -Wno-dev to suppress it.
[1.346s] [0m
[1.354s] -- Found PythonInterp: /home/pico/miniconda3/envs/ros2/bin/python3 (found suitable version "3.11.8", minimum required is "3.6") 
[1.356s] -- Found python_cmake_module: 0.10.0 (/home/pico/miniconda3/envs/ros2/share/python_cmake_module/cmake)
[1.356s] [33mCMake Warning (dev) at /home/pico/miniconda3/envs/ros2/share/python_cmake_module/cmake/Modules/FindPythonExtra.cmake:52 (find_package):
[1.356s]   Policy CMP0148 is not set: The FindPythonInterp and FindPythonLibs modules
[1.356s]   are removed.  Run "cmake --help-policy CMP0148" for policy details.  Use
[1.356s]   the cmake_policy command to set the policy and suppress this warning.
[1.356s] 
[1.356s] Call Stack (most recent call first):
[1.356s]   /home/pico/miniconda3/envs/ros2/share/rosidl_generator_py/cmake/rosidl_generator_py_generate_interfaces.cmake:23 (find_package)
[1.357s]   /home/pico/miniconda3/envs/ros2/share/ament_cmake_core/cmake/core/ament_execute_extensions.cmake:48 (include)
[1.357s]   /home/pico/miniconda3/envs/ros2/share/rosidl_cmake/cmake/rosidl_generate_interfaces.cmake:286 (ament_execute_extensions)
[1.357s]   CMakeLists.txt:15 (rosidl_generate_interfaces)
[1.357s] This warning is for project developers.  Use -Wno-dev to suppress it.
[1.357s] [0m
[1.365s] [33mCMake Warning (dev) at /home/pico/miniconda3/envs/ros2/share/python_cmake_module/cmake/Modules/FindPythonExtra.cmake:140 (find_package):
[1.365s]   Policy CMP0148 is not set: The FindPythonInterp and FindPythonLibs modules
[1.365s]   are removed.  Run "cmake --help-policy CMP0148" for policy details.  Use
[1.365s]   the cmake_policy command to set the policy and suppress this warning.
[1.365s] 
[1.365s] Call Stack (most recent call first):
[1.365s]   /home/pico/miniconda3/envs/ros2/share/rosidl_generator_py/cmake/rosidl_generator_py_generate_interfaces.cmake:23 (find_package)
[1.365s]   /home/pico/miniconda3/envs/ros2/share/ament_cmake_core/cmake/core/ament_execute_extensions.cmake:48 (include)
[1.365s]   /home/pico/miniconda3/envs/ros2/share/rosidl_cmake/cmake/rosidl_generate_interfaces.cmake:286 (ament_execute_extensions)
[1.365s]   CMakeLists.txt:15 (rosidl_generate_interfaces)
[1.365s] This warning is for project developers.  Use -Wno-dev to suppress it.
[1.365s] [0m
[1.367s] -- Found PythonLibs: /home/pico/miniconda3/envs/ros2/lib/libpython3.11.so (found suitable version "3.11.8", minimum required is "3.5") 
[1.367s] -- Using PYTHON_EXECUTABLE: /home/pico/miniconda3/envs/ros2/bin/python3
[1.367s] -- Using PYTHON_INCLUDE_DIRS: /home/pico/miniconda3/envs/ros2/include/python3.11
[1.367s] -- Using PYTHON_LIBRARIES: /home/pico/miniconda3/envs/ros2/lib/libpython3.11.so
[1.376s] -- Found PythonExtra: .so  
[1.566s] -- Found Python3: /home/pico/miniconda3/envs/ros2/include/python3.11 (found version "3.11.8") found components: Development NumPy Interpreter Development.Module Development.Embed 
[1.600s] -- Found ament_lint_auto: 0.12.10 (/home/pico/miniconda3/envs/ros2/share/ament_lint_auto/cmake)
[1.620s] -- Added test 'lint_cmake' to check CMake code style
[1.621s] -- Added test 'xmllint' to check XML markup files
[1.623s] -- Configuring done (1.6s)
[1.645s] -- Generating done (0.0s)
[1.647s] -- Build files have been written to: /home/pico/code/claw_machine_ros2/build/claw_machine_msgs
[1.650s] Invoked command in '/home/pico/code/claw_machine_ros2/build/claw_machine_msgs' returned '0': CONDA_PROMPT_MODIFIER=(ros2) /home/pico/miniconda3/envs/ros2/bin/cmake /home/pico/code/claw_machine_ros2/src/claw_machine_msgs -DCMAKE_INSTALL_PREFIX=/home/pico/code/claw_machine_ros2/install/claw_machine_msgs
[1.651s] Invoking command in '/home/pico/code/claw_machine_ros2/build/claw_machine_msgs': CONDA_PROMPT_MODIFIER=(ros2) /home/pico/miniconda3/envs/ros2/bin/cmake --build /home/pico/code/claw_machine_ros2/build/claw_machine_msgs -- -j20 -l20
[1.667s] [  3%] [34m[1mGenerating C code for ROS interfaces[0m
[1.671s] [  6%] [34m[1mGenerating C++ code for ROS interfaces[0m
[1.674s] [  6%] Built target ament_cmake_python_copy_claw_machine_msgs
[1.780s] running egg_info
[1.781s] creating claw_machine_msgs.egg-info
[1.789s] writing claw_machine_msgs.egg-info/PKG-INFO
[1.789s] writing dependency_links to claw_machine_msgs.egg-info/dependency_links.txt
[1.789s] writing top-level names to claw_machine_msgs.egg-info/top_level.txt
[1.789s] writing manifest file 'claw_machine_msgs.egg-info/SOURCES.txt'
[1.792s] [  6%] Built target claw_machine_msgs__cpp
[1.795s] [  9%] [34m[1mGenerating C++ type support dispatch for ROS interfaces[0m
[1.796s] [ 12%] [34m[1mGenerating C++ type support for eProsima Fast-RTPS[0m
[1.796s] [ 16%] [32mBuilding C object CMakeFiles/claw_machine_msgs__rosidl_generator_c.dir/rosidl_generator_c/claw_machine_msgs/msg/detail/position__functions.c.o[0m
[1.796s] [ 19%] [34m[1mGenerating C++ introspection for ROS interfaces[0m
[1.814s] reading manifest file 'claw_machine_msgs.egg-info/SOURCES.txt'
[1.814s] writing manifest file 'claw_machine_msgs.egg-info/SOURCES.txt'
[1.830s] [ 19%] Built target ament_cmake_python_build_claw_machine_msgs_egg
[1.855s] [ 22%] [32m[1mLinking C shared library libclaw_machine_msgs__rosidl_generator_c.so[0m
[1.872s] [ 22%] Built target claw_machine_msgs__rosidl_generator_c
[1.876s] [ 32%] [34m[1mGenerating C type support dispatch for ROS interfaces[0m
[1.876s] [ 32%] [34m[1mGenerating C introspection for ROS interfaces[0m
[1.876s] [ 32%] [34m[1mGenerating C type support for eProsima Fast-RTPS[0m
[1.910s] [ 35%] [32mBuilding CXX object CMakeFiles/claw_machine_msgs__rosidl_typesupport_cpp.dir/rosidl_typesupport_cpp/claw_machine_msgs/msg/position__type_support.cpp.o[0m
[1.918s] [ 38%] [32mBuilding CXX object CMakeFiles/claw_machine_msgs__rosidl_typesupport_introspection_cpp.dir/rosidl_typesupport_introspection_cpp/claw_machine_msgs/msg/detail/position__type_support.cpp.o[0m
[1.922s] [ 41%] [32mBuilding CXX object CMakeFiles/claw_machine_msgs__rosidl_typesupport_fastrtps_cpp.dir/rosidl_typesupport_fastrtps_cpp/claw_machine_msgs/msg/detail/dds_fastrtps/position__type_support.cpp.o[0m
[1.990s] [ 45%] [32mBuilding CXX object CMakeFiles/claw_machine_msgs__rosidl_typesupport_c.dir/rosidl_typesupport_c/claw_machine_msgs/msg/position__type_support.cpp.o[0m
[1.999s] [ 48%] [32mBuilding C object CMakeFiles/claw_machine_msgs__rosidl_typesupport_introspection_c.dir/rosidl_typesupport_introspection_c/claw_machine_msgs/msg/detail/position__type_support.c.o[0m
[2.004s] [ 51%] [32mBuilding CXX object CMakeFiles/claw_machine_msgs__rosidl_typesupport_fastrtps_c.dir/rosidl_typesupport_fastrtps_c/claw_machine_msgs/msg/detail/position__type_support_c.cpp.o[0m
[2.007s] [ 54%] [32m[1mLinking CXX shared library libclaw_machine_msgs__rosidl_typesupport_c.so[0m
[2.019s] [ 58%] [32m[1mLinking C shared library libclaw_machine_msgs__rosidl_typesupport_introspection_c.so[0m
[2.026s] [ 58%] Built target claw_machine_msgs__rosidl_typesupport_c
[2.033s] [ 58%] Built target claw_machine_msgs__rosidl_typesupport_introspection_c
[2.128s] [ 61%] [32m[1mLinking CXX shared library libclaw_machine_msgs__rosidl_typesupport_cpp.so[0m
[2.147s] [ 61%] Built target claw_machine_msgs__rosidl_typesupport_cpp
[2.164s] [ 64%] [32m[1mLinking CXX shared library libclaw_machine_msgs__rosidl_typesupport_introspection_cpp.so[0m
[2.198s] [ 64%] Built target claw_machine_msgs__rosidl_typesupport_introspection_cpp
[2.239s] [ 67%] [32m[1mLinking CXX shared library libclaw_machine_msgs__rosidl_typesupport_fastrtps_cpp.so[0m
[2.274s] [ 70%] [32m[1mLinking CXX shared library libclaw_machine_msgs__rosidl_typesupport_fastrtps_c.so[0m
[2.281s] [ 70%] Built target claw_machine_msgs__rosidl_typesupport_fastrtps_cpp
[2.315s] [ 70%] Built target claw_machine_msgs__rosidl_typesupport_fastrtps_c
[2.322s] [ 70%] Built target claw_machine_msgs
[2.329s] [ 74%] [34m[1mGenerating Python code for ROS interfaces[0m
[2.473s] [ 74%] Built target claw_machine_msgs__py
[2.480s] [ 77%] [32mBuilding C object CMakeFiles/claw_machine_msgs__rosidl_generator_py.dir/rosidl_generator_py/claw_machine_msgs/msg/_position_s.c.o[0m
[2.557s] [ 80%] [32m[1mLinking C shared library rosidl_generator_py/claw_machine_msgs/libclaw_machine_msgs__rosidl_generator_py.so[0m
[2.574s] [ 80%] Built target claw_machine_msgs__rosidl_generator_py
[2.582s] [ 87%] [32mBuilding C object CMakeFiles/claw_machine_msgs__rosidl_typesupport_fastrtps_c__pyext.dir/rosidl_generator_py/claw_machine_msgs/_claw_machine_msgs_s.ep.rosidl_typesupport_fastrtps_c.c.o[0m
[2.582s] [ 87%] [32mBuilding C object CMakeFiles/claw_machine_msgs__rosidl_typesupport_introspection_c__pyext.dir/rosidl_generator_py/claw_machine_msgs/_claw_machine_msgs_s.ep.rosidl_typesupport_introspection_c.c.o[0m
[2.582s] [ 90%] [32mBuilding C object CMakeFiles/claw_machine_msgs__rosidl_typesupport_c__pyext.dir/rosidl_generator_py/claw_machine_msgs/_claw_machine_msgs_s.ep.rosidl_typesupport_c.c.o[0m
[2.641s] [100%] [32m[1mLinking C shared library rosidl_generator_py/claw_machine_msgs/claw_machine_msgs_s__rosidl_typesupport_c.cpython-311-x86_64-linux-gnu.so[0m
[2.641s] [100%] [32m[1mLinking C shared library rosidl_generator_py/claw_machine_msgs/claw_machine_msgs_s__rosidl_typesupport_fastrtps_c.cpython-311-x86_64-linux-gnu.so[0m
[2.641s] [100%] [32m[1mLinking C shared library rosidl_generator_py/claw_machine_msgs/claw_machine_msgs_s__rosidl_typesupport_introspection_c.cpython-311-x86_64-linux-gnu.so[0m
[2.655s] [100%] Built target claw_machine_msgs__rosidl_typesupport_introspection_c__pyext
[2.655s] [100%] Built target claw_machine_msgs__rosidl_typesupport_fastrtps_c__pyext
[2.655s] [100%] Built target claw_machine_msgs__rosidl_typesupport_c__pyext
[2.660s] Invoked command in '/home/pico/code/claw_machine_ros2/build/claw_machine_msgs' returned '0': CONDA_PROMPT_MODIFIER=(ros2) /home/pico/miniconda3/envs/ros2/bin/cmake --build /home/pico/code/claw_machine_ros2/build/claw_machine_msgs -- -j20 -l20
[2.688s] Invoking command in '/home/pico/code/claw_machine_ros2/build/claw_machine_msgs': CONDA_PROMPT_MODIFIER=(ros2) /home/pico/miniconda3/envs/ros2/bin/cmake --install /home/pico/code/claw_machine_ros2/build/claw_machine_msgs
[2.690s] -- Install configuration: ""
[2.690s] -- Installing: /home/pico/code/claw_machine_ros2/install/claw_machine_msgs/share/ament_index/resource_index/rosidl_interfaces/claw_machine_msgs
[2.690s] -- Installing: /home/pico/code/claw_machine_ros2/install/claw_machine_msgs/include/claw_machine_msgs/claw_machine_msgs
[2.691s] -- Installing: /home/pico/code/claw_machine_ros2/install/claw_machine_msgs/include/claw_machine_msgs/claw_machine_msgs/msg
[2.691s] -- Installing: /home/pico/code/claw_machine_ros2/install/claw_machine_msgs/include/claw_machine_msgs/claw_machine_msgs/msg/rosidl_generator_c__visibility_control.h
[2.691s] -- Installing: /home/pico/code/claw_machine_ros2/install/claw_machine_msgs/include/claw_machine_msgs/claw_machine_msgs/msg/detail
[2.691s] -- Installing: /home/pico/code/claw_machine_ros2/install/claw_machine_msgs/include/claw_machine_msgs/claw_machine_msgs/msg/detail/position__functions.h
[2.691s] -- Installing: /home/pico/code/claw_machine_ros2/install/claw_machine_msgs/include/claw_machine_msgs/claw_machine_msgs/msg/detail/position__type_support.h
[2.691s] -- Installing: /home/pico/code/claw_machine_ros2/install/claw_machine_msgs/include/claw_machine_msgs/claw_machine_msgs/msg/detail/position__functions.c
[2.691s] -- Installing: /home/pico/code/claw_machine_ros2/install/claw_machine_msgs/include/claw_machine_msgs/claw_machine_msgs/msg/detail/position__struct.h
[2.691s] -- Installing: /home/pico/code/claw_machine_ros2/install/claw_machine_msgs/include/claw_machine_msgs/claw_machine_msgs/msg/position.h
[2.691s] -- Installing: /home/pico/code/claw_machine_ros2/install/claw_machine_msgs/lib/libclaw_machine_msgs__rosidl_generator_c.so
[2.691s] -- Up-to-date: /home/pico/code/claw_machine_ros2/install/claw_machine_msgs/include/claw_machine_msgs/claw_machine_msgs
[2.691s] -- Up-to-date: /home/pico/code/claw_machine_ros2/install/claw_machine_msgs/include/claw_machine_msgs/claw_machine_msgs/msg
[2.691s] -- Up-to-date: /home/pico/code/claw_machine_ros2/install/claw_machine_msgs/include/claw_machine_msgs/claw_machine_msgs/msg/detail
[2.691s] -- Installing: /home/pico/code/claw_machine_ros2/install/claw_machine_msgs/include/claw_machine_msgs/claw_machine_msgs/msg/detail/position__rosidl_typesupport_fastrtps_c.h
[2.691s] -- Installing: /home/pico/code/claw_machine_ros2/install/claw_machine_msgs/include/claw_machine_msgs/claw_machine_msgs/msg/rosidl_typesupport_fastrtps_c__visibility_control.h
[2.691s] -- Installing: /home/pico/code/claw_machine_ros2/install/claw_machine_msgs/lib/libclaw_machine_msgs__rosidl_typesupport_fastrtps_c.so
[2.691s] -- Set non-toolchain portion of runtime path of "/home/pico/code/claw_machine_ros2/install/claw_machine_msgs/lib/libclaw_machine_msgs__rosidl_typesupport_fastrtps_c.so" to ""
[2.691s] -- Up-to-date: /home/pico/code/claw_machine_ros2/install/claw_machine_msgs/include/claw_machine_msgs/claw_machine_msgs
[2.691s] -- Up-to-date: /home/pico/code/claw_machine_ros2/install/claw_machine_msgs/include/claw_machine_msgs/claw_machine_msgs/msg
[2.691s] -- Up-to-date: /home/pico/code/claw_machine_ros2/install/claw_machine_msgs/include/claw_machine_msgs/claw_machine_msgs/msg/detail
[2.691s] -- Installing: /home/pico/code/claw_machine_ros2/install/claw_machine_msgs/include/claw_machine_msgs/claw_machine_msgs/msg/detail/position__builder.hpp
[2.692s] -- Installing: /home/pico/code/claw_machine_ros2/install/claw_machine_msgs/include/claw_machine_msgs/claw_machine_msgs/msg/detail/position__struct.hpp
[2.692s] -- Installing: /home/pico/code/claw_machine_ros2/install/claw_machine_msgs/include/claw_machine_msgs/claw_machine_msgs/msg/detail/position__traits.hpp
[2.692s] -- Installing: /home/pico/code/claw_machine_ros2/install/claw_machine_msgs/include/claw_machine_msgs/claw_machine_msgs/msg/position.hpp
[2.692s] -- Up-to-date: /home/pico/code/claw_machine_ros2/install/claw_machine_msgs/include/claw_machine_msgs/claw_machine_msgs
[2.692s] -- Up-to-date: /home/pico/code/claw_machine_ros2/install/claw_machine_msgs/include/claw_machine_msgs/claw_machine_msgs/msg
[2.692s] -- Installing: /home/pico/code/claw_machine_ros2/install/claw_machine_msgs/include/claw_machine_msgs/claw_machine_msgs/msg/rosidl_typesupport_fastrtps_cpp__visibility_control.h
[2.692s] -- Up-to-date: /home/pico/code/claw_machine_ros2/install/claw_machine_msgs/include/claw_machine_msgs/claw_machine_msgs/msg/detail
[2.692s] -- Installing: /home/pico/code/claw_machine_ros2/install/claw_machine_msgs/include/claw_machine_msgs/claw_machine_msgs/msg/detail/dds_fastrtps
[2.692s] -- Installing: /home/pico/code/claw_machine_ros2/install/claw_machine_msgs/include/claw_machine_msgs/claw_machine_msgs/msg/detail/position__rosidl_typesupport_fastrtps_cpp.hpp
[2.692s] -- Installing: /home/pico/code/claw_machine_ros2/install/claw_machine_msgs/lib/libclaw_machine_msgs__rosidl_typesupport_fastrtps_cpp.so
[2.692s] -- Up-to-date: /home/pico/code/claw_machine_ros2/install/claw_machine_msgs/include/claw_machine_msgs/claw_machine_msgs
[2.692s] -- Up-to-date: /home/pico/code/claw_machine_ros2/install/claw_machine_msgs/include/claw_machine_msgs/claw_machine_msgs/msg
[2.692s] -- Up-to-date: /home/pico/code/claw_machine_ros2/install/claw_machine_msgs/include/claw_machine_msgs/claw_machine_msgs/msg/detail
[2.692s] -- Installing: /home/pico/code/claw_machine_ros2/install/claw_machine_msgs/include/claw_machine_msgs/claw_machine_msgs/msg/detail/position__type_support.c
[2.692s] -- Installing: /home/pico/code/claw_machine_ros2/install/claw_machine_msgs/include/claw_machine_msgs/claw_machine_msgs/msg/detail/position__rosidl_typesupport_introspection_c.h
[2.692s] -- Installing: /home/pico/code/claw_machine_ros2/install/claw_machine_msgs/include/claw_machine_msgs/claw_machine_msgs/msg/rosidl_typesupport_introspection_c__visibility_control.h
[2.692s] -- Installing: /home/pico/code/claw_machine_ros2/install/claw_machine_msgs/lib/libclaw_machine_msgs__rosidl_typesupport_introspection_c.so
[2.692s] -- Set non-toolchain portion of runtime path of "/home/pico/code/claw_machine_ros2/install/claw_machine_msgs/lib/libclaw_machine_msgs__rosidl_typesupport_introspection_c.so" to ""
[2.692s] -- Installing: /home/pico/code/claw_machine_ros2/install/claw_machine_msgs/lib/libclaw_machine_msgs__rosidl_typesupport_c.so
[2.692s] -- Set non-toolchain portion of runtime path of "/home/pico/code/claw_machine_ros2/install/claw_machine_msgs/lib/libclaw_machine_msgs__rosidl_typesupport_c.so" to ""
[2.692s] -- Up-to-date: /home/pico/code/claw_machine_ros2/install/claw_machine_msgs/include/claw_machine_msgs/claw_machine_msgs
[2.692s] -- Up-to-date: /home/pico/code/claw_machine_ros2/install/claw_machine_msgs/include/claw_machine_msgs/claw_machine_msgs/msg
[2.692s] -- Up-to-date: /home/pico/code/claw_machine_ros2/install/claw_machine_msgs/include/claw_machine_msgs/claw_machine_msgs/msg/detail
[2.692s] -- Installing: /home/pico/code/claw_machine_ros2/install/claw_machine_msgs/include/claw_machine_msgs/claw_machine_msgs/msg/detail/position__type_support.cpp
[2.693s] -- Installing: /home/pico/code/claw_machine_ros2/install/claw_machine_msgs/include/claw_machine_msgs/claw_machine_msgs/msg/detail/position__rosidl_typesupport_introspection_cpp.hpp
[2.693s] -- Installing: /home/pico/code/claw_machine_ros2/install/claw_machine_msgs/lib/libclaw_machine_msgs__rosidl_typesupport_introspection_cpp.so
[2.693s] -- Installing: /home/pico/code/claw_machine_ros2/install/claw_machine_msgs/lib/libclaw_machine_msgs__rosidl_typesupport_cpp.so
[2.693s] -- Installing: /home/pico/code/claw_machine_ros2/install/claw_machine_msgs/share/claw_machine_msgs/environment/pythonpath.sh
[2.693s] -- Installing: /home/pico/code/claw_machine_ros2/install/claw_machine_msgs/share/claw_machine_msgs/environment/pythonpath.dsv
[2.693s] -- Installing: /home/pico/code/claw_machine_ros2/install/claw_machine_msgs/lib/python3.11/site-packages/claw_machine_msgs-0.0.0-py3.11.egg-info
[2.693s] -- Installing: /home/pico/code/claw_machine_ros2/install/claw_machine_msgs/lib/python3.11/site-packages/claw_machine_msgs-0.0.0-py3.11.egg-info/top_level.txt
[2.693s] -- Installing: /home/pico/code/claw_machine_ros2/install/claw_machine_msgs/lib/python3.11/site-packages/claw_machine_msgs-0.0.0-py3.11.egg-info/dependency_links.txt
[2.693s] -- Installing: /home/pico/code/claw_machine_ros2/install/claw_machine_msgs/lib/python3.11/site-packages/claw_machine_msgs-0.0.0-py3.11.egg-info/SOURCES.txt
[2.693s] -- Installing: /home/pico/code/claw_machine_ros2/install/claw_machine_msgs/lib/python3.11/site-packages/claw_machine_msgs-0.0.0-py3.11.egg-info/PKG-INFO
[2.693s] -- Installing: /home/pico/code/claw_machine_ros2/install/claw_machine_msgs/lib/python3.11/site-packages/claw_machine_msgs
[2.693s] -- Installing: /home/pico/code/claw_machine_ros2/install/claw_machine_msgs/lib/python3.11/site-packages/claw_machine_msgs/_claw_machine_msgs_s.ep.rosidl_typesupport_introspection_c.c
[2.693s] -- Installing: /home/pico/code/claw_machine_ros2/install/claw_machine_msgs/lib/python3.11/site-packages/claw_machine_msgs/_claw_machine_msgs_s.ep.rosidl_typesupport_c.c
[2.693s] -- Installing: /home/pico/code/claw_machine_ros2/install/claw_machine_msgs/lib/python3.11/site-packages/claw_machine_msgs/claw_machine_msgs_s__rosidl_typesupport_fastrtps_c.cpython-311-x86_64-linux-gnu.so
[2.693s] -- Installing: /home/pico/code/claw_machine_ros2/install/claw_machine_msgs/lib/python3.11/site-packages/claw_machine_msgs/__init__.py
[2.693s] -- Installing: /home/pico/code/claw_machine_ros2/install/claw_machine_msgs/lib/python3.11/site-packages/claw_machine_msgs/claw_machine_msgs_s__rosidl_typesupport_c.cpython-311-x86_64-linux-gnu.so
[2.693s] -- Installing: /home/pico/code/claw_machine_ros2/install/claw_machine_msgs/lib/python3.11/site-packages/claw_machine_msgs/msg
[2.693s] -- Installing: /home/pico/code/claw_machine_ros2/install/claw_machine_msgs/lib/python3.11/site-packages/claw_machine_msgs/msg/_position.py
[2.693s] -- Installing: /home/pico/code/claw_machine_ros2/install/claw_machine_msgs/lib/python3.11/site-packages/claw_machine_msgs/msg/__init__.py
[2.693s] -- Installing: /home/pico/code/claw_machine_ros2/install/claw_machine_msgs/lib/python3.11/site-packages/claw_machine_msgs/msg/_position_s.c
[2.694s] -- Installing: /home/pico/code/claw_machine_ros2/install/claw_machine_msgs/lib/python3.11/site-packages/claw_machine_msgs/libclaw_machine_msgs__rosidl_generator_py.so
[2.694s] -- Installing: /home/pico/code/claw_machine_ros2/install/claw_machine_msgs/lib/python3.11/site-packages/claw_machine_msgs/claw_machine_msgs_s__rosidl_typesupport_introspection_c.cpython-311-x86_64-linux-gnu.so
[2.694s] -- Installing: /home/pico/code/claw_machine_ros2/install/claw_machine_msgs/lib/python3.11/site-packages/claw_machine_msgs/_claw_machine_msgs_s.ep.rosidl_typesupport_fastrtps_c.c
[2.713s] Listing 'lib/python3.11/site-packages/claw_machine_msgs'...
[2.713s] Can't list 'lib/python3.11/site-packages/claw_machine_msgs'
[2.716s] -- Installing: /home/pico/code/claw_machine_ros2/install/claw_machine_msgs/lib/python3.11/site-packages/claw_machine_msgs/claw_machine_msgs_s__rosidl_typesupport_fastrtps_c.cpython-311-x86_64-linux-gnu.so
[2.716s] -- Set non-toolchain portion of runtime path of "/home/pico/code/claw_machine_ros2/install/claw_machine_msgs/lib/python3.11/site-packages/claw_machine_msgs/claw_machine_msgs_s__rosidl_typesupport_fastrtps_c.cpython-311-x86_64-linux-gnu.so" to ""
[2.716s] -- Installing: /home/pico/code/claw_machine_ros2/install/claw_machine_msgs/lib/python3.11/site-packages/claw_machine_msgs/claw_machine_msgs_s__rosidl_typesupport_introspection_c.cpython-311-x86_64-linux-gnu.so
[2.716s] -- Set non-toolchain portion of runtime path of "/home/pico/code/claw_machine_ros2/install/claw_machine_msgs/lib/python3.11/site-packages/claw_machine_msgs/claw_machine_msgs_s__rosidl_typesupport_introspection_c.cpython-311-x86_64-linux-gnu.so" to ""
[2.716s] -- Installing: /home/pico/code/claw_machine_ros2/install/claw_machine_msgs/lib/python3.11/site-packages/claw_machine_msgs/claw_machine_msgs_s__rosidl_typesupport_c.cpython-311-x86_64-linux-gnu.so
[2.716s] -- Set non-toolchain portion of runtime path of "/home/pico/code/claw_machine_ros2/install/claw_machine_msgs/lib/python3.11/site-packages/claw_machine_msgs/claw_machine_msgs_s__rosidl_typesupport_c.cpython-311-x86_64-linux-gnu.so" to ""
[2.716s] -- Installing: /home/pico/code/claw_machine_ros2/install/claw_machine_msgs/lib/libclaw_machine_msgs__rosidl_generator_py.so
[2.716s] -- Set non-toolchain portion of runtime path of "/home/pico/code/claw_machine_ros2/install/claw_machine_msgs/lib/libclaw_machine_msgs__rosidl_generator_py.so" to ""
[2.716s] -- Installing: /home/pico/code/claw_machine_ros2/install/claw_machine_msgs/share/claw_machine_msgs/msg/Position.idl
[2.716s] -- Installing: /home/pico/code/claw_machine_ros2/install/claw_machine_msgs/share/claw_machine_msgs/msg/Position.msg
[2.716s] -- Installing: /home/pico/code/claw_machine_ros2/install/claw_machine_msgs/share/ament_index/resource_index/package_run_dependencies/claw_machine_msgs
[2.716s] -- Installing: /home/pico/code/claw_machine_ros2/install/claw_machine_msgs/share/ament_index/resource_index/parent_prefix_path/claw_machine_msgs
[2.717s] -- Installing: /home/pico/code/claw_machine_ros2/install/claw_machine_msgs/share/claw_machine_msgs/environment/ament_prefix_path.sh
[2.717s] -- Installing: /home/pico/code/claw_machine_ros2/install/claw_machine_msgs/share/claw_machine_msgs/environment/ament_prefix_path.dsv
[2.717s] -- Installing: /home/pico/code/claw_machine_ros2/install/claw_machine_msgs/share/claw_machine_msgs/environment/path.sh
[2.717s] -- Installing: /home/pico/code/claw_machine_ros2/install/claw_machine_msgs/share/claw_machine_msgs/environment/path.dsv
[2.717s] -- Installing: /home/pico/code/claw_machine_ros2/install/claw_machine_msgs/share/claw_machine_msgs/local_setup.bash
[2.717s] -- Installing: /home/pico/code/claw_machine_ros2/install/claw_machine_msgs/share/claw_machine_msgs/local_setup.sh
[2.717s] -- Installing: /home/pico/code/claw_machine_ros2/install/claw_machine_msgs/share/claw_machine_msgs/local_setup.zsh
[2.717s] -- Installing: /home/pico/code/claw_machine_ros2/install/claw_machine_msgs/share/claw_machine_msgs/local_setup.dsv
[2.717s] -- Installing: /home/pico/code/claw_machine_ros2/install/claw_machine_msgs/share/claw_machine_msgs/package.dsv
[2.717s] -- Installing: /home/pico/code/claw_machine_ros2/install/claw_machine_msgs/share/ament_index/resource_index/packages/claw_machine_msgs
[2.717s] -- Installing: /home/pico/code/claw_machine_ros2/install/claw_machine_msgs/share/claw_machine_msgs/cmake/export_claw_machine_msgs__rosidl_generator_cExport.cmake
[2.717s] -- Installing: /home/pico/code/claw_machine_ros2/install/claw_machine_msgs/share/claw_machine_msgs/cmake/export_claw_machine_msgs__rosidl_generator_cExport-noconfig.cmake
[2.717s] -- Installing: /home/pico/code/claw_machine_ros2/install/claw_machine_msgs/share/claw_machine_msgs/cmake/export_claw_machine_msgs__rosidl_typesupport_fastrtps_cExport.cmake
[2.717s] -- Installing: /home/pico/code/claw_machine_ros2/install/claw_machine_msgs/share/claw_machine_msgs/cmake/export_claw_machine_msgs__rosidl_typesupport_fastrtps_cExport-noconfig.cmake
[2.717s] -- Installing: /home/pico/code/claw_machine_ros2/install/claw_machine_msgs/share/claw_machine_msgs/cmake/export_claw_machine_msgs__rosidl_generator_cppExport.cmake
[2.718s] -- Installing: /home/pico/code/claw_machine_ros2/install/claw_machine_msgs/share/claw_machine_msgs/cmake/export_claw_machine_msgs__rosidl_typesupport_fastrtps_cppExport.cmake
[2.718s] -- Installing: /home/pico/code/claw_machine_ros2/install/claw_machine_msgs/share/claw_machine_msgs/cmake/export_claw_machine_msgs__rosidl_typesupport_fastrtps_cppExport-noconfig.cmake
[2.718s] -- Installing: /home/pico/code/claw_machine_ros2/install/claw_machine_msgs/share/claw_machine_msgs/cmake/claw_machine_msgs__rosidl_typesupport_introspection_cExport.cmake
[2.718s] -- Installing: /home/pico/code/claw_machine_ros2/install/claw_machine_msgs/share/claw_machine_msgs/cmake/claw_machine_msgs__rosidl_typesupport_introspection_cExport-noconfig.cmake
[2.718s] -- Installing: /home/pico/code/claw_machine_ros2/install/claw_machine_msgs/share/claw_machine_msgs/cmake/claw_machine_msgs__rosidl_typesupport_cExport.cmake
[2.718s] -- Installing: /home/pico/code/claw_machine_ros2/install/claw_machine_msgs/share/claw_machine_msgs/cmake/claw_machine_msgs__rosidl_typesupport_cExport-noconfig.cmake
[2.718s] -- Installing: /home/pico/code/claw_machine_ros2/install/claw_machine_msgs/share/claw_machine_msgs/cmake/claw_machine_msgs__rosidl_typesupport_introspection_cppExport.cmake
[2.718s] -- Installing: /home/pico/code/claw_machine_ros2/install/claw_machine_msgs/share/claw_machine_msgs/cmake/claw_machine_msgs__rosidl_typesupport_introspection_cppExport-noconfig.cmake
[2.718s] -- Installing: /home/pico/code/claw_machine_ros2/install/claw_machine_msgs/share/claw_machine_msgs/cmake/claw_machine_msgs__rosidl_typesupport_cppExport.cmake
[2.718s] -- Installing: /home/pico/code/claw_machine_ros2/install/claw_machine_msgs/share/claw_machine_msgs/cmake/claw_machine_msgs__rosidl_typesupport_cppExport-noconfig.cmake
[2.718s] -- Installing: /home/pico/code/claw_machine_ros2/install/claw_machine_msgs/share/claw_machine_msgs/cmake/export_claw_machine_msgs__rosidl_generator_pyExport.cmake
[2.718s] -- Installing: /home/pico/code/claw_machine_ros2/install/claw_machine_msgs/share/claw_machine_msgs/cmake/export_claw_machine_msgs__rosidl_generator_pyExport-noconfig.cmake
[2.718s] -- Installing: /home/pico/code/claw_machine_ros2/install/claw_machine_msgs/share/claw_machine_msgs/cmake/rosidl_cmake-extras.cmake
[2.718s] -- Installing: /home/pico/code/claw_machine_ros2/install/claw_machine_msgs/share/claw_machine_msgs/cmake/ament_cmake_export_dependencies-extras.cmake
[2.718s] -- Installing: /home/pico/code/claw_machine_ros2/install/claw_machine_msgs/share/claw_machine_msgs/cmake/ament_cmake_export_include_directories-extras.cmake
[2.718s] -- Installing: /home/pico/code/claw_machine_ros2/install/claw_machine_msgs/share/claw_machine_msgs/cmake/ament_cmake_export_libraries-extras.cmake
[2.719s] -- Installing: /home/pico/code/claw_machine_ros2/install/claw_machine_msgs/share/claw_machine_msgs/cmake/ament_cmake_export_targets-extras.cmake
[2.719s] -- Installing: /home/pico/code/claw_machine_ros2/install/claw_machine_msgs/share/claw_machine_msgs/cmake/rosidl_cmake_export_typesupport_targets-extras.cmake
[2.719s] -- Installing: /home/pico/code/claw_machine_ros2/install/claw_machine_msgs/share/claw_machine_msgs/cmake/rosidl_cmake_export_typesupport_libraries-extras.cmake
[2.719s] -- Installing: /home/pico/code/claw_machine_ros2/install/claw_machine_msgs/share/claw_machine_msgs/cmake/claw_machine_msgsConfig.cmake
[2.719s] -- Installing: /home/pico/code/claw_machine_ros2/install/claw_machine_msgs/share/claw_machine_msgs/cmake/claw_machine_msgsConfig-version.cmake
[2.719s] -- Installing: /home/pico/code/claw_machine_ros2/install/claw_machine_msgs/share/claw_machine_msgs/package.xml
[2.720s] Invoked command in '/home/pico/code/claw_machine_ros2/build/claw_machine_msgs' returned '0': CONDA_PROMPT_MODIFIER=(ros2) /home/pico/miniconda3/envs/ros2/bin/cmake --install /home/pico/code/claw_machine_ros2/build/claw_machine_msgs
