[5.127s] Invoking command in '/home/pico/code/claw_machine_ros2/src/keyboard_claw_controller': CONDA_PROMPT_MODIFIER=(ros2) PYTHONPATH=/home/pico/code/claw_machine_ros2/build/keyboard_claw_controller/prefix_override:/home/pico/code/claw_machine_ros2/install/keyboard_claw_controller/lib/python3.11/site-packages:${PYTHONPATH} /home/pico/miniconda3/envs/ros2/bin/python3.11 -W ignore:setup.py install is deprecated setup.py egg_info --egg-base ../../build/keyboard_claw_controller build --build-base /home/pico/code/claw_machine_ros2/build/keyboard_claw_controller/build install --record /home/pico/code/claw_machine_ros2/build/keyboard_claw_controller/install.log --single-version-externally-managed install_data
[5.256s] running egg_info
[5.264s] writing ../../build/keyboard_claw_controller/keyboard_claw_controller.egg-info/PKG-INFO
[5.284s] writing dependency_links to ../../build/keyboard_claw_controller/keyboard_claw_controller.egg-info/dependency_links.txt
[5.285s] writing entry points to ../../build/keyboard_claw_controller/keyboard_claw_controller.egg-info/entry_points.txt
[5.285s] writing requirements to ../../build/keyboard_claw_controller/keyboard_claw_controller.egg-info/requires.txt
[5.285s] writing top-level names to ../../build/keyboard_claw_controller/keyboard_claw_controller.egg-info/top_level.txt
[5.301s] reading manifest file '../../build/keyboard_claw_controller/keyboard_claw_controller.egg-info/SOURCES.txt'
[5.330s] writing manifest file '../../build/keyboard_claw_controller/keyboard_claw_controller.egg-info/SOURCES.txt'
[5.330s] running build
[5.330s] running build_py
[5.331s] copying keyboard_claw_controller/ros2_mqtt_bridge.py -> /home/pico/code/claw_machine_ros2/build/keyboard_claw_controller/build/lib/keyboard_claw_controller
[5.331s] copying keyboard_claw_controller/__init__.py -> /home/pico/code/claw_machine_ros2/build/keyboard_claw_controller/build/lib/keyboard_claw_controller
[5.331s] copying keyboard_claw_controller/keyboard_publisher.py -> /home/pico/code/claw_machine_ros2/build/keyboard_claw_controller/build/lib/keyboard_claw_controller
[5.331s] copying keyboard_claw_controller/xcarve_controller.py -> /home/pico/code/claw_machine_ros2/build/keyboard_claw_controller/build/lib/keyboard_claw_controller
[5.331s] running install
[5.335s] running install_lib
[5.344s] copying /home/pico/code/claw_machine_ros2/build/keyboard_claw_controller/build/lib/keyboard_claw_controller/xcarve_controller.py -> /home/pico/code/claw_machine_ros2/install/keyboard_claw_controller/lib/python3.11/site-packages/keyboard_claw_controller
[5.344s] byte-compiling /home/pico/code/claw_machine_ros2/install/keyboard_claw_controller/lib/python3.11/site-packages/keyboard_claw_controller/xcarve_controller.py to xcarve_controller.cpython-311.pyc
[5.345s] running install_data
[5.345s] copying resource/keyboard_claw_controller -> /home/pico/code/claw_machine_ros2/install/keyboard_claw_controller/share/ament_index/resource_index/packages
[5.345s] copying package.xml -> /home/pico/code/claw_machine_ros2/install/keyboard_claw_controller/share/keyboard_claw_controller
[5.345s] running install_egg_info
[5.354s] removing '/home/pico/code/claw_machine_ros2/install/keyboard_claw_controller/lib/python3.11/site-packages/keyboard_claw_controller-0.0.0-py3.11.egg-info' (and everything under it)
[5.354s] Copying ../../build/keyboard_claw_controller/keyboard_claw_controller.egg-info to /home/pico/code/claw_machine_ros2/install/keyboard_claw_controller/lib/python3.11/site-packages/keyboard_claw_controller-0.0.0-py3.11.egg-info
[5.371s] running install_scripts
[5.432s] Installing keyboard_publisher script to /home/pico/code/claw_machine_ros2/install/keyboard_claw_controller/lib/keyboard_claw_controller
[5.432s] Installing ros2_mqtt_bridge script to /home/pico/code/claw_machine_ros2/install/keyboard_claw_controller/lib/keyboard_claw_controller
[5.432s] Installing xcarve_controller script to /home/pico/code/claw_machine_ros2/install/keyboard_claw_controller/lib/keyboard_claw_controller
[5.432s] writing list of installed files to '/home/pico/code/claw_machine_ros2/build/keyboard_claw_controller/install.log'
[5.447s] Invoked command in '/home/pico/code/claw_machine_ros2/src/keyboard_claw_controller' returned '0': CONDA_PROMPT_MODIFIER=(ros2) PYTHONPATH=/home/pico/code/claw_machine_ros2/build/keyboard_claw_controller/prefix_override:/home/pico/code/claw_machine_ros2/install/keyboard_claw_controller/lib/python3.11/site-packages:${PYTHONPATH} /home/pico/miniconda3/envs/ros2/bin/python3.11 -W ignore:setup.py install is deprecated setup.py egg_info --egg-base ../../build/keyboard_claw_controller build --build-base /home/pico/code/claw_machine_ros2/build/keyboard_claw_controller/build install --record /home/pico/code/claw_machine_ros2/build/keyboard_claw_controller/install.log --single-version-externally-managed install_data
