[0.394s] Invoking command in '/home/pico/code/claw_machine_ros2/src/keyboard_claw_controller': CONDA_PROMPT_MODIFIER=(ros2) PYTHONPATH=/home/pico/code/claw_machine_ros2/build/keyboard_claw_controller/prefix_override:/home/pico/code/claw_machine_ros2/install/keyboard_claw_controller/lib/python3.11/site-packages:${PYTHONPATH} /home/pico/miniconda3/envs/ros2/bin/python3.11 -W ignore:setup.py install is deprecated setup.py egg_info --egg-base ../../build/keyboard_claw_controller build --build-base /home/pico/code/claw_machine_ros2/build/keyboard_claw_controller/build install --record /home/pico/code/claw_machine_ros2/build/keyboard_claw_controller/install.log --single-version-externally-managed install_data
[0.519s] running egg_info
[0.526s] writing ../../build/keyboard_claw_controller/keyboard_claw_controller.egg-info/PKG-INFO
[0.526s] writing dependency_links to ../../build/keyboard_claw_controller/keyboard_claw_controller.egg-info/dependency_links.txt
[0.526s] writing entry points to ../../build/keyboard_claw_controller/keyboard_claw_controller.egg-info/entry_points.txt
[0.527s] writing requirements to ../../build/keyboard_claw_controller/keyboard_claw_controller.egg-info/requires.txt
[0.527s] writing top-level names to ../../build/keyboard_claw_controller/keyboard_claw_controller.egg-info/top_level.txt
[0.542s] reading manifest file '../../build/keyboard_claw_controller/keyboard_claw_controller.egg-info/SOURCES.txt'
[0.542s] writing manifest file '../../build/keyboard_claw_controller/keyboard_claw_controller.egg-info/SOURCES.txt'
[0.543s] running build
[0.543s] running build_py
[0.543s] copying keyboard_claw_controller/ros2_mqtt_bridge.py -> /home/pico/code/claw_machine_ros2/build/keyboard_claw_controller/build/lib/keyboard_claw_controller
[0.543s] copying keyboard_claw_controller/__init__.py -> /home/pico/code/claw_machine_ros2/build/keyboard_claw_controller/build/lib/keyboard_claw_controller
[0.543s] copying keyboard_claw_controller/keyboard_publisher.py -> /home/pico/code/claw_machine_ros2/build/keyboard_claw_controller/build/lib/keyboard_claw_controller
[0.543s] copying keyboard_claw_controller/xcarve_controller.py -> /home/pico/code/claw_machine_ros2/build/keyboard_claw_controller/build/lib/keyboard_claw_controller
[0.543s] copying keyboard_claw_controller/basic_game.py -> /home/pico/code/claw_machine_ros2/build/keyboard_claw_controller/build/lib/keyboard_claw_controller
[0.543s] running install
[0.547s] running install_lib
[0.555s] copying /home/pico/code/claw_machine_ros2/build/keyboard_claw_controller/build/lib/keyboard_claw_controller/basic_game.py -> /home/pico/code/claw_machine_ros2/install/keyboard_claw_controller/lib/python3.11/site-packages/keyboard_claw_controller
[0.555s] byte-compiling /home/pico/code/claw_machine_ros2/install/keyboard_claw_controller/lib/python3.11/site-packages/keyboard_claw_controller/basic_game.py to basic_game.cpython-311.pyc
[0.556s] running install_data
[0.556s] copying resource/keyboard_claw_controller -> /home/pico/code/claw_machine_ros2/install/keyboard_claw_controller/share/ament_index/resource_index/packages
[0.556s] copying package.xml -> /home/pico/code/claw_machine_ros2/install/keyboard_claw_controller/share/keyboard_claw_controller
[0.556s] running install_egg_info
[0.564s] removing '/home/pico/code/claw_machine_ros2/install/keyboard_claw_controller/lib/python3.11/site-packages/keyboard_claw_controller-0.0.0-py3.11.egg-info' (and everything under it)
[0.565s] Copying ../../build/keyboard_claw_controller/keyboard_claw_controller.egg-info to /home/pico/code/claw_machine_ros2/install/keyboard_claw_controller/lib/python3.11/site-packages/keyboard_claw_controller-0.0.0-py3.11.egg-info
[0.565s] running install_scripts
[0.623s] Installing basic_game script to /home/pico/code/claw_machine_ros2/install/keyboard_claw_controller/lib/keyboard_claw_controller
[0.623s] Installing keyboard_publisher script to /home/pico/code/claw_machine_ros2/install/keyboard_claw_controller/lib/keyboard_claw_controller
[0.623s] Installing ros2_mqtt_bridge script to /home/pico/code/claw_machine_ros2/install/keyboard_claw_controller/lib/keyboard_claw_controller
[0.623s] Installing xcarve_controller script to /home/pico/code/claw_machine_ros2/install/keyboard_claw_controller/lib/keyboard_claw_controller
[0.623s] writing list of installed files to '/home/pico/code/claw_machine_ros2/build/keyboard_claw_controller/install.log'
[0.637s] Invoked command in '/home/pico/code/claw_machine_ros2/src/keyboard_claw_controller' returned '0': CONDA_PROMPT_MODIFIER=(ros2) PYTHONPATH=/home/pico/code/claw_machine_ros2/build/keyboard_claw_controller/prefix_override:/home/pico/code/claw_machine_ros2/install/keyboard_claw_controller/lib/python3.11/site-packages:${PYTHONPATH} /home/pico/miniconda3/envs/ros2/bin/python3.11 -W ignore:setup.py install is deprecated setup.py egg_info --egg-base ../../build/keyboard_claw_controller build --build-base /home/pico/code/claw_machine_ros2/build/keyboard_claw_controller/build install --record /home/pico/code/claw_machine_ros2/build/keyboard_claw_controller/install.log --single-version-externally-managed install_data
