[0.846s] [34mcolcon[0m [1;30mDEBUG[0m [32mCommand line arguments: ['/home/pico/miniconda3/envs/ros2/bin/colcon', 'build'][0m
[0.846s] [34mcolcon[0m [1;30mDEBUG[0m [32mParsed command line arguments: Namespace(log_base=None, log_level=None, verb_name='build', build_base='build', install_base='install', merge_install=False, symlink_install=False, test_result_base=None, continue_on_error=False, executor='parallel', parallel_workers=20, event_handlers=None, ignore_user_meta=False, metas=['./colcon.meta'], base_paths=['.'], packages_ignore=None, packages_ignore_regex=None, paths=None, packages_up_to=None, packages_up_to_regex=None, packages_above=None, packages_above_and_dependencies=None, packages_above_depth=None, packages_select_by_dep=None, packages_skip_by_dep=None, packages_skip_up_to=None, packages_select_build_failed=False, packages_skip_build_finished=False, packages_select_test_failures=False, packages_skip_test_passed=False, packages_select=None, packages_skip=None, packages_select_regex=None, packages_skip_regex=None, packages_start=None, packages_end=None, cmake_args=None, cmake_target=None, cmake_target_skip_unavailable=False, cmake_clean_cache=False, cmake_clean_first=False, cmake_force_configure=False, ament_cmake_args=None, catkin_cmake_args=None, catkin_skip_building_tests=False, verb_parser=<colcon_defaults.argument_parser.defaults.DefaultArgumentsDecorator object at 0x7f9c5b821890>, verb_extension=<colcon_core.verb.build.BuildVerb object at 0x7f9c5b820ad0>, main=<bound method BuildVerb.main of <colcon_core.verb.build.BuildVerb object at 0x7f9c5b820ad0>>)[0m
[1.317s] [34mcolcon.colcon_core.package_discovery[0m [1;30mLevel 1[0m discover_packages(colcon_meta) check parameters
[1.317s] [34mcolcon.colcon_core.package_discovery[0m [1;30mLevel 1[0m discover_packages(recursive) check parameters
[1.317s] [34mcolcon.colcon_core.package_discovery[0m [1;30mLevel 1[0m discover_packages(ignore) check parameters
[1.317s] [34mcolcon.colcon_core.package_discovery[0m [1;30mLevel 1[0m discover_packages(path) check parameters
[1.317s] [34mcolcon.colcon_core.package_discovery[0m [1;30mLevel 1[0m discover_packages(colcon_meta) discover
[1.317s] [34mcolcon.colcon_core.package_discovery[0m [1;30mLevel 1[0m discover_packages(recursive) discover
[1.318s] [34mcolcon.colcon_core.package_discovery[0m [1;30mINFO[0m Crawling recursively for packages in '/home/pico/code/claw_machine_ros2'
[1.318s] [34mcolcon.colcon_core.package_identification[0m [1;30mLevel 1[0m _identify(.) by extensions ['ignore', 'ignore_ament_install']
[1.318s] [34mcolcon.colcon_core.package_identification[0m [1;30mLevel 1[0m _identify(.) by extension 'ignore'
[1.318s] [34mcolcon.colcon_core.package_identification[0m [1;30mLevel 1[0m _identify(.) by extension 'ignore_ament_install'
[1.318s] [34mcolcon.colcon_core.package_identification[0m [1;30mLevel 1[0m _identify(.) by extensions ['colcon_pkg']
[1.318s] [34mcolcon.colcon_core.package_identification[0m [1;30mLevel 1[0m _identify(.) by extension 'colcon_pkg'
[1.318s] [34mcolcon.colcon_core.package_identification[0m [1;30mLevel 1[0m _identify(.) by extensions ['colcon_meta']
[1.318s] [34mcolcon.colcon_core.package_identification[0m [1;30mLevel 1[0m _identify(.) by extension 'colcon_meta'
[1.318s] [34mcolcon.colcon_core.package_identification[0m [1;30mLevel 1[0m _identify(.) by extensions ['ros']
[1.318s] [34mcolcon.colcon_core.package_identification[0m [1;30mLevel 1[0m _identify(.) by extension 'ros'
[1.440s] [34mcolcon.colcon_core.package_identification[0m [1;30mLevel 1[0m _identify(.) by extensions ['cmake', 'python']
[1.440s] [34mcolcon.colcon_core.package_identification[0m [1;30mLevel 1[0m _identify(.) by extension 'cmake'
[1.440s] [34mcolcon.colcon_core.package_identification[0m [1;30mLevel 1[0m _identify(.) by extension 'python'
[1.440s] [34mcolcon.colcon_core.package_identification[0m [1;30mLevel 1[0m _identify(.) by extensions ['python_setup_py']
[1.440s] [34mcolcon.colcon_core.package_identification[0m [1;30mLevel 1[0m _identify(.) by extension 'python_setup_py'
[1.440s] [34mcolcon.colcon_core.package_identification[0m [1;30mLevel 1[0m _identify(build) by extensions ['ignore', 'ignore_ament_install']
[1.440s] [34mcolcon.colcon_core.package_identification[0m [1;30mLevel 1[0m _identify(build) by extension 'ignore'
[1.440s] [34mcolcon.colcon_core.package_identification[0m [1;30mLevel 1[0m _identify(build) ignored
[1.440s] [34mcolcon.colcon_core.package_identification[0m [1;30mLevel 1[0m _identify(cache) by extensions ['ignore', 'ignore_ament_install']
[1.440s] [34mcolcon.colcon_core.package_identification[0m [1;30mLevel 1[0m _identify(cache) by extension 'ignore'
[1.440s] [34mcolcon.colcon_core.package_identification[0m [1;30mLevel 1[0m _identify(cache) by extension 'ignore_ament_install'
[1.441s] [34mcolcon.colcon_core.package_identification[0m [1;30mLevel 1[0m _identify(cache) by extensions ['colcon_pkg']
[1.441s] [34mcolcon.colcon_core.package_identification[0m [1;30mLevel 1[0m _identify(cache) by extension 'colcon_pkg'
[1.441s] [34mcolcon.colcon_core.package_identification[0m [1;30mLevel 1[0m _identify(cache) by extensions ['colcon_meta']
[1.441s] [34mcolcon.colcon_core.package_identification[0m [1;30mLevel 1[0m _identify(cache) by extension 'colcon_meta'
[1.441s] [34mcolcon.colcon_core.package_identification[0m [1;30mLevel 1[0m _identify(cache) by extensions ['ros']
[1.441s] [34mcolcon.colcon_core.package_identification[0m [1;30mLevel 1[0m _identify(cache) by extension 'ros'
[1.441s] [34mcolcon.colcon_core.package_identification[0m [1;30mLevel 1[0m _identify(cache) by extensions ['cmake', 'python']
[1.441s] [34mcolcon.colcon_core.package_identification[0m [1;30mLevel 1[0m _identify(cache) by extension 'cmake'
[1.441s] [34mcolcon.colcon_core.package_identification[0m [1;30mLevel 1[0m _identify(cache) by extension 'python'
[1.441s] [34mcolcon.colcon_core.package_identification[0m [1;30mLevel 1[0m _identify(cache) by extensions ['python_setup_py']
[1.441s] [34mcolcon.colcon_core.package_identification[0m [1;30mLevel 1[0m _identify(cache) by extension 'python_setup_py'
[1.453s] [34mcolcon.colcon_core.package_identification[0m [1;30mLevel 1[0m _identify(cache/humble) by extensions ['ignore', 'ignore_ament_install']
[1.454s] [34mcolcon.colcon_core.package_identification[0m [1;30mLevel 1[0m _identify(cache/humble) by extension 'ignore'
[1.454s] [34mcolcon.colcon_core.package_identification[0m [1;30mLevel 1[0m _identify(cache/humble) by extension 'ignore_ament_install'
[1.454s] [34mcolcon.colcon_core.package_identification[0m [1;30mLevel 1[0m _identify(cache/humble) by extensions ['colcon_pkg']
[1.455s] [34mcolcon.colcon_core.package_identification[0m [1;30mLevel 1[0m _identify(cache/humble) by extension 'colcon_pkg'
[1.455s] [34mcolcon.colcon_core.package_identification[0m [1;30mLevel 1[0m _identify(cache/humble) by extensions ['colcon_meta']
[1.455s] [34mcolcon.colcon_core.package_identification[0m [1;30mLevel 1[0m _identify(cache/humble) by extension 'colcon_meta'
[1.455s] [34mcolcon.colcon_core.package_identification[0m [1;30mLevel 1[0m _identify(cache/humble) by extensions ['ros']
[1.455s] [34mcolcon.colcon_core.package_identification[0m [1;30mLevel 1[0m _identify(cache/humble) by extension 'ros'
[1.455s] [34mcolcon.colcon_core.package_identification[0m [1;30mLevel 1[0m _identify(cache/humble) by extensions ['cmake', 'python']
[1.456s] [34mcolcon.colcon_core.package_identification[0m [1;30mLevel 1[0m _identify(cache/humble) by extension 'cmake'
[1.456s] [34mcolcon.colcon_core.package_identification[0m [1;30mLevel 1[0m _identify(cache/humble) by extension 'python'
[1.456s] [34mcolcon.colcon_core.package_identification[0m [1;30mLevel 1[0m _identify(cache/humble) by extensions ['python_setup_py']
[1.456s] [34mcolcon.colcon_core.package_identification[0m [1;30mLevel 1[0m _identify(cache/humble) by extension 'python_setup_py'
[1.459s] [34mcolcon.colcon_core.package_identification[0m [1;30mLevel 1[0m _identify(cache/humble/build) by extensions ['ignore', 'ignore_ament_install']
[1.459s] [34mcolcon.colcon_core.package_identification[0m [1;30mLevel 1[0m _identify(cache/humble/build) by extension 'ignore'
[1.459s] [34mcolcon.colcon_core.package_identification[0m [1;30mLevel 1[0m _identify(cache/humble/build) ignored
[1.489s] [34mcolcon.colcon_core.package_identification[0m [1;30mLevel 1[0m _identify(cache/humble/install) by extensions ['ignore', 'ignore_ament_install']
[1.489s] [34mcolcon.colcon_core.package_identification[0m [1;30mLevel 1[0m _identify(cache/humble/install) by extension 'ignore'
[1.489s] [34mcolcon.colcon_core.package_identification[0m [1;30mLevel 1[0m _identify(cache/humble/install) ignored
[1.499s] [34mcolcon.colcon_core.package_identification[0m [1;30mLevel 1[0m _identify(cache/humble/log) by extensions ['ignore', 'ignore_ament_install']
[1.499s] [34mcolcon.colcon_core.package_identification[0m [1;30mLevel 1[0m _identify(cache/humble/log) by extension 'ignore'
[1.499s] [34mcolcon.colcon_core.package_identification[0m [1;30mLevel 1[0m _identify(cache/humble/log) ignored
[1.499s] [34mcolcon.colcon_core.package_identification[0m [1;30mLevel 1[0m _identify(install) by extensions ['ignore', 'ignore_ament_install']
[1.499s] [34mcolcon.colcon_core.package_identification[0m [1;30mLevel 1[0m _identify(install) by extension 'ignore'
[1.499s] [34mcolcon.colcon_core.package_identification[0m [1;30mLevel 1[0m _identify(install) ignored
[1.499s] [34mcolcon.colcon_core.package_identification[0m [1;30mLevel 1[0m _identify(log) by extensions ['ignore', 'ignore_ament_install']
[1.499s] [34mcolcon.colcon_core.package_identification[0m [1;30mLevel 1[0m _identify(log) by extension 'ignore'
[1.499s] [34mcolcon.colcon_core.package_identification[0m [1;30mLevel 1[0m _identify(log) ignored
[1.499s] [34mcolcon.colcon_core.package_identification[0m [1;30mLevel 1[0m _identify(src) by extensions ['ignore', 'ignore_ament_install']
[1.499s] [34mcolcon.colcon_core.package_identification[0m [1;30mLevel 1[0m _identify(src) by extension 'ignore'
[1.500s] [34mcolcon.colcon_core.package_identification[0m [1;30mLevel 1[0m _identify(src) by extension 'ignore_ament_install'
[1.500s] [34mcolcon.colcon_core.package_identification[0m [1;30mLevel 1[0m _identify(src) by extensions ['colcon_pkg']
[1.500s] [34mcolcon.colcon_core.package_identification[0m [1;30mLevel 1[0m _identify(src) by extension 'colcon_pkg'
[1.500s] [34mcolcon.colcon_core.package_identification[0m [1;30mLevel 1[0m _identify(src) by extensions ['colcon_meta']
[1.500s] [34mcolcon.colcon_core.package_identification[0m [1;30mLevel 1[0m _identify(src) by extension 'colcon_meta'
[1.500s] [34mcolcon.colcon_core.package_identification[0m [1;30mLevel 1[0m _identify(src) by extensions ['ros']
[1.500s] [34mcolcon.colcon_core.package_identification[0m [1;30mLevel 1[0m _identify(src) by extension 'ros'
[1.500s] [34mcolcon.colcon_core.package_identification[0m [1;30mLevel 1[0m _identify(src) by extensions ['cmake', 'python']
[1.500s] [34mcolcon.colcon_core.package_identification[0m [1;30mLevel 1[0m _identify(src) by extension 'cmake'
[1.500s] [34mcolcon.colcon_core.package_identification[0m [1;30mLevel 1[0m _identify(src) by extension 'python'
[1.500s] [34mcolcon.colcon_core.package_identification[0m [1;30mLevel 1[0m _identify(src) by extensions ['python_setup_py']
[1.500s] [34mcolcon.colcon_core.package_identification[0m [1;30mLevel 1[0m _identify(src) by extension 'python_setup_py'
[1.500s] [34mcolcon.colcon_core.package_identification[0m [1;30mLevel 1[0m _identify(src/build) by extensions ['ignore', 'ignore_ament_install']
[1.500s] [34mcolcon.colcon_core.package_identification[0m [1;30mLevel 1[0m _identify(src/build) by extension 'ignore'
[1.500s] [34mcolcon.colcon_core.package_identification[0m [1;30mLevel 1[0m _identify(src/build) ignored
[1.500s] [34mcolcon.colcon_core.package_identification[0m [1;30mLevel 1[0m _identify(src/claw_machine_msgs) by extensions ['ignore', 'ignore_ament_install']
[1.500s] [34mcolcon.colcon_core.package_identification[0m [1;30mLevel 1[0m _identify(src/claw_machine_msgs) by extension 'ignore'
[1.500s] [34mcolcon.colcon_core.package_identification[0m [1;30mLevel 1[0m _identify(src/claw_machine_msgs) by extension 'ignore_ament_install'
[1.500s] [34mcolcon.colcon_core.package_identification[0m [1;30mLevel 1[0m _identify(src/claw_machine_msgs) by extensions ['colcon_pkg']
[1.500s] [34mcolcon.colcon_core.package_identification[0m [1;30mLevel 1[0m _identify(src/claw_machine_msgs) by extension 'colcon_pkg'
[1.500s] [34mcolcon.colcon_core.package_identification[0m [1;30mLevel 1[0m _identify(src/claw_machine_msgs) by extensions ['colcon_meta']
[1.500s] [34mcolcon.colcon_core.package_identification[0m [1;30mLevel 1[0m _identify(src/claw_machine_msgs) by extension 'colcon_meta'
[1.500s] [34mcolcon.colcon_core.package_identification[0m [1;30mLevel 1[0m _identify(src/claw_machine_msgs) by extensions ['ros']
[1.500s] [34mcolcon.colcon_core.package_identification[0m [1;30mLevel 1[0m _identify(src/claw_machine_msgs) by extension 'ros'
[1.545s] [34mcolcon.colcon_core.package_identification[0m [1;30mDEBUG[0m [32mPackage 'src/claw_machine_msgs' with type 'ros.ament_cmake' and name 'claw_machine_msgs'[0m
[1.545s] [34mcolcon.colcon_core.package_identification[0m [1;30mLevel 1[0m _identify(src/install) by extensions ['ignore', 'ignore_ament_install']
[1.545s] [34mcolcon.colcon_core.package_identification[0m [1;30mLevel 1[0m _identify(src/install) by extension 'ignore'
[1.545s] [34mcolcon.colcon_core.package_identification[0m [1;30mLevel 1[0m _identify(src/install) ignored
[1.545s] [34mcolcon.colcon_core.package_identification[0m [1;30mLevel 1[0m _identify(src/keyboard_claw_controller) by extensions ['ignore', 'ignore_ament_install']
[1.545s] [34mcolcon.colcon_core.package_identification[0m [1;30mLevel 1[0m _identify(src/keyboard_claw_controller) by extension 'ignore'
[1.546s] [34mcolcon.colcon_core.package_identification[0m [1;30mLevel 1[0m _identify(src/keyboard_claw_controller) by extension 'ignore_ament_install'
[1.546s] [34mcolcon.colcon_core.package_identification[0m [1;30mLevel 1[0m _identify(src/keyboard_claw_controller) by extensions ['colcon_pkg']
[1.546s] [34mcolcon.colcon_core.package_identification[0m [1;30mLevel 1[0m _identify(src/keyboard_claw_controller) by extension 'colcon_pkg'
[1.546s] [34mcolcon.colcon_core.package_identification[0m [1;30mLevel 1[0m _identify(src/keyboard_claw_controller) by extensions ['colcon_meta']
[1.546s] [34mcolcon.colcon_core.package_identification[0m [1;30mLevel 1[0m _identify(src/keyboard_claw_controller) by extension 'colcon_meta'
[1.546s] [34mcolcon.colcon_core.package_identification[0m [1;30mLevel 1[0m _identify(src/keyboard_claw_controller) by extensions ['ros']
[1.546s] [34mcolcon.colcon_core.package_identification[0m [1;30mLevel 1[0m _identify(src/keyboard_claw_controller) by extension 'ros'
[1.546s] [34mcolcon.colcon_core.package_identification[0m [1;30mDEBUG[0m [32mPackage 'src/keyboard_claw_controller' with type 'ros.ament_python' and name 'keyboard_claw_controller'[0m
[1.546s] [34mcolcon.colcon_core.package_identification[0m [1;30mLevel 1[0m _identify(src/log) by extensions ['ignore', 'ignore_ament_install']
[1.546s] [34mcolcon.colcon_core.package_identification[0m [1;30mLevel 1[0m _identify(src/log) by extension 'ignore'
[1.546s] [34mcolcon.colcon_core.package_identification[0m [1;30mLevel 1[0m _identify(src/log) ignored
[1.546s] [34mcolcon.colcon_core.package_discovery[0m [1;30mLevel 1[0m discover_packages(recursive) using defaults
[1.547s] [34mcolcon.colcon_core.package_discovery[0m [1;30mLevel 1[0m discover_packages(ignore) discover
[1.547s] [34mcolcon.colcon_core.package_discovery[0m [1;30mLevel 1[0m discover_packages(ignore) using defaults
[1.547s] [34mcolcon.colcon_core.package_discovery[0m [1;30mLevel 1[0m discover_packages(path) discover
[1.547s] [34mcolcon.colcon_core.package_discovery[0m [1;30mLevel 1[0m discover_packages(path) using defaults
[1.757s] [34mcolcon.colcon_core.verb[0m [1;30mLevel 5[0m set package 'claw_machine_msgs' build argument 'cmake_args' from command line to 'None'
[1.757s] [34mcolcon.colcon_core.verb[0m [1;30mLevel 5[0m set package 'claw_machine_msgs' build argument 'cmake_target' from command line to 'None'
[1.757s] [34mcolcon.colcon_core.verb[0m [1;30mLevel 5[0m set package 'claw_machine_msgs' build argument 'cmake_target_skip_unavailable' from command line to 'False'
[1.757s] [34mcolcon.colcon_core.verb[0m [1;30mLevel 5[0m set package 'claw_machine_msgs' build argument 'cmake_clean_cache' from command line to 'False'
[1.757s] [34mcolcon.colcon_core.verb[0m [1;30mLevel 5[0m set package 'claw_machine_msgs' build argument 'cmake_clean_first' from command line to 'False'
[1.757s] [34mcolcon.colcon_core.verb[0m [1;30mLevel 5[0m set package 'claw_machine_msgs' build argument 'cmake_force_configure' from command line to 'False'
[1.757s] [34mcolcon.colcon_core.verb[0m [1;30mLevel 5[0m set package 'claw_machine_msgs' build argument 'ament_cmake_args' from command line to 'None'
[1.757s] [34mcolcon.colcon_core.verb[0m [1;30mLevel 5[0m set package 'claw_machine_msgs' build argument 'catkin_cmake_args' from command line to 'None'
[1.757s] [34mcolcon.colcon_core.verb[0m [1;30mLevel 5[0m set package 'claw_machine_msgs' build argument 'catkin_skip_building_tests' from command line to 'False'
[1.757s] [34mcolcon.colcon_core.verb[0m [1;30mDEBUG[0m [32mBuilding package 'claw_machine_msgs' with the following arguments: {'ament_cmake_args': None, 'build_base': '/home/pico/code/claw_machine_ros2/build/claw_machine_msgs', 'catkin_cmake_args': None, 'catkin_skip_building_tests': False, 'cmake_args': None, 'cmake_clean_cache': False, 'cmake_clean_first': False, 'cmake_force_configure': False, 'cmake_target': None, 'cmake_target_skip_unavailable': False, 'install_base': '/home/pico/code/claw_machine_ros2/install/claw_machine_msgs', 'merge_install': False, 'path': '/home/pico/code/claw_machine_ros2/src/claw_machine_msgs', 'symlink_install': False, 'test_result_base': None}[0m
[1.758s] [34mcolcon.colcon_core.verb[0m [1;30mLevel 5[0m set package 'keyboard_claw_controller' build argument 'cmake_args' from command line to 'None'
[1.758s] [34mcolcon.colcon_core.verb[0m [1;30mLevel 5[0m set package 'keyboard_claw_controller' build argument 'cmake_target' from command line to 'None'
[1.758s] [34mcolcon.colcon_core.verb[0m [1;30mLevel 5[0m set package 'keyboard_claw_controller' build argument 'cmake_target_skip_unavailable' from command line to 'False'
[1.758s] [34mcolcon.colcon_core.verb[0m [1;30mLevel 5[0m set package 'keyboard_claw_controller' build argument 'cmake_clean_cache' from command line to 'False'
[1.758s] [34mcolcon.colcon_core.verb[0m [1;30mLevel 5[0m set package 'keyboard_claw_controller' build argument 'cmake_clean_first' from command line to 'False'
[1.758s] [34mcolcon.colcon_core.verb[0m [1;30mLevel 5[0m set package 'keyboard_claw_controller' build argument 'cmake_force_configure' from command line to 'False'
[1.758s] [34mcolcon.colcon_core.verb[0m [1;30mLevel 5[0m set package 'keyboard_claw_controller' build argument 'ament_cmake_args' from command line to 'None'
[1.758s] [34mcolcon.colcon_core.verb[0m [1;30mLevel 5[0m set package 'keyboard_claw_controller' build argument 'catkin_cmake_args' from command line to 'None'
[1.758s] [34mcolcon.colcon_core.verb[0m [1;30mLevel 5[0m set package 'keyboard_claw_controller' build argument 'catkin_skip_building_tests' from command line to 'False'
[1.758s] [34mcolcon.colcon_core.verb[0m [1;30mDEBUG[0m [32mBuilding package 'keyboard_claw_controller' with the following arguments: {'ament_cmake_args': None, 'build_base': '/home/pico/code/claw_machine_ros2/build/keyboard_claw_controller', 'catkin_cmake_args': None, 'catkin_skip_building_tests': False, 'cmake_args': None, 'cmake_clean_cache': False, 'cmake_clean_first': False, 'cmake_force_configure': False, 'cmake_target': None, 'cmake_target_skip_unavailable': False, 'install_base': '/home/pico/code/claw_machine_ros2/install/keyboard_claw_controller', 'merge_install': False, 'path': '/home/pico/code/claw_machine_ros2/src/keyboard_claw_controller', 'symlink_install': False, 'test_result_base': None}[0m
[1.758s] [34mcolcon.colcon_core.executor[0m [1;30mINFO[0m Executing jobs using 'parallel' executor
[1.759s] [34mcolcon.colcon_parallel_executor.executor.parallel[0m [1;30mDEBUG[0m [32mrun_until_complete[0m
[1.759s] [34mcolcon.colcon_ros.task.ament_cmake.build[0m [1;30mINFO[0m Building ROS package in '/home/pico/code/claw_machine_ros2/src/claw_machine_msgs' with build type 'ament_cmake'
[1.759s] [34mcolcon.colcon_cmake.task.cmake.build[0m [1;30mINFO[0m Building CMake package in '/home/pico/code/claw_machine_ros2/src/claw_machine_msgs'
[1.806s] [34mcolcon.colcon_core.plugin_system[0m [1;30mINFO[0m Skipping extension 'colcon_core.shell.bat': Not used on non-Windows systems
[1.807s] [34mcolcon.colcon_core.shell[0m [1;30mINFO[0m Skip shell extension 'powershell' for command environment: Not usable outside of PowerShell
[1.807s] [34mcolcon.colcon_core.shell[0m [1;30mDEBUG[0m [32mSkip shell extension 'dsv' for command environment[0m
[1.900s] [34mcolcon.colcon_ros.task.ament_python.build[0m [1;30mINFO[0m Building ROS package in '/home/pico/code/claw_machine_ros2/src/keyboard_claw_controller' with build type 'ament_python'
[1.900s] [34mcolcon.colcon_core.shell[0m [1;30mLevel 1[0m create_environment_hook('keyboard_claw_controller', 'ament_prefix_path')
[1.901s] [34mcolcon.colcon_core.shell[0m [1;30mINFO[0m Creating environment hook '/home/pico/code/claw_machine_ros2/install/keyboard_claw_controller/share/keyboard_claw_controller/hook/ament_prefix_path.ps1'
[1.926s] [34mcolcon.colcon_core.shell[0m [1;30mINFO[0m Creating environment descriptor '/home/pico/code/claw_machine_ros2/install/keyboard_claw_controller/share/keyboard_claw_controller/hook/ament_prefix_path.dsv'
[1.932s] [34mcolcon.colcon_core.shell[0m [1;30mINFO[0m Creating environment hook '/home/pico/code/claw_machine_ros2/install/keyboard_claw_controller/share/keyboard_claw_controller/hook/ament_prefix_path.sh'
[1.932s] [34mcolcon.colcon_core.shell[0m [1;30mINFO[0m Skip shell extension 'powershell' for command environment: Not usable outside of PowerShell
[1.932s] [34mcolcon.colcon_core.shell[0m [1;30mDEBUG[0m [32mSkip shell extension 'dsv' for command environment[0m
[1.970s] [34mcolcon.colcon_core.event_handler.log_command[0m [1;30mDEBUG[0m [32mInvoking command in '/home/pico/code/claw_machine_ros2/build/claw_machine_msgs': CMAKE_PREFIX_PATH=${CMAKE_PREFIX_PATH}:/home/pico/code/claw_machine_ros2/install/keyboard_claw_controller CONDA_PROMPT_MODIFIER=(ros2) /home/pico/miniconda3/envs/ros2/bin/cmake --build /home/pico/code/claw_machine_ros2/build/claw_machine_msgs -- -j20 -l20[0m
[2.102s] [34mcolcon.colcon_core.task.python.build[0m [1;30mINFO[0m Building Python package in '/home/pico/code/claw_machine_ros2/src/keyboard_claw_controller'
[2.102s] [34mcolcon.colcon_core.shell[0m [1;30mINFO[0m Skip shell extension 'powershell' for command environment: Not usable outside of PowerShell
[2.102s] [34mcolcon.colcon_core.shell[0m [1;30mDEBUG[0m [32mSkip shell extension 'dsv' for command environment[0m
[4.874s] [34mcolcon.colcon_core.event_handler.log_command[0m [1;30mDEBUG[0m [32mInvoked command in '/home/pico/code/claw_machine_ros2/build/claw_machine_msgs' returned '0': CMAKE_PREFIX_PATH=${CMAKE_PREFIX_PATH}:/home/pico/code/claw_machine_ros2/install/keyboard_claw_controller CONDA_PROMPT_MODIFIER=(ros2) /home/pico/miniconda3/envs/ros2/bin/cmake --build /home/pico/code/claw_machine_ros2/build/claw_machine_msgs -- -j20 -l20[0m
[4.927s] [34mcolcon.colcon_core.event_handler.log_command[0m [1;30mDEBUG[0m [32mInvoking command in '/home/pico/code/claw_machine_ros2/build/claw_machine_msgs': CMAKE_PREFIX_PATH=${CMAKE_PREFIX_PATH}:/home/pico/code/claw_machine_ros2/install/keyboard_claw_controller CONDA_PROMPT_MODIFIER=(ros2) /home/pico/miniconda3/envs/ros2/bin/cmake --install /home/pico/code/claw_machine_ros2/build/claw_machine_msgs[0m
[4.938s] [34mcolcon.colcon_core.event_handler.log_command[0m [1;30mDEBUG[0m [32mInvoking command in '/home/pico/code/claw_machine_ros2/src/keyboard_claw_controller': CONDA_PROMPT_MODIFIER=(ros2) PYTHONPATH=/home/pico/code/claw_machine_ros2/build/keyboard_claw_controller/prefix_override:/home/pico/code/claw_machine_ros2/install/keyboard_claw_controller/lib/python3.11/site-packages:${PYTHONPATH} /home/pico/miniconda3/envs/ros2/bin/python3.11 -W ignore:setup.py install is deprecated setup.py egg_info --egg-base ../../build/keyboard_claw_controller build --build-base /home/pico/code/claw_machine_ros2/build/keyboard_claw_controller/build install --record /home/pico/code/claw_machine_ros2/build/keyboard_claw_controller/install.log --single-version-externally-managed install_data[0m
[5.072s] [34mcolcon.colcon_core.environment[0m [1;30mLevel 1[0m create_environment_scripts_only(claw_machine_msgs)
[5.072s] [34mcolcon.colcon_core.event_handler.log_command[0m [1;30mDEBUG[0m [32mInvoked command in '/home/pico/code/claw_machine_ros2/build/claw_machine_msgs' returned '0': CMAKE_PREFIX_PATH=${CMAKE_PREFIX_PATH}:/home/pico/code/claw_machine_ros2/install/keyboard_claw_controller CONDA_PROMPT_MODIFIER=(ros2) /home/pico/miniconda3/envs/ros2/bin/cmake --install /home/pico/code/claw_machine_ros2/build/claw_machine_msgs[0m
[5.327s] [34mcolcon.colcon_core.environment[0m [1;30mLevel 1[0m checking '/home/pico/code/claw_machine_ros2/install/claw_machine_msgs' for CMake module files
[5.327s] [34mcolcon.colcon_core.environment[0m [1;30mLevel 1[0m checking '/home/pico/code/claw_machine_ros2/install/claw_machine_msgs' for CMake config files
[5.328s] [34mcolcon.colcon_core.shell[0m [1;30mLevel 1[0m create_environment_hook('claw_machine_msgs', 'cmake_prefix_path')
[5.328s] [34mcolcon.colcon_core.shell[0m [1;30mINFO[0m Creating environment hook '/home/pico/code/claw_machine_ros2/install/claw_machine_msgs/share/claw_machine_msgs/hook/cmake_prefix_path.ps1'
[5.328s] [34mcolcon.colcon_core.shell[0m [1;30mINFO[0m Creating environment descriptor '/home/pico/code/claw_machine_ros2/install/claw_machine_msgs/share/claw_machine_msgs/hook/cmake_prefix_path.dsv'
[5.328s] [34mcolcon.colcon_core.shell[0m [1;30mINFO[0m Creating environment hook '/home/pico/code/claw_machine_ros2/install/claw_machine_msgs/share/claw_machine_msgs/hook/cmake_prefix_path.sh'
[5.328s] [34mcolcon.colcon_core.environment[0m [1;30mLevel 1[0m checking '/home/pico/code/claw_machine_ros2/install/claw_machine_msgs/lib'
[5.329s] [34mcolcon.colcon_core.shell[0m [1;30mLevel 1[0m create_environment_hook('claw_machine_msgs', 'ld_library_path_lib')
[5.329s] [34mcolcon.colcon_core.shell[0m [1;30mINFO[0m Creating environment hook '/home/pico/code/claw_machine_ros2/install/claw_machine_msgs/share/claw_machine_msgs/hook/ld_library_path_lib.ps1'
[5.329s] [34mcolcon.colcon_core.shell[0m [1;30mINFO[0m Creating environment descriptor '/home/pico/code/claw_machine_ros2/install/claw_machine_msgs/share/claw_machine_msgs/hook/ld_library_path_lib.dsv'
[5.329s] [34mcolcon.colcon_core.shell[0m [1;30mINFO[0m Creating environment hook '/home/pico/code/claw_machine_ros2/install/claw_machine_msgs/share/claw_machine_msgs/hook/ld_library_path_lib.sh'
[5.329s] [34mcolcon.colcon_core.environment[0m [1;30mLevel 1[0m checking '/home/pico/code/claw_machine_ros2/install/claw_machine_msgs/bin'
[5.329s] [34mcolcon.colcon_core.environment[0m [1;30mLevel 1[0m checking '/home/pico/code/claw_machine_ros2/install/claw_machine_msgs/lib/pkgconfig/claw_machine_msgs.pc'
[5.329s] [34mcolcon.colcon_core.environment[0m [1;30mLevel 1[0m checking '/home/pico/code/claw_machine_ros2/install/claw_machine_msgs/lib/python3.11/site-packages'
[5.329s] [34mcolcon.colcon_core.shell[0m [1;30mLevel 1[0m create_environment_hook('claw_machine_msgs', 'pythonpath')
[5.329s] [34mcolcon.colcon_core.shell[0m [1;30mINFO[0m Creating environment hook '/home/pico/code/claw_machine_ros2/install/claw_machine_msgs/share/claw_machine_msgs/hook/pythonpath.ps1'
[5.330s] [34mcolcon.colcon_core.shell[0m [1;30mINFO[0m Creating environment descriptor '/home/pico/code/claw_machine_ros2/install/claw_machine_msgs/share/claw_machine_msgs/hook/pythonpath.dsv'
[5.330s] [34mcolcon.colcon_core.shell[0m [1;30mINFO[0m Creating environment hook '/home/pico/code/claw_machine_ros2/install/claw_machine_msgs/share/claw_machine_msgs/hook/pythonpath.sh'
[5.330s] [34mcolcon.colcon_core.environment[0m [1;30mLevel 1[0m checking '/home/pico/code/claw_machine_ros2/install/claw_machine_msgs/bin'
[5.330s] [34mcolcon.colcon_core.shell[0m [1;30mINFO[0m Creating package script '/home/pico/code/claw_machine_ros2/install/claw_machine_msgs/share/claw_machine_msgs/package.ps1'
[5.352s] [34mcolcon.colcon_core.shell[0m [1;30mINFO[0m Creating package descriptor '/home/pico/code/claw_machine_ros2/install/claw_machine_msgs/share/claw_machine_msgs/package.dsv'
[5.355s] [34mcolcon.colcon_core.shell[0m [1;30mINFO[0m Creating package script '/home/pico/code/claw_machine_ros2/install/claw_machine_msgs/share/claw_machine_msgs/package.sh'
[5.356s] [34mcolcon.colcon_core.shell[0m [1;30mINFO[0m Creating package script '/home/pico/code/claw_machine_ros2/install/claw_machine_msgs/share/claw_machine_msgs/package.bash'
[5.393s] [34mcolcon.colcon_core.shell[0m [1;30mINFO[0m Creating package script '/home/pico/code/claw_machine_ros2/install/claw_machine_msgs/share/claw_machine_msgs/package.zsh'
[5.410s] [34mcolcon.colcon_core.environment[0m [1;30mLevel 1[0m create_file_with_runtime_dependencies(/home/pico/code/claw_machine_ros2/install/claw_machine_msgs/share/colcon-core/packages/claw_machine_msgs)
[5.412s] [34mcolcon.colcon_core.environment[0m [1;30mLevel 1[0m checking '/home/pico/code/claw_machine_ros2/install/keyboard_claw_controller' for CMake module files
[5.412s] [34mcolcon.colcon_core.event_handler.log_command[0m [1;30mDEBUG[0m [32mInvoked command in '/home/pico/code/claw_machine_ros2/src/keyboard_claw_controller' returned '0': CONDA_PROMPT_MODIFIER=(ros2) PYTHONPATH=/home/pico/code/claw_machine_ros2/build/keyboard_claw_controller/prefix_override:/home/pico/code/claw_machine_ros2/install/keyboard_claw_controller/lib/python3.11/site-packages:${PYTHONPATH} /home/pico/miniconda3/envs/ros2/bin/python3.11 -W ignore:setup.py install is deprecated setup.py egg_info --egg-base ../../build/keyboard_claw_controller build --build-base /home/pico/code/claw_machine_ros2/build/keyboard_claw_controller/build install --record /home/pico/code/claw_machine_ros2/build/keyboard_claw_controller/install.log --single-version-externally-managed install_data[0m
[5.412s] [34mcolcon.colcon_core.environment[0m [1;30mLevel 1[0m checking '/home/pico/code/claw_machine_ros2/install/keyboard_claw_controller' for CMake config files
[5.412s] [34mcolcon.colcon_core.environment[0m [1;30mLevel 1[0m checking '/home/pico/code/claw_machine_ros2/install/keyboard_claw_controller/lib'
[5.412s] [34mcolcon.colcon_core.environment[0m [1;30mLevel 1[0m checking '/home/pico/code/claw_machine_ros2/install/keyboard_claw_controller/bin'
[5.413s] [34mcolcon.colcon_core.environment[0m [1;30mLevel 1[0m checking '/home/pico/code/claw_machine_ros2/install/keyboard_claw_controller/lib/pkgconfig/keyboard_claw_controller.pc'
[5.413s] [34mcolcon.colcon_core.environment[0m [1;30mLevel 1[0m checking '/home/pico/code/claw_machine_ros2/install/keyboard_claw_controller/lib/python3.11/site-packages'
[5.413s] [34mcolcon.colcon_core.shell[0m [1;30mLevel 1[0m create_environment_hook('keyboard_claw_controller', 'pythonpath')
[5.413s] [34mcolcon.colcon_core.shell[0m [1;30mINFO[0m Creating environment hook '/home/pico/code/claw_machine_ros2/install/keyboard_claw_controller/share/keyboard_claw_controller/hook/pythonpath.ps1'
[5.413s] [34mcolcon.colcon_core.shell[0m [1;30mINFO[0m Creating environment descriptor '/home/pico/code/claw_machine_ros2/install/keyboard_claw_controller/share/keyboard_claw_controller/hook/pythonpath.dsv'
[5.413s] [34mcolcon.colcon_core.shell[0m [1;30mINFO[0m Creating environment hook '/home/pico/code/claw_machine_ros2/install/keyboard_claw_controller/share/keyboard_claw_controller/hook/pythonpath.sh'
[5.414s] [34mcolcon.colcon_core.environment[0m [1;30mLevel 1[0m checking '/home/pico/code/claw_machine_ros2/install/keyboard_claw_controller/bin'
[5.414s] [34mcolcon.colcon_core.environment[0m [1;30mLevel 1[0m create_environment_scripts_only(keyboard_claw_controller)
[5.414s] [34mcolcon.colcon_core.shell[0m [1;30mINFO[0m Creating package script '/home/pico/code/claw_machine_ros2/install/keyboard_claw_controller/share/keyboard_claw_controller/package.ps1'
[5.414s] [34mcolcon.colcon_core.shell[0m [1;30mINFO[0m Creating package descriptor '/home/pico/code/claw_machine_ros2/install/keyboard_claw_controller/share/keyboard_claw_controller/package.dsv'
[5.414s] [34mcolcon.colcon_core.shell[0m [1;30mINFO[0m Creating package script '/home/pico/code/claw_machine_ros2/install/keyboard_claw_controller/share/keyboard_claw_controller/package.sh'
[5.415s] [34mcolcon.colcon_core.shell[0m [1;30mINFO[0m Creating package script '/home/pico/code/claw_machine_ros2/install/keyboard_claw_controller/share/keyboard_claw_controller/package.bash'
[5.415s] [34mcolcon.colcon_core.shell[0m [1;30mINFO[0m Creating package script '/home/pico/code/claw_machine_ros2/install/keyboard_claw_controller/share/keyboard_claw_controller/package.zsh'
[5.415s] [34mcolcon.colcon_core.environment[0m [1;30mLevel 1[0m create_file_with_runtime_dependencies(/home/pico/code/claw_machine_ros2/install/keyboard_claw_controller/share/colcon-core/packages/keyboard_claw_controller)
[5.439s] [34mcolcon.colcon_core.environment[0m [1;30mLevel 1[0m create_environment_scripts_only(claw_machine_msgs)
[5.439s] [34mcolcon.colcon_core.environment[0m [1;30mLevel 1[0m checking '/home/pico/code/claw_machine_ros2/install/claw_machine_msgs' for CMake module files
[5.439s] [34mcolcon.colcon_core.environment[0m [1;30mLevel 1[0m checking '/home/pico/code/claw_machine_ros2/install/claw_machine_msgs' for CMake config files
[5.439s] [34mcolcon.colcon_core.shell[0m [1;30mLevel 1[0m create_environment_hook('claw_machine_msgs', 'cmake_prefix_path')
[5.439s] [34mcolcon.colcon_core.shell[0m [1;30mINFO[0m Creating environment hook '/home/pico/code/claw_machine_ros2/install/claw_machine_msgs/share/claw_machine_msgs/hook/cmake_prefix_path.ps1'
[5.440s] [34mcolcon.colcon_core.shell[0m [1;30mINFO[0m Creating environment descriptor '/home/pico/code/claw_machine_ros2/install/claw_machine_msgs/share/claw_machine_msgs/hook/cmake_prefix_path.dsv'
[5.440s] [34mcolcon.colcon_core.shell[0m [1;30mINFO[0m Creating environment hook '/home/pico/code/claw_machine_ros2/install/claw_machine_msgs/share/claw_machine_msgs/hook/cmake_prefix_path.sh'
[5.440s] [34mcolcon.colcon_core.environment[0m [1;30mLevel 1[0m checking '/home/pico/code/claw_machine_ros2/install/claw_machine_msgs/lib'
[5.440s] [34mcolcon.colcon_core.shell[0m [1;30mLevel 1[0m create_environment_hook('claw_machine_msgs', 'ld_library_path_lib')
[5.440s] [34mcolcon.colcon_core.shell[0m [1;30mINFO[0m Creating environment hook '/home/pico/code/claw_machine_ros2/install/claw_machine_msgs/share/claw_machine_msgs/hook/ld_library_path_lib.ps1'
[5.440s] [34mcolcon.colcon_core.shell[0m [1;30mINFO[0m Creating environment descriptor '/home/pico/code/claw_machine_ros2/install/claw_machine_msgs/share/claw_machine_msgs/hook/ld_library_path_lib.dsv'
[5.440s] [34mcolcon.colcon_core.shell[0m [1;30mINFO[0m Creating environment hook '/home/pico/code/claw_machine_ros2/install/claw_machine_msgs/share/claw_machine_msgs/hook/ld_library_path_lib.sh'
[5.441s] [34mcolcon.colcon_core.environment[0m [1;30mLevel 1[0m checking '/home/pico/code/claw_machine_ros2/install/claw_machine_msgs/bin'
[5.441s] [34mcolcon.colcon_core.environment[0m [1;30mLevel 1[0m checking '/home/pico/code/claw_machine_ros2/install/claw_machine_msgs/lib/pkgconfig/claw_machine_msgs.pc'
[5.441s] [34mcolcon.colcon_core.environment[0m [1;30mLevel 1[0m checking '/home/pico/code/claw_machine_ros2/install/claw_machine_msgs/lib/python3.11/site-packages'
[5.441s] [34mcolcon.colcon_core.shell[0m [1;30mLevel 1[0m create_environment_hook('claw_machine_msgs', 'pythonpath')
[5.441s] [34mcolcon.colcon_core.shell[0m [1;30mINFO[0m Creating environment hook '/home/pico/code/claw_machine_ros2/install/claw_machine_msgs/share/claw_machine_msgs/hook/pythonpath.ps1'
[5.441s] [34mcolcon.colcon_core.shell[0m [1;30mINFO[0m Creating environment descriptor '/home/pico/code/claw_machine_ros2/install/claw_machine_msgs/share/claw_machine_msgs/hook/pythonpath.dsv'
[5.441s] [34mcolcon.colcon_core.shell[0m [1;30mINFO[0m Creating environment hook '/home/pico/code/claw_machine_ros2/install/claw_machine_msgs/share/claw_machine_msgs/hook/pythonpath.sh'
[5.442s] [34mcolcon.colcon_core.environment[0m [1;30mLevel 1[0m checking '/home/pico/code/claw_machine_ros2/install/claw_machine_msgs/bin'
[5.442s] [34mcolcon.colcon_core.shell[0m [1;30mINFO[0m Creating package script '/home/pico/code/claw_machine_ros2/install/claw_machine_msgs/share/claw_machine_msgs/package.ps1'
[5.442s] [34mcolcon.colcon_core.shell[0m [1;30mINFO[0m Creating package descriptor '/home/pico/code/claw_machine_ros2/install/claw_machine_msgs/share/claw_machine_msgs/package.dsv'
[5.442s] [34mcolcon.colcon_core.shell[0m [1;30mINFO[0m Creating package script '/home/pico/code/claw_machine_ros2/install/claw_machine_msgs/share/claw_machine_msgs/package.sh'
[5.443s] [34mcolcon.colcon_core.shell[0m [1;30mINFO[0m Creating package script '/home/pico/code/claw_machine_ros2/install/claw_machine_msgs/share/claw_machine_msgs/package.bash'
[5.443s] [34mcolcon.colcon_core.shell[0m [1;30mINFO[0m Creating package script '/home/pico/code/claw_machine_ros2/install/claw_machine_msgs/share/claw_machine_msgs/package.zsh'
[5.443s] [34mcolcon.colcon_core.environment[0m [1;30mLevel 1[0m create_file_with_runtime_dependencies(/home/pico/code/claw_machine_ros2/install/claw_machine_msgs/share/colcon-core/packages/claw_machine_msgs)
[5.444s] [34mcolcon.colcon_parallel_executor.executor.parallel[0m [1;30mDEBUG[0m [32mclosing loop[0m
[5.444s] [34mcolcon.colcon_parallel_executor.executor.parallel[0m [1;30mDEBUG[0m [32mloop closed[0m
[5.444s] [34mcolcon.colcon_parallel_executor.executor.parallel[0m [1;30mDEBUG[0m [32mrun_until_complete finished with '0'[0m
[5.444s] [34mcolcon.colcon_core.event_reactor[0m [1;30mDEBUG[0m [32mjoining thread[0m
[5.444s] [34mcolcon.colcon_core.event_reactor[0m [1;30mDEBUG[0m [32mjoined thread[0m
[5.444s] [34mcolcon.colcon_core.shell[0m [1;30mINFO[0m Creating prefix script '/home/pico/code/claw_machine_ros2/install/local_setup.ps1'
[5.445s] [34mcolcon.colcon_core.shell[0m [1;30mINFO[0m Creating prefix util module '/home/pico/code/claw_machine_ros2/install/_local_setup_util_ps1.py'
[5.466s] [34mcolcon.colcon_core.shell[0m [1;30mINFO[0m Creating prefix chain script '/home/pico/code/claw_machine_ros2/install/setup.ps1'
[5.468s] [34mcolcon.colcon_core.shell[0m [1;30mINFO[0m Creating prefix script '/home/pico/code/claw_machine_ros2/install/local_setup.sh'
[5.470s] [34mcolcon.colcon_core.shell[0m [1;30mINFO[0m Creating prefix util module '/home/pico/code/claw_machine_ros2/install/_local_setup_util_sh.py'
[5.471s] [34mcolcon.colcon_core.shell[0m [1;30mINFO[0m Creating prefix chain script '/home/pico/code/claw_machine_ros2/install/setup.sh'
[5.478s] [34mcolcon.colcon_core.shell[0m [1;30mINFO[0m Creating prefix script '/home/pico/code/claw_machine_ros2/install/local_setup.bash'
[5.479s] [34mcolcon.colcon_core.shell[0m [1;30mINFO[0m Creating prefix chain script '/home/pico/code/claw_machine_ros2/install/setup.bash'
[5.479s] [34mcolcon.colcon_core.shell[0m [1;30mINFO[0m Creating prefix script '/home/pico/code/claw_machine_ros2/install/local_setup.zsh'
[5.480s] [34mcolcon.colcon_core.shell[0m [1;30mINFO[0m Creating prefix chain script '/home/pico/code/claw_machine_ros2/install/setup.zsh'
