[0.601s] Invoking command in '/home/rosdev/ros2_ws/src/keyboard_claw_controller': PYTHONPATH=/home/rosdev/ros2_ws/build/keyboard_claw_controller/prefix_override:/home/rosdev/ros2_ws/install/keyboard_claw_controller/lib/python3.10/site-packages:${PYTHONPATH} /usr/bin/python3 setup.py egg_info --egg-base ../../build/keyboard_claw_controller build --build-base /home/rosdev/ros2_ws/build/keyboard_claw_controller/build install --record /home/rosdev/ros2_ws/build/keyboard_claw_controller/install.log --single-version-externally-managed
[0.778s] running egg_info
[0.778s] writing ../../build/keyboard_claw_controller/keyboard_claw_controller.egg-info/PKG-INFO
[0.778s] writing dependency_links to ../../build/keyboard_claw_controller/keyboard_claw_controller.egg-info/dependency_links.txt
[0.778s] writing entry points to ../../build/keyboard_claw_controller/keyboard_claw_controller.egg-info/entry_points.txt
[0.779s] writing requirements to ../../build/keyboard_claw_controller/keyboard_claw_controller.egg-info/requires.txt
[0.779s] writing top-level names to ../../build/keyboard_claw_controller/keyboard_claw_controller.egg-info/top_level.txt
[0.780s] reading manifest file '../../build/keyboard_claw_controller/keyboard_claw_controller.egg-info/SOURCES.txt'
[0.781s] writing manifest file '../../build/keyboard_claw_controller/keyboard_claw_controller.egg-info/SOURCES.txt'
[0.781s] running build
[0.781s] running build_py
[0.781s] running install
[0.782s] /usr/lib/python3/dist-packages/setuptools/command/install.py:34: SetuptoolsDeprecationWarning: setup.py install is deprecated. Use build and pip and other standards-based tools.
[0.782s]   warnings.warn(
[0.782s] running install_lib
[0.783s] running install_data
[0.784s] running install_egg_info
[0.787s] removing '/home/rosdev/ros2_ws/install/keyboard_claw_controller/lib/python3.10/site-packages/keyboard_claw_controller-0.0.0-py3.10.egg-info' (and everything under it)
[0.787s] Copying ../../build/keyboard_claw_controller/keyboard_claw_controller.egg-info to /home/rosdev/ros2_ws/install/keyboard_claw_controller/lib/python3.10/site-packages/keyboard_claw_controller-0.0.0-py3.10.egg-info
[0.788s] running install_scripts
[0.809s] Installing keyboard_publisher script to /home/rosdev/ros2_ws/install/keyboard_claw_controller/lib/keyboard_claw_controller
[0.809s] Installing ros2_mqtt_bridge script to /home/rosdev/ros2_ws/install/keyboard_claw_controller/lib/keyboard_claw_controller
[0.809s] Installing xcarve_controller script to /home/rosdev/ros2_ws/install/keyboard_claw_controller/lib/keyboard_claw_controller
[0.809s] writing list of installed files to '/home/rosdev/ros2_ws/build/keyboard_claw_controller/install.log'
[0.826s] Invoked command in '/home/rosdev/ros2_ws/src/keyboard_claw_controller' returned '0': PYTHONPATH=/home/rosdev/ros2_ws/build/keyboard_claw_controller/prefix_override:/home/rosdev/ros2_ws/install/keyboard_claw_controller/lib/python3.10/site-packages:${PYTHONPATH} /usr/bin/python3 setup.py egg_info --egg-base ../../build/keyboard_claw_controller build --build-base /home/rosdev/ros2_ws/build/keyboard_claw_controller/build install --record /home/rosdev/ros2_ws/build/keyboard_claw_controller/install.log --single-version-externally-managed
