[0.056s] Invoking command in '/home/rosdev/ros2_ws/build/claw_machine_msgs': CMAKE_PREFIX_PATH=/home/rosdev/ros2_ws/install/keyboard_claw_controller:/opt/ros/humble /usr/bin/cmake /home/rosdev/ros2_ws/src/claw_machine_msgs -DCMAKE_INSTALL_PREFIX=/home/rosdev/ros2_ws/install/claw_machine_msgs
[0.160s] -- The C compiler identification is GNU 11.4.0
[0.249s] -- The CXX compiler identification is GNU 11.4.0
[0.258s] -- Detecting C compiler ABI info
[0.334s] -- Detecting C compiler ABI info - done
[0.342s] -- Check for working C compiler: /usr/bin/cc - skipped
[0.342s] -- Detecting C compile features
[0.343s] -- Detecting C compile features - done
[0.347s] -- Detecting CXX compiler ABI info
[0.418s] -- Detecting CXX compiler ABI info - done
[0.425s] -- Check for working CXX compiler: /usr/bin/c++ - skipped
[0.425s] -- Detecting CXX compile features
[0.426s] -- Detecting CXX compile features - done
[0.436s] -- Found ament_cmake: 1.3.8 (/opt/ros/humble/share/ament_cmake/cmake)
[0.578s] -- Found Python3: /usr/bin/python3 (found version "3.10.12") found components: Interpreter 
[0.682s] -- Found rosidl_default_generators: 1.2.0 (/opt/ros/humble/share/rosidl_default_generators/cmake)
[0.687s] -- Using all available rosidl_typesupport_c: rosidl_typesupport_fastrtps_c;rosidl_typesupport_introspection_c
[0.698s] -- Found rosidl_adapter: 3.1.5 (/opt/ros/humble/share/rosidl_adapter/cmake)
[0.760s] -- Using all available rosidl_typesupport_cpp: rosidl_typesupport_fastrtps_cpp;rosidl_typesupport_introspection_cpp
[0.959s] [31mCMake Error at /opt/ros/humble/share/rosidl_cmake/cmake/rosidl_generate_interfaces.cmake:229 (message):
[0.959s]   Packages installing interfaces must include
[0.959s]   '<member_of_group>rosidl_interface_packages</member_of_group>' in their
[0.959s]   package.xml
[0.959s] Call Stack (most recent call first):
[0.959s]   CMakeLists.txt:14 (rosidl_generate_interfaces)
[0.959s] 
[0.960s] [0m
[0.960s] -- Configuring incomplete, errors occurred!
[0.960s] See also "/home/rosdev/ros2_ws/build/claw_machine_msgs/CMakeFiles/CMakeOutput.log".
[0.966s] Invoked command in '/home/rosdev/ros2_ws/build/claw_machine_msgs' returned '1': CMAKE_PREFIX_PATH=/home/rosdev/ros2_ws/install/keyboard_claw_controller:/opt/ros/humble /usr/bin/cmake /home/rosdev/ros2_ws/src/claw_machine_msgs -DCMAKE_INSTALL_PREFIX=/home/rosdev/ros2_ws/install/claw_machine_msgs
