running egg_info
creating ../../build/keyboard_claw_controller/keyboard_claw_controller.egg-info
writing ../../build/keyboard_claw_controller/keyboard_claw_controller.egg-info/PKG-INFO
writing dependency_links to ../../build/keyboard_claw_controller/keyboard_claw_controller.egg-info/dependency_links.txt
writing entry points to ../../build/keyboard_claw_controller/keyboard_claw_controller.egg-info/entry_points.txt
writing requirements to ../../build/keyboard_claw_controller/keyboard_claw_controller.egg-info/requires.txt
writing top-level names to ../../build/keyboard_claw_controller/keyboard_claw_controller.egg-info/top_level.txt
writing manifest file '../../build/keyboard_claw_controller/keyboard_claw_controller.egg-info/SOURCES.txt'
reading manifest file '../../build/keyboard_claw_controller/keyboard_claw_controller.egg-info/SOURCES.txt'
writing manifest file '../../build/keyboard_claw_controller/keyboard_claw_controller.egg-info/SOURCES.txt'
running build
running build_py
creating /home/rosdev/ros2_ws/build/keyboard_claw_controller/build
creating /home/rosdev/ros2_ws/build/keyboard_claw_controller/build/lib
creating /home/rosdev/ros2_ws/build/keyboard_claw_controller/build/lib/keyboard_claw_controller
copying keyboard_claw_controller/keyboard_publisher.py -> /home/rosdev/ros2_ws/build/keyboard_claw_controller/build/lib/keyboard_claw_controller
copying keyboard_claw_controller/__init__.py -> /home/rosdev/ros2_ws/build/keyboard_claw_controller/build/lib/keyboard_claw_controller
running install
/usr/lib/python3/dist-packages/setuptools/command/install.py:34: SetuptoolsDeprecationWarning: setup.py install is deprecated. Use build and pip and other standards-based tools.
  warnings.warn(
running install_lib
creating /home/rosdev/ros2_ws/install/keyboard_claw_controller/lib/python3.10/site-packages/keyboard_claw_controller
copying /home/rosdev/ros2_ws/build/keyboard_claw_controller/build/lib/keyboard_claw_controller/keyboard_publisher.py -> /home/rosdev/ros2_ws/install/keyboard_claw_controller/lib/python3.10/site-packages/keyboard_claw_controller
copying /home/rosdev/ros2_ws/build/keyboard_claw_controller/build/lib/keyboard_claw_controller/__init__.py -> /home/rosdev/ros2_ws/install/keyboard_claw_controller/lib/python3.10/site-packages/keyboard_claw_controller
byte-compiling /home/rosdev/ros2_ws/install/keyboard_claw_controller/lib/python3.10/site-packages/keyboard_claw_controller/keyboard_publisher.py to keyboard_publisher.cpython-310.pyc
byte-compiling /home/rosdev/ros2_ws/install/keyboard_claw_controller/lib/python3.10/site-packages/keyboard_claw_controller/__init__.py to __init__.cpython-310.pyc
running install_data
creating /home/rosdev/ros2_ws/install/keyboard_claw_controller/share/ament_index
creating /home/rosdev/ros2_ws/install/keyboard_claw_controller/share/ament_index/resource_index
creating /home/rosdev/ros2_ws/install/keyboard_claw_controller/share/ament_index/resource_index/packages
copying resource/keyboard_claw_controller -> /home/rosdev/ros2_ws/install/keyboard_claw_controller/share/ament_index/resource_index/packages
copying package.xml -> /home/rosdev/ros2_ws/install/keyboard_claw_controller/share/keyboard_claw_controller
running install_egg_info
Copying ../../build/keyboard_claw_controller/keyboard_claw_controller.egg-info to /home/rosdev/ros2_ws/install/keyboard_claw_controller/lib/python3.10/site-packages/keyboard_claw_controller-0.0.0-py3.10.egg-info
running install_scripts
Installing keyboard_publisher script to /home/rosdev/ros2_ws/install/keyboard_claw_controller/lib/keyboard_claw_controller
writing list of installed files to '/home/rosdev/ros2_ws/build/keyboard_claw_controller/install.log'
