[0.916s] DEBUG:colcon:Command line arguments: ['/usr/bin/colcon', 'build']
[0.916s] DEBUG:colcon:Parsed command line arguments: Namespace(log_base=None, log_level=None, verb_name='build', build_base='build', install_base='install', merge_install=False, symlink_install=False, test_result_base=None, continue_on_error=False, executor='parallel', parallel_workers=12, event_handlers=None, ignore_user_meta=False, metas=['./colcon.meta'], base_paths=['.'], packages_ignore=None, packages_ignore_regex=None, paths=None, packages_up_to=None, packages_up_to_regex=None, packages_above=None, packages_above_and_dependencies=None, packages_above_depth=None, packages_select_by_dep=None, packages_skip_by_dep=None, packages_skip_up_to=None, packages_select_build_failed=False, packages_skip_build_finished=False, packages_select_test_failures=False, packages_skip_test_passed=False, packages_select=None, packages_skip=None, packages_select_regex=None, packages_skip_regex=None, packages_start=None, packages_end=None, cmake_args=None, cmake_target=None, cmake_target_skip_unavailable=False, cmake_clean_cache=False, cmake_clean_first=False, cmake_force_configure=False, ament_cmake_args=None, catkin_cmake_args=None, catkin_skip_building_tests=False, mixin_files=None, mixin=None, verb_parser=<colcon_mixin.mixin.mixin_argument.MixinArgumentDecorator object at 0x7d306e3ea6e0>, verb_extension=<colcon_core.verb.build.BuildVerb object at 0x7d306e3e8850>, main=<bound method BuildVerb.main of <colcon_core.verb.build.BuildVerb object at 0x7d306e3e8850>>, mixin_verb=('build',))
[0.967s] Level 1:colcon.colcon_core.package_discovery:discover_packages(colcon_meta) check parameters
[0.968s] Level 1:colcon.colcon_core.package_discovery:discover_packages(recursive) check parameters
[0.968s] Level 1:colcon.colcon_core.package_discovery:discover_packages(ignore) check parameters
[0.968s] Level 1:colcon.colcon_core.package_discovery:discover_packages(path) check parameters
[0.968s] Level 1:colcon.colcon_core.package_discovery:discover_packages(colcon_meta) discover
[0.968s] Level 1:colcon.colcon_core.package_discovery:discover_packages(recursive) discover
[0.968s] INFO:colcon.colcon_core.package_discovery:Crawling recursively for packages in '/home/rosdev/ros2_ws'
[0.968s] Level 1:colcon.colcon_core.package_identification:_identify(.) by extensions ['ignore', 'ignore_ament_install']
[0.968s] Level 1:colcon.colcon_core.package_identification:_identify(.) by extension 'ignore'
[0.968s] Level 1:colcon.colcon_core.package_identification:_identify(.) by extension 'ignore_ament_install'
[0.968s] Level 1:colcon.colcon_core.package_identification:_identify(.) by extensions ['colcon_pkg']
[0.968s] Level 1:colcon.colcon_core.package_identification:_identify(.) by extension 'colcon_pkg'
[0.968s] Level 1:colcon.colcon_core.package_identification:_identify(.) by extensions ['colcon_meta']
[0.968s] Level 1:colcon.colcon_core.package_identification:_identify(.) by extension 'colcon_meta'
[0.968s] Level 1:colcon.colcon_core.package_identification:_identify(.) by extensions ['ros']
[0.968s] Level 1:colcon.colcon_core.package_identification:_identify(.) by extension 'ros'
[0.980s] Level 1:colcon.colcon_core.package_identification:_identify(.) by extensions ['cmake', 'python']
[0.981s] Level 1:colcon.colcon_core.package_identification:_identify(.) by extension 'cmake'
[0.981s] Level 1:colcon.colcon_core.package_identification:_identify(.) by extension 'python'
[0.981s] Level 1:colcon.colcon_core.package_identification:_identify(.) by extensions ['python_setup_py']
[0.981s] Level 1:colcon.colcon_core.package_identification:_identify(.) by extension 'python_setup_py'
[0.981s] Level 1:colcon.colcon_core.package_identification:_identify(build) by extensions ['ignore', 'ignore_ament_install']
[0.981s] Level 1:colcon.colcon_core.package_identification:_identify(build) by extension 'ignore'
[0.981s] Level 1:colcon.colcon_core.package_identification:_identify(build) ignored
[0.981s] Level 1:colcon.colcon_core.package_identification:_identify(install) by extensions ['ignore', 'ignore_ament_install']
[0.981s] Level 1:colcon.colcon_core.package_identification:_identify(install) by extension 'ignore'
[0.981s] Level 1:colcon.colcon_core.package_identification:_identify(install) ignored
[0.981s] Level 1:colcon.colcon_core.package_identification:_identify(log) by extensions ['ignore', 'ignore_ament_install']
[0.981s] Level 1:colcon.colcon_core.package_identification:_identify(log) by extension 'ignore'
[0.981s] Level 1:colcon.colcon_core.package_identification:_identify(log) ignored
[0.981s] Level 1:colcon.colcon_core.package_identification:_identify(src) by extensions ['ignore', 'ignore_ament_install']
[0.982s] Level 1:colcon.colcon_core.package_identification:_identify(src) by extension 'ignore'
[0.982s] Level 1:colcon.colcon_core.package_identification:_identify(src) by extension 'ignore_ament_install'
[0.982s] Level 1:colcon.colcon_core.package_identification:_identify(src) by extensions ['colcon_pkg']
[0.982s] Level 1:colcon.colcon_core.package_identification:_identify(src) by extension 'colcon_pkg'
[0.982s] Level 1:colcon.colcon_core.package_identification:_identify(src) by extensions ['colcon_meta']
[0.982s] Level 1:colcon.colcon_core.package_identification:_identify(src) by extension 'colcon_meta'
[0.982s] Level 1:colcon.colcon_core.package_identification:_identify(src) by extensions ['ros']
[0.982s] Level 1:colcon.colcon_core.package_identification:_identify(src) by extension 'ros'
[0.982s] Level 1:colcon.colcon_core.package_identification:_identify(src) by extensions ['cmake', 'python']
[0.982s] Level 1:colcon.colcon_core.package_identification:_identify(src) by extension 'cmake'
[0.982s] Level 1:colcon.colcon_core.package_identification:_identify(src) by extension 'python'
[0.982s] Level 1:colcon.colcon_core.package_identification:_identify(src) by extensions ['python_setup_py']
[0.982s] Level 1:colcon.colcon_core.package_identification:_identify(src) by extension 'python_setup_py'
[0.982s] Level 1:colcon.colcon_core.package_identification:_identify(src/build) by extensions ['ignore', 'ignore_ament_install']
[0.982s] Level 1:colcon.colcon_core.package_identification:_identify(src/build) by extension 'ignore'
[0.982s] Level 1:colcon.colcon_core.package_identification:_identify(src/build) ignored
[0.982s] Level 1:colcon.colcon_core.package_identification:_identify(src/claw_machine_msgs) by extensions ['ignore', 'ignore_ament_install']
[0.982s] Level 1:colcon.colcon_core.package_identification:_identify(src/claw_machine_msgs) by extension 'ignore'
[0.982s] Level 1:colcon.colcon_core.package_identification:_identify(src/claw_machine_msgs) by extension 'ignore_ament_install'
[0.982s] Level 1:colcon.colcon_core.package_identification:_identify(src/claw_machine_msgs) by extensions ['colcon_pkg']
[0.982s] Level 1:colcon.colcon_core.package_identification:_identify(src/claw_machine_msgs) by extension 'colcon_pkg'
[0.983s] Level 1:colcon.colcon_core.package_identification:_identify(src/claw_machine_msgs) by extensions ['colcon_meta']
[0.983s] Level 1:colcon.colcon_core.package_identification:_identify(src/claw_machine_msgs) by extension 'colcon_meta'
[0.983s] Level 1:colcon.colcon_core.package_identification:_identify(src/claw_machine_msgs) by extensions ['ros']
[0.983s] Level 1:colcon.colcon_core.package_identification:_identify(src/claw_machine_msgs) by extension 'ros'
[0.985s] DEBUG:colcon.colcon_core.package_identification:Package 'src/claw_machine_msgs' with type 'ros.ament_cmake' and name 'claw_machine_msgs'
[0.985s] Level 1:colcon.colcon_core.package_identification:_identify(src/install) by extensions ['ignore', 'ignore_ament_install']
[0.985s] Level 1:colcon.colcon_core.package_identification:_identify(src/install) by extension 'ignore'
[0.985s] Level 1:colcon.colcon_core.package_identification:_identify(src/install) ignored
[0.986s] Level 1:colcon.colcon_core.package_identification:_identify(src/keyboard_claw_controller) by extensions ['ignore', 'ignore_ament_install']
[0.986s] Level 1:colcon.colcon_core.package_identification:_identify(src/keyboard_claw_controller) by extension 'ignore'
[0.986s] Level 1:colcon.colcon_core.package_identification:_identify(src/keyboard_claw_controller) by extension 'ignore_ament_install'
[0.986s] Level 1:colcon.colcon_core.package_identification:_identify(src/keyboard_claw_controller) by extensions ['colcon_pkg']
[0.986s] Level 1:colcon.colcon_core.package_identification:_identify(src/keyboard_claw_controller) by extension 'colcon_pkg'
[0.986s] Level 1:colcon.colcon_core.package_identification:_identify(src/keyboard_claw_controller) by extensions ['colcon_meta']
[0.986s] Level 1:colcon.colcon_core.package_identification:_identify(src/keyboard_claw_controller) by extension 'colcon_meta'
[0.986s] Level 1:colcon.colcon_core.package_identification:_identify(src/keyboard_claw_controller) by extensions ['ros']
[0.986s] Level 1:colcon.colcon_core.package_identification:_identify(src/keyboard_claw_controller) by extension 'ros'
[0.986s] DEBUG:colcon.colcon_core.package_identification:Package 'src/keyboard_claw_controller' with type 'ros.ament_python' and name 'keyboard_claw_controller'
[0.987s] Level 1:colcon.colcon_core.package_identification:_identify(src/log) by extensions ['ignore', 'ignore_ament_install']
[0.987s] Level 1:colcon.colcon_core.package_identification:_identify(src/log) by extension 'ignore'
[0.987s] Level 1:colcon.colcon_core.package_identification:_identify(src/log) ignored
[0.987s] Level 1:colcon.colcon_core.package_discovery:discover_packages(recursive) using defaults
[0.987s] Level 1:colcon.colcon_core.package_discovery:discover_packages(ignore) discover
[0.987s] Level 1:colcon.colcon_core.package_discovery:discover_packages(ignore) using defaults
[0.987s] Level 1:colcon.colcon_core.package_discovery:discover_packages(path) discover
[0.987s] Level 1:colcon.colcon_core.package_discovery:discover_packages(path) using defaults
[1.049s] Level 5:colcon.colcon_core.verb:set package 'claw_machine_msgs' build argument 'cmake_args' from command line to 'None'
[1.049s] Level 5:colcon.colcon_core.verb:set package 'claw_machine_msgs' build argument 'cmake_target' from command line to 'None'
[1.049s] Level 5:colcon.colcon_core.verb:set package 'claw_machine_msgs' build argument 'cmake_target_skip_unavailable' from command line to 'False'
[1.049s] Level 5:colcon.colcon_core.verb:set package 'claw_machine_msgs' build argument 'cmake_clean_cache' from command line to 'False'
[1.049s] Level 5:colcon.colcon_core.verb:set package 'claw_machine_msgs' build argument 'cmake_clean_first' from command line to 'False'
[1.049s] Level 5:colcon.colcon_core.verb:set package 'claw_machine_msgs' build argument 'cmake_force_configure' from command line to 'False'
[1.049s] Level 5:colcon.colcon_core.verb:set package 'claw_machine_msgs' build argument 'ament_cmake_args' from command line to 'None'
[1.049s] Level 5:colcon.colcon_core.verb:set package 'claw_machine_msgs' build argument 'catkin_cmake_args' from command line to 'None'
[1.049s] Level 5:colcon.colcon_core.verb:set package 'claw_machine_msgs' build argument 'catkin_skip_building_tests' from command line to 'False'
[1.049s] DEBUG:colcon.colcon_core.verb:Building package 'claw_machine_msgs' with the following arguments: {'ament_cmake_args': None, 'build_base': '/home/rosdev/ros2_ws/build/claw_machine_msgs', 'catkin_cmake_args': None, 'catkin_skip_building_tests': False, 'cmake_args': None, 'cmake_clean_cache': False, 'cmake_clean_first': False, 'cmake_force_configure': False, 'cmake_target': None, 'cmake_target_skip_unavailable': False, 'install_base': '/home/rosdev/ros2_ws/install/claw_machine_msgs', 'merge_install': False, 'path': '/home/rosdev/ros2_ws/src/claw_machine_msgs', 'symlink_install': False, 'test_result_base': None}
[1.058s] Level 5:colcon.colcon_core.verb:set package 'keyboard_claw_controller' build argument 'cmake_args' from command line to 'None'
[1.058s] Level 5:colcon.colcon_core.verb:set package 'keyboard_claw_controller' build argument 'cmake_target' from command line to 'None'
[1.058s] Level 5:colcon.colcon_core.verb:set package 'keyboard_claw_controller' build argument 'cmake_target_skip_unavailable' from command line to 'False'
[1.058s] Level 5:colcon.colcon_core.verb:set package 'keyboard_claw_controller' build argument 'cmake_clean_cache' from command line to 'False'
[1.058s] Level 5:colcon.colcon_core.verb:set package 'keyboard_claw_controller' build argument 'cmake_clean_first' from command line to 'False'
[1.058s] Level 5:colcon.colcon_core.verb:set package 'keyboard_claw_controller' build argument 'cmake_force_configure' from command line to 'False'
[1.058s] Level 5:colcon.colcon_core.verb:set package 'keyboard_claw_controller' build argument 'ament_cmake_args' from command line to 'None'
[1.058s] Level 5:colcon.colcon_core.verb:set package 'keyboard_claw_controller' build argument 'catkin_cmake_args' from command line to 'None'
[1.058s] Level 5:colcon.colcon_core.verb:set package 'keyboard_claw_controller' build argument 'catkin_skip_building_tests' from command line to 'False'
[1.058s] DEBUG:colcon.colcon_core.verb:Building package 'keyboard_claw_controller' with the following arguments: {'ament_cmake_args': None, 'build_base': '/home/rosdev/ros2_ws/build/keyboard_claw_controller', 'catkin_cmake_args': None, 'catkin_skip_building_tests': False, 'cmake_args': None, 'cmake_clean_cache': False, 'cmake_clean_first': False, 'cmake_force_configure': False, 'cmake_target': None, 'cmake_target_skip_unavailable': False, 'install_base': '/home/rosdev/ros2_ws/install/keyboard_claw_controller', 'merge_install': False, 'path': '/home/rosdev/ros2_ws/src/keyboard_claw_controller', 'symlink_install': False, 'test_result_base': None}
[1.068s] INFO:colcon.colcon_core.executor:Executing jobs using 'parallel' executor
[1.077s] DEBUG:colcon.colcon_parallel_executor.executor.parallel:run_until_complete
[1.078s] INFO:colcon.colcon_ros.task.ament_cmake.build:Building ROS package in '/home/rosdev/ros2_ws/src/claw_machine_msgs' with build type 'ament_cmake'
[1.078s] INFO:colcon.colcon_cmake.task.cmake.build:Building CMake package in '/home/rosdev/ros2_ws/src/claw_machine_msgs'
[1.092s] INFO:colcon.colcon_core.plugin_system:Skipping extension 'colcon_core.shell.bat': Not used on non-Windows systems
[1.092s] INFO:colcon.colcon_core.shell:Skip shell extension 'powershell' for command environment: Not usable outside of PowerShell
[1.092s] DEBUG:colcon.colcon_core.shell:Skip shell extension 'dsv' for command environment
[1.130s] INFO:colcon.colcon_ros.task.ament_python.build:Building ROS package in '/home/rosdev/ros2_ws/src/keyboard_claw_controller' with build type 'ament_python'
[1.130s] Level 1:colcon.colcon_core.shell:create_environment_hook('keyboard_claw_controller', 'ament_prefix_path')
[1.140s] INFO:colcon.colcon_core.shell:Creating environment hook '/home/rosdev/ros2_ws/install/keyboard_claw_controller/share/keyboard_claw_controller/hook/ament_prefix_path.ps1'
[1.140s] INFO:colcon.colcon_core.shell:Creating environment descriptor '/home/rosdev/ros2_ws/install/keyboard_claw_controller/share/keyboard_claw_controller/hook/ament_prefix_path.dsv'
[1.141s] INFO:colcon.colcon_core.shell:Creating environment hook '/home/rosdev/ros2_ws/install/keyboard_claw_controller/share/keyboard_claw_controller/hook/ament_prefix_path.sh'
[1.150s] INFO:colcon.colcon_core.shell:Skip shell extension 'powershell' for command environment: Not usable outside of PowerShell
[1.151s] DEBUG:colcon.colcon_core.shell:Skip shell extension 'dsv' for command environment
[1.191s] DEBUG:colcon.colcon_core.event_handler.log_command:Invoking command in '/home/rosdev/ros2_ws/build/claw_machine_msgs': CMAKE_PREFIX_PATH=${CMAKE_PREFIX_PATH}:/home/rosdev/ros2_ws/install/keyboard_claw_controller:/opt/ros/humble /usr/bin/cmake --build /home/rosdev/ros2_ws/build/claw_machine_msgs -- -j12 -l12
[1.405s] INFO:colcon.colcon_core.task.python.build:Building Python package in '/home/rosdev/ros2_ws/src/keyboard_claw_controller'
[1.417s] INFO:colcon.colcon_core.shell:Skip shell extension 'powershell' for command environment: Not usable outside of PowerShell
[1.417s] DEBUG:colcon.colcon_core.shell:Skip shell extension 'dsv' for command environment
[1.513s] DEBUG:colcon.colcon_core.event_handler.log_command:Invoked command in '/home/rosdev/ros2_ws/build/claw_machine_msgs' returned '0': CMAKE_PREFIX_PATH=${CMAKE_PREFIX_PATH}:/home/rosdev/ros2_ws/install/keyboard_claw_controller:/opt/ros/humble /usr/bin/cmake --build /home/rosdev/ros2_ws/build/claw_machine_msgs -- -j12 -l12
[1.592s] DEBUG:colcon.colcon_core.event_handler.log_command:Invoking command in '/home/rosdev/ros2_ws/build/claw_machine_msgs': CMAKE_PREFIX_PATH=${CMAKE_PREFIX_PATH}:/home/rosdev/ros2_ws/install/keyboard_claw_controller:/opt/ros/humble /usr/bin/cmake --install /home/rosdev/ros2_ws/build/claw_machine_msgs
[1.659s] Level 1:colcon.colcon_core.environment:create_environment_scripts_only(claw_machine_msgs)
[1.660s] DEBUG:colcon.colcon_core.event_handler.log_command:Invoked command in '/home/rosdev/ros2_ws/build/claw_machine_msgs' returned '0': CMAKE_PREFIX_PATH=${CMAKE_PREFIX_PATH}:/home/rosdev/ros2_ws/install/keyboard_claw_controller:/opt/ros/humble /usr/bin/cmake --install /home/rosdev/ros2_ws/build/claw_machine_msgs
[1.673s] Level 1:colcon.colcon_core.environment:checking '/home/rosdev/ros2_ws/install/claw_machine_msgs' for CMake module files
[1.674s] Level 1:colcon.colcon_core.environment:checking '/home/rosdev/ros2_ws/install/claw_machine_msgs' for CMake config files
[1.674s] Level 1:colcon.colcon_core.shell:create_environment_hook('claw_machine_msgs', 'cmake_prefix_path')
[1.684s] INFO:colcon.colcon_core.shell:Creating environment hook '/home/rosdev/ros2_ws/install/claw_machine_msgs/share/claw_machine_msgs/hook/cmake_prefix_path.ps1'
[1.685s] INFO:colcon.colcon_core.shell:Creating environment descriptor '/home/rosdev/ros2_ws/install/claw_machine_msgs/share/claw_machine_msgs/hook/cmake_prefix_path.dsv'
[1.685s] INFO:colcon.colcon_core.shell:Creating environment hook '/home/rosdev/ros2_ws/install/claw_machine_msgs/share/claw_machine_msgs/hook/cmake_prefix_path.sh'
[1.686s] Level 1:colcon.colcon_core.environment:checking '/home/rosdev/ros2_ws/install/claw_machine_msgs/lib'
[1.686s] Level 1:colcon.colcon_core.shell:create_environment_hook('claw_machine_msgs', 'ld_library_path_lib')
[1.697s] INFO:colcon.colcon_core.shell:Creating environment hook '/home/rosdev/ros2_ws/install/claw_machine_msgs/share/claw_machine_msgs/hook/ld_library_path_lib.ps1'
[1.697s] INFO:colcon.colcon_core.shell:Creating environment descriptor '/home/rosdev/ros2_ws/install/claw_machine_msgs/share/claw_machine_msgs/hook/ld_library_path_lib.dsv'
[1.697s] INFO:colcon.colcon_core.shell:Creating environment hook '/home/rosdev/ros2_ws/install/claw_machine_msgs/share/claw_machine_msgs/hook/ld_library_path_lib.sh'
[1.698s] Level 1:colcon.colcon_core.environment:checking '/home/rosdev/ros2_ws/install/claw_machine_msgs/bin'
[1.698s] Level 1:colcon.colcon_core.environment:checking '/home/rosdev/ros2_ws/install/claw_machine_msgs/lib/pkgconfig/claw_machine_msgs.pc'
[1.698s] Level 1:colcon.colcon_core.environment:checking '/home/rosdev/ros2_ws/install/claw_machine_msgs/lib/python3.10/site-packages'
[1.698s] Level 1:colcon.colcon_core.environment:checking '/home/rosdev/ros2_ws/install/claw_machine_msgs/bin'
[1.708s] INFO:colcon.colcon_core.shell:Creating package script '/home/rosdev/ros2_ws/install/claw_machine_msgs/share/claw_machine_msgs/package.ps1'
[1.709s] INFO:colcon.colcon_core.shell:Creating package descriptor '/home/rosdev/ros2_ws/install/claw_machine_msgs/share/claw_machine_msgs/package.dsv'
[1.709s] INFO:colcon.colcon_core.shell:Creating package script '/home/rosdev/ros2_ws/install/claw_machine_msgs/share/claw_machine_msgs/package.sh'
[1.710s] INFO:colcon.colcon_core.shell:Creating package script '/home/rosdev/ros2_ws/install/claw_machine_msgs/share/claw_machine_msgs/package.bash'
[1.711s] INFO:colcon.colcon_core.shell:Creating package script '/home/rosdev/ros2_ws/install/claw_machine_msgs/share/claw_machine_msgs/package.zsh'
[1.711s] Level 1:colcon.colcon_core.environment:create_file_with_runtime_dependencies(/home/rosdev/ros2_ws/install/claw_machine_msgs/share/colcon-core/packages/claw_machine_msgs)
[1.778s] Level 1:colcon.colcon_core.environment:create_environment_scripts_only(claw_machine_msgs)
[1.788s] Level 1:colcon.colcon_core.environment:checking '/home/rosdev/ros2_ws/install/claw_machine_msgs' for CMake module files
[1.789s] Level 1:colcon.colcon_core.environment:checking '/home/rosdev/ros2_ws/install/claw_machine_msgs' for CMake config files
[1.789s] Level 1:colcon.colcon_core.shell:create_environment_hook('claw_machine_msgs', 'cmake_prefix_path')
[1.801s] INFO:colcon.colcon_core.shell:Creating environment hook '/home/rosdev/ros2_ws/install/claw_machine_msgs/share/claw_machine_msgs/hook/cmake_prefix_path.ps1'
[1.801s] INFO:colcon.colcon_core.shell:Creating environment descriptor '/home/rosdev/ros2_ws/install/claw_machine_msgs/share/claw_machine_msgs/hook/cmake_prefix_path.dsv'
[1.802s] INFO:colcon.colcon_core.shell:Creating environment hook '/home/rosdev/ros2_ws/install/claw_machine_msgs/share/claw_machine_msgs/hook/cmake_prefix_path.sh'
[1.802s] Level 1:colcon.colcon_core.environment:checking '/home/rosdev/ros2_ws/install/claw_machine_msgs/lib'
[1.802s] Level 1:colcon.colcon_core.shell:create_environment_hook('claw_machine_msgs', 'ld_library_path_lib')
[1.812s] INFO:colcon.colcon_core.shell:Creating environment hook '/home/rosdev/ros2_ws/install/claw_machine_msgs/share/claw_machine_msgs/hook/ld_library_path_lib.ps1'
[1.812s] INFO:colcon.colcon_core.shell:Creating environment descriptor '/home/rosdev/ros2_ws/install/claw_machine_msgs/share/claw_machine_msgs/hook/ld_library_path_lib.dsv'
[1.813s] INFO:colcon.colcon_core.shell:Creating environment hook '/home/rosdev/ros2_ws/install/claw_machine_msgs/share/claw_machine_msgs/hook/ld_library_path_lib.sh'
[1.813s] Level 1:colcon.colcon_core.environment:checking '/home/rosdev/ros2_ws/install/claw_machine_msgs/bin'
[1.813s] Level 1:colcon.colcon_core.environment:checking '/home/rosdev/ros2_ws/install/claw_machine_msgs/lib/pkgconfig/claw_machine_msgs.pc'
[1.813s] Level 1:colcon.colcon_core.environment:checking '/home/rosdev/ros2_ws/install/claw_machine_msgs/lib/python3.10/site-packages'
[1.813s] Level 1:colcon.colcon_core.environment:checking '/home/rosdev/ros2_ws/install/claw_machine_msgs/bin'
[1.827s] INFO:colcon.colcon_core.shell:Creating package script '/home/rosdev/ros2_ws/install/claw_machine_msgs/share/claw_machine_msgs/package.ps1'
[1.827s] INFO:colcon.colcon_core.shell:Creating package descriptor '/home/rosdev/ros2_ws/install/claw_machine_msgs/share/claw_machine_msgs/package.dsv'
[1.828s] INFO:colcon.colcon_core.shell:Creating package script '/home/rosdev/ros2_ws/install/claw_machine_msgs/share/claw_machine_msgs/package.sh'
[1.828s] INFO:colcon.colcon_core.shell:Creating package script '/home/rosdev/ros2_ws/install/claw_machine_msgs/share/claw_machine_msgs/package.bash'
[1.829s] INFO:colcon.colcon_core.shell:Creating package script '/home/rosdev/ros2_ws/install/claw_machine_msgs/share/claw_machine_msgs/package.zsh'
[1.829s] Level 1:colcon.colcon_core.environment:create_file_with_runtime_dependencies(/home/rosdev/ros2_ws/install/claw_machine_msgs/share/colcon-core/packages/claw_machine_msgs)
[1.832s] DEBUG:colcon.colcon_core.event_handler.log_command:Invoking command in '/home/rosdev/ros2_ws/src/keyboard_claw_controller': PYTHONPATH=/home/rosdev/ros2_ws/build/keyboard_claw_controller/prefix_override:/home/rosdev/ros2_ws/install/keyboard_claw_controller/lib/python3.10/site-packages:${PYTHONPATH} /usr/bin/python3 setup.py egg_info --egg-base ../../build/keyboard_claw_controller build --build-base /home/rosdev/ros2_ws/build/keyboard_claw_controller/build install --record /home/rosdev/ros2_ws/build/keyboard_claw_controller/install.log --single-version-externally-managed
[2.053s] DEBUG:colcon.colcon_core.event_handler.log_command:Invoked command in '/home/rosdev/ros2_ws/src/keyboard_claw_controller' returned '0': PYTHONPATH=/home/rosdev/ros2_ws/build/keyboard_claw_controller/prefix_override:/home/rosdev/ros2_ws/install/keyboard_claw_controller/lib/python3.10/site-packages:${PYTHONPATH} /usr/bin/python3 setup.py egg_info --egg-base ../../build/keyboard_claw_controller build --build-base /home/rosdev/ros2_ws/build/keyboard_claw_controller/build install --record /home/rosdev/ros2_ws/build/keyboard_claw_controller/install.log --single-version-externally-managed
[2.063s] Level 1:colcon.colcon_core.environment:checking '/home/rosdev/ros2_ws/install/keyboard_claw_controller' for CMake module files
[2.064s] Level 1:colcon.colcon_core.environment:checking '/home/rosdev/ros2_ws/install/keyboard_claw_controller' for CMake config files
[2.064s] Level 1:colcon.colcon_core.environment:checking '/home/rosdev/ros2_ws/install/keyboard_claw_controller/lib'
[2.064s] Level 1:colcon.colcon_core.environment:checking '/home/rosdev/ros2_ws/install/keyboard_claw_controller/bin'
[2.065s] Level 1:colcon.colcon_core.environment:checking '/home/rosdev/ros2_ws/install/keyboard_claw_controller/lib/pkgconfig/keyboard_claw_controller.pc'
[2.065s] Level 1:colcon.colcon_core.environment:checking '/home/rosdev/ros2_ws/install/keyboard_claw_controller/lib/python3.10/site-packages'
[2.065s] Level 1:colcon.colcon_core.shell:create_environment_hook('keyboard_claw_controller', 'pythonpath')
[2.074s] INFO:colcon.colcon_core.shell:Creating environment hook '/home/rosdev/ros2_ws/install/keyboard_claw_controller/share/keyboard_claw_controller/hook/pythonpath.ps1'
[2.074s] INFO:colcon.colcon_core.shell:Creating environment descriptor '/home/rosdev/ros2_ws/install/keyboard_claw_controller/share/keyboard_claw_controller/hook/pythonpath.dsv'
[2.075s] INFO:colcon.colcon_core.shell:Creating environment hook '/home/rosdev/ros2_ws/install/keyboard_claw_controller/share/keyboard_claw_controller/hook/pythonpath.sh'
[2.075s] Level 1:colcon.colcon_core.environment:checking '/home/rosdev/ros2_ws/install/keyboard_claw_controller/bin'
[2.075s] Level 1:colcon.colcon_core.environment:create_environment_scripts_only(keyboard_claw_controller)
[2.085s] INFO:colcon.colcon_core.shell:Creating package script '/home/rosdev/ros2_ws/install/keyboard_claw_controller/share/keyboard_claw_controller/package.ps1'
[2.085s] INFO:colcon.colcon_core.shell:Creating package descriptor '/home/rosdev/ros2_ws/install/keyboard_claw_controller/share/keyboard_claw_controller/package.dsv'
[2.086s] INFO:colcon.colcon_core.shell:Creating package script '/home/rosdev/ros2_ws/install/keyboard_claw_controller/share/keyboard_claw_controller/package.sh'
[2.086s] INFO:colcon.colcon_core.shell:Creating package script '/home/rosdev/ros2_ws/install/keyboard_claw_controller/share/keyboard_claw_controller/package.bash'
[2.087s] INFO:colcon.colcon_core.shell:Creating package script '/home/rosdev/ros2_ws/install/keyboard_claw_controller/share/keyboard_claw_controller/package.zsh'
[2.087s] Level 1:colcon.colcon_core.environment:create_file_with_runtime_dependencies(/home/rosdev/ros2_ws/install/keyboard_claw_controller/share/colcon-core/packages/keyboard_claw_controller)
[2.087s] DEBUG:colcon.colcon_parallel_executor.executor.parallel:closing loop
[2.088s] DEBUG:colcon.colcon_parallel_executor.executor.parallel:loop closed
[2.088s] DEBUG:colcon.colcon_parallel_executor.executor.parallel:run_until_complete finished with '0'
[2.088s] DEBUG:colcon.colcon_core.event_reactor:joining thread
[2.113s] INFO:colcon.colcon_core.plugin_system:Skipping extension 'colcon_notification.desktop_notification.notify_send': Could not find 'notify-send'
[2.114s] INFO:colcon.colcon_core.plugin_system:Skipping extension 'colcon_notification.desktop_notification.terminal_notifier': Not used on non-Darwin systems
[2.114s] INFO:colcon.colcon_core.plugin_system:Skipping extension 'colcon_notification.desktop_notification.win32': Not used on non-Windows systems
[2.114s] INFO:colcon.colcon_notification.desktop_notification:Sending desktop notification using 'notify2'
[2.117s] DEBUG:colcon.colcon_notification.desktop_notification.notify2:Failed to initialize notify2: org.freedesktop.DBus.Error.Spawn.ExecFailed: /usr/bin/dbus-launch terminated abnormally without any error message
[2.117s] DEBUG:colcon.colcon_core.event_reactor:joined thread
[2.128s] INFO:colcon.colcon_core.shell:Creating prefix script '/home/rosdev/ros2_ws/install/local_setup.ps1'
[2.129s] INFO:colcon.colcon_core.shell:Creating prefix util module '/home/rosdev/ros2_ws/install/_local_setup_util_ps1.py'
[2.130s] INFO:colcon.colcon_core.shell:Creating prefix chain script '/home/rosdev/ros2_ws/install/setup.ps1'
[2.143s] INFO:colcon.colcon_core.shell:Creating prefix script '/home/rosdev/ros2_ws/install/local_setup.sh'
[2.144s] INFO:colcon.colcon_core.shell:Creating prefix util module '/home/rosdev/ros2_ws/install/_local_setup_util_sh.py'
[2.144s] INFO:colcon.colcon_core.shell:Creating prefix chain script '/home/rosdev/ros2_ws/install/setup.sh'
[2.154s] INFO:colcon.colcon_core.shell:Creating prefix script '/home/rosdev/ros2_ws/install/local_setup.bash'
[2.155s] INFO:colcon.colcon_core.shell:Creating prefix chain script '/home/rosdev/ros2_ws/install/setup.bash'
[2.165s] INFO:colcon.colcon_core.shell:Creating prefix script '/home/rosdev/ros2_ws/install/local_setup.zsh'
[2.165s] INFO:colcon.colcon_core.shell:Creating prefix chain script '/home/rosdev/ros2_ws/install/setup.zsh'
