[0.395s] Invoking command in '/home/pico/code/claw_machine_ros2/src/keyboard_claw_controller': CONDA_PROMPT_MODIFIER=(ros2) PYTHONPATH=/home/pico/code/claw_machine_ros2/build/keyboard_claw_controller/prefix_override:/home/pico/code/claw_machine_ros2/install/keyboard_claw_controller/lib/python3.11/site-packages:${PYTHONPATH} /home/pico/miniconda3/envs/ros2/bin/python3.11 -W ignore:setup.py install is deprecated setup.py egg_info --egg-base ../../build/keyboard_claw_controller build --build-base /home/pico/code/claw_machine_ros2/build/keyboard_claw_controller/build install --record /home/pico/code/claw_machine_ros2/build/keyboard_claw_controller/install.log --single-version-externally-managed install_data
[0.525s] running egg_info
[0.533s] writing ../../build/keyboard_claw_controller/keyboard_claw_controller.egg-info/PKG-INFO
[0.533s] writing dependency_links to ../../build/keyboard_claw_controller/keyboard_claw_controller.egg-info/dependency_links.txt
[0.533s] writing entry points to ../../build/keyboard_claw_controller/keyboard_claw_controller.egg-info/entry_points.txt
[0.533s] writing requirements to ../../build/keyboard_claw_controller/keyboard_claw_controller.egg-info/requires.txt
[0.534s] writing top-level names to ../../build/keyboard_claw_controller/keyboard_claw_controller.egg-info/top_level.txt
[0.550s] reading manifest file '../../build/keyboard_claw_controller/keyboard_claw_controller.egg-info/SOURCES.txt'
[0.550s] writing manifest file '../../build/keyboard_claw_controller/keyboard_claw_controller.egg-info/SOURCES.txt'
[0.550s] running build
[0.550s] running build_py
[0.550s] copying keyboard_claw_controller/ros2_mqtt_bridge.py -> /home/pico/code/claw_machine_ros2/build/keyboard_claw_controller/build/lib/keyboard_claw_controller
[0.550s] copying keyboard_claw_controller/claw_lib.py -> /home/pico/code/claw_machine_ros2/build/keyboard_claw_controller/build/lib/keyboard_claw_controller
[0.551s] copying keyboard_claw_controller/__init__.py -> /home/pico/code/claw_machine_ros2/build/keyboard_claw_controller/build/lib/keyboard_claw_controller
[0.551s] copying keyboard_claw_controller/keyboard_publisher.py -> /home/pico/code/claw_machine_ros2/build/keyboard_claw_controller/build/lib/keyboard_claw_controller
[0.551s] copying keyboard_claw_controller/xcarve_controller.py -> /home/pico/code/claw_machine_ros2/build/keyboard_claw_controller/build/lib/keyboard_claw_controller
[0.551s] copying keyboard_claw_controller/basic_game.py -> /home/pico/code/claw_machine_ros2/build/keyboard_claw_controller/build/lib/keyboard_claw_controller
[0.551s] running install
[0.555s] running install_lib
[0.563s] copying /home/pico/code/claw_machine_ros2/build/keyboard_claw_controller/build/lib/keyboard_claw_controller/claw_lib.py -> /home/pico/code/claw_machine_ros2/install/keyboard_claw_controller/lib/python3.11/site-packages/keyboard_claw_controller
[0.563s] copying /home/pico/code/claw_machine_ros2/build/keyboard_claw_controller/build/lib/keyboard_claw_controller/basic_game.py -> /home/pico/code/claw_machine_ros2/install/keyboard_claw_controller/lib/python3.11/site-packages/keyboard_claw_controller
[0.564s] byte-compiling /home/pico/code/claw_machine_ros2/install/keyboard_claw_controller/lib/python3.11/site-packages/keyboard_claw_controller/claw_lib.py to claw_lib.cpython-311.pyc
[0.565s] byte-compiling /home/pico/code/claw_machine_ros2/install/keyboard_claw_controller/lib/python3.11/site-packages/keyboard_claw_controller/basic_game.py to basic_game.cpython-311.pyc
[0.565s] running install_data
[0.565s] copying resource/keyboard_claw_controller -> /home/pico/code/claw_machine_ros2/install/keyboard_claw_controller/share/ament_index/resource_index/packages
[0.565s] copying package.xml -> /home/pico/code/claw_machine_ros2/install/keyboard_claw_controller/share/keyboard_claw_controller
[0.565s] running install_egg_info
[0.574s] removing '/home/pico/code/claw_machine_ros2/install/keyboard_claw_controller/lib/python3.11/site-packages/keyboard_claw_controller-0.0.0-py3.11.egg-info' (and everything under it)
[0.574s] Copying ../../build/keyboard_claw_controller/keyboard_claw_controller.egg-info to /home/pico/code/claw_machine_ros2/install/keyboard_claw_controller/lib/python3.11/site-packages/keyboard_claw_controller-0.0.0-py3.11.egg-info
[0.574s] running install_scripts
[0.634s] Installing basic_game script to /home/pico/code/claw_machine_ros2/install/keyboard_claw_controller/lib/keyboard_claw_controller
[0.634s] Installing keyboard_publisher script to /home/pico/code/claw_machine_ros2/install/keyboard_claw_controller/lib/keyboard_claw_controller
[0.634s] Installing ros2_mqtt_bridge script to /home/pico/code/claw_machine_ros2/install/keyboard_claw_controller/lib/keyboard_claw_controller
[0.634s] Installing xcarve_controller script to /home/pico/code/claw_machine_ros2/install/keyboard_claw_controller/lib/keyboard_claw_controller
[0.635s] writing list of installed files to '/home/pico/code/claw_machine_ros2/build/keyboard_claw_controller/install.log'
[0.649s] Invoked command in '/home/pico/code/claw_machine_ros2/src/keyboard_claw_controller' returned '0': CONDA_PROMPT_MODIFIER=(ros2) PYTHONPATH=/home/pico/code/claw_machine_ros2/build/keyboard_claw_controller/prefix_override:/home/pico/code/claw_machine_ros2/install/keyboard_claw_controller/lib/python3.11/site-packages:${PYTHONPATH} /home/pico/miniconda3/envs/ros2/bin/python3.11 -W ignore:setup.py install is deprecated setup.py egg_info --egg-base ../../build/keyboard_claw_controller build --build-base /home/pico/code/claw_machine_ros2/build/keyboard_claw_controller/build install --record /home/pico/code/claw_machine_ros2/build/keyboard_claw_controller/install.log --single-version-externally-managed install_data
