running egg_info
writing ../../build/keyboard_claw_controller/keyboard_claw_controller.egg-info/PKG-INFO
writing dependency_links to ../../build/keyboard_claw_controller/keyboard_claw_controller.egg-info/dependency_links.txt
writing entry points to ../../build/keyboard_claw_controller/keyboard_claw_controller.egg-info/entry_points.txt
writing requirements to ../../build/keyboard_claw_controller/keyboard_claw_controller.egg-info/requires.txt
writing top-level names to ../../build/keyboard_claw_controller/keyboard_claw_controller.egg-info/top_level.txt
reading manifest file '../../build/keyboard_claw_controller/keyboard_claw_controller.egg-info/SOURCES.txt'
writing manifest file '../../build/keyboard_claw_controller/keyboard_claw_controller.egg-info/SOURCES.txt'
running build
running build_py
copying keyboard_claw_controller/ros2_mqtt_bridge.py -> /home/rosdev/ros2_ws/build/keyboard_claw_controller/build/lib/keyboard_claw_controller
running install
running install_lib
copying /home/rosdev/ros2_ws/build/keyboard_claw_controller/build/lib/keyboard_claw_controller/ros2_mqtt_bridge.py -> /home/rosdev/ros2_ws/install/keyboard_claw_controller/lib/python3.10/site-packages/keyboard_claw_controller
byte-compiling /home/rosdev/ros2_ws/install/keyboard_claw_controller/lib/python3.10/site-packages/keyboard_claw_controller/ros2_mqtt_bridge.py to ros2_mqtt_bridge.cpython-310.pyc
running install_data
running install_egg_info
removing '/home/rosdev/ros2_ws/install/keyboard_claw_controller/lib/python3.10/site-packages/keyboard_claw_controller-0.0.0-py3.10.egg-info' (and everything under it)
Copying ../../build/keyboard_claw_controller/keyboard_claw_controller.egg-info to /home/rosdev/ros2_ws/install/keyboard_claw_controller/lib/python3.10/site-packages/keyboard_claw_controller-0.0.0-py3.10.egg-info
running install_scripts
Installing keyboard_publisher script to /home/rosdev/ros2_ws/install/keyboard_claw_controller/lib/keyboard_claw_controller
Installing ros2_mqtt_bridge script to /home/rosdev/ros2_ws/install/keyboard_claw_controller/lib/keyboard_claw_controller
Installing xcarve_controller script to /home/rosdev/ros2_ws/install/keyboard_claw_controller/lib/keyboard_claw_controller
writing list of installed files to '/home/rosdev/ros2_ws/build/keyboard_claw_controller/install.log'
