[0.008s] Invoking command in '/home/pico/code/claw_machine_ros2/build/claw_machine_msgs': CMAKE_PREFIX_PATH=${CMAKE_PREFIX_PATH}:/home/pico/code/claw_machine_ros2/install/keyboard_claw_controller CONDA_PROMPT_MODIFIER=(ros2) /home/pico/miniconda3/envs/ros2/bin/cmake /home/pico/code/claw_machine_ros2/src/claw_machine_msgs -DCMAKE_INSTALL_PREFIX=/home/pico/code/claw_machine_ros2/install/claw_machine_msgs
[1.313s] -- The C compiler identification is GNU 12.3.0
[2.281s] -- The CXX compiler identification is GNU 12.3.0
[2.405s] -- Detecting C compiler ABI info
[2.594s] -- Detecting C compiler ABI info - done
[2.604s] -- Check for working C compiler: /home/pico/miniconda3/envs/ros2/bin/x86_64-conda-linux-gnu-cc - skipped
[2.611s] -- Detecting C compile features
[2.611s] -- Detecting C compile features - done
[2.623s] -- Detecting CXX compiler ABI info
[2.798s] -- Detecting CXX compiler ABI info - done
[2.807s] -- Check for working CXX compiler: /home/pico/miniconda3/envs/ros2/bin/x86_64-conda-linux-gnu-c++ - skipped
[2.807s] -- Detecting CXX compile features
[2.808s] -- Detecting CXX compile features - done
[2.867s] -- Found ament_cmake: 1.3.7 (/home/pico/miniconda3/envs/ros2/share/ament_cmake/cmake)
[3.306s] -- Found Python3: /home/pico/miniconda3/envs/ros2/bin/python3.11 (found version "3.11.8") found components: Interpreter 
[3.631s] -- Found std_msgs: 4.2.3 (/home/pico/miniconda3/envs/ros2/share/std_msgs/cmake)
[3.836s] -- Found rosidl_generator_c: 3.1.5 (/home/pico/miniconda3/envs/ros2/share/rosidl_generator_c/cmake)
[3.894s] -- Found rosidl_adapter: 3.1.5 (/home/pico/miniconda3/envs/ros2/share/rosidl_adapter/cmake)
[3.929s] -- Found rosidl_generator_cpp: 3.1.5 (/home/pico/miniconda3/envs/ros2/share/rosidl_generator_cpp/cmake)
[3.969s] -- Using all available rosidl_typesupport_c: rosidl_typesupport_fastrtps_c;rosidl_typesupport_introspection_c
[4.032s] -- Using all available rosidl_typesupport_cpp: rosidl_typesupport_fastrtps_cpp;rosidl_typesupport_introspection_cpp
[4.130s] -- Found rosidl_default_generators: 1.2.0 (/home/pico/miniconda3/envs/ros2/share/rosidl_default_generators/cmake)
[5.093s] -- Found Python3: /home/pico/miniconda3/envs/ros2/include/python3.11 (found version "3.11.8") found components: Development NumPy Interpreter Development.Module Development.Embed 
[5.170s] -- Found Python3: /home/pico/miniconda3/envs/ros2/bin/python3.11 (found version "3.11.8") found components: Interpreter 
[5.466s] -- Found ament_cmake_ros: 0.10.0 (/home/pico/miniconda3/envs/ros2/share/ament_cmake_ros/cmake)
[5.809s] -- Using all available rosidl_typesupport_c: rosidl_typesupport_fastrtps_c;rosidl_typesupport_introspection_c
[5.872s] -- Using all available rosidl_typesupport_cpp: rosidl_typesupport_fastrtps_cpp;rosidl_typesupport_introspection_cpp
[5.874s] [33mCMake Warning (dev) at /home/pico/miniconda3/envs/ros2/share/rosidl_generator_py/cmake/rosidl_generator_py_generate_interfaces.cmake:20 (find_package):
[5.874s]   Policy CMP0148 is not set: The FindPythonInterp and FindPythonLibs modules
[5.874s]   are removed.  Run "cmake --help-policy CMP0148" for policy details.  Use
[5.874s]   the cmake_policy command to set the policy and suppress this warning.
[5.874s] 
[5.874s] Call Stack (most recent call first):
[5.874s]   /home/pico/miniconda3/envs/ros2/share/ament_cmake_core/cmake/core/ament_execute_extensions.cmake:48 (include)
[5.874s]   /home/pico/miniconda3/envs/ros2/share/rosidl_cmake/cmake/rosidl_generate_interfaces.cmake:286 (ament_execute_extensions)
[5.874s]   CMakeLists.txt:15 (rosidl_generate_interfaces)
[5.874s] This warning is for project developers.  Use -Wno-dev to suppress it.
[5.874s] [0m
[5.895s] -- Found PythonInterp: /home/pico/miniconda3/envs/ros2/bin/python3 (found suitable version "3.11.8", minimum required is "3.6") 
[5.907s] -- Found python_cmake_module: 0.10.0 (/home/pico/miniconda3/envs/ros2/share/python_cmake_module/cmake)
[5.907s] [33mCMake Warning (dev) at /home/pico/miniconda3/envs/ros2/share/python_cmake_module/cmake/Modules/FindPythonExtra.cmake:52 (find_package):
[5.907s]   Policy CMP0148 is not set: The FindPythonInterp and FindPythonLibs modules
[5.907s]   are removed.  Run "cmake --help-policy CMP0148" for policy details.  Use
[5.907s]   the cmake_policy command to set the policy and suppress this warning.
[5.907s] 
[5.907s] Call Stack (most recent call first):
[5.907s]   /home/pico/miniconda3/envs/ros2/share/rosidl_generator_py/cmake/rosidl_generator_py_generate_interfaces.cmake:23 (find_package)
[5.907s]   /home/pico/miniconda3/envs/ros2/share/ament_cmake_core/cmake/core/ament_execute_extensions.cmake:48 (include)
[5.907s]   /home/pico/miniconda3/envs/ros2/share/rosidl_cmake/cmake/rosidl_generate_interfaces.cmake:286 (ament_execute_extensions)
[5.908s]   CMakeLists.txt:15 (rosidl_generate_interfaces)
[5.908s] This warning is for project developers.  Use -Wno-dev to suppress it.
[5.908s] [0m
[5.916s] [33mCMake Warning (dev) at /home/pico/miniconda3/envs/ros2/share/python_cmake_module/cmake/Modules/FindPythonExtra.cmake:140 (find_package):
[5.916s]   Policy CMP0148 is not set: The FindPythonInterp and FindPythonLibs modules
[5.916s]   are removed.  Run "cmake --help-policy CMP0148" for policy details.  Use
[5.916s]   the cmake_policy command to set the policy and suppress this warning.
[5.917s] 
[5.917s] Call Stack (most recent call first):
[5.917s]   /home/pico/miniconda3/envs/ros2/share/rosidl_generator_py/cmake/rosidl_generator_py_generate_interfaces.cmake:23 (find_package)
[5.917s]   /home/pico/miniconda3/envs/ros2/share/ament_cmake_core/cmake/core/ament_execute_extensions.cmake:48 (include)
[5.917s]   /home/pico/miniconda3/envs/ros2/share/rosidl_cmake/cmake/rosidl_generate_interfaces.cmake:286 (ament_execute_extensions)
[5.917s]   CMakeLists.txt:15 (rosidl_generate_interfaces)
[5.917s] This warning is for project developers.  Use -Wno-dev to suppress it.
[5.917s] [0m
[5.932s] -- Found PythonLibs: /home/pico/miniconda3/envs/ros2/lib/libpython3.11.so (found suitable version "3.11.8", minimum required is "3.5") 
[5.932s] -- Using PYTHON_EXECUTABLE: /home/pico/miniconda3/envs/ros2/bin/python3
[5.932s] -- Using PYTHON_INCLUDE_DIRS: /home/pico/miniconda3/envs/ros2/include/python3.11
[5.932s] -- Using PYTHON_LIBRARIES: /home/pico/miniconda3/envs/ros2/lib/libpython3.11.so
[5.948s] -- Found PythonExtra: .so  
[6.170s] -- Found Python3: /home/pico/miniconda3/envs/ros2/include/python3.11 (found version "3.11.8") found components: Development NumPy Interpreter Development.Module Development.Embed 
[6.229s] -- Found ament_lint_auto: 0.12.10 (/home/pico/miniconda3/envs/ros2/share/ament_lint_auto/cmake)
[6.335s] -- Added test 'lint_cmake' to check CMake code style
[6.336s] -- Added test 'xmllint' to check XML markup files
[6.338s] -- Configuring done (6.3s)
[6.416s] -- Generating done (0.0s)
[6.418s] -- Build files have been written to: /home/pico/code/claw_machine_ros2/build/claw_machine_msgs
[6.423s] Invoked command in '/home/pico/code/claw_machine_ros2/build/claw_machine_msgs' returned '0': CMAKE_PREFIX_PATH=${CMAKE_PREFIX_PATH}:/home/pico/code/claw_machine_ros2/install/keyboard_claw_controller CONDA_PROMPT_MODIFIER=(ros2) /home/pico/miniconda3/envs/ros2/bin/cmake /home/pico/code/claw_machine_ros2/src/claw_machine_msgs -DCMAKE_INSTALL_PREFIX=/home/pico/code/claw_machine_ros2/install/claw_machine_msgs
[6.424s] Invoking command in '/home/pico/code/claw_machine_ros2/build/claw_machine_msgs': CMAKE_PREFIX_PATH=${CMAKE_PREFIX_PATH}:/home/pico/code/claw_machine_ros2/install/keyboard_claw_controller CONDA_PROMPT_MODIFIER=(ros2) /home/pico/miniconda3/envs/ros2/bin/cmake --build /home/pico/code/claw_machine_ros2/build/claw_machine_msgs -- -j20 -l20
[6.440s] [  3%] [34m[1mGenerating C code for ROS interfaces[0m
[6.444s] [  6%] [34m[1mGenerating C++ code for ROS interfaces[0m
[6.447s] [  6%] Built target ament_cmake_python_copy_claw_machine_msgs
[6.554s] running egg_info
[6.555s] creating claw_machine_msgs.egg-info
[6.562s] writing claw_machine_msgs.egg-info/PKG-INFO
[6.563s] writing dependency_links to claw_machine_msgs.egg-info/dependency_links.txt
[6.563s] writing top-level names to claw_machine_msgs.egg-info/top_level.txt
[6.563s] writing manifest file 'claw_machine_msgs.egg-info/SOURCES.txt'
[6.586s] reading manifest file 'claw_machine_msgs.egg-info/SOURCES.txt'
[6.586s] writing manifest file 'claw_machine_msgs.egg-info/SOURCES.txt'
[6.600s] [  6%] Built target ament_cmake_python_build_claw_machine_msgs_egg
[6.615s] [  6%] Built target claw_machine_msgs__cpp
[6.619s] [  9%] [34m[1mGenerating C++ type support dispatch for ROS interfaces[0m
[6.619s] [ 12%] [34m[1mGenerating C++ type support for eProsima Fast-RTPS[0m
[6.619s] [ 16%] [34m[1mGenerating C++ introspection for ROS interfaces[0m
[6.620s] [ 19%] [32mBuilding C object CMakeFiles/claw_machine_msgs__rosidl_generator_c.dir/rosidl_generator_c/claw_machine_msgs/msg/detail/position__functions.c.o[0m
[6.998s] [ 22%] [32mBuilding CXX object CMakeFiles/claw_machine_msgs__rosidl_typesupport_fastrtps_cpp.dir/rosidl_typesupport_fastrtps_cpp/claw_machine_msgs/msg/detail/dds_fastrtps/position__type_support.cpp.o[0m
[7.002s] [ 25%] [32mBuilding CXX object CMakeFiles/claw_machine_msgs__rosidl_typesupport_cpp.dir/rosidl_typesupport_cpp/claw_machine_msgs/msg/position__type_support.cpp.o[0m
[7.010s] [ 29%] [32mBuilding CXX object CMakeFiles/claw_machine_msgs__rosidl_typesupport_introspection_cpp.dir/rosidl_typesupport_introspection_cpp/claw_machine_msgs/msg/detail/position__type_support.cpp.o[0m
[8.273s] [ 32%] [32m[1mLinking CXX shared library libclaw_machine_msgs__rosidl_typesupport_introspection_cpp.so[0m
[8.287s] [ 35%] [32m[1mLinking CXX shared library libclaw_machine_msgs__rosidl_typesupport_cpp.so[0m
[8.334s] [ 38%] [32m[1mLinking C shared library libclaw_machine_msgs__rosidl_generator_c.so[0m
[8.447s] [ 38%] Built target claw_machine_msgs__rosidl_generator_c
[8.447s] [ 38%] Built target claw_machine_msgs__rosidl_typesupport_cpp
[8.451s] [ 48%] [34m[1mGenerating C type support for eProsima Fast-RTPS[0m
[8.451s] [ 48%] [34m[1mGenerating C introspection for ROS interfaces[0m
[8.451s] [ 48%] [34m[1mGenerating C type support dispatch for ROS interfaces[0m
[8.463s] [ 48%] Built target claw_machine_msgs__rosidl_typesupport_introspection_cpp
[8.606s] [ 51%] [32mBuilding CXX object CMakeFiles/claw_machine_msgs__rosidl_typesupport_c.dir/rosidl_typesupport_c/claw_machine_msgs/msg/position__type_support.cpp.o[0m
[8.623s] [ 54%] [32m[1mLinking CXX shared library libclaw_machine_msgs__rosidl_typesupport_c.so[0m
[8.640s] [ 58%] [32mBuilding C object CMakeFiles/claw_machine_msgs__rosidl_typesupport_introspection_c.dir/rosidl_typesupport_introspection_c/claw_machine_msgs/msg/detail/position__type_support.c.o[0m
[8.642s] [ 58%] Built target claw_machine_msgs__rosidl_typesupport_c
[8.680s] [ 61%] [32mBuilding CXX object CMakeFiles/claw_machine_msgs__rosidl_typesupport_fastrtps_c.dir/rosidl_typesupport_fastrtps_c/claw_machine_msgs/msg/detail/position__type_support_c.cpp.o[0m
[8.682s] [ 64%] [32m[1mLinking C shared library libclaw_machine_msgs__rosidl_typesupport_introspection_c.so[0m
[8.695s] [ 64%] Built target claw_machine_msgs__rosidl_typesupport_introspection_c
[8.735s] [ 67%] [32m[1mLinking CXX shared library libclaw_machine_msgs__rosidl_typesupport_fastrtps_cpp.so[0m
[8.795s] [ 67%] Built target claw_machine_msgs__rosidl_typesupport_fastrtps_cpp
[8.948s] [ 70%] [32m[1mLinking CXX shared library libclaw_machine_msgs__rosidl_typesupport_fastrtps_c.so[0m
[8.988s] [ 70%] Built target claw_machine_msgs__rosidl_typesupport_fastrtps_c
[8.996s] [ 70%] Built target claw_machine_msgs
[9.004s] [ 74%] [34m[1mGenerating Python code for ROS interfaces[0m
[9.209s] [ 74%] Built target claw_machine_msgs__py
[9.217s] [ 77%] [32mBuilding C object CMakeFiles/claw_machine_msgs__rosidl_generator_py.dir/rosidl_generator_py/claw_machine_msgs/msg/_position_s.c.o[0m
[9.877s] [ 80%] [32m[1mLinking C shared library rosidl_generator_py/claw_machine_msgs/libclaw_machine_msgs__rosidl_generator_py.so[0m
[9.894s] [ 80%] Built target claw_machine_msgs__rosidl_generator_py
[9.902s] [ 83%] [32mBuilding C object CMakeFiles/claw_machine_msgs__rosidl_typesupport_introspection_c__pyext.dir/rosidl_generator_py/claw_machine_msgs/_claw_machine_msgs_s.ep.rosidl_typesupport_introspection_c.c.o[0m
[9.903s] [ 90%] [32mBuilding C object CMakeFiles/claw_machine_msgs__rosidl_typesupport_fastrtps_c__pyext.dir/rosidl_generator_py/claw_machine_msgs/_claw_machine_msgs_s.ep.rosidl_typesupport_fastrtps_c.c.o[0m
[9.903s] [ 90%] [32mBuilding C object CMakeFiles/claw_machine_msgs__rosidl_typesupport_c__pyext.dir/rosidl_generator_py/claw_machine_msgs/_claw_machine_msgs_s.ep.rosidl_typesupport_c.c.o[0m
[10.037s] [100%] [32m[1mLinking C shared library rosidl_generator_py/claw_machine_msgs/claw_machine_msgs_s__rosidl_typesupport_c.cpython-311-x86_64-linux-gnu.so[0m
[10.037s] [100%] [32m[1mLinking C shared library rosidl_generator_py/claw_machine_msgs/claw_machine_msgs_s__rosidl_typesupport_fastrtps_c.cpython-311-x86_64-linux-gnu.so[0m
[10.037s] [100%] [32m[1mLinking C shared library rosidl_generator_py/claw_machine_msgs/claw_machine_msgs_s__rosidl_typesupport_introspection_c.cpython-311-x86_64-linux-gnu.so[0m
[10.054s] [100%] Built target claw_machine_msgs__rosidl_typesupport_c__pyext
[10.055s] [100%] Built target claw_machine_msgs__rosidl_typesupport_introspection_c__pyext
[10.055s] [100%] Built target claw_machine_msgs__rosidl_typesupport_fastrtps_c__pyext
[10.059s] Invoked command in '/home/pico/code/claw_machine_ros2/build/claw_machine_msgs' returned '0': CMAKE_PREFIX_PATH=${CMAKE_PREFIX_PATH}:/home/pico/code/claw_machine_ros2/install/keyboard_claw_controller CONDA_PROMPT_MODIFIER=(ros2) /home/pico/miniconda3/envs/ros2/bin/cmake --build /home/pico/code/claw_machine_ros2/build/claw_machine_msgs -- -j20 -l20
[10.089s] Invoking command in '/home/pico/code/claw_machine_ros2/build/claw_machine_msgs': CMAKE_PREFIX_PATH=${CMAKE_PREFIX_PATH}:/home/pico/code/claw_machine_ros2/install/keyboard_claw_controller CONDA_PROMPT_MODIFIER=(ros2) /home/pico/miniconda3/envs/ros2/bin/cmake --install /home/pico/code/claw_machine_ros2/build/claw_machine_msgs
[10.092s] -- Install configuration: ""
[10.092s] -- Installing: /home/pico/code/claw_machine_ros2/install/claw_machine_msgs/share/ament_index/resource_index/rosidl_interfaces/claw_machine_msgs
[10.092s] -- Up-to-date: /home/pico/code/claw_machine_ros2/install/claw_machine_msgs/include/claw_machine_msgs/claw_machine_msgs
[10.092s] -- Up-to-date: /home/pico/code/claw_machine_ros2/install/claw_machine_msgs/include/claw_machine_msgs/claw_machine_msgs/msg
[10.092s] -- Installing: /home/pico/code/claw_machine_ros2/install/claw_machine_msgs/include/claw_machine_msgs/claw_machine_msgs/msg/rosidl_generator_c__visibility_control.h
[10.092s] -- Up-to-date: /home/pico/code/claw_machine_ros2/install/claw_machine_msgs/include/claw_machine_msgs/claw_machine_msgs/msg/detail
[10.092s] -- Installing: /home/pico/code/claw_machine_ros2/install/claw_machine_msgs/include/claw_machine_msgs/claw_machine_msgs/msg/detail/position__functions.h
[10.093s] -- Installing: /home/pico/code/claw_machine_ros2/install/claw_machine_msgs/include/claw_machine_msgs/claw_machine_msgs/msg/detail/position__type_support.h
[10.093s] -- Installing: /home/pico/code/claw_machine_ros2/install/claw_machine_msgs/include/claw_machine_msgs/claw_machine_msgs/msg/detail/position__functions.c
[10.093s] -- Installing: /home/pico/code/claw_machine_ros2/install/claw_machine_msgs/include/claw_machine_msgs/claw_machine_msgs/msg/detail/position__struct.h
[10.093s] -- Installing: /home/pico/code/claw_machine_ros2/install/claw_machine_msgs/include/claw_machine_msgs/claw_machine_msgs/msg/position.h
[10.093s] -- Installing: /home/pico/code/claw_machine_ros2/install/claw_machine_msgs/lib/libclaw_machine_msgs__rosidl_generator_c.so
[10.093s] -- Up-to-date: /home/pico/code/claw_machine_ros2/install/claw_machine_msgs/include/claw_machine_msgs/claw_machine_msgs
[10.093s] -- Up-to-date: /home/pico/code/claw_machine_ros2/install/claw_machine_msgs/include/claw_machine_msgs/claw_machine_msgs/msg
[10.093s] -- Up-to-date: /home/pico/code/claw_machine_ros2/install/claw_machine_msgs/include/claw_machine_msgs/claw_machine_msgs/msg/detail
[10.093s] -- Installing: /home/pico/code/claw_machine_ros2/install/claw_machine_msgs/include/claw_machine_msgs/claw_machine_msgs/msg/detail/position__rosidl_typesupport_fastrtps_c.h
[10.093s] -- Installing: /home/pico/code/claw_machine_ros2/install/claw_machine_msgs/include/claw_machine_msgs/claw_machine_msgs/msg/rosidl_typesupport_fastrtps_c__visibility_control.h
[10.093s] -- Installing: /home/pico/code/claw_machine_ros2/install/claw_machine_msgs/lib/libclaw_machine_msgs__rosidl_typesupport_fastrtps_c.so
[10.093s] -- Set non-toolchain portion of runtime path of "/home/pico/code/claw_machine_ros2/install/claw_machine_msgs/lib/libclaw_machine_msgs__rosidl_typesupport_fastrtps_c.so" to ""
[10.093s] -- Up-to-date: /home/pico/code/claw_machine_ros2/install/claw_machine_msgs/include/claw_machine_msgs/claw_machine_msgs
[10.093s] -- Up-to-date: /home/pico/code/claw_machine_ros2/install/claw_machine_msgs/include/claw_machine_msgs/claw_machine_msgs/msg
[10.093s] -- Up-to-date: /home/pico/code/claw_machine_ros2/install/claw_machine_msgs/include/claw_machine_msgs/claw_machine_msgs/msg/detail
[10.093s] -- Installing: /home/pico/code/claw_machine_ros2/install/claw_machine_msgs/include/claw_machine_msgs/claw_machine_msgs/msg/detail/position__builder.hpp
[10.093s] -- Installing: /home/pico/code/claw_machine_ros2/install/claw_machine_msgs/include/claw_machine_msgs/claw_machine_msgs/msg/detail/position__struct.hpp
[10.093s] -- Installing: /home/pico/code/claw_machine_ros2/install/claw_machine_msgs/include/claw_machine_msgs/claw_machine_msgs/msg/detail/position__traits.hpp
[10.093s] -- Installing: /home/pico/code/claw_machine_ros2/install/claw_machine_msgs/include/claw_machine_msgs/claw_machine_msgs/msg/position.hpp
[10.094s] -- Up-to-date: /home/pico/code/claw_machine_ros2/install/claw_machine_msgs/include/claw_machine_msgs/claw_machine_msgs
[10.094s] -- Up-to-date: /home/pico/code/claw_machine_ros2/install/claw_machine_msgs/include/claw_machine_msgs/claw_machine_msgs/msg
[10.094s] -- Installing: /home/pico/code/claw_machine_ros2/install/claw_machine_msgs/include/claw_machine_msgs/claw_machine_msgs/msg/rosidl_typesupport_fastrtps_cpp__visibility_control.h
[10.094s] -- Up-to-date: /home/pico/code/claw_machine_ros2/install/claw_machine_msgs/include/claw_machine_msgs/claw_machine_msgs/msg/detail
[10.094s] -- Up-to-date: /home/pico/code/claw_machine_ros2/install/claw_machine_msgs/include/claw_machine_msgs/claw_machine_msgs/msg/detail/dds_fastrtps
[10.094s] -- Installing: /home/pico/code/claw_machine_ros2/install/claw_machine_msgs/include/claw_machine_msgs/claw_machine_msgs/msg/detail/position__rosidl_typesupport_fastrtps_cpp.hpp
[10.094s] -- Installing: /home/pico/code/claw_machine_ros2/install/claw_machine_msgs/lib/libclaw_machine_msgs__rosidl_typesupport_fastrtps_cpp.so
[10.094s] -- Up-to-date: /home/pico/code/claw_machine_ros2/install/claw_machine_msgs/include/claw_machine_msgs/claw_machine_msgs
[10.094s] -- Up-to-date: /home/pico/code/claw_machine_ros2/install/claw_machine_msgs/include/claw_machine_msgs/claw_machine_msgs/msg
[10.094s] -- Up-to-date: /home/pico/code/claw_machine_ros2/install/claw_machine_msgs/include/claw_machine_msgs/claw_machine_msgs/msg/detail
[10.094s] -- Installing: /home/pico/code/claw_machine_ros2/install/claw_machine_msgs/include/claw_machine_msgs/claw_machine_msgs/msg/detail/position__type_support.c
[10.094s] -- Installing: /home/pico/code/claw_machine_ros2/install/claw_machine_msgs/include/claw_machine_msgs/claw_machine_msgs/msg/detail/position__rosidl_typesupport_introspection_c.h
[10.094s] -- Installing: /home/pico/code/claw_machine_ros2/install/claw_machine_msgs/include/claw_machine_msgs/claw_machine_msgs/msg/rosidl_typesupport_introspection_c__visibility_control.h
[10.094s] -- Installing: /home/pico/code/claw_machine_ros2/install/claw_machine_msgs/lib/libclaw_machine_msgs__rosidl_typesupport_introspection_c.so
[10.094s] -- Set non-toolchain portion of runtime path of "/home/pico/code/claw_machine_ros2/install/claw_machine_msgs/lib/libclaw_machine_msgs__rosidl_typesupport_introspection_c.so" to ""
[10.094s] -- Installing: /home/pico/code/claw_machine_ros2/install/claw_machine_msgs/lib/libclaw_machine_msgs__rosidl_typesupport_c.so
[10.095s] -- Set non-toolchain portion of runtime path of "/home/pico/code/claw_machine_ros2/install/claw_machine_msgs/lib/libclaw_machine_msgs__rosidl_typesupport_c.so" to ""
[10.095s] -- Up-to-date: /home/pico/code/claw_machine_ros2/install/claw_machine_msgs/include/claw_machine_msgs/claw_machine_msgs
[10.095s] -- Up-to-date: /home/pico/code/claw_machine_ros2/install/claw_machine_msgs/include/claw_machine_msgs/claw_machine_msgs/msg
[10.095s] -- Up-to-date: /home/pico/code/claw_machine_ros2/install/claw_machine_msgs/include/claw_machine_msgs/claw_machine_msgs/msg/detail
[10.095s] -- Installing: /home/pico/code/claw_machine_ros2/install/claw_machine_msgs/include/claw_machine_msgs/claw_machine_msgs/msg/detail/position__type_support.cpp
[10.095s] -- Installing: /home/pico/code/claw_machine_ros2/install/claw_machine_msgs/include/claw_machine_msgs/claw_machine_msgs/msg/detail/position__rosidl_typesupport_introspection_cpp.hpp
[10.095s] -- Installing: /home/pico/code/claw_machine_ros2/install/claw_machine_msgs/lib/libclaw_machine_msgs__rosidl_typesupport_introspection_cpp.so
[10.095s] -- Installing: /home/pico/code/claw_machine_ros2/install/claw_machine_msgs/lib/libclaw_machine_msgs__rosidl_typesupport_cpp.so
[10.095s] -- Installing: /home/pico/code/claw_machine_ros2/install/claw_machine_msgs/share/claw_machine_msgs/environment/pythonpath.sh
[10.095s] -- Installing: /home/pico/code/claw_machine_ros2/install/claw_machine_msgs/share/claw_machine_msgs/environment/pythonpath.dsv
[10.095s] -- Up-to-date: /home/pico/code/claw_machine_ros2/install/claw_machine_msgs/lib/python3.11/site-packages/claw_machine_msgs-0.0.0-py3.11.egg-info
[10.095s] -- Installing: /home/pico/code/claw_machine_ros2/install/claw_machine_msgs/lib/python3.11/site-packages/claw_machine_msgs-0.0.0-py3.11.egg-info/top_level.txt
[10.095s] -- Installing: /home/pico/code/claw_machine_ros2/install/claw_machine_msgs/lib/python3.11/site-packages/claw_machine_msgs-0.0.0-py3.11.egg-info/dependency_links.txt
[10.095s] -- Installing: /home/pico/code/claw_machine_ros2/install/claw_machine_msgs/lib/python3.11/site-packages/claw_machine_msgs-0.0.0-py3.11.egg-info/SOURCES.txt
[10.095s] -- Installing: /home/pico/code/claw_machine_ros2/install/claw_machine_msgs/lib/python3.11/site-packages/claw_machine_msgs-0.0.0-py3.11.egg-info/PKG-INFO
[10.096s] -- Up-to-date: /home/pico/code/claw_machine_ros2/install/claw_machine_msgs/lib/python3.11/site-packages/claw_machine_msgs
[10.096s] -- Installing: /home/pico/code/claw_machine_ros2/install/claw_machine_msgs/lib/python3.11/site-packages/claw_machine_msgs/_claw_machine_msgs_s.ep.rosidl_typesupport_introspection_c.c
[10.096s] -- Installing: /home/pico/code/claw_machine_ros2/install/claw_machine_msgs/lib/python3.11/site-packages/claw_machine_msgs/_claw_machine_msgs_s.ep.rosidl_typesupport_c.c
[10.096s] -- Installing: /home/pico/code/claw_machine_ros2/install/claw_machine_msgs/lib/python3.11/site-packages/claw_machine_msgs/claw_machine_msgs_s__rosidl_typesupport_fastrtps_c.cpython-311-x86_64-linux-gnu.so
[10.096s] -- Installing: /home/pico/code/claw_machine_ros2/install/claw_machine_msgs/lib/python3.11/site-packages/claw_machine_msgs/__init__.py
[10.096s] -- Installing: /home/pico/code/claw_machine_ros2/install/claw_machine_msgs/lib/python3.11/site-packages/claw_machine_msgs/claw_machine_msgs_s__rosidl_typesupport_c.cpython-311-x86_64-linux-gnu.so
[10.096s] -- Up-to-date: /home/pico/code/claw_machine_ros2/install/claw_machine_msgs/lib/python3.11/site-packages/claw_machine_msgs/msg
[10.096s] -- Installing: /home/pico/code/claw_machine_ros2/install/claw_machine_msgs/lib/python3.11/site-packages/claw_machine_msgs/msg/_position.py
[10.096s] -- Installing: /home/pico/code/claw_machine_ros2/install/claw_machine_msgs/lib/python3.11/site-packages/claw_machine_msgs/msg/__init__.py
[10.096s] -- Installing: /home/pico/code/claw_machine_ros2/install/claw_machine_msgs/lib/python3.11/site-packages/claw_machine_msgs/msg/_position_s.c
[10.096s] -- Installing: /home/pico/code/claw_machine_ros2/install/claw_machine_msgs/lib/python3.11/site-packages/claw_machine_msgs/libclaw_machine_msgs__rosidl_generator_py.so
[10.096s] -- Installing: /home/pico/code/claw_machine_ros2/install/claw_machine_msgs/lib/python3.11/site-packages/claw_machine_msgs/claw_machine_msgs_s__rosidl_typesupport_introspection_c.cpython-311-x86_64-linux-gnu.so
[10.096s] -- Installing: /home/pico/code/claw_machine_ros2/install/claw_machine_msgs/lib/python3.11/site-packages/claw_machine_msgs/_claw_machine_msgs_s.ep.rosidl_typesupport_fastrtps_c.c
[10.116s] Listing 'lib/python3.11/site-packages/claw_machine_msgs'...
[10.116s] Can't list 'lib/python3.11/site-packages/claw_machine_msgs'
[10.119s] -- Installing: /home/pico/code/claw_machine_ros2/install/claw_machine_msgs/lib/python3.11/site-packages/claw_machine_msgs/claw_machine_msgs_s__rosidl_typesupport_fastrtps_c.cpython-311-x86_64-linux-gnu.so
[10.119s] -- Set non-toolchain portion of runtime path of "/home/pico/code/claw_machine_ros2/install/claw_machine_msgs/lib/python3.11/site-packages/claw_machine_msgs/claw_machine_msgs_s__rosidl_typesupport_fastrtps_c.cpython-311-x86_64-linux-gnu.so" to ""
[10.119s] -- Installing: /home/pico/code/claw_machine_ros2/install/claw_machine_msgs/lib/python3.11/site-packages/claw_machine_msgs/claw_machine_msgs_s__rosidl_typesupport_introspection_c.cpython-311-x86_64-linux-gnu.so
[10.119s] -- Set non-toolchain portion of runtime path of "/home/pico/code/claw_machine_ros2/install/claw_machine_msgs/lib/python3.11/site-packages/claw_machine_msgs/claw_machine_msgs_s__rosidl_typesupport_introspection_c.cpython-311-x86_64-linux-gnu.so" to ""
[10.119s] -- Installing: /home/pico/code/claw_machine_ros2/install/claw_machine_msgs/lib/python3.11/site-packages/claw_machine_msgs/claw_machine_msgs_s__rosidl_typesupport_c.cpython-311-x86_64-linux-gnu.so
[10.119s] -- Set non-toolchain portion of runtime path of "/home/pico/code/claw_machine_ros2/install/claw_machine_msgs/lib/python3.11/site-packages/claw_machine_msgs/claw_machine_msgs_s__rosidl_typesupport_c.cpython-311-x86_64-linux-gnu.so" to ""
[10.119s] -- Installing: /home/pico/code/claw_machine_ros2/install/claw_machine_msgs/lib/libclaw_machine_msgs__rosidl_generator_py.so
[10.120s] -- Set non-toolchain portion of runtime path of "/home/pico/code/claw_machine_ros2/install/claw_machine_msgs/lib/libclaw_machine_msgs__rosidl_generator_py.so" to ""
[10.120s] -- Installing: /home/pico/code/claw_machine_ros2/install/claw_machine_msgs/share/claw_machine_msgs/msg/Position.idl
[10.120s] -- Up-to-date: /home/pico/code/claw_machine_ros2/install/claw_machine_msgs/share/claw_machine_msgs/msg/Position.msg
[10.120s] -- Installing: /home/pico/code/claw_machine_ros2/install/claw_machine_msgs/share/ament_index/resource_index/package_run_dependencies/claw_machine_msgs
[10.120s] -- Installing: /home/pico/code/claw_machine_ros2/install/claw_machine_msgs/share/ament_index/resource_index/parent_prefix_path/claw_machine_msgs
[10.120s] -- Up-to-date: /home/pico/code/claw_machine_ros2/install/claw_machine_msgs/share/claw_machine_msgs/environment/ament_prefix_path.sh
[10.120s] -- Installing: /home/pico/code/claw_machine_ros2/install/claw_machine_msgs/share/claw_machine_msgs/environment/ament_prefix_path.dsv
[10.120s] -- Up-to-date: /home/pico/code/claw_machine_ros2/install/claw_machine_msgs/share/claw_machine_msgs/environment/path.sh
[10.120s] -- Installing: /home/pico/code/claw_machine_ros2/install/claw_machine_msgs/share/claw_machine_msgs/environment/path.dsv
[10.120s] -- Installing: /home/pico/code/claw_machine_ros2/install/claw_machine_msgs/share/claw_machine_msgs/local_setup.bash
[10.120s] -- Installing: /home/pico/code/claw_machine_ros2/install/claw_machine_msgs/share/claw_machine_msgs/local_setup.sh
[10.120s] -- Installing: /home/pico/code/claw_machine_ros2/install/claw_machine_msgs/share/claw_machine_msgs/local_setup.zsh
[10.120s] -- Installing: /home/pico/code/claw_machine_ros2/install/claw_machine_msgs/share/claw_machine_msgs/local_setup.dsv
[10.120s] -- Installing: /home/pico/code/claw_machine_ros2/install/claw_machine_msgs/share/claw_machine_msgs/package.dsv
[10.120s] -- Installing: /home/pico/code/claw_machine_ros2/install/claw_machine_msgs/share/ament_index/resource_index/packages/claw_machine_msgs
[10.120s] -- Installing: /home/pico/code/claw_machine_ros2/install/claw_machine_msgs/share/claw_machine_msgs/cmake/export_claw_machine_msgs__rosidl_generator_cExport.cmake
[10.121s] -- Installing: /home/pico/code/claw_machine_ros2/install/claw_machine_msgs/share/claw_machine_msgs/cmake/export_claw_machine_msgs__rosidl_generator_cExport-noconfig.cmake
[10.121s] -- Installing: /home/pico/code/claw_machine_ros2/install/claw_machine_msgs/share/claw_machine_msgs/cmake/export_claw_machine_msgs__rosidl_typesupport_fastrtps_cExport.cmake
[10.121s] -- Installing: /home/pico/code/claw_machine_ros2/install/claw_machine_msgs/share/claw_machine_msgs/cmake/export_claw_machine_msgs__rosidl_typesupport_fastrtps_cExport-noconfig.cmake
[10.121s] -- Installing: /home/pico/code/claw_machine_ros2/install/claw_machine_msgs/share/claw_machine_msgs/cmake/export_claw_machine_msgs__rosidl_generator_cppExport.cmake
[10.121s] -- Installing: /home/pico/code/claw_machine_ros2/install/claw_machine_msgs/share/claw_machine_msgs/cmake/export_claw_machine_msgs__rosidl_typesupport_fastrtps_cppExport.cmake
[10.121s] -- Installing: /home/pico/code/claw_machine_ros2/install/claw_machine_msgs/share/claw_machine_msgs/cmake/export_claw_machine_msgs__rosidl_typesupport_fastrtps_cppExport-noconfig.cmake
[10.121s] -- Installing: /home/pico/code/claw_machine_ros2/install/claw_machine_msgs/share/claw_machine_msgs/cmake/claw_machine_msgs__rosidl_typesupport_introspection_cExport.cmake
[10.121s] -- Installing: /home/pico/code/claw_machine_ros2/install/claw_machine_msgs/share/claw_machine_msgs/cmake/claw_machine_msgs__rosidl_typesupport_introspection_cExport-noconfig.cmake
[10.121s] -- Installing: /home/pico/code/claw_machine_ros2/install/claw_machine_msgs/share/claw_machine_msgs/cmake/claw_machine_msgs__rosidl_typesupport_cExport.cmake
[10.121s] -- Installing: /home/pico/code/claw_machine_ros2/install/claw_machine_msgs/share/claw_machine_msgs/cmake/claw_machine_msgs__rosidl_typesupport_cExport-noconfig.cmake
[10.121s] -- Installing: /home/pico/code/claw_machine_ros2/install/claw_machine_msgs/share/claw_machine_msgs/cmake/claw_machine_msgs__rosidl_typesupport_introspection_cppExport.cmake
[10.122s] -- Installing: /home/pico/code/claw_machine_ros2/install/claw_machine_msgs/share/claw_machine_msgs/cmake/claw_machine_msgs__rosidl_typesupport_introspection_cppExport-noconfig.cmake
[10.122s] -- Installing: /home/pico/code/claw_machine_ros2/install/claw_machine_msgs/share/claw_machine_msgs/cmake/claw_machine_msgs__rosidl_typesupport_cppExport.cmake
[10.122s] -- Installing: /home/pico/code/claw_machine_ros2/install/claw_machine_msgs/share/claw_machine_msgs/cmake/claw_machine_msgs__rosidl_typesupport_cppExport-noconfig.cmake
[10.122s] -- Installing: /home/pico/code/claw_machine_ros2/install/claw_machine_msgs/share/claw_machine_msgs/cmake/export_claw_machine_msgs__rosidl_generator_pyExport.cmake
[10.122s] -- Installing: /home/pico/code/claw_machine_ros2/install/claw_machine_msgs/share/claw_machine_msgs/cmake/export_claw_machine_msgs__rosidl_generator_pyExport-noconfig.cmake
[10.122s] -- Installing: /home/pico/code/claw_machine_ros2/install/claw_machine_msgs/share/claw_machine_msgs/cmake/rosidl_cmake-extras.cmake
[10.122s] -- Installing: /home/pico/code/claw_machine_ros2/install/claw_machine_msgs/share/claw_machine_msgs/cmake/ament_cmake_export_dependencies-extras.cmake
[10.122s] -- Installing: /home/pico/code/claw_machine_ros2/install/claw_machine_msgs/share/claw_machine_msgs/cmake/ament_cmake_export_include_directories-extras.cmake
[10.122s] -- Installing: /home/pico/code/claw_machine_ros2/install/claw_machine_msgs/share/claw_machine_msgs/cmake/ament_cmake_export_libraries-extras.cmake
[10.122s] -- Installing: /home/pico/code/claw_machine_ros2/install/claw_machine_msgs/share/claw_machine_msgs/cmake/ament_cmake_export_targets-extras.cmake
[10.122s] -- Installing: /home/pico/code/claw_machine_ros2/install/claw_machine_msgs/share/claw_machine_msgs/cmake/rosidl_cmake_export_typesupport_targets-extras.cmake
[10.122s] -- Installing: /home/pico/code/claw_machine_ros2/install/claw_machine_msgs/share/claw_machine_msgs/cmake/rosidl_cmake_export_typesupport_libraries-extras.cmake
[10.122s] -- Installing: /home/pico/code/claw_machine_ros2/install/claw_machine_msgs/share/claw_machine_msgs/cmake/claw_machine_msgsConfig.cmake
[10.122s] -- Installing: /home/pico/code/claw_machine_ros2/install/claw_machine_msgs/share/claw_machine_msgs/cmake/claw_machine_msgsConfig-version.cmake
[10.123s] -- Up-to-date: /home/pico/code/claw_machine_ros2/install/claw_machine_msgs/share/claw_machine_msgs/package.xml
[10.124s] Invoked command in '/home/pico/code/claw_machine_ros2/build/claw_machine_msgs' returned '0': CMAKE_PREFIX_PATH=${CMAKE_PREFIX_PATH}:/home/pico/code/claw_machine_ros2/install/keyboard_claw_controller CONDA_PROMPT_MODIFIER=(ros2) /home/pico/miniconda3/envs/ros2/bin/cmake --install /home/pico/code/claw_machine_ros2/build/claw_machine_msgs
