-- Found ament_cmake: 1.3.8 (/opt/ros/humble/share/ament_cmake/cmake)
-- Found std_msgs: 4.2.3 (/opt/ros/humble/share/std_msgs/cmake)
-- Found rosidl_generator_c: 3.1.5 (/opt/ros/humble/share/rosidl_generator_c/cmake)
-- Found rosidl_adapter: 3.1.5 (/opt/ros/humble/share/rosidl_adapter/cmake)
-- Found rosidl_generator_cpp: 3.1.5 (/opt/ros/humble/share/rosidl_generator_cpp/cmake)
-- Using all available rosidl_typesupport_c: rosidl_typesupport_fastrtps_c;rosidl_typesupport_introspection_c
-- Using all available rosidl_typesupport_cpp: rosidl_typesupport_fastrtps_cpp;rosidl_typesupport_introspection_cpp
-- Found rosidl_default_generators: 1.2.0 (/opt/ros/humble/share/rosidl_default_generators/cmake)
-- Found ament_cmake_ros: 0.10.0 (/opt/ros/humble/share/ament_cmake_ros/cmake)
-- Using all available rosidl_typesupport_c: rosidl_typesupport_fastrtps_c;rosidl_typesupport_introspection_c
-- Using all available rosidl_typesupport_cpp: rosidl_typesupport_fastrtps_cpp;rosidl_typesupport_introspection_cpp
-- Found python_cmake_module: 0.10.0 (/opt/ros/humble/share/python_cmake_module/cmake)
-- Using PYTHON_EXECUTABLE: /usr/bin/python3
-- Using PYTHON_INCLUDE_DIRS: /usr/include/python3.10
-- Using PYTHON_LIBRARIES: /usr/lib/x86_64-linux-gnu/libpython3.10.so
-- Found ament_lint_auto: 0.12.10 (/opt/ros/humble/share/ament_lint_auto/cmake)
-- Added test 'lint_cmake' to check CMake code style
-- Added test 'xmllint' to check XML markup files
-- Configuring done
-- Generating done
-- Build files have been written to: /home/rosdev/ros2_ws/build/claw_machine_msgs
[  3%] [34m[1mGenerating C code for ROS interfaces[0m
[  6%] [34m[1mGenerating C++ code for ROS interfaces[0m
[  6%] Built target ament_cmake_python_copy_claw_machine_msgs
running egg_info
writing claw_machine_msgs.egg-info/PKG-INFO
writing dependency_links to claw_machine_msgs.egg-info/dependency_links.txt
writing top-level names to claw_machine_msgs.egg-info/top_level.txt
reading manifest file 'claw_machine_msgs.egg-info/SOURCES.txt'
writing manifest file 'claw_machine_msgs.egg-info/SOURCES.txt'
[  6%] Built target claw_machine_msgs__cpp
[  9%] [32mBuilding C object CMakeFiles/claw_machine_msgs__rosidl_generator_c.dir/rosidl_generator_c/claw_machine_msgs/msg/detail/position__functions.c.o[0m
[  9%] Built target ament_cmake_python_build_claw_machine_msgs_egg
[ 19%] [34m[1mGenerating C++ type support for eProsima Fast-RTPS[0m
[ 19%] [34m[1mGenerating C++ type support dispatch for ROS interfaces[0m
[ 19%] [34m[1mGenerating C++ introspection for ROS interfaces[0m
[ 22%] [32m[1mLinking C shared library libclaw_machine_msgs__rosidl_generator_c.so[0m
[ 22%] Built target claw_machine_msgs__rosidl_generator_c
[ 32%] [34m[1mGenerating C type support for eProsima Fast-RTPS[0m
[ 32%] [34m[1mGenerating C type support dispatch for ROS interfaces[0m
[ 32%] [34m[1mGenerating C introspection for ROS interfaces[0m
[ 35%] [32mBuilding CXX object CMakeFiles/claw_machine_msgs__rosidl_typesupport_cpp.dir/rosidl_typesupport_cpp/claw_machine_msgs/msg/position__type_support.cpp.o[0m
[ 38%] [32mBuilding CXX object CMakeFiles/claw_machine_msgs__rosidl_typesupport_introspection_cpp.dir/rosidl_typesupport_introspection_cpp/claw_machine_msgs/msg/detail/position__type_support.cpp.o[0m
[ 41%] [32mBuilding CXX object CMakeFiles/claw_machine_msgs__rosidl_typesupport_fastrtps_cpp.dir/rosidl_typesupport_fastrtps_cpp/claw_machine_msgs/msg/detail/dds_fastrtps/position__type_support.cpp.o[0m
[ 45%] [32mBuilding CXX object CMakeFiles/claw_machine_msgs__rosidl_typesupport_c.dir/rosidl_typesupport_c/claw_machine_msgs/msg/position__type_support.cpp.o[0m
[ 48%] [32mBuilding CXX object CMakeFiles/claw_machine_msgs__rosidl_typesupport_fastrtps_c.dir/rosidl_typesupport_fastrtps_c/claw_machine_msgs/msg/detail/position__type_support_c.cpp.o[0m
[ 51%] [32mBuilding C object CMakeFiles/claw_machine_msgs__rosidl_typesupport_introspection_c.dir/rosidl_typesupport_introspection_c/claw_machine_msgs/msg/detail/position__type_support.c.o[0m
[ 54%] [32m[1mLinking CXX shared library libclaw_machine_msgs__rosidl_typesupport_c.so[0m
[ 58%] [32m[1mLinking C shared library libclaw_machine_msgs__rosidl_typesupport_introspection_c.so[0m
[ 58%] Built target claw_machine_msgs__rosidl_typesupport_introspection_c
[ 58%] Built target claw_machine_msgs__rosidl_typesupport_c
[ 61%] [32m[1mLinking CXX shared library libclaw_machine_msgs__rosidl_typesupport_cpp.so[0m
[ 61%] Built target claw_machine_msgs__rosidl_typesupport_cpp
[ 64%] [32m[1mLinking CXX shared library libclaw_machine_msgs__rosidl_typesupport_introspection_cpp.so[0m
[ 67%] [32m[1mLinking CXX shared library libclaw_machine_msgs__rosidl_typesupport_fastrtps_cpp.so[0m
[ 67%] Built target claw_machine_msgs__rosidl_typesupport_introspection_cpp
[ 70%] [32m[1mLinking CXX shared library libclaw_machine_msgs__rosidl_typesupport_fastrtps_c.so[0m
[ 70%] Built target claw_machine_msgs__rosidl_typesupport_fastrtps_cpp
[ 70%] Built target claw_machine_msgs__rosidl_typesupport_fastrtps_c
[ 70%] Built target claw_machine_msgs
[ 74%] [34m[1mGenerating Python code for ROS interfaces[0m
[ 74%] Built target claw_machine_msgs__py
[ 77%] [32mBuilding C object CMakeFiles/claw_machine_msgs__rosidl_generator_py.dir/rosidl_generator_py/claw_machine_msgs/msg/_position_s.c.o[0m
[ 80%] [32m[1mLinking C shared library rosidl_generator_py/claw_machine_msgs/libclaw_machine_msgs__rosidl_generator_py.so[0m
[ 80%] Built target claw_machine_msgs__rosidl_generator_py
[ 90%] [32mBuilding C object CMakeFiles/claw_machine_msgs__rosidl_typesupport_fastrtps_c__pyext.dir/rosidl_generator_py/claw_machine_msgs/_claw_machine_msgs_s.ep.rosidl_typesupport_fastrtps_c.c.o[0m
[ 90%] [32mBuilding C object CMakeFiles/claw_machine_msgs__rosidl_typesupport_introspection_c__pyext.dir/rosidl_generator_py/claw_machine_msgs/_claw_machine_msgs_s.ep.rosidl_typesupport_introspection_c.c.o[0m
[ 90%] [32mBuilding C object CMakeFiles/claw_machine_msgs__rosidl_typesupport_c__pyext.dir/rosidl_generator_py/claw_machine_msgs/_claw_machine_msgs_s.ep.rosidl_typesupport_c.c.o[0m
[100%] [32m[1mLinking C shared library rosidl_generator_py/claw_machine_msgs/claw_machine_msgs_s__rosidl_typesupport_fastrtps_c.cpython-310-x86_64-linux-gnu.so[0m
[100%] [32m[1mLinking C shared library rosidl_generator_py/claw_machine_msgs/claw_machine_msgs_s__rosidl_typesupport_introspection_c.cpython-310-x86_64-linux-gnu.so[0m
[100%] [32m[1mLinking C shared library rosidl_generator_py/claw_machine_msgs/claw_machine_msgs_s__rosidl_typesupport_c.cpython-310-x86_64-linux-gnu.so[0m
[100%] Built target claw_machine_msgs__rosidl_typesupport_c__pyext
[100%] Built target claw_machine_msgs__rosidl_typesupport_fastrtps_c__pyext
[100%] Built target claw_machine_msgs__rosidl_typesupport_introspection_c__pyext
-- Install configuration: ""
-- Installing: /home/rosdev/ros2_ws/install/claw_machine_msgs/share/ament_index/resource_index/rosidl_interfaces/claw_machine_msgs
-- Installing: /home/rosdev/ros2_ws/install/claw_machine_msgs/include/claw_machine_msgs/claw_machine_msgs
-- Installing: /home/rosdev/ros2_ws/install/claw_machine_msgs/include/claw_machine_msgs/claw_machine_msgs/msg
-- Installing: /home/rosdev/ros2_ws/install/claw_machine_msgs/include/claw_machine_msgs/claw_machine_msgs/msg/rosidl_generator_c__visibility_control.h
-- Installing: /home/rosdev/ros2_ws/install/claw_machine_msgs/include/claw_machine_msgs/claw_machine_msgs/msg/detail
-- Installing: /home/rosdev/ros2_ws/install/claw_machine_msgs/include/claw_machine_msgs/claw_machine_msgs/msg/detail/position__functions.c
-- Installing: /home/rosdev/ros2_ws/install/claw_machine_msgs/include/claw_machine_msgs/claw_machine_msgs/msg/detail/position__functions.h
-- Installing: /home/rosdev/ros2_ws/install/claw_machine_msgs/include/claw_machine_msgs/claw_machine_msgs/msg/detail/position__type_support.h
-- Installing: /home/rosdev/ros2_ws/install/claw_machine_msgs/include/claw_machine_msgs/claw_machine_msgs/msg/detail/position__struct.h
-- Installing: /home/rosdev/ros2_ws/install/claw_machine_msgs/include/claw_machine_msgs/claw_machine_msgs/msg/position.h
-- Installing: /home/rosdev/ros2_ws/install/claw_machine_msgs/share/claw_machine_msgs/environment/library_path.sh
-- Installing: /home/rosdev/ros2_ws/install/claw_machine_msgs/share/claw_machine_msgs/environment/library_path.dsv
-- Installing: /home/rosdev/ros2_ws/install/claw_machine_msgs/lib/libclaw_machine_msgs__rosidl_generator_c.so
-- Set runtime path of "/home/rosdev/ros2_ws/install/claw_machine_msgs/lib/libclaw_machine_msgs__rosidl_generator_c.so" to ""
-- Up-to-date: /home/rosdev/ros2_ws/install/claw_machine_msgs/include/claw_machine_msgs/claw_machine_msgs
-- Up-to-date: /home/rosdev/ros2_ws/install/claw_machine_msgs/include/claw_machine_msgs/claw_machine_msgs/msg
-- Installing: /home/rosdev/ros2_ws/install/claw_machine_msgs/include/claw_machine_msgs/claw_machine_msgs/msg/rosidl_typesupport_fastrtps_c__visibility_control.h
-- Up-to-date: /home/rosdev/ros2_ws/install/claw_machine_msgs/include/claw_machine_msgs/claw_machine_msgs/msg/detail
-- Installing: /home/rosdev/ros2_ws/install/claw_machine_msgs/include/claw_machine_msgs/claw_machine_msgs/msg/detail/position__rosidl_typesupport_fastrtps_c.h
-- Installing: /home/rosdev/ros2_ws/install/claw_machine_msgs/lib/libclaw_machine_msgs__rosidl_typesupport_fastrtps_c.so
-- Set runtime path of "/home/rosdev/ros2_ws/install/claw_machine_msgs/lib/libclaw_machine_msgs__rosidl_typesupport_fastrtps_c.so" to ""
-- Up-to-date: /home/rosdev/ros2_ws/install/claw_machine_msgs/include/claw_machine_msgs/claw_machine_msgs
-- Up-to-date: /home/rosdev/ros2_ws/install/claw_machine_msgs/include/claw_machine_msgs/claw_machine_msgs/msg
-- Up-to-date: /home/rosdev/ros2_ws/install/claw_machine_msgs/include/claw_machine_msgs/claw_machine_msgs/msg/detail
-- Installing: /home/rosdev/ros2_ws/install/claw_machine_msgs/include/claw_machine_msgs/claw_machine_msgs/msg/detail/position__struct.hpp
-- Installing: /home/rosdev/ros2_ws/install/claw_machine_msgs/include/claw_machine_msgs/claw_machine_msgs/msg/detail/position__traits.hpp
-- Installing: /home/rosdev/ros2_ws/install/claw_machine_msgs/include/claw_machine_msgs/claw_machine_msgs/msg/detail/position__builder.hpp
-- Installing: /home/rosdev/ros2_ws/install/claw_machine_msgs/include/claw_machine_msgs/claw_machine_msgs/msg/position.hpp
-- Up-to-date: /home/rosdev/ros2_ws/install/claw_machine_msgs/include/claw_machine_msgs/claw_machine_msgs
-- Up-to-date: /home/rosdev/ros2_ws/install/claw_machine_msgs/include/claw_machine_msgs/claw_machine_msgs/msg
-- Installing: /home/rosdev/ros2_ws/install/claw_machine_msgs/include/claw_machine_msgs/claw_machine_msgs/msg/rosidl_typesupport_fastrtps_cpp__visibility_control.h
-- Up-to-date: /home/rosdev/ros2_ws/install/claw_machine_msgs/include/claw_machine_msgs/claw_machine_msgs/msg/detail
-- Installing: /home/rosdev/ros2_ws/install/claw_machine_msgs/include/claw_machine_msgs/claw_machine_msgs/msg/detail/position__rosidl_typesupport_fastrtps_cpp.hpp
-- Installing: /home/rosdev/ros2_ws/install/claw_machine_msgs/include/claw_machine_msgs/claw_machine_msgs/msg/detail/dds_fastrtps
-- Installing: /home/rosdev/ros2_ws/install/claw_machine_msgs/lib/libclaw_machine_msgs__rosidl_typesupport_fastrtps_cpp.so
-- Set runtime path of "/home/rosdev/ros2_ws/install/claw_machine_msgs/lib/libclaw_machine_msgs__rosidl_typesupport_fastrtps_cpp.so" to ""
-- Up-to-date: /home/rosdev/ros2_ws/install/claw_machine_msgs/include/claw_machine_msgs/claw_machine_msgs
-- Up-to-date: /home/rosdev/ros2_ws/install/claw_machine_msgs/include/claw_machine_msgs/claw_machine_msgs/msg
-- Up-to-date: /home/rosdev/ros2_ws/install/claw_machine_msgs/include/claw_machine_msgs/claw_machine_msgs/msg/detail
-- Installing: /home/rosdev/ros2_ws/install/claw_machine_msgs/include/claw_machine_msgs/claw_machine_msgs/msg/detail/position__rosidl_typesupport_introspection_c.h
-- Installing: /home/rosdev/ros2_ws/install/claw_machine_msgs/include/claw_machine_msgs/claw_machine_msgs/msg/detail/position__type_support.c
-- Installing: /home/rosdev/ros2_ws/install/claw_machine_msgs/include/claw_machine_msgs/claw_machine_msgs/msg/rosidl_typesupport_introspection_c__visibility_control.h
-- Installing: /home/rosdev/ros2_ws/install/claw_machine_msgs/lib/libclaw_machine_msgs__rosidl_typesupport_introspection_c.so
-- Set runtime path of "/home/rosdev/ros2_ws/install/claw_machine_msgs/lib/libclaw_machine_msgs__rosidl_typesupport_introspection_c.so" to ""
-- Installing: /home/rosdev/ros2_ws/install/claw_machine_msgs/lib/libclaw_machine_msgs__rosidl_typesupport_c.so
-- Set runtime path of "/home/rosdev/ros2_ws/install/claw_machine_msgs/lib/libclaw_machine_msgs__rosidl_typesupport_c.so" to ""
-- Up-to-date: /home/rosdev/ros2_ws/install/claw_machine_msgs/include/claw_machine_msgs/claw_machine_msgs
-- Up-to-date: /home/rosdev/ros2_ws/install/claw_machine_msgs/include/claw_machine_msgs/claw_machine_msgs/msg
-- Up-to-date: /home/rosdev/ros2_ws/install/claw_machine_msgs/include/claw_machine_msgs/claw_machine_msgs/msg/detail
-- Installing: /home/rosdev/ros2_ws/install/claw_machine_msgs/include/claw_machine_msgs/claw_machine_msgs/msg/detail/position__rosidl_typesupport_introspection_cpp.hpp
-- Installing: /home/rosdev/ros2_ws/install/claw_machine_msgs/include/claw_machine_msgs/claw_machine_msgs/msg/detail/position__type_support.cpp
-- Installing: /home/rosdev/ros2_ws/install/claw_machine_msgs/lib/libclaw_machine_msgs__rosidl_typesupport_introspection_cpp.so
-- Set runtime path of "/home/rosdev/ros2_ws/install/claw_machine_msgs/lib/libclaw_machine_msgs__rosidl_typesupport_introspection_cpp.so" to ""
-- Installing: /home/rosdev/ros2_ws/install/claw_machine_msgs/lib/libclaw_machine_msgs__rosidl_typesupport_cpp.so
-- Set runtime path of "/home/rosdev/ros2_ws/install/claw_machine_msgs/lib/libclaw_machine_msgs__rosidl_typesupport_cpp.so" to ""
-- Installing: /home/rosdev/ros2_ws/install/claw_machine_msgs/share/claw_machine_msgs/environment/pythonpath.sh
-- Installing: /home/rosdev/ros2_ws/install/claw_machine_msgs/share/claw_machine_msgs/environment/pythonpath.dsv
-- Installing: /home/rosdev/ros2_ws/install/claw_machine_msgs/local/lib/python3.10/dist-packages/claw_machine_msgs-0.0.0-py3.10.egg-info
-- Installing: /home/rosdev/ros2_ws/install/claw_machine_msgs/local/lib/python3.10/dist-packages/claw_machine_msgs-0.0.0-py3.10.egg-info/PKG-INFO
-- Installing: /home/rosdev/ros2_ws/install/claw_machine_msgs/local/lib/python3.10/dist-packages/claw_machine_msgs-0.0.0-py3.10.egg-info/dependency_links.txt
-- Installing: /home/rosdev/ros2_ws/install/claw_machine_msgs/local/lib/python3.10/dist-packages/claw_machine_msgs-0.0.0-py3.10.egg-info/SOURCES.txt
-- Installing: /home/rosdev/ros2_ws/install/claw_machine_msgs/local/lib/python3.10/dist-packages/claw_machine_msgs-0.0.0-py3.10.egg-info/top_level.txt
-- Installing: /home/rosdev/ros2_ws/install/claw_machine_msgs/local/lib/python3.10/dist-packages/claw_machine_msgs
-- Installing: /home/rosdev/ros2_ws/install/claw_machine_msgs/local/lib/python3.10/dist-packages/claw_machine_msgs/claw_machine_msgs_s__rosidl_typesupport_introspection_c.cpython-310-x86_64-linux-gnu.so
-- Installing: /home/rosdev/ros2_ws/install/claw_machine_msgs/local/lib/python3.10/dist-packages/claw_machine_msgs/claw_machine_msgs_s__rosidl_typesupport_c.cpython-310-x86_64-linux-gnu.so
-- Installing: /home/rosdev/ros2_ws/install/claw_machine_msgs/local/lib/python3.10/dist-packages/claw_machine_msgs/libclaw_machine_msgs__rosidl_generator_py.so
-- Installing: /home/rosdev/ros2_ws/install/claw_machine_msgs/local/lib/python3.10/dist-packages/claw_machine_msgs/claw_machine_msgs_s__rosidl_typesupport_fastrtps_c.cpython-310-x86_64-linux-gnu.so
-- Installing: /home/rosdev/ros2_ws/install/claw_machine_msgs/local/lib/python3.10/dist-packages/claw_machine_msgs/_claw_machine_msgs_s.ep.rosidl_typesupport_introspection_c.c
-- Installing: /home/rosdev/ros2_ws/install/claw_machine_msgs/local/lib/python3.10/dist-packages/claw_machine_msgs/msg
-- Installing: /home/rosdev/ros2_ws/install/claw_machine_msgs/local/lib/python3.10/dist-packages/claw_machine_msgs/msg/_position.py
-- Installing: /home/rosdev/ros2_ws/install/claw_machine_msgs/local/lib/python3.10/dist-packages/claw_machine_msgs/msg/__init__.py
-- Installing: /home/rosdev/ros2_ws/install/claw_machine_msgs/local/lib/python3.10/dist-packages/claw_machine_msgs/msg/_position_s.c
-- Installing: /home/rosdev/ros2_ws/install/claw_machine_msgs/local/lib/python3.10/dist-packages/claw_machine_msgs/__init__.py
-- Installing: /home/rosdev/ros2_ws/install/claw_machine_msgs/local/lib/python3.10/dist-packages/claw_machine_msgs/_claw_machine_msgs_s.ep.rosidl_typesupport_c.c
-- Installing: /home/rosdev/ros2_ws/install/claw_machine_msgs/local/lib/python3.10/dist-packages/claw_machine_msgs/_claw_machine_msgs_s.ep.rosidl_typesupport_fastrtps_c.c
Listing '/home/rosdev/ros2_ws/install/claw_machine_msgs/local/lib/python3.10/dist-packages/claw_machine_msgs'...
Compiling '/home/rosdev/ros2_ws/install/claw_machine_msgs/local/lib/python3.10/dist-packages/claw_machine_msgs/__init__.py'...
Listing '/home/rosdev/ros2_ws/install/claw_machine_msgs/local/lib/python3.10/dist-packages/claw_machine_msgs/msg'...
Compiling '/home/rosdev/ros2_ws/install/claw_machine_msgs/local/lib/python3.10/dist-packages/claw_machine_msgs/msg/__init__.py'...
Compiling '/home/rosdev/ros2_ws/install/claw_machine_msgs/local/lib/python3.10/dist-packages/claw_machine_msgs/msg/_position.py'...
-- Installing: /home/rosdev/ros2_ws/install/claw_machine_msgs/local/lib/python3.10/dist-packages/claw_machine_msgs/claw_machine_msgs_s__rosidl_typesupport_fastrtps_c.cpython-310-x86_64-linux-gnu.so
-- Set runtime path of "/home/rosdev/ros2_ws/install/claw_machine_msgs/local/lib/python3.10/dist-packages/claw_machine_msgs/claw_machine_msgs_s__rosidl_typesupport_fastrtps_c.cpython-310-x86_64-linux-gnu.so" to ""
-- Installing: /home/rosdev/ros2_ws/install/claw_machine_msgs/local/lib/python3.10/dist-packages/claw_machine_msgs/claw_machine_msgs_s__rosidl_typesupport_introspection_c.cpython-310-x86_64-linux-gnu.so
-- Set runtime path of "/home/rosdev/ros2_ws/install/claw_machine_msgs/local/lib/python3.10/dist-packages/claw_machine_msgs/claw_machine_msgs_s__rosidl_typesupport_introspection_c.cpython-310-x86_64-linux-gnu.so" to ""
-- Installing: /home/rosdev/ros2_ws/install/claw_machine_msgs/local/lib/python3.10/dist-packages/claw_machine_msgs/claw_machine_msgs_s__rosidl_typesupport_c.cpython-310-x86_64-linux-gnu.so
-- Set runtime path of "/home/rosdev/ros2_ws/install/claw_machine_msgs/local/lib/python3.10/dist-packages/claw_machine_msgs/claw_machine_msgs_s__rosidl_typesupport_c.cpython-310-x86_64-linux-gnu.so" to ""
-- Installing: /home/rosdev/ros2_ws/install/claw_machine_msgs/lib/libclaw_machine_msgs__rosidl_generator_py.so
-- Set runtime path of "/home/rosdev/ros2_ws/install/claw_machine_msgs/lib/libclaw_machine_msgs__rosidl_generator_py.so" to ""
-- Installing: /home/rosdev/ros2_ws/install/claw_machine_msgs/share/claw_machine_msgs/msg/Position.idl
-- Installing: /home/rosdev/ros2_ws/install/claw_machine_msgs/share/claw_machine_msgs/msg/Position.msg
-- Installing: /home/rosdev/ros2_ws/install/claw_machine_msgs/share/ament_index/resource_index/package_run_dependencies/claw_machine_msgs
-- Installing: /home/rosdev/ros2_ws/install/claw_machine_msgs/share/ament_index/resource_index/parent_prefix_path/claw_machine_msgs
-- Installing: /home/rosdev/ros2_ws/install/claw_machine_msgs/share/claw_machine_msgs/environment/ament_prefix_path.sh
-- Installing: /home/rosdev/ros2_ws/install/claw_machine_msgs/share/claw_machine_msgs/environment/ament_prefix_path.dsv
-- Installing: /home/rosdev/ros2_ws/install/claw_machine_msgs/share/claw_machine_msgs/environment/path.sh
-- Installing: /home/rosdev/ros2_ws/install/claw_machine_msgs/share/claw_machine_msgs/environment/path.dsv
-- Installing: /home/rosdev/ros2_ws/install/claw_machine_msgs/share/claw_machine_msgs/local_setup.bash
-- Installing: /home/rosdev/ros2_ws/install/claw_machine_msgs/share/claw_machine_msgs/local_setup.sh
-- Installing: /home/rosdev/ros2_ws/install/claw_machine_msgs/share/claw_machine_msgs/local_setup.zsh
-- Installing: /home/rosdev/ros2_ws/install/claw_machine_msgs/share/claw_machine_msgs/local_setup.dsv
-- Installing: /home/rosdev/ros2_ws/install/claw_machine_msgs/share/claw_machine_msgs/package.dsv
-- Installing: /home/rosdev/ros2_ws/install/claw_machine_msgs/share/ament_index/resource_index/packages/claw_machine_msgs
-- Installing: /home/rosdev/ros2_ws/install/claw_machine_msgs/share/claw_machine_msgs/cmake/export_claw_machine_msgs__rosidl_generator_cExport.cmake
-- Installing: /home/rosdev/ros2_ws/install/claw_machine_msgs/share/claw_machine_msgs/cmake/export_claw_machine_msgs__rosidl_generator_cExport-noconfig.cmake
-- Installing: /home/rosdev/ros2_ws/install/claw_machine_msgs/share/claw_machine_msgs/cmake/export_claw_machine_msgs__rosidl_typesupport_fastrtps_cExport.cmake
-- Installing: /home/rosdev/ros2_ws/install/claw_machine_msgs/share/claw_machine_msgs/cmake/export_claw_machine_msgs__rosidl_typesupport_fastrtps_cExport-noconfig.cmake
-- Installing: /home/rosdev/ros2_ws/install/claw_machine_msgs/share/claw_machine_msgs/cmake/export_claw_machine_msgs__rosidl_generator_cppExport.cmake
-- Installing: /home/rosdev/ros2_ws/install/claw_machine_msgs/share/claw_machine_msgs/cmake/export_claw_machine_msgs__rosidl_typesupport_fastrtps_cppExport.cmake
-- Installing: /home/rosdev/ros2_ws/install/claw_machine_msgs/share/claw_machine_msgs/cmake/export_claw_machine_msgs__rosidl_typesupport_fastrtps_cppExport-noconfig.cmake
-- Installing: /home/rosdev/ros2_ws/install/claw_machine_msgs/share/claw_machine_msgs/cmake/claw_machine_msgs__rosidl_typesupport_introspection_cExport.cmake
-- Installing: /home/rosdev/ros2_ws/install/claw_machine_msgs/share/claw_machine_msgs/cmake/claw_machine_msgs__rosidl_typesupport_introspection_cExport-noconfig.cmake
-- Installing: /home/rosdev/ros2_ws/install/claw_machine_msgs/share/claw_machine_msgs/cmake/claw_machine_msgs__rosidl_typesupport_cExport.cmake
-- Installing: /home/rosdev/ros2_ws/install/claw_machine_msgs/share/claw_machine_msgs/cmake/claw_machine_msgs__rosidl_typesupport_cExport-noconfig.cmake
-- Installing: /home/rosdev/ros2_ws/install/claw_machine_msgs/share/claw_machine_msgs/cmake/claw_machine_msgs__rosidl_typesupport_introspection_cppExport.cmake
-- Installing: /home/rosdev/ros2_ws/install/claw_machine_msgs/share/claw_machine_msgs/cmake/claw_machine_msgs__rosidl_typesupport_introspection_cppExport-noconfig.cmake
-- Installing: /home/rosdev/ros2_ws/install/claw_machine_msgs/share/claw_machine_msgs/cmake/claw_machine_msgs__rosidl_typesupport_cppExport.cmake
-- Installing: /home/rosdev/ros2_ws/install/claw_machine_msgs/share/claw_machine_msgs/cmake/claw_machine_msgs__rosidl_typesupport_cppExport-noconfig.cmake
-- Installing: /home/rosdev/ros2_ws/install/claw_machine_msgs/share/claw_machine_msgs/cmake/export_claw_machine_msgs__rosidl_generator_pyExport.cmake
-- Installing: /home/rosdev/ros2_ws/install/claw_machine_msgs/share/claw_machine_msgs/cmake/export_claw_machine_msgs__rosidl_generator_pyExport-noconfig.cmake
-- Installing: /home/rosdev/ros2_ws/install/claw_machine_msgs/share/claw_machine_msgs/cmake/rosidl_cmake-extras.cmake
-- Installing: /home/rosdev/ros2_ws/install/claw_machine_msgs/share/claw_machine_msgs/cmake/ament_cmake_export_dependencies-extras.cmake
-- Installing: /home/rosdev/ros2_ws/install/claw_machine_msgs/share/claw_machine_msgs/cmake/ament_cmake_export_include_directories-extras.cmake
-- Installing: /home/rosdev/ros2_ws/install/claw_machine_msgs/share/claw_machine_msgs/cmake/ament_cmake_export_libraries-extras.cmake
-- Installing: /home/rosdev/ros2_ws/install/claw_machine_msgs/share/claw_machine_msgs/cmake/ament_cmake_export_targets-extras.cmake
-- Installing: /home/rosdev/ros2_ws/install/claw_machine_msgs/share/claw_machine_msgs/cmake/rosidl_cmake_export_typesupport_targets-extras.cmake
-- Installing: /home/rosdev/ros2_ws/install/claw_machine_msgs/share/claw_machine_msgs/cmake/rosidl_cmake_export_typesupport_libraries-extras.cmake
-- Installing: /home/rosdev/ros2_ws/install/claw_machine_msgs/share/claw_machine_msgs/cmake/claw_machine_msgsConfig.cmake
-- Installing: /home/rosdev/ros2_ws/install/claw_machine_msgs/share/claw_machine_msgs/cmake/claw_machine_msgsConfig-version.cmake
-- Installing: /home/rosdev/ros2_ws/install/claw_machine_msgs/share/claw_machine_msgs/package.xml
