[0.053s] Invoking command in '/home/rosdev/ros2_ws/build/claw_machine_msgs': CMAKE_PREFIX_PATH=/home/rosdev/ros2_ws/install/keyboard_claw_controller:/opt/ros/humble /usr/bin/cmake --build /home/rosdev/ros2_ws/build/claw_machine_msgs -- -j12 -l12
[0.075s] -- Found ament_cmake: 1.3.8 (/opt/ros/humble/share/ament_cmake/cmake)
[0.179s] -- Found std_msgs: 4.2.3 (/opt/ros/humble/share/std_msgs/cmake)
[0.201s] -- Found rosidl_generator_c: 3.1.5 (/opt/ros/humble/share/rosidl_generator_c/cmake)
[0.204s] -- Found rosidl_adapter: 3.1.5 (/opt/ros/humble/share/rosidl_adapter/cmake)
[0.210s] -- Found rosidl_generator_cpp: 3.1.5 (/opt/ros/humble/share/rosidl_generator_cpp/cmake)
[0.221s] -- Using all available rosidl_typesupport_c: rosidl_typesupport_fastrtps_c;rosidl_typesupport_introspection_c
[0.240s] -- Using all available rosidl_typesupport_cpp: rosidl_typesupport_fastrtps_cpp;rosidl_typesupport_introspection_cpp
[0.289s] -- Found rosidl_default_generators: 1.2.0 (/opt/ros/humble/share/rosidl_default_generators/cmake)
[0.519s] -- Found ament_cmake_ros: 0.10.0 (/opt/ros/humble/share/ament_cmake_ros/cmake)
[0.804s] -- Using all available rosidl_typesupport_c: rosidl_typesupport_fastrtps_c;rosidl_typesupport_introspection_c
[0.918s] -- Using all available rosidl_typesupport_cpp: rosidl_typesupport_fastrtps_cpp;rosidl_typesupport_introspection_cpp
[0.933s] -- Found python_cmake_module: 0.10.0 (/opt/ros/humble/share/python_cmake_module/cmake)
[0.949s] -- Using PYTHON_EXECUTABLE: /usr/bin/python3
[0.949s] -- Using PYTHON_INCLUDE_DIRS: /usr/include/python3.10
[0.949s] -- Using PYTHON_LIBRARIES: /usr/lib/x86_64-linux-gnu/libpython3.10.so
[0.972s] -- Found ament_lint_auto: 0.12.10 (/opt/ros/humble/share/ament_lint_auto/cmake)
[0.982s] -- Added test 'lint_cmake' to check CMake code style
[0.983s] -- Added test 'xmllint' to check XML markup files
[0.984s] -- Configuring done
[1.017s] -- Generating done
[1.020s] -- Build files have been written to: /home/rosdev/ros2_ws/build/claw_machine_msgs
[1.044s] [  3%] [34m[1mGenerating C code for ROS interfaces[0m
[1.054s] [  6%] [34m[1mGenerating C++ code for ROS interfaces[0m
[1.063s] [  6%] Built target ament_cmake_python_copy_claw_machine_msgs
[1.255s] running egg_info
[1.256s] writing claw_machine_msgs.egg-info/PKG-INFO
[1.257s] writing dependency_links to claw_machine_msgs.egg-info/dependency_links.txt
[1.257s] writing top-level names to claw_machine_msgs.egg-info/top_level.txt
[1.259s] reading manifest file 'claw_machine_msgs.egg-info/SOURCES.txt'
[1.259s] writing manifest file 'claw_machine_msgs.egg-info/SOURCES.txt'
[1.278s] [  6%] Built target claw_machine_msgs__cpp
[1.284s] [  9%] [32mBuilding C object CMakeFiles/claw_machine_msgs__rosidl_generator_c.dir/rosidl_generator_c/claw_machine_msgs/msg/detail/position__functions.c.o[0m
[1.285s] [  9%] Built target ament_cmake_python_build_claw_machine_msgs_egg
[1.288s] [ 19%] [34m[1mGenerating C++ type support for eProsima Fast-RTPS[0m
[1.289s] [ 19%] [34m[1mGenerating C++ type support dispatch for ROS interfaces[0m
[1.289s] [ 19%] [34m[1mGenerating C++ introspection for ROS interfaces[0m
[1.341s] [ 22%] [32m[1mLinking C shared library libclaw_machine_msgs__rosidl_generator_c.so[0m
[1.375s] [ 22%] Built target claw_machine_msgs__rosidl_generator_c
[1.385s] [ 32%] [34m[1mGenerating C type support for eProsima Fast-RTPS[0m
[1.385s] [ 32%] [34m[1mGenerating C type support dispatch for ROS interfaces[0m
[1.385s] [ 32%] [34m[1mGenerating C introspection for ROS interfaces[0m
[1.496s] [ 35%] [32mBuilding CXX object CMakeFiles/claw_machine_msgs__rosidl_typesupport_cpp.dir/rosidl_typesupport_cpp/claw_machine_msgs/msg/position__type_support.cpp.o[0m
[1.513s] [ 38%] [32mBuilding CXX object CMakeFiles/claw_machine_msgs__rosidl_typesupport_introspection_cpp.dir/rosidl_typesupport_introspection_cpp/claw_machine_msgs/msg/detail/position__type_support.cpp.o[0m
[1.523s] [ 41%] [32mBuilding CXX object CMakeFiles/claw_machine_msgs__rosidl_typesupport_fastrtps_cpp.dir/rosidl_typesupport_fastrtps_cpp/claw_machine_msgs/msg/detail/dds_fastrtps/position__type_support.cpp.o[0m
[1.646s] [ 45%] [32mBuilding CXX object CMakeFiles/claw_machine_msgs__rosidl_typesupport_c.dir/rosidl_typesupport_c/claw_machine_msgs/msg/position__type_support.cpp.o[0m
[1.650s] [ 48%] [32mBuilding CXX object CMakeFiles/claw_machine_msgs__rosidl_typesupport_fastrtps_c.dir/rosidl_typesupport_fastrtps_c/claw_machine_msgs/msg/detail/position__type_support_c.cpp.o[0m
[1.650s] [ 51%] [32mBuilding C object CMakeFiles/claw_machine_msgs__rosidl_typesupport_introspection_c.dir/rosidl_typesupport_introspection_c/claw_machine_msgs/msg/detail/position__type_support.c.o[0m
[1.680s] [ 54%] [32m[1mLinking CXX shared library libclaw_machine_msgs__rosidl_typesupport_c.so[0m
[1.689s] [ 58%] [32m[1mLinking C shared library libclaw_machine_msgs__rosidl_typesupport_introspection_c.so[0m
[1.725s] [ 58%] Built target claw_machine_msgs__rosidl_typesupport_introspection_c
[1.729s] [ 58%] Built target claw_machine_msgs__rosidl_typesupport_c
[1.784s] [ 61%] [32m[1mLinking CXX shared library libclaw_machine_msgs__rosidl_typesupport_cpp.so[0m
[1.826s] [ 61%] Built target claw_machine_msgs__rosidl_typesupport_cpp
[1.900s] [ 64%] [32m[1mLinking CXX shared library libclaw_machine_msgs__rosidl_typesupport_introspection_cpp.so[0m
[1.945s] [ 67%] [32m[1mLinking CXX shared library libclaw_machine_msgs__rosidl_typesupport_fastrtps_cpp.so[0m
[1.964s] [ 67%] Built target claw_machine_msgs__rosidl_typesupport_introspection_cpp
[1.978s] [ 70%] [32m[1mLinking CXX shared library libclaw_machine_msgs__rosidl_typesupport_fastrtps_c.so[0m
[2.015s] [ 70%] Built target claw_machine_msgs__rosidl_typesupport_fastrtps_cpp
[2.053s] [ 70%] Built target claw_machine_msgs__rosidl_typesupport_fastrtps_c
[2.071s] [ 70%] Built target claw_machine_msgs
[2.089s] [ 74%] [34m[1mGenerating Python code for ROS interfaces[0m
[2.368s] [ 74%] Built target claw_machine_msgs__py
[2.385s] [ 77%] [32mBuilding C object CMakeFiles/claw_machine_msgs__rosidl_generator_py.dir/rosidl_generator_py/claw_machine_msgs/msg/_position_s.c.o[0m
[2.501s] [ 80%] [32m[1mLinking C shared library rosidl_generator_py/claw_machine_msgs/libclaw_machine_msgs__rosidl_generator_py.so[0m
[2.543s] [ 80%] Built target claw_machine_msgs__rosidl_generator_py
[2.562s] [ 90%] [32mBuilding C object CMakeFiles/claw_machine_msgs__rosidl_typesupport_fastrtps_c__pyext.dir/rosidl_generator_py/claw_machine_msgs/_claw_machine_msgs_s.ep.rosidl_typesupport_fastrtps_c.c.o[0m
[2.562s] [ 90%] [32mBuilding C object CMakeFiles/claw_machine_msgs__rosidl_typesupport_introspection_c__pyext.dir/rosidl_generator_py/claw_machine_msgs/_claw_machine_msgs_s.ep.rosidl_typesupport_introspection_c.c.o[0m
[2.562s] [ 90%] [32mBuilding C object CMakeFiles/claw_machine_msgs__rosidl_typesupport_c__pyext.dir/rosidl_generator_py/claw_machine_msgs/_claw_machine_msgs_s.ep.rosidl_typesupport_c.c.o[0m
[2.666s] [100%] [32m[1mLinking C shared library rosidl_generator_py/claw_machine_msgs/claw_machine_msgs_s__rosidl_typesupport_fastrtps_c.cpython-310-x86_64-linux-gnu.so[0m
[2.666s] [100%] [32m[1mLinking C shared library rosidl_generator_py/claw_machine_msgs/claw_machine_msgs_s__rosidl_typesupport_introspection_c.cpython-310-x86_64-linux-gnu.so[0m
[2.666s] [100%] [32m[1mLinking C shared library rosidl_generator_py/claw_machine_msgs/claw_machine_msgs_s__rosidl_typesupport_c.cpython-310-x86_64-linux-gnu.so[0m
[2.703s] [100%] Built target claw_machine_msgs__rosidl_typesupport_c__pyext
[2.703s] [100%] Built target claw_machine_msgs__rosidl_typesupport_fastrtps_c__pyext
[2.703s] [100%] Built target claw_machine_msgs__rosidl_typesupport_introspection_c__pyext
[2.715s] Invoked command in '/home/rosdev/ros2_ws/build/claw_machine_msgs' returned '0': CMAKE_PREFIX_PATH=/home/rosdev/ros2_ws/install/keyboard_claw_controller:/opt/ros/humble /usr/bin/cmake --build /home/rosdev/ros2_ws/build/claw_machine_msgs -- -j12 -l12
[2.778s] Invoking command in '/home/rosdev/ros2_ws/build/claw_machine_msgs': CMAKE_PREFIX_PATH=/home/rosdev/ros2_ws/install/keyboard_claw_controller:/opt/ros/humble /usr/bin/cmake --install /home/rosdev/ros2_ws/build/claw_machine_msgs
[2.784s] -- Install configuration: ""
[2.784s] -- Installing: /home/rosdev/ros2_ws/install/claw_machine_msgs/share/ament_index/resource_index/rosidl_interfaces/claw_machine_msgs
[2.785s] -- Installing: /home/rosdev/ros2_ws/install/claw_machine_msgs/include/claw_machine_msgs/claw_machine_msgs
[2.785s] -- Installing: /home/rosdev/ros2_ws/install/claw_machine_msgs/include/claw_machine_msgs/claw_machine_msgs/msg
[2.785s] -- Installing: /home/rosdev/ros2_ws/install/claw_machine_msgs/include/claw_machine_msgs/claw_machine_msgs/msg/rosidl_generator_c__visibility_control.h
[2.785s] -- Installing: /home/rosdev/ros2_ws/install/claw_machine_msgs/include/claw_machine_msgs/claw_machine_msgs/msg/detail
[2.786s] -- Installing: /home/rosdev/ros2_ws/install/claw_machine_msgs/include/claw_machine_msgs/claw_machine_msgs/msg/detail/position__functions.c
[2.786s] -- Installing: /home/rosdev/ros2_ws/install/claw_machine_msgs/include/claw_machine_msgs/claw_machine_msgs/msg/detail/position__functions.h
[2.786s] -- Installing: /home/rosdev/ros2_ws/install/claw_machine_msgs/include/claw_machine_msgs/claw_machine_msgs/msg/detail/position__type_support.h
[2.786s] -- Installing: /home/rosdev/ros2_ws/install/claw_machine_msgs/include/claw_machine_msgs/claw_machine_msgs/msg/detail/position__struct.h
[2.786s] -- Installing: /home/rosdev/ros2_ws/install/claw_machine_msgs/include/claw_machine_msgs/claw_machine_msgs/msg/position.h
[2.786s] -- Installing: /home/rosdev/ros2_ws/install/claw_machine_msgs/share/claw_machine_msgs/environment/library_path.sh
[2.786s] -- Installing: /home/rosdev/ros2_ws/install/claw_machine_msgs/share/claw_machine_msgs/environment/library_path.dsv
[2.787s] -- Installing: /home/rosdev/ros2_ws/install/claw_machine_msgs/lib/libclaw_machine_msgs__rosidl_generator_c.so
[2.787s] -- Set runtime path of "/home/rosdev/ros2_ws/install/claw_machine_msgs/lib/libclaw_machine_msgs__rosidl_generator_c.so" to ""
[2.787s] -- Up-to-date: /home/rosdev/ros2_ws/install/claw_machine_msgs/include/claw_machine_msgs/claw_machine_msgs
[2.787s] -- Up-to-date: /home/rosdev/ros2_ws/install/claw_machine_msgs/include/claw_machine_msgs/claw_machine_msgs/msg
[2.787s] -- Installing: /home/rosdev/ros2_ws/install/claw_machine_msgs/include/claw_machine_msgs/claw_machine_msgs/msg/rosidl_typesupport_fastrtps_c__visibility_control.h
[2.788s] -- Up-to-date: /home/rosdev/ros2_ws/install/claw_machine_msgs/include/claw_machine_msgs/claw_machine_msgs/msg/detail
[2.788s] -- Installing: /home/rosdev/ros2_ws/install/claw_machine_msgs/include/claw_machine_msgs/claw_machine_msgs/msg/detail/position__rosidl_typesupport_fastrtps_c.h
[2.788s] -- Installing: /home/rosdev/ros2_ws/install/claw_machine_msgs/lib/libclaw_machine_msgs__rosidl_typesupport_fastrtps_c.so
[2.788s] -- Set runtime path of "/home/rosdev/ros2_ws/install/claw_machine_msgs/lib/libclaw_machine_msgs__rosidl_typesupport_fastrtps_c.so" to ""
[2.788s] -- Up-to-date: /home/rosdev/ros2_ws/install/claw_machine_msgs/include/claw_machine_msgs/claw_machine_msgs
[2.788s] -- Up-to-date: /home/rosdev/ros2_ws/install/claw_machine_msgs/include/claw_machine_msgs/claw_machine_msgs/msg
[2.788s] -- Up-to-date: /home/rosdev/ros2_ws/install/claw_machine_msgs/include/claw_machine_msgs/claw_machine_msgs/msg/detail
[2.788s] -- Installing: /home/rosdev/ros2_ws/install/claw_machine_msgs/include/claw_machine_msgs/claw_machine_msgs/msg/detail/position__struct.hpp
[2.788s] -- Installing: /home/rosdev/ros2_ws/install/claw_machine_msgs/include/claw_machine_msgs/claw_machine_msgs/msg/detail/position__traits.hpp
[2.788s] -- Installing: /home/rosdev/ros2_ws/install/claw_machine_msgs/include/claw_machine_msgs/claw_machine_msgs/msg/detail/position__builder.hpp
[2.788s] -- Installing: /home/rosdev/ros2_ws/install/claw_machine_msgs/include/claw_machine_msgs/claw_machine_msgs/msg/position.hpp
[2.789s] -- Up-to-date: /home/rosdev/ros2_ws/install/claw_machine_msgs/include/claw_machine_msgs/claw_machine_msgs
[2.789s] -- Up-to-date: /home/rosdev/ros2_ws/install/claw_machine_msgs/include/claw_machine_msgs/claw_machine_msgs/msg
[2.789s] -- Installing: /home/rosdev/ros2_ws/install/claw_machine_msgs/include/claw_machine_msgs/claw_machine_msgs/msg/rosidl_typesupport_fastrtps_cpp__visibility_control.h
[2.789s] -- Up-to-date: /home/rosdev/ros2_ws/install/claw_machine_msgs/include/claw_machine_msgs/claw_machine_msgs/msg/detail
[2.789s] -- Installing: /home/rosdev/ros2_ws/install/claw_machine_msgs/include/claw_machine_msgs/claw_machine_msgs/msg/detail/position__rosidl_typesupport_fastrtps_cpp.hpp
[2.789s] -- Installing: /home/rosdev/ros2_ws/install/claw_machine_msgs/include/claw_machine_msgs/claw_machine_msgs/msg/detail/dds_fastrtps
[2.789s] -- Installing: /home/rosdev/ros2_ws/install/claw_machine_msgs/lib/libclaw_machine_msgs__rosidl_typesupport_fastrtps_cpp.so
[2.790s] -- Set runtime path of "/home/rosdev/ros2_ws/install/claw_machine_msgs/lib/libclaw_machine_msgs__rosidl_typesupport_fastrtps_cpp.so" to ""
[2.790s] -- Up-to-date: /home/rosdev/ros2_ws/install/claw_machine_msgs/include/claw_machine_msgs/claw_machine_msgs
[2.790s] -- Up-to-date: /home/rosdev/ros2_ws/install/claw_machine_msgs/include/claw_machine_msgs/claw_machine_msgs/msg
[2.790s] -- Up-to-date: /home/rosdev/ros2_ws/install/claw_machine_msgs/include/claw_machine_msgs/claw_machine_msgs/msg/detail
[2.790s] -- Installing: /home/rosdev/ros2_ws/install/claw_machine_msgs/include/claw_machine_msgs/claw_machine_msgs/msg/detail/position__rosidl_typesupport_introspection_c.h
[2.790s] -- Installing: /home/rosdev/ros2_ws/install/claw_machine_msgs/include/claw_machine_msgs/claw_machine_msgs/msg/detail/position__type_support.c
[2.790s] -- Installing: /home/rosdev/ros2_ws/install/claw_machine_msgs/include/claw_machine_msgs/claw_machine_msgs/msg/rosidl_typesupport_introspection_c__visibility_control.h
[2.790s] -- Installing: /home/rosdev/ros2_ws/install/claw_machine_msgs/lib/libclaw_machine_msgs__rosidl_typesupport_introspection_c.so
[2.790s] -- Set runtime path of "/home/rosdev/ros2_ws/install/claw_machine_msgs/lib/libclaw_machine_msgs__rosidl_typesupport_introspection_c.so" to ""
[2.791s] -- Installing: /home/rosdev/ros2_ws/install/claw_machine_msgs/lib/libclaw_machine_msgs__rosidl_typesupport_c.so
[2.791s] -- Set runtime path of "/home/rosdev/ros2_ws/install/claw_machine_msgs/lib/libclaw_machine_msgs__rosidl_typesupport_c.so" to ""
[2.791s] -- Up-to-date: /home/rosdev/ros2_ws/install/claw_machine_msgs/include/claw_machine_msgs/claw_machine_msgs
[2.791s] -- Up-to-date: /home/rosdev/ros2_ws/install/claw_machine_msgs/include/claw_machine_msgs/claw_machine_msgs/msg
[2.791s] -- Up-to-date: /home/rosdev/ros2_ws/install/claw_machine_msgs/include/claw_machine_msgs/claw_machine_msgs/msg/detail
[2.791s] -- Installing: /home/rosdev/ros2_ws/install/claw_machine_msgs/include/claw_machine_msgs/claw_machine_msgs/msg/detail/position__rosidl_typesupport_introspection_cpp.hpp
[2.791s] -- Installing: /home/rosdev/ros2_ws/install/claw_machine_msgs/include/claw_machine_msgs/claw_machine_msgs/msg/detail/position__type_support.cpp
[2.791s] -- Installing: /home/rosdev/ros2_ws/install/claw_machine_msgs/lib/libclaw_machine_msgs__rosidl_typesupport_introspection_cpp.so
[2.792s] -- Set runtime path of "/home/rosdev/ros2_ws/install/claw_machine_msgs/lib/libclaw_machine_msgs__rosidl_typesupport_introspection_cpp.so" to ""
[2.792s] -- Installing: /home/rosdev/ros2_ws/install/claw_machine_msgs/lib/libclaw_machine_msgs__rosidl_typesupport_cpp.so
[2.792s] -- Set runtime path of "/home/rosdev/ros2_ws/install/claw_machine_msgs/lib/libclaw_machine_msgs__rosidl_typesupport_cpp.so" to ""
[2.792s] -- Installing: /home/rosdev/ros2_ws/install/claw_machine_msgs/share/claw_machine_msgs/environment/pythonpath.sh
[2.792s] -- Installing: /home/rosdev/ros2_ws/install/claw_machine_msgs/share/claw_machine_msgs/environment/pythonpath.dsv
[2.793s] -- Installing: /home/rosdev/ros2_ws/install/claw_machine_msgs/local/lib/python3.10/dist-packages/claw_machine_msgs-0.0.0-py3.10.egg-info
[2.793s] -- Installing: /home/rosdev/ros2_ws/install/claw_machine_msgs/local/lib/python3.10/dist-packages/claw_machine_msgs-0.0.0-py3.10.egg-info/PKG-INFO
[2.793s] -- Installing: /home/rosdev/ros2_ws/install/claw_machine_msgs/local/lib/python3.10/dist-packages/claw_machine_msgs-0.0.0-py3.10.egg-info/dependency_links.txt
[2.793s] -- Installing: /home/rosdev/ros2_ws/install/claw_machine_msgs/local/lib/python3.10/dist-packages/claw_machine_msgs-0.0.0-py3.10.egg-info/SOURCES.txt
[2.794s] -- Installing: /home/rosdev/ros2_ws/install/claw_machine_msgs/local/lib/python3.10/dist-packages/claw_machine_msgs-0.0.0-py3.10.egg-info/top_level.txt
[2.794s] -- Installing: /home/rosdev/ros2_ws/install/claw_machine_msgs/local/lib/python3.10/dist-packages/claw_machine_msgs
[2.794s] -- Installing: /home/rosdev/ros2_ws/install/claw_machine_msgs/local/lib/python3.10/dist-packages/claw_machine_msgs/claw_machine_msgs_s__rosidl_typesupport_introspection_c.cpython-310-x86_64-linux-gnu.so
[2.794s] -- Installing: /home/rosdev/ros2_ws/install/claw_machine_msgs/local/lib/python3.10/dist-packages/claw_machine_msgs/claw_machine_msgs_s__rosidl_typesupport_c.cpython-310-x86_64-linux-gnu.so
[2.794s] -- Installing: /home/rosdev/ros2_ws/install/claw_machine_msgs/local/lib/python3.10/dist-packages/claw_machine_msgs/libclaw_machine_msgs__rosidl_generator_py.so
[2.794s] -- Installing: /home/rosdev/ros2_ws/install/claw_machine_msgs/local/lib/python3.10/dist-packages/claw_machine_msgs/claw_machine_msgs_s__rosidl_typesupport_fastrtps_c.cpython-310-x86_64-linux-gnu.so
[2.794s] -- Installing: /home/rosdev/ros2_ws/install/claw_machine_msgs/local/lib/python3.10/dist-packages/claw_machine_msgs/_claw_machine_msgs_s.ep.rosidl_typesupport_introspection_c.c
[2.795s] -- Installing: /home/rosdev/ros2_ws/install/claw_machine_msgs/local/lib/python3.10/dist-packages/claw_machine_msgs/msg
[2.795s] -- Installing: /home/rosdev/ros2_ws/install/claw_machine_msgs/local/lib/python3.10/dist-packages/claw_machine_msgs/msg/_position.py
[2.795s] -- Installing: /home/rosdev/ros2_ws/install/claw_machine_msgs/local/lib/python3.10/dist-packages/claw_machine_msgs/msg/__init__.py
[2.795s] -- Installing: /home/rosdev/ros2_ws/install/claw_machine_msgs/local/lib/python3.10/dist-packages/claw_machine_msgs/msg/_position_s.c
[2.795s] -- Installing: /home/rosdev/ros2_ws/install/claw_machine_msgs/local/lib/python3.10/dist-packages/claw_machine_msgs/__init__.py
[2.795s] -- Installing: /home/rosdev/ros2_ws/install/claw_machine_msgs/local/lib/python3.10/dist-packages/claw_machine_msgs/_claw_machine_msgs_s.ep.rosidl_typesupport_c.c
[2.795s] -- Installing: /home/rosdev/ros2_ws/install/claw_machine_msgs/local/lib/python3.10/dist-packages/claw_machine_msgs/_claw_machine_msgs_s.ep.rosidl_typesupport_fastrtps_c.c
[2.826s] Listing '/home/rosdev/ros2_ws/install/claw_machine_msgs/local/lib/python3.10/dist-packages/claw_machine_msgs'...
[2.826s] Compiling '/home/rosdev/ros2_ws/install/claw_machine_msgs/local/lib/python3.10/dist-packages/claw_machine_msgs/__init__.py'...
[2.826s] Listing '/home/rosdev/ros2_ws/install/claw_machine_msgs/local/lib/python3.10/dist-packages/claw_machine_msgs/msg'...
[2.826s] Compiling '/home/rosdev/ros2_ws/install/claw_machine_msgs/local/lib/python3.10/dist-packages/claw_machine_msgs/msg/__init__.py'...
[2.826s] Compiling '/home/rosdev/ros2_ws/install/claw_machine_msgs/local/lib/python3.10/dist-packages/claw_machine_msgs/msg/_position.py'...
[2.831s] -- Installing: /home/rosdev/ros2_ws/install/claw_machine_msgs/local/lib/python3.10/dist-packages/claw_machine_msgs/claw_machine_msgs_s__rosidl_typesupport_fastrtps_c.cpython-310-x86_64-linux-gnu.so
[2.831s] -- Set runtime path of "/home/rosdev/ros2_ws/install/claw_machine_msgs/local/lib/python3.10/dist-packages/claw_machine_msgs/claw_machine_msgs_s__rosidl_typesupport_fastrtps_c.cpython-310-x86_64-linux-gnu.so" to ""
[2.831s] -- Installing: /home/rosdev/ros2_ws/install/claw_machine_msgs/local/lib/python3.10/dist-packages/claw_machine_msgs/claw_machine_msgs_s__rosidl_typesupport_introspection_c.cpython-310-x86_64-linux-gnu.so
[2.832s] -- Set runtime path of "/home/rosdev/ros2_ws/install/claw_machine_msgs/local/lib/python3.10/dist-packages/claw_machine_msgs/claw_machine_msgs_s__rosidl_typesupport_introspection_c.cpython-310-x86_64-linux-gnu.so" to ""
[2.832s] -- Installing: /home/rosdev/ros2_ws/install/claw_machine_msgs/local/lib/python3.10/dist-packages/claw_machine_msgs/claw_machine_msgs_s__rosidl_typesupport_c.cpython-310-x86_64-linux-gnu.so
[2.833s] -- Set runtime path of "/home/rosdev/ros2_ws/install/claw_machine_msgs/local/lib/python3.10/dist-packages/claw_machine_msgs/claw_machine_msgs_s__rosidl_typesupport_c.cpython-310-x86_64-linux-gnu.so" to ""
[2.833s] -- Installing: /home/rosdev/ros2_ws/install/claw_machine_msgs/lib/libclaw_machine_msgs__rosidl_generator_py.so
[2.833s] -- Set runtime path of "/home/rosdev/ros2_ws/install/claw_machine_msgs/lib/libclaw_machine_msgs__rosidl_generator_py.so" to ""
[2.834s] -- Installing: /home/rosdev/ros2_ws/install/claw_machine_msgs/share/claw_machine_msgs/msg/Position.idl
[2.834s] -- Installing: /home/rosdev/ros2_ws/install/claw_machine_msgs/share/claw_machine_msgs/msg/Position.msg
[2.834s] -- Installing: /home/rosdev/ros2_ws/install/claw_machine_msgs/share/ament_index/resource_index/package_run_dependencies/claw_machine_msgs
[2.834s] -- Installing: /home/rosdev/ros2_ws/install/claw_machine_msgs/share/ament_index/resource_index/parent_prefix_path/claw_machine_msgs
[2.835s] -- Installing: /home/rosdev/ros2_ws/install/claw_machine_msgs/share/claw_machine_msgs/environment/ament_prefix_path.sh
[2.835s] -- Installing: /home/rosdev/ros2_ws/install/claw_machine_msgs/share/claw_machine_msgs/environment/ament_prefix_path.dsv
[2.835s] -- Installing: /home/rosdev/ros2_ws/install/claw_machine_msgs/share/claw_machine_msgs/environment/path.sh
[2.835s] -- Installing: /home/rosdev/ros2_ws/install/claw_machine_msgs/share/claw_machine_msgs/environment/path.dsv
[2.835s] -- Installing: /home/rosdev/ros2_ws/install/claw_machine_msgs/share/claw_machine_msgs/local_setup.bash
[2.836s] -- Installing: /home/rosdev/ros2_ws/install/claw_machine_msgs/share/claw_machine_msgs/local_setup.sh
[2.836s] -- Installing: /home/rosdev/ros2_ws/install/claw_machine_msgs/share/claw_machine_msgs/local_setup.zsh
[2.836s] -- Installing: /home/rosdev/ros2_ws/install/claw_machine_msgs/share/claw_machine_msgs/local_setup.dsv
[2.836s] -- Installing: /home/rosdev/ros2_ws/install/claw_machine_msgs/share/claw_machine_msgs/package.dsv
[2.837s] -- Installing: /home/rosdev/ros2_ws/install/claw_machine_msgs/share/ament_index/resource_index/packages/claw_machine_msgs
[2.837s] -- Installing: /home/rosdev/ros2_ws/install/claw_machine_msgs/share/claw_machine_msgs/cmake/export_claw_machine_msgs__rosidl_generator_cExport.cmake
[2.837s] -- Installing: /home/rosdev/ros2_ws/install/claw_machine_msgs/share/claw_machine_msgs/cmake/export_claw_machine_msgs__rosidl_generator_cExport-noconfig.cmake
[2.838s] -- Installing: /home/rosdev/ros2_ws/install/claw_machine_msgs/share/claw_machine_msgs/cmake/export_claw_machine_msgs__rosidl_typesupport_fastrtps_cExport.cmake
[2.838s] -- Installing: /home/rosdev/ros2_ws/install/claw_machine_msgs/share/claw_machine_msgs/cmake/export_claw_machine_msgs__rosidl_typesupport_fastrtps_cExport-noconfig.cmake
[2.838s] -- Installing: /home/rosdev/ros2_ws/install/claw_machine_msgs/share/claw_machine_msgs/cmake/export_claw_machine_msgs__rosidl_generator_cppExport.cmake
[2.838s] -- Installing: /home/rosdev/ros2_ws/install/claw_machine_msgs/share/claw_machine_msgs/cmake/export_claw_machine_msgs__rosidl_typesupport_fastrtps_cppExport.cmake
[2.839s] -- Installing: /home/rosdev/ros2_ws/install/claw_machine_msgs/share/claw_machine_msgs/cmake/export_claw_machine_msgs__rosidl_typesupport_fastrtps_cppExport-noconfig.cmake
[2.839s] -- Installing: /home/rosdev/ros2_ws/install/claw_machine_msgs/share/claw_machine_msgs/cmake/claw_machine_msgs__rosidl_typesupport_introspection_cExport.cmake
[2.839s] -- Installing: /home/rosdev/ros2_ws/install/claw_machine_msgs/share/claw_machine_msgs/cmake/claw_machine_msgs__rosidl_typesupport_introspection_cExport-noconfig.cmake
[2.839s] -- Installing: /home/rosdev/ros2_ws/install/claw_machine_msgs/share/claw_machine_msgs/cmake/claw_machine_msgs__rosidl_typesupport_cExport.cmake
[2.839s] -- Installing: /home/rosdev/ros2_ws/install/claw_machine_msgs/share/claw_machine_msgs/cmake/claw_machine_msgs__rosidl_typesupport_cExport-noconfig.cmake
[2.840s] -- Installing: /home/rosdev/ros2_ws/install/claw_machine_msgs/share/claw_machine_msgs/cmake/claw_machine_msgs__rosidl_typesupport_introspection_cppExport.cmake
[2.840s] -- Installing: /home/rosdev/ros2_ws/install/claw_machine_msgs/share/claw_machine_msgs/cmake/claw_machine_msgs__rosidl_typesupport_introspection_cppExport-noconfig.cmake
[2.840s] -- Installing: /home/rosdev/ros2_ws/install/claw_machine_msgs/share/claw_machine_msgs/cmake/claw_machine_msgs__rosidl_typesupport_cppExport.cmake
[2.840s] -- Installing: /home/rosdev/ros2_ws/install/claw_machine_msgs/share/claw_machine_msgs/cmake/claw_machine_msgs__rosidl_typesupport_cppExport-noconfig.cmake
[2.841s] -- Installing: /home/rosdev/ros2_ws/install/claw_machine_msgs/share/claw_machine_msgs/cmake/export_claw_machine_msgs__rosidl_generator_pyExport.cmake
[2.841s] -- Installing: /home/rosdev/ros2_ws/install/claw_machine_msgs/share/claw_machine_msgs/cmake/export_claw_machine_msgs__rosidl_generator_pyExport-noconfig.cmake
[2.841s] -- Installing: /home/rosdev/ros2_ws/install/claw_machine_msgs/share/claw_machine_msgs/cmake/rosidl_cmake-extras.cmake
[2.841s] -- Installing: /home/rosdev/ros2_ws/install/claw_machine_msgs/share/claw_machine_msgs/cmake/ament_cmake_export_dependencies-extras.cmake
[2.842s] -- Installing: /home/rosdev/ros2_ws/install/claw_machine_msgs/share/claw_machine_msgs/cmake/ament_cmake_export_include_directories-extras.cmake
[2.842s] -- Installing: /home/rosdev/ros2_ws/install/claw_machine_msgs/share/claw_machine_msgs/cmake/ament_cmake_export_libraries-extras.cmake
[2.842s] -- Installing: /home/rosdev/ros2_ws/install/claw_machine_msgs/share/claw_machine_msgs/cmake/ament_cmake_export_targets-extras.cmake
[2.842s] -- Installing: /home/rosdev/ros2_ws/install/claw_machine_msgs/share/claw_machine_msgs/cmake/rosidl_cmake_export_typesupport_targets-extras.cmake
[2.843s] -- Installing: /home/rosdev/ros2_ws/install/claw_machine_msgs/share/claw_machine_msgs/cmake/rosidl_cmake_export_typesupport_libraries-extras.cmake
[2.843s] -- Installing: /home/rosdev/ros2_ws/install/claw_machine_msgs/share/claw_machine_msgs/cmake/claw_machine_msgsConfig.cmake
[2.843s] -- Installing: /home/rosdev/ros2_ws/install/claw_machine_msgs/share/claw_machine_msgs/cmake/claw_machine_msgsConfig-version.cmake
[2.844s] -- Installing: /home/rosdev/ros2_ws/install/claw_machine_msgs/share/claw_machine_msgs/package.xml
[2.847s] Invoked command in '/home/rosdev/ros2_ws/build/claw_machine_msgs' returned '0': CMAKE_PREFIX_PATH=/home/rosdev/ros2_ws/install/keyboard_claw_controller:/opt/ros/humble /usr/bin/cmake --install /home/rosdev/ros2_ws/build/claw_machine_msgs
