[0.009s] Invoking command in '/home/pico/code/claw_machine_ros2/build/claw_machine_msgs': CMAKE_PREFIX_PATH=${CMAKE_PREFIX_PATH}:/home/pico/code/claw_machine_ros2/install/keyboard_claw_controller CONDA_PROMPT_MODIFIER=(ros2) /home/pico/miniconda3/envs/ros2/bin/cmake --build /home/pico/code/claw_machine_ros2/build/claw_machine_msgs -- -j20 -l20
[0.031s] [ 12%] Built target claw_machine_msgs__cpp
[0.032s] [ 12%] Built target claw_machine_msgs__rosidl_generator_c
[0.035s] [ 12%] Built target ament_cmake_python_copy_claw_machine_msgs
[0.041s] [ 35%] Built target claw_machine_msgs__rosidl_typesupport_introspection_c
[0.041s] [ 35%] Built target claw_machine_msgs__rosidl_typesupport_c
[0.041s] [ 45%] Built target claw_machine_msgs__rosidl_typesupport_cpp
[0.041s] [ 61%] Built target claw_machine_msgs__rosidl_typesupport_fastrtps_c
[0.041s] [ 61%] Built target claw_machine_msgs__rosidl_typesupport_fastrtps_cpp
[0.042s] [ 70%] Built target claw_machine_msgs__rosidl_typesupport_introspection_cpp
[0.050s] [ 70%] Built target claw_machine_msgs
[0.059s] [ 74%] Built target claw_machine_msgs__py
[0.068s] [ 80%] Built target claw_machine_msgs__rosidl_generator_py
[0.078s] [100%] Built target claw_machine_msgs__rosidl_typesupport_introspection_c__pyext
[0.078s] [100%] Built target claw_machine_msgs__rosidl_typesupport_c__pyext
[0.078s] [100%] Built target claw_machine_msgs__rosidl_typesupport_fastrtps_c__pyext
[0.148s] running egg_info
[0.156s] writing claw_machine_msgs.egg-info/PKG-INFO
[0.157s] writing dependency_links to claw_machine_msgs.egg-info/dependency_links.txt
[0.157s] writing top-level names to claw_machine_msgs.egg-info/top_level.txt
[0.181s] reading manifest file 'claw_machine_msgs.egg-info/SOURCES.txt'
[0.181s] writing manifest file 'claw_machine_msgs.egg-info/SOURCES.txt'
[0.195s] [100%] Built target ament_cmake_python_build_claw_machine_msgs_egg
[0.200s] Invoked command in '/home/pico/code/claw_machine_ros2/build/claw_machine_msgs' returned '0': CMAKE_PREFIX_PATH=${CMAKE_PREFIX_PATH}:/home/pico/code/claw_machine_ros2/install/keyboard_claw_controller CONDA_PROMPT_MODIFIER=(ros2) /home/pico/miniconda3/envs/ros2/bin/cmake --build /home/pico/code/claw_machine_ros2/build/claw_machine_msgs -- -j20 -l20
[0.228s] Invoking command in '/home/pico/code/claw_machine_ros2/build/claw_machine_msgs': CMAKE_PREFIX_PATH=${CMAKE_PREFIX_PATH}:/home/pico/code/claw_machine_ros2/install/keyboard_claw_controller CONDA_PROMPT_MODIFIER=(ros2) /home/pico/miniconda3/envs/ros2/bin/cmake --install /home/pico/code/claw_machine_ros2/build/claw_machine_msgs
[0.231s] -- Install configuration: ""
[0.232s] -- Up-to-date: /home/pico/code/claw_machine_ros2/install/claw_machine_msgs/share/ament_index/resource_index/rosidl_interfaces/claw_machine_msgs
[0.232s] -- Up-to-date: /home/pico/code/claw_machine_ros2/install/claw_machine_msgs/include/claw_machine_msgs/claw_machine_msgs
[0.232s] -- Up-to-date: /home/pico/code/claw_machine_ros2/install/claw_machine_msgs/include/claw_machine_msgs/claw_machine_msgs/msg
[0.232s] -- Up-to-date: /home/pico/code/claw_machine_ros2/install/claw_machine_msgs/include/claw_machine_msgs/claw_machine_msgs/msg/rosidl_generator_c__visibility_control.h
[0.232s] -- Up-to-date: /home/pico/code/claw_machine_ros2/install/claw_machine_msgs/include/claw_machine_msgs/claw_machine_msgs/msg/detail
[0.232s] -- Up-to-date: /home/pico/code/claw_machine_ros2/install/claw_machine_msgs/include/claw_machine_msgs/claw_machine_msgs/msg/detail/position__functions.h
[0.232s] -- Up-to-date: /home/pico/code/claw_machine_ros2/install/claw_machine_msgs/include/claw_machine_msgs/claw_machine_msgs/msg/detail/position__type_support.h
[0.232s] -- Up-to-date: /home/pico/code/claw_machine_ros2/install/claw_machine_msgs/include/claw_machine_msgs/claw_machine_msgs/msg/detail/position__functions.c
[0.232s] -- Up-to-date: /home/pico/code/claw_machine_ros2/install/claw_machine_msgs/include/claw_machine_msgs/claw_machine_msgs/msg/detail/position__struct.h
[0.232s] -- Up-to-date: /home/pico/code/claw_machine_ros2/install/claw_machine_msgs/include/claw_machine_msgs/claw_machine_msgs/msg/position.h
[0.232s] -- Installing: /home/pico/code/claw_machine_ros2/install/claw_machine_msgs/lib/libclaw_machine_msgs__rosidl_generator_c.so
[0.232s] -- Up-to-date: /home/pico/code/claw_machine_ros2/install/claw_machine_msgs/include/claw_machine_msgs/claw_machine_msgs
[0.232s] -- Up-to-date: /home/pico/code/claw_machine_ros2/install/claw_machine_msgs/include/claw_machine_msgs/claw_machine_msgs/msg
[0.232s] -- Up-to-date: /home/pico/code/claw_machine_ros2/install/claw_machine_msgs/include/claw_machine_msgs/claw_machine_msgs/msg/detail
[0.232s] -- Up-to-date: /home/pico/code/claw_machine_ros2/install/claw_machine_msgs/include/claw_machine_msgs/claw_machine_msgs/msg/detail/position__rosidl_typesupport_fastrtps_c.h
[0.232s] -- Up-to-date: /home/pico/code/claw_machine_ros2/install/claw_machine_msgs/include/claw_machine_msgs/claw_machine_msgs/msg/rosidl_typesupport_fastrtps_c__visibility_control.h
[0.232s] -- Installing: /home/pico/code/claw_machine_ros2/install/claw_machine_msgs/lib/libclaw_machine_msgs__rosidl_typesupport_fastrtps_c.so
[0.232s] -- Set non-toolchain portion of runtime path of "/home/pico/code/claw_machine_ros2/install/claw_machine_msgs/lib/libclaw_machine_msgs__rosidl_typesupport_fastrtps_c.so" to ""
[0.232s] -- Up-to-date: /home/pico/code/claw_machine_ros2/install/claw_machine_msgs/include/claw_machine_msgs/claw_machine_msgs
[0.232s] -- Up-to-date: /home/pico/code/claw_machine_ros2/install/claw_machine_msgs/include/claw_machine_msgs/claw_machine_msgs/msg
[0.232s] -- Up-to-date: /home/pico/code/claw_machine_ros2/install/claw_machine_msgs/include/claw_machine_msgs/claw_machine_msgs/msg/detail
[0.232s] -- Up-to-date: /home/pico/code/claw_machine_ros2/install/claw_machine_msgs/include/claw_machine_msgs/claw_machine_msgs/msg/detail/position__builder.hpp
[0.232s] -- Up-to-date: /home/pico/code/claw_machine_ros2/install/claw_machine_msgs/include/claw_machine_msgs/claw_machine_msgs/msg/detail/position__struct.hpp
[0.232s] -- Up-to-date: /home/pico/code/claw_machine_ros2/install/claw_machine_msgs/include/claw_machine_msgs/claw_machine_msgs/msg/detail/position__traits.hpp
[0.233s] -- Up-to-date: /home/pico/code/claw_machine_ros2/install/claw_machine_msgs/include/claw_machine_msgs/claw_machine_msgs/msg/position.hpp
[0.233s] -- Up-to-date: /home/pico/code/claw_machine_ros2/install/claw_machine_msgs/include/claw_machine_msgs/claw_machine_msgs
[0.233s] -- Up-to-date: /home/pico/code/claw_machine_ros2/install/claw_machine_msgs/include/claw_machine_msgs/claw_machine_msgs/msg
[0.233s] -- Up-to-date: /home/pico/code/claw_machine_ros2/install/claw_machine_msgs/include/claw_machine_msgs/claw_machine_msgs/msg/rosidl_typesupport_fastrtps_cpp__visibility_control.h
[0.233s] -- Up-to-date: /home/pico/code/claw_machine_ros2/install/claw_machine_msgs/include/claw_machine_msgs/claw_machine_msgs/msg/detail
[0.233s] -- Up-to-date: /home/pico/code/claw_machine_ros2/install/claw_machine_msgs/include/claw_machine_msgs/claw_machine_msgs/msg/detail/dds_fastrtps
[0.233s] -- Up-to-date: /home/pico/code/claw_machine_ros2/install/claw_machine_msgs/include/claw_machine_msgs/claw_machine_msgs/msg/detail/position__rosidl_typesupport_fastrtps_cpp.hpp
[0.233s] -- Installing: /home/pico/code/claw_machine_ros2/install/claw_machine_msgs/lib/libclaw_machine_msgs__rosidl_typesupport_fastrtps_cpp.so
[0.233s] -- Up-to-date: /home/pico/code/claw_machine_ros2/install/claw_machine_msgs/include/claw_machine_msgs/claw_machine_msgs
[0.233s] -- Up-to-date: /home/pico/code/claw_machine_ros2/install/claw_machine_msgs/include/claw_machine_msgs/claw_machine_msgs/msg
[0.233s] -- Up-to-date: /home/pico/code/claw_machine_ros2/install/claw_machine_msgs/include/claw_machine_msgs/claw_machine_msgs/msg/detail
[0.233s] -- Up-to-date: /home/pico/code/claw_machine_ros2/install/claw_machine_msgs/include/claw_machine_msgs/claw_machine_msgs/msg/detail/position__type_support.c
[0.233s] -- Up-to-date: /home/pico/code/claw_machine_ros2/install/claw_machine_msgs/include/claw_machine_msgs/claw_machine_msgs/msg/detail/position__rosidl_typesupport_introspection_c.h
[0.233s] -- Up-to-date: /home/pico/code/claw_machine_ros2/install/claw_machine_msgs/include/claw_machine_msgs/claw_machine_msgs/msg/rosidl_typesupport_introspection_c__visibility_control.h
[0.233s] -- Installing: /home/pico/code/claw_machine_ros2/install/claw_machine_msgs/lib/libclaw_machine_msgs__rosidl_typesupport_introspection_c.so
[0.233s] -- Set non-toolchain portion of runtime path of "/home/pico/code/claw_machine_ros2/install/claw_machine_msgs/lib/libclaw_machine_msgs__rosidl_typesupport_introspection_c.so" to ""
[0.233s] -- Installing: /home/pico/code/claw_machine_ros2/install/claw_machine_msgs/lib/libclaw_machine_msgs__rosidl_typesupport_c.so
[0.233s] -- Set non-toolchain portion of runtime path of "/home/pico/code/claw_machine_ros2/install/claw_machine_msgs/lib/libclaw_machine_msgs__rosidl_typesupport_c.so" to ""
[0.233s] -- Up-to-date: /home/pico/code/claw_machine_ros2/install/claw_machine_msgs/include/claw_machine_msgs/claw_machine_msgs
[0.233s] -- Up-to-date: /home/pico/code/claw_machine_ros2/install/claw_machine_msgs/include/claw_machine_msgs/claw_machine_msgs/msg
[0.233s] -- Up-to-date: /home/pico/code/claw_machine_ros2/install/claw_machine_msgs/include/claw_machine_msgs/claw_machine_msgs/msg/detail
[0.233s] -- Up-to-date: /home/pico/code/claw_machine_ros2/install/claw_machine_msgs/include/claw_machine_msgs/claw_machine_msgs/msg/detail/position__type_support.cpp
[0.233s] -- Up-to-date: /home/pico/code/claw_machine_ros2/install/claw_machine_msgs/include/claw_machine_msgs/claw_machine_msgs/msg/detail/position__rosidl_typesupport_introspection_cpp.hpp
[0.233s] -- Installing: /home/pico/code/claw_machine_ros2/install/claw_machine_msgs/lib/libclaw_machine_msgs__rosidl_typesupport_introspection_cpp.so
[0.234s] -- Installing: /home/pico/code/claw_machine_ros2/install/claw_machine_msgs/lib/libclaw_machine_msgs__rosidl_typesupport_cpp.so
[0.234s] -- Up-to-date: /home/pico/code/claw_machine_ros2/install/claw_machine_msgs/share/claw_machine_msgs/environment/pythonpath.sh
[0.234s] -- Up-to-date: /home/pico/code/claw_machine_ros2/install/claw_machine_msgs/share/claw_machine_msgs/environment/pythonpath.dsv
[0.234s] -- Up-to-date: /home/pico/code/claw_machine_ros2/install/claw_machine_msgs/lib/python3.11/site-packages/claw_machine_msgs-0.0.0-py3.11.egg-info
[0.234s] -- Installing: /home/pico/code/claw_machine_ros2/install/claw_machine_msgs/lib/python3.11/site-packages/claw_machine_msgs-0.0.0-py3.11.egg-info/top_level.txt
[0.234s] -- Installing: /home/pico/code/claw_machine_ros2/install/claw_machine_msgs/lib/python3.11/site-packages/claw_machine_msgs-0.0.0-py3.11.egg-info/dependency_links.txt
[0.234s] -- Installing: /home/pico/code/claw_machine_ros2/install/claw_machine_msgs/lib/python3.11/site-packages/claw_machine_msgs-0.0.0-py3.11.egg-info/SOURCES.txt
[0.234s] -- Installing: /home/pico/code/claw_machine_ros2/install/claw_machine_msgs/lib/python3.11/site-packages/claw_machine_msgs-0.0.0-py3.11.egg-info/PKG-INFO
[0.234s] -- Up-to-date: /home/pico/code/claw_machine_ros2/install/claw_machine_msgs/lib/python3.11/site-packages/claw_machine_msgs
[0.234s] -- Up-to-date: /home/pico/code/claw_machine_ros2/install/claw_machine_msgs/lib/python3.11/site-packages/claw_machine_msgs/_claw_machine_msgs_s.ep.rosidl_typesupport_introspection_c.c
[0.234s] -- Up-to-date: /home/pico/code/claw_machine_ros2/install/claw_machine_msgs/lib/python3.11/site-packages/claw_machine_msgs/_claw_machine_msgs_s.ep.rosidl_typesupport_c.c
[0.234s] -- Up-to-date: /home/pico/code/claw_machine_ros2/install/claw_machine_msgs/lib/python3.11/site-packages/claw_machine_msgs/claw_machine_msgs_s__rosidl_typesupport_fastrtps_c.cpython-311-x86_64-linux-gnu.so
[0.234s] -- Up-to-date: /home/pico/code/claw_machine_ros2/install/claw_machine_msgs/lib/python3.11/site-packages/claw_machine_msgs/__init__.py
[0.234s] -- Up-to-date: /home/pico/code/claw_machine_ros2/install/claw_machine_msgs/lib/python3.11/site-packages/claw_machine_msgs/claw_machine_msgs_s__rosidl_typesupport_c.cpython-311-x86_64-linux-gnu.so
[0.234s] -- Up-to-date: /home/pico/code/claw_machine_ros2/install/claw_machine_msgs/lib/python3.11/site-packages/claw_machine_msgs/msg
[0.234s] -- Up-to-date: /home/pico/code/claw_machine_ros2/install/claw_machine_msgs/lib/python3.11/site-packages/claw_machine_msgs/msg/_position.py
[0.234s] -- Up-to-date: /home/pico/code/claw_machine_ros2/install/claw_machine_msgs/lib/python3.11/site-packages/claw_machine_msgs/msg/__init__.py
[0.234s] -- Up-to-date: /home/pico/code/claw_machine_ros2/install/claw_machine_msgs/lib/python3.11/site-packages/claw_machine_msgs/msg/_position_s.c
[0.234s] -- Up-to-date: /home/pico/code/claw_machine_ros2/install/claw_machine_msgs/lib/python3.11/site-packages/claw_machine_msgs/libclaw_machine_msgs__rosidl_generator_py.so
[0.234s] -- Up-to-date: /home/pico/code/claw_machine_ros2/install/claw_machine_msgs/lib/python3.11/site-packages/claw_machine_msgs/claw_machine_msgs_s__rosidl_typesupport_introspection_c.cpython-311-x86_64-linux-gnu.so
[0.234s] -- Up-to-date: /home/pico/code/claw_machine_ros2/install/claw_machine_msgs/lib/python3.11/site-packages/claw_machine_msgs/_claw_machine_msgs_s.ep.rosidl_typesupport_fastrtps_c.c
[0.253s] Listing 'lib/python3.11/site-packages/claw_machine_msgs'...
[0.254s] Can't list 'lib/python3.11/site-packages/claw_machine_msgs'
[0.257s] -- Installing: /home/pico/code/claw_machine_ros2/install/claw_machine_msgs/lib/python3.11/site-packages/claw_machine_msgs/claw_machine_msgs_s__rosidl_typesupport_fastrtps_c.cpython-311-x86_64-linux-gnu.so
[0.257s] -- Set non-toolchain portion of runtime path of "/home/pico/code/claw_machine_ros2/install/claw_machine_msgs/lib/python3.11/site-packages/claw_machine_msgs/claw_machine_msgs_s__rosidl_typesupport_fastrtps_c.cpython-311-x86_64-linux-gnu.so" to ""
[0.257s] -- Installing: /home/pico/code/claw_machine_ros2/install/claw_machine_msgs/lib/python3.11/site-packages/claw_machine_msgs/claw_machine_msgs_s__rosidl_typesupport_introspection_c.cpython-311-x86_64-linux-gnu.so
[0.257s] -- Set non-toolchain portion of runtime path of "/home/pico/code/claw_machine_ros2/install/claw_machine_msgs/lib/python3.11/site-packages/claw_machine_msgs/claw_machine_msgs_s__rosidl_typesupport_introspection_c.cpython-311-x86_64-linux-gnu.so" to ""
[0.257s] -- Installing: /home/pico/code/claw_machine_ros2/install/claw_machine_msgs/lib/python3.11/site-packages/claw_machine_msgs/claw_machine_msgs_s__rosidl_typesupport_c.cpython-311-x86_64-linux-gnu.so
[0.257s] -- Set non-toolchain portion of runtime path of "/home/pico/code/claw_machine_ros2/install/claw_machine_msgs/lib/python3.11/site-packages/claw_machine_msgs/claw_machine_msgs_s__rosidl_typesupport_c.cpython-311-x86_64-linux-gnu.so" to ""
[0.257s] -- Installing: /home/pico/code/claw_machine_ros2/install/claw_machine_msgs/lib/libclaw_machine_msgs__rosidl_generator_py.so
[0.257s] -- Set non-toolchain portion of runtime path of "/home/pico/code/claw_machine_ros2/install/claw_machine_msgs/lib/libclaw_machine_msgs__rosidl_generator_py.so" to ""
[0.258s] -- Up-to-date: /home/pico/code/claw_machine_ros2/install/claw_machine_msgs/share/claw_machine_msgs/msg/Position.idl
[0.258s] -- Up-to-date: /home/pico/code/claw_machine_ros2/install/claw_machine_msgs/share/claw_machine_msgs/msg/Position.msg
[0.258s] -- Up-to-date: /home/pico/code/claw_machine_ros2/install/claw_machine_msgs/share/ament_index/resource_index/package_run_dependencies/claw_machine_msgs
[0.258s] -- Up-to-date: /home/pico/code/claw_machine_ros2/install/claw_machine_msgs/share/ament_index/resource_index/parent_prefix_path/claw_machine_msgs
[0.258s] -- Up-to-date: /home/pico/code/claw_machine_ros2/install/claw_machine_msgs/share/claw_machine_msgs/environment/ament_prefix_path.sh
[0.258s] -- Up-to-date: /home/pico/code/claw_machine_ros2/install/claw_machine_msgs/share/claw_machine_msgs/environment/ament_prefix_path.dsv
[0.258s] -- Up-to-date: /home/pico/code/claw_machine_ros2/install/claw_machine_msgs/share/claw_machine_msgs/environment/path.sh
[0.258s] -- Up-to-date: /home/pico/code/claw_machine_ros2/install/claw_machine_msgs/share/claw_machine_msgs/environment/path.dsv
[0.258s] -- Up-to-date: /home/pico/code/claw_machine_ros2/install/claw_machine_msgs/share/claw_machine_msgs/local_setup.bash
[0.258s] -- Up-to-date: /home/pico/code/claw_machine_ros2/install/claw_machine_msgs/share/claw_machine_msgs/local_setup.sh
[0.258s] -- Up-to-date: /home/pico/code/claw_machine_ros2/install/claw_machine_msgs/share/claw_machine_msgs/local_setup.zsh
[0.258s] -- Up-to-date: /home/pico/code/claw_machine_ros2/install/claw_machine_msgs/share/claw_machine_msgs/local_setup.dsv
[0.258s] -- Installing: /home/pico/code/claw_machine_ros2/install/claw_machine_msgs/share/claw_machine_msgs/package.dsv
[0.258s] -- Up-to-date: /home/pico/code/claw_machine_ros2/install/claw_machine_msgs/share/ament_index/resource_index/packages/claw_machine_msgs
[0.258s] -- Up-to-date: /home/pico/code/claw_machine_ros2/install/claw_machine_msgs/share/claw_machine_msgs/cmake/export_claw_machine_msgs__rosidl_generator_cExport.cmake
[0.258s] -- Up-to-date: /home/pico/code/claw_machine_ros2/install/claw_machine_msgs/share/claw_machine_msgs/cmake/export_claw_machine_msgs__rosidl_generator_cExport-noconfig.cmake
[0.258s] -- Up-to-date: /home/pico/code/claw_machine_ros2/install/claw_machine_msgs/share/claw_machine_msgs/cmake/export_claw_machine_msgs__rosidl_typesupport_fastrtps_cExport.cmake
[0.258s] -- Up-to-date: /home/pico/code/claw_machine_ros2/install/claw_machine_msgs/share/claw_machine_msgs/cmake/export_claw_machine_msgs__rosidl_typesupport_fastrtps_cExport-noconfig.cmake
[0.258s] -- Up-to-date: /home/pico/code/claw_machine_ros2/install/claw_machine_msgs/share/claw_machine_msgs/cmake/export_claw_machine_msgs__rosidl_generator_cppExport.cmake
[0.258s] -- Up-to-date: /home/pico/code/claw_machine_ros2/install/claw_machine_msgs/share/claw_machine_msgs/cmake/export_claw_machine_msgs__rosidl_typesupport_fastrtps_cppExport.cmake
[0.258s] -- Up-to-date: /home/pico/code/claw_machine_ros2/install/claw_machine_msgs/share/claw_machine_msgs/cmake/export_claw_machine_msgs__rosidl_typesupport_fastrtps_cppExport-noconfig.cmake
[0.258s] -- Up-to-date: /home/pico/code/claw_machine_ros2/install/claw_machine_msgs/share/claw_machine_msgs/cmake/claw_machine_msgs__rosidl_typesupport_introspection_cExport.cmake
[0.258s] -- Up-to-date: /home/pico/code/claw_machine_ros2/install/claw_machine_msgs/share/claw_machine_msgs/cmake/claw_machine_msgs__rosidl_typesupport_introspection_cExport-noconfig.cmake
[0.258s] -- Up-to-date: /home/pico/code/claw_machine_ros2/install/claw_machine_msgs/share/claw_machine_msgs/cmake/claw_machine_msgs__rosidl_typesupport_cExport.cmake
[0.258s] -- Up-to-date: /home/pico/code/claw_machine_ros2/install/claw_machine_msgs/share/claw_machine_msgs/cmake/claw_machine_msgs__rosidl_typesupport_cExport-noconfig.cmake
[0.259s] -- Up-to-date: /home/pico/code/claw_machine_ros2/install/claw_machine_msgs/share/claw_machine_msgs/cmake/claw_machine_msgs__rosidl_typesupport_introspection_cppExport.cmake
[0.259s] -- Up-to-date: /home/pico/code/claw_machine_ros2/install/claw_machine_msgs/share/claw_machine_msgs/cmake/claw_machine_msgs__rosidl_typesupport_introspection_cppExport-noconfig.cmake
[0.259s] -- Up-to-date: /home/pico/code/claw_machine_ros2/install/claw_machine_msgs/share/claw_machine_msgs/cmake/claw_machine_msgs__rosidl_typesupport_cppExport.cmake
[0.259s] -- Up-to-date: /home/pico/code/claw_machine_ros2/install/claw_machine_msgs/share/claw_machine_msgs/cmake/claw_machine_msgs__rosidl_typesupport_cppExport-noconfig.cmake
[0.259s] -- Up-to-date: /home/pico/code/claw_machine_ros2/install/claw_machine_msgs/share/claw_machine_msgs/cmake/export_claw_machine_msgs__rosidl_generator_pyExport.cmake
[0.259s] -- Up-to-date: /home/pico/code/claw_machine_ros2/install/claw_machine_msgs/share/claw_machine_msgs/cmake/export_claw_machine_msgs__rosidl_generator_pyExport-noconfig.cmake
[0.259s] -- Up-to-date: /home/pico/code/claw_machine_ros2/install/claw_machine_msgs/share/claw_machine_msgs/cmake/rosidl_cmake-extras.cmake
[0.259s] -- Up-to-date: /home/pico/code/claw_machine_ros2/install/claw_machine_msgs/share/claw_machine_msgs/cmake/ament_cmake_export_dependencies-extras.cmake
[0.259s] -- Up-to-date: /home/pico/code/claw_machine_ros2/install/claw_machine_msgs/share/claw_machine_msgs/cmake/ament_cmake_export_include_directories-extras.cmake
[0.259s] -- Up-to-date: /home/pico/code/claw_machine_ros2/install/claw_machine_msgs/share/claw_machine_msgs/cmake/ament_cmake_export_libraries-extras.cmake
[0.259s] -- Up-to-date: /home/pico/code/claw_machine_ros2/install/claw_machine_msgs/share/claw_machine_msgs/cmake/ament_cmake_export_targets-extras.cmake
[0.259s] -- Up-to-date: /home/pico/code/claw_machine_ros2/install/claw_machine_msgs/share/claw_machine_msgs/cmake/rosidl_cmake_export_typesupport_targets-extras.cmake
[0.259s] -- Up-to-date: /home/pico/code/claw_machine_ros2/install/claw_machine_msgs/share/claw_machine_msgs/cmake/rosidl_cmake_export_typesupport_libraries-extras.cmake
[0.259s] -- Up-to-date: /home/pico/code/claw_machine_ros2/install/claw_machine_msgs/share/claw_machine_msgs/cmake/claw_machine_msgsConfig.cmake
[0.259s] -- Up-to-date: /home/pico/code/claw_machine_ros2/install/claw_machine_msgs/share/claw_machine_msgs/cmake/claw_machine_msgsConfig-version.cmake
[0.259s] -- Up-to-date: /home/pico/code/claw_machine_ros2/install/claw_machine_msgs/share/claw_machine_msgs/package.xml
[0.260s] Invoked command in '/home/pico/code/claw_machine_ros2/build/claw_machine_msgs' returned '0': CMAKE_PREFIX_PATH=${CMAKE_PREFIX_PATH}:/home/pico/code/claw_machine_ros2/install/keyboard_claw_controller CONDA_PROMPT_MODIFIER=(ros2) /home/pico/miniconda3/envs/ros2/bin/cmake --install /home/pico/code/claw_machine_ros2/build/claw_machine_msgs
