[0.818s] DEBUG:colcon:Command line arguments: ['/usr/bin/colcon', 'build']
[0.818s] DEBUG:colcon:Parsed command line arguments: Namespace(log_base=None, log_level=None, verb_name='build', build_base='build', install_base='install', merge_install=False, symlink_install=False, test_result_base=None, continue_on_error=False, executor='parallel', parallel_workers=12, event_handlers=None, ignore_user_meta=False, metas=['./colcon.meta'], base_paths=['.'], packages_ignore=None, packages_ignore_regex=None, paths=None, packages_up_to=None, packages_up_to_regex=None, packages_above=None, packages_above_and_dependencies=None, packages_above_depth=None, packages_select_by_dep=None, packages_skip_by_dep=None, packages_skip_up_to=None, packages_select_build_failed=False, packages_skip_build_finished=False, packages_select_test_failures=False, packages_skip_test_passed=False, packages_select=None, packages_skip=None, packages_select_regex=None, packages_skip_regex=None, packages_start=None, packages_end=None, cmake_args=None, cmake_target=None, cmake_target_skip_unavailable=False, cmake_clean_cache=False, cmake_clean_first=False, cmake_force_configure=False, ament_cmake_args=None, catkin_cmake_args=None, catkin_skip_building_tests=False, mixin_files=None, mixin=None, verb_parser=<colcon_mixin.mixin.mixin_argument.MixinArgumentDecorator object at 0x7cb23f4ea8f0>, verb_extension=<colcon_core.verb.build.BuildVerb object at 0x7cb23f4e8700>, main=<bound method BuildVerb.main of <colcon_core.verb.build.BuildVerb object at 0x7cb23f4e8700>>, mixin_verb=('build',))
[0.852s] Level 1:colcon.colcon_core.package_discovery:discover_packages(colcon_meta) check parameters
[0.853s] Level 1:colcon.colcon_core.package_discovery:discover_packages(recursive) check parameters
[0.853s] Level 1:colcon.colcon_core.package_discovery:discover_packages(ignore) check parameters
[0.853s] Level 1:colcon.colcon_core.package_discovery:discover_packages(path) check parameters
[0.853s] Level 1:colcon.colcon_core.package_discovery:discover_packages(colcon_meta) discover
[0.853s] Level 1:colcon.colcon_core.package_discovery:discover_packages(recursive) discover
[0.853s] INFO:colcon.colcon_core.package_discovery:Crawling recursively for packages in '/home/rosdev/ros2_ws'
[0.853s] Level 1:colcon.colcon_core.package_identification:_identify(.) by extensions ['ignore', 'ignore_ament_install']
[0.853s] Level 1:colcon.colcon_core.package_identification:_identify(.) by extension 'ignore'
[0.853s] Level 1:colcon.colcon_core.package_identification:_identify(.) by extension 'ignore_ament_install'
[0.853s] Level 1:colcon.colcon_core.package_identification:_identify(.) by extensions ['colcon_pkg']
[0.853s] Level 1:colcon.colcon_core.package_identification:_identify(.) by extension 'colcon_pkg'
[0.853s] Level 1:colcon.colcon_core.package_identification:_identify(.) by extensions ['colcon_meta']
[0.853s] Level 1:colcon.colcon_core.package_identification:_identify(.) by extension 'colcon_meta'
[0.853s] Level 1:colcon.colcon_core.package_identification:_identify(.) by extensions ['ros']
[0.853s] Level 1:colcon.colcon_core.package_identification:_identify(.) by extension 'ros'
[0.863s] Level 1:colcon.colcon_core.package_identification:_identify(.) by extensions ['cmake', 'python']
[0.863s] Level 1:colcon.colcon_core.package_identification:_identify(.) by extension 'cmake'
[0.863s] Level 1:colcon.colcon_core.package_identification:_identify(.) by extension 'python'
[0.863s] Level 1:colcon.colcon_core.package_identification:_identify(.) by extensions ['python_setup_py']
[0.863s] Level 1:colcon.colcon_core.package_identification:_identify(.) by extension 'python_setup_py'
[0.863s] Level 1:colcon.colcon_core.package_identification:_identify(build) by extensions ['ignore', 'ignore_ament_install']
[0.863s] Level 1:colcon.colcon_core.package_identification:_identify(build) by extension 'ignore'
[0.863s] Level 1:colcon.colcon_core.package_identification:_identify(build) ignored
[0.863s] Level 1:colcon.colcon_core.package_identification:_identify(install) by extensions ['ignore', 'ignore_ament_install']
[0.863s] Level 1:colcon.colcon_core.package_identification:_identify(install) by extension 'ignore'
[0.864s] Level 1:colcon.colcon_core.package_identification:_identify(install) ignored
[0.864s] Level 1:colcon.colcon_core.package_identification:_identify(log) by extensions ['ignore', 'ignore_ament_install']
[0.864s] Level 1:colcon.colcon_core.package_identification:_identify(log) by extension 'ignore'
[0.864s] Level 1:colcon.colcon_core.package_identification:_identify(log) ignored
[0.864s] Level 1:colcon.colcon_core.package_identification:_identify(src) by extensions ['ignore', 'ignore_ament_install']
[0.864s] Level 1:colcon.colcon_core.package_identification:_identify(src) by extension 'ignore'
[0.864s] Level 1:colcon.colcon_core.package_identification:_identify(src) by extension 'ignore_ament_install'
[0.864s] Level 1:colcon.colcon_core.package_identification:_identify(src) by extensions ['colcon_pkg']
[0.864s] Level 1:colcon.colcon_core.package_identification:_identify(src) by extension 'colcon_pkg'
[0.864s] Level 1:colcon.colcon_core.package_identification:_identify(src) by extensions ['colcon_meta']
[0.864s] Level 1:colcon.colcon_core.package_identification:_identify(src) by extension 'colcon_meta'
[0.864s] Level 1:colcon.colcon_core.package_identification:_identify(src) by extensions ['ros']
[0.864s] Level 1:colcon.colcon_core.package_identification:_identify(src) by extension 'ros'
[0.864s] Level 1:colcon.colcon_core.package_identification:_identify(src) by extensions ['cmake', 'python']
[0.864s] Level 1:colcon.colcon_core.package_identification:_identify(src) by extension 'cmake'
[0.864s] Level 1:colcon.colcon_core.package_identification:_identify(src) by extension 'python'
[0.864s] Level 1:colcon.colcon_core.package_identification:_identify(src) by extensions ['python_setup_py']
[0.864s] Level 1:colcon.colcon_core.package_identification:_identify(src) by extension 'python_setup_py'
[0.864s] Level 1:colcon.colcon_core.package_identification:_identify(src/build) by extensions ['ignore', 'ignore_ament_install']
[0.865s] Level 1:colcon.colcon_core.package_identification:_identify(src/build) by extension 'ignore'
[0.865s] Level 1:colcon.colcon_core.package_identification:_identify(src/build) ignored
[0.865s] Level 1:colcon.colcon_core.package_identification:_identify(src/claw_machine_msgs) by extensions ['ignore', 'ignore_ament_install']
[0.865s] Level 1:colcon.colcon_core.package_identification:_identify(src/claw_machine_msgs) by extension 'ignore'
[0.865s] Level 1:colcon.colcon_core.package_identification:_identify(src/claw_machine_msgs) by extension 'ignore_ament_install'
[0.865s] Level 1:colcon.colcon_core.package_identification:_identify(src/claw_machine_msgs) by extensions ['colcon_pkg']
[0.865s] Level 1:colcon.colcon_core.package_identification:_identify(src/claw_machine_msgs) by extension 'colcon_pkg'
[0.865s] Level 1:colcon.colcon_core.package_identification:_identify(src/claw_machine_msgs) by extensions ['colcon_meta']
[0.865s] Level 1:colcon.colcon_core.package_identification:_identify(src/claw_machine_msgs) by extension 'colcon_meta'
[0.865s] Level 1:colcon.colcon_core.package_identification:_identify(src/claw_machine_msgs) by extensions ['ros']
[0.865s] Level 1:colcon.colcon_core.package_identification:_identify(src/claw_machine_msgs) by extension 'ros'
[0.867s] DEBUG:colcon.colcon_core.package_identification:Package 'src/claw_machine_msgs' with type 'ros.ament_cmake' and name 'claw_machine_msgs'
[0.867s] Level 1:colcon.colcon_core.package_identification:_identify(src/install) by extensions ['ignore', 'ignore_ament_install']
[0.867s] Level 1:colcon.colcon_core.package_identification:_identify(src/install) by extension 'ignore'
[0.867s] Level 1:colcon.colcon_core.package_identification:_identify(src/install) ignored
[0.867s] Level 1:colcon.colcon_core.package_identification:_identify(src/keyboard_claw_controller) by extensions ['ignore', 'ignore_ament_install']
[0.868s] Level 1:colcon.colcon_core.package_identification:_identify(src/keyboard_claw_controller) by extension 'ignore'
[0.868s] Level 1:colcon.colcon_core.package_identification:_identify(src/keyboard_claw_controller) by extension 'ignore_ament_install'
[0.868s] Level 1:colcon.colcon_core.package_identification:_identify(src/keyboard_claw_controller) by extensions ['colcon_pkg']
[0.868s] Level 1:colcon.colcon_core.package_identification:_identify(src/keyboard_claw_controller) by extension 'colcon_pkg'
[0.868s] Level 1:colcon.colcon_core.package_identification:_identify(src/keyboard_claw_controller) by extensions ['colcon_meta']
[0.868s] Level 1:colcon.colcon_core.package_identification:_identify(src/keyboard_claw_controller) by extension 'colcon_meta'
[0.868s] Level 1:colcon.colcon_core.package_identification:_identify(src/keyboard_claw_controller) by extensions ['ros']
[0.868s] Level 1:colcon.colcon_core.package_identification:_identify(src/keyboard_claw_controller) by extension 'ros'
[0.868s] DEBUG:colcon.colcon_core.package_identification:Package 'src/keyboard_claw_controller' with type 'ros.ament_python' and name 'keyboard_claw_controller'
[0.868s] Level 1:colcon.colcon_core.package_identification:_identify(src/log) by extensions ['ignore', 'ignore_ament_install']
[0.868s] Level 1:colcon.colcon_core.package_identification:_identify(src/log) by extension 'ignore'
[0.868s] Level 1:colcon.colcon_core.package_identification:_identify(src/log) ignored
[0.868s] Level 1:colcon.colcon_core.package_discovery:discover_packages(recursive) using defaults
[0.868s] Level 1:colcon.colcon_core.package_discovery:discover_packages(ignore) discover
[0.869s] Level 1:colcon.colcon_core.package_discovery:discover_packages(ignore) using defaults
[0.869s] Level 1:colcon.colcon_core.package_discovery:discover_packages(path) discover
[0.869s] Level 1:colcon.colcon_core.package_discovery:discover_packages(path) using defaults
[0.940s] Level 5:colcon.colcon_core.verb:set package 'claw_machine_msgs' build argument 'cmake_args' from command line to 'None'
[0.940s] Level 5:colcon.colcon_core.verb:set package 'claw_machine_msgs' build argument 'cmake_target' from command line to 'None'
[0.940s] Level 5:colcon.colcon_core.verb:set package 'claw_machine_msgs' build argument 'cmake_target_skip_unavailable' from command line to 'False'
[0.940s] Level 5:colcon.colcon_core.verb:set package 'claw_machine_msgs' build argument 'cmake_clean_cache' from command line to 'False'
[0.940s] Level 5:colcon.colcon_core.verb:set package 'claw_machine_msgs' build argument 'cmake_clean_first' from command line to 'False'
[0.940s] Level 5:colcon.colcon_core.verb:set package 'claw_machine_msgs' build argument 'cmake_force_configure' from command line to 'False'
[0.940s] Level 5:colcon.colcon_core.verb:set package 'claw_machine_msgs' build argument 'ament_cmake_args' from command line to 'None'
[0.940s] Level 5:colcon.colcon_core.verb:set package 'claw_machine_msgs' build argument 'catkin_cmake_args' from command line to 'None'
[0.940s] Level 5:colcon.colcon_core.verb:set package 'claw_machine_msgs' build argument 'catkin_skip_building_tests' from command line to 'False'
[0.940s] DEBUG:colcon.colcon_core.verb:Building package 'claw_machine_msgs' with the following arguments: {'ament_cmake_args': None, 'build_base': '/home/rosdev/ros2_ws/build/claw_machine_msgs', 'catkin_cmake_args': None, 'catkin_skip_building_tests': False, 'cmake_args': None, 'cmake_clean_cache': False, 'cmake_clean_first': False, 'cmake_force_configure': False, 'cmake_target': None, 'cmake_target_skip_unavailable': False, 'install_base': '/home/rosdev/ros2_ws/install/claw_machine_msgs', 'merge_install': False, 'path': '/home/rosdev/ros2_ws/src/claw_machine_msgs', 'symlink_install': False, 'test_result_base': None}
[0.949s] Level 5:colcon.colcon_core.verb:set package 'keyboard_claw_controller' build argument 'cmake_args' from command line to 'None'
[0.949s] Level 5:colcon.colcon_core.verb:set package 'keyboard_claw_controller' build argument 'cmake_target' from command line to 'None'
[0.950s] Level 5:colcon.colcon_core.verb:set package 'keyboard_claw_controller' build argument 'cmake_target_skip_unavailable' from command line to 'False'
[0.950s] Level 5:colcon.colcon_core.verb:set package 'keyboard_claw_controller' build argument 'cmake_clean_cache' from command line to 'False'
[0.950s] Level 5:colcon.colcon_core.verb:set package 'keyboard_claw_controller' build argument 'cmake_clean_first' from command line to 'False'
[0.950s] Level 5:colcon.colcon_core.verb:set package 'keyboard_claw_controller' build argument 'cmake_force_configure' from command line to 'False'
[0.950s] Level 5:colcon.colcon_core.verb:set package 'keyboard_claw_controller' build argument 'ament_cmake_args' from command line to 'None'
[0.950s] Level 5:colcon.colcon_core.verb:set package 'keyboard_claw_controller' build argument 'catkin_cmake_args' from command line to 'None'
[0.950s] Level 5:colcon.colcon_core.verb:set package 'keyboard_claw_controller' build argument 'catkin_skip_building_tests' from command line to 'False'
[0.950s] DEBUG:colcon.colcon_core.verb:Building package 'keyboard_claw_controller' with the following arguments: {'ament_cmake_args': None, 'build_base': '/home/rosdev/ros2_ws/build/keyboard_claw_controller', 'catkin_cmake_args': None, 'catkin_skip_building_tests': False, 'cmake_args': None, 'cmake_clean_cache': False, 'cmake_clean_first': False, 'cmake_force_configure': False, 'cmake_target': None, 'cmake_target_skip_unavailable': False, 'install_base': '/home/rosdev/ros2_ws/install/keyboard_claw_controller', 'merge_install': False, 'path': '/home/rosdev/ros2_ws/src/keyboard_claw_controller', 'symlink_install': False, 'test_result_base': None}
[0.959s] INFO:colcon.colcon_core.executor:Executing jobs using 'parallel' executor
[0.969s] DEBUG:colcon.colcon_parallel_executor.executor.parallel:run_until_complete
[0.970s] INFO:colcon.colcon_ros.task.ament_cmake.build:Building ROS package in '/home/rosdev/ros2_ws/src/claw_machine_msgs' with build type 'ament_cmake'
[0.970s] INFO:colcon.colcon_cmake.task.cmake.build:Building CMake package in '/home/rosdev/ros2_ws/src/claw_machine_msgs'
[0.982s] INFO:colcon.colcon_core.plugin_system:Skipping extension 'colcon_core.shell.bat': Not used on non-Windows systems
[0.982s] INFO:colcon.colcon_core.shell:Skip shell extension 'powershell' for command environment: Not usable outside of PowerShell
[0.982s] DEBUG:colcon.colcon_core.shell:Skip shell extension 'dsv' for command environment
[1.024s] INFO:colcon.colcon_ros.task.ament_python.build:Building ROS package in '/home/rosdev/ros2_ws/src/keyboard_claw_controller' with build type 'ament_python'
[1.024s] Level 1:colcon.colcon_core.shell:create_environment_hook('keyboard_claw_controller', 'ament_prefix_path')
[1.034s] INFO:colcon.colcon_core.shell:Creating environment hook '/home/rosdev/ros2_ws/install/keyboard_claw_controller/share/keyboard_claw_controller/hook/ament_prefix_path.ps1'
[1.035s] INFO:colcon.colcon_core.shell:Creating environment descriptor '/home/rosdev/ros2_ws/install/keyboard_claw_controller/share/keyboard_claw_controller/hook/ament_prefix_path.dsv'
[1.035s] INFO:colcon.colcon_core.shell:Creating environment hook '/home/rosdev/ros2_ws/install/keyboard_claw_controller/share/keyboard_claw_controller/hook/ament_prefix_path.sh'
[1.047s] INFO:colcon.colcon_core.shell:Skip shell extension 'powershell' for command environment: Not usable outside of PowerShell
[1.047s] DEBUG:colcon.colcon_core.shell:Skip shell extension 'dsv' for command environment
[1.093s] DEBUG:colcon.colcon_core.event_handler.log_command:Invoking command in '/home/rosdev/ros2_ws/build/claw_machine_msgs': CMAKE_PREFIX_PATH=${CMAKE_PREFIX_PATH}:/home/rosdev/ros2_ws/install/keyboard_claw_controller:/opt/ros/humble /usr/bin/cmake --build /home/rosdev/ros2_ws/build/claw_machine_msgs -- -j12 -l12
[1.308s] INFO:colcon.colcon_core.task.python.build:Building Python package in '/home/rosdev/ros2_ws/src/keyboard_claw_controller'
[1.318s] INFO:colcon.colcon_core.shell:Skip shell extension 'powershell' for command environment: Not usable outside of PowerShell
[1.318s] DEBUG:colcon.colcon_core.shell:Skip shell extension 'dsv' for command environment
[1.396s] DEBUG:colcon.colcon_core.event_handler.log_command:Invoked command in '/home/rosdev/ros2_ws/build/claw_machine_msgs' returned '0': CMAKE_PREFIX_PATH=${CMAKE_PREFIX_PATH}:/home/rosdev/ros2_ws/install/keyboard_claw_controller:/opt/ros/humble /usr/bin/cmake --build /home/rosdev/ros2_ws/build/claw_machine_msgs -- -j12 -l12
[1.469s] DEBUG:colcon.colcon_core.event_handler.log_command:Invoking command in '/home/rosdev/ros2_ws/build/claw_machine_msgs': CMAKE_PREFIX_PATH=${CMAKE_PREFIX_PATH}:/home/rosdev/ros2_ws/install/keyboard_claw_controller:/opt/ros/humble /usr/bin/cmake --install /home/rosdev/ros2_ws/build/claw_machine_msgs
[1.534s] Level 1:colcon.colcon_core.environment:create_environment_scripts_only(claw_machine_msgs)
[1.534s] DEBUG:colcon.colcon_core.event_handler.log_command:Invoked command in '/home/rosdev/ros2_ws/build/claw_machine_msgs' returned '0': CMAKE_PREFIX_PATH=${CMAKE_PREFIX_PATH}:/home/rosdev/ros2_ws/install/keyboard_claw_controller:/opt/ros/humble /usr/bin/cmake --install /home/rosdev/ros2_ws/build/claw_machine_msgs
[1.555s] Level 1:colcon.colcon_core.environment:checking '/home/rosdev/ros2_ws/install/claw_machine_msgs' for CMake module files
[1.556s] Level 1:colcon.colcon_core.environment:checking '/home/rosdev/ros2_ws/install/claw_machine_msgs' for CMake config files
[1.557s] Level 1:colcon.colcon_core.shell:create_environment_hook('claw_machine_msgs', 'cmake_prefix_path')
[1.567s] INFO:colcon.colcon_core.shell:Creating environment hook '/home/rosdev/ros2_ws/install/claw_machine_msgs/share/claw_machine_msgs/hook/cmake_prefix_path.ps1'
[1.567s] INFO:colcon.colcon_core.shell:Creating environment descriptor '/home/rosdev/ros2_ws/install/claw_machine_msgs/share/claw_machine_msgs/hook/cmake_prefix_path.dsv'
[1.567s] INFO:colcon.colcon_core.shell:Creating environment hook '/home/rosdev/ros2_ws/install/claw_machine_msgs/share/claw_machine_msgs/hook/cmake_prefix_path.sh'
[1.568s] Level 1:colcon.colcon_core.environment:checking '/home/rosdev/ros2_ws/install/claw_machine_msgs/lib'
[1.568s] Level 1:colcon.colcon_core.shell:create_environment_hook('claw_machine_msgs', 'ld_library_path_lib')
[1.582s] INFO:colcon.colcon_core.shell:Creating environment hook '/home/rosdev/ros2_ws/install/claw_machine_msgs/share/claw_machine_msgs/hook/ld_library_path_lib.ps1'
[1.583s] INFO:colcon.colcon_core.shell:Creating environment descriptor '/home/rosdev/ros2_ws/install/claw_machine_msgs/share/claw_machine_msgs/hook/ld_library_path_lib.dsv'
[1.583s] INFO:colcon.colcon_core.shell:Creating environment hook '/home/rosdev/ros2_ws/install/claw_machine_msgs/share/claw_machine_msgs/hook/ld_library_path_lib.sh'
[1.583s] Level 1:colcon.colcon_core.environment:checking '/home/rosdev/ros2_ws/install/claw_machine_msgs/bin'
[1.583s] Level 1:colcon.colcon_core.environment:checking '/home/rosdev/ros2_ws/install/claw_machine_msgs/lib/pkgconfig/claw_machine_msgs.pc'
[1.584s] Level 1:colcon.colcon_core.environment:checking '/home/rosdev/ros2_ws/install/claw_machine_msgs/lib/python3.10/site-packages'
[1.584s] Level 1:colcon.colcon_core.environment:checking '/home/rosdev/ros2_ws/install/claw_machine_msgs/bin'
[1.595s] INFO:colcon.colcon_core.shell:Creating package script '/home/rosdev/ros2_ws/install/claw_machine_msgs/share/claw_machine_msgs/package.ps1'
[1.596s] INFO:colcon.colcon_core.shell:Creating package descriptor '/home/rosdev/ros2_ws/install/claw_machine_msgs/share/claw_machine_msgs/package.dsv'
[1.597s] INFO:colcon.colcon_core.shell:Creating package script '/home/rosdev/ros2_ws/install/claw_machine_msgs/share/claw_machine_msgs/package.sh'
[1.598s] INFO:colcon.colcon_core.shell:Creating package script '/home/rosdev/ros2_ws/install/claw_machine_msgs/share/claw_machine_msgs/package.bash'
[1.598s] INFO:colcon.colcon_core.shell:Creating package script '/home/rosdev/ros2_ws/install/claw_machine_msgs/share/claw_machine_msgs/package.zsh'
[1.599s] Level 1:colcon.colcon_core.environment:create_file_with_runtime_dependencies(/home/rosdev/ros2_ws/install/claw_machine_msgs/share/colcon-core/packages/claw_machine_msgs)
[1.676s] Level 1:colcon.colcon_core.environment:create_environment_scripts_only(claw_machine_msgs)
[1.689s] Level 1:colcon.colcon_core.environment:checking '/home/rosdev/ros2_ws/install/claw_machine_msgs' for CMake module files
[1.690s] Level 1:colcon.colcon_core.environment:checking '/home/rosdev/ros2_ws/install/claw_machine_msgs' for CMake config files
[1.690s] Level 1:colcon.colcon_core.shell:create_environment_hook('claw_machine_msgs', 'cmake_prefix_path')
[1.699s] INFO:colcon.colcon_core.shell:Creating environment hook '/home/rosdev/ros2_ws/install/claw_machine_msgs/share/claw_machine_msgs/hook/cmake_prefix_path.ps1'
[1.700s] INFO:colcon.colcon_core.shell:Creating environment descriptor '/home/rosdev/ros2_ws/install/claw_machine_msgs/share/claw_machine_msgs/hook/cmake_prefix_path.dsv'
[1.700s] INFO:colcon.colcon_core.shell:Creating environment hook '/home/rosdev/ros2_ws/install/claw_machine_msgs/share/claw_machine_msgs/hook/cmake_prefix_path.sh'
[1.701s] Level 1:colcon.colcon_core.environment:checking '/home/rosdev/ros2_ws/install/claw_machine_msgs/lib'
[1.701s] Level 1:colcon.colcon_core.shell:create_environment_hook('claw_machine_msgs', 'ld_library_path_lib')
[1.710s] INFO:colcon.colcon_core.shell:Creating environment hook '/home/rosdev/ros2_ws/install/claw_machine_msgs/share/claw_machine_msgs/hook/ld_library_path_lib.ps1'
[1.711s] INFO:colcon.colcon_core.shell:Creating environment descriptor '/home/rosdev/ros2_ws/install/claw_machine_msgs/share/claw_machine_msgs/hook/ld_library_path_lib.dsv'
[1.711s] INFO:colcon.colcon_core.shell:Creating environment hook '/home/rosdev/ros2_ws/install/claw_machine_msgs/share/claw_machine_msgs/hook/ld_library_path_lib.sh'
[1.711s] Level 1:colcon.colcon_core.environment:checking '/home/rosdev/ros2_ws/install/claw_machine_msgs/bin'
[1.712s] Level 1:colcon.colcon_core.environment:checking '/home/rosdev/ros2_ws/install/claw_machine_msgs/lib/pkgconfig/claw_machine_msgs.pc'
[1.712s] Level 1:colcon.colcon_core.environment:checking '/home/rosdev/ros2_ws/install/claw_machine_msgs/lib/python3.10/site-packages'
[1.712s] Level 1:colcon.colcon_core.environment:checking '/home/rosdev/ros2_ws/install/claw_machine_msgs/bin'
[1.722s] INFO:colcon.colcon_core.shell:Creating package script '/home/rosdev/ros2_ws/install/claw_machine_msgs/share/claw_machine_msgs/package.ps1'
[1.723s] INFO:colcon.colcon_core.shell:Creating package descriptor '/home/rosdev/ros2_ws/install/claw_machine_msgs/share/claw_machine_msgs/package.dsv'
[1.723s] INFO:colcon.colcon_core.shell:Creating package script '/home/rosdev/ros2_ws/install/claw_machine_msgs/share/claw_machine_msgs/package.sh'
[1.724s] INFO:colcon.colcon_core.shell:Creating package script '/home/rosdev/ros2_ws/install/claw_machine_msgs/share/claw_machine_msgs/package.bash'
[1.724s] INFO:colcon.colcon_core.shell:Creating package script '/home/rosdev/ros2_ws/install/claw_machine_msgs/share/claw_machine_msgs/package.zsh'
[1.724s] Level 1:colcon.colcon_core.environment:create_file_with_runtime_dependencies(/home/rosdev/ros2_ws/install/claw_machine_msgs/share/colcon-core/packages/claw_machine_msgs)
[1.728s] DEBUG:colcon.colcon_core.event_handler.log_command:Invoking command in '/home/rosdev/ros2_ws/src/keyboard_claw_controller': PYTHONPATH=/home/rosdev/ros2_ws/build/keyboard_claw_controller/prefix_override:/home/rosdev/ros2_ws/install/keyboard_claw_controller/lib/python3.10/site-packages:${PYTHONPATH} /usr/bin/python3 setup.py egg_info --egg-base ../../build/keyboard_claw_controller build --build-base /home/rosdev/ros2_ws/build/keyboard_claw_controller/build install --record /home/rosdev/ros2_ws/build/keyboard_claw_controller/install.log --single-version-externally-managed
[1.997s] DEBUG:colcon.colcon_core.event_handler.log_command:Invoked command in '/home/rosdev/ros2_ws/src/keyboard_claw_controller' returned '0': PYTHONPATH=/home/rosdev/ros2_ws/build/keyboard_claw_controller/prefix_override:/home/rosdev/ros2_ws/install/keyboard_claw_controller/lib/python3.10/site-packages:${PYTHONPATH} /usr/bin/python3 setup.py egg_info --egg-base ../../build/keyboard_claw_controller build --build-base /home/rosdev/ros2_ws/build/keyboard_claw_controller/build install --record /home/rosdev/ros2_ws/build/keyboard_claw_controller/install.log --single-version-externally-managed
[2.009s] Level 1:colcon.colcon_core.environment:checking '/home/rosdev/ros2_ws/install/keyboard_claw_controller' for CMake module files
[2.010s] Level 1:colcon.colcon_core.environment:checking '/home/rosdev/ros2_ws/install/keyboard_claw_controller' for CMake config files
[2.010s] Level 1:colcon.colcon_core.environment:checking '/home/rosdev/ros2_ws/install/keyboard_claw_controller/lib'
[2.010s] Level 1:colcon.colcon_core.environment:checking '/home/rosdev/ros2_ws/install/keyboard_claw_controller/bin'
[2.010s] Level 1:colcon.colcon_core.environment:checking '/home/rosdev/ros2_ws/install/keyboard_claw_controller/lib/pkgconfig/keyboard_claw_controller.pc'
[2.010s] Level 1:colcon.colcon_core.environment:checking '/home/rosdev/ros2_ws/install/keyboard_claw_controller/lib/python3.10/site-packages'
[2.011s] Level 1:colcon.colcon_core.shell:create_environment_hook('keyboard_claw_controller', 'pythonpath')
[2.020s] INFO:colcon.colcon_core.shell:Creating environment hook '/home/rosdev/ros2_ws/install/keyboard_claw_controller/share/keyboard_claw_controller/hook/pythonpath.ps1'
[2.021s] INFO:colcon.colcon_core.shell:Creating environment descriptor '/home/rosdev/ros2_ws/install/keyboard_claw_controller/share/keyboard_claw_controller/hook/pythonpath.dsv'
[2.021s] INFO:colcon.colcon_core.shell:Creating environment hook '/home/rosdev/ros2_ws/install/keyboard_claw_controller/share/keyboard_claw_controller/hook/pythonpath.sh'
[2.021s] Level 1:colcon.colcon_core.environment:checking '/home/rosdev/ros2_ws/install/keyboard_claw_controller/bin'
[2.021s] Level 1:colcon.colcon_core.environment:create_environment_scripts_only(keyboard_claw_controller)
[2.031s] INFO:colcon.colcon_core.shell:Creating package script '/home/rosdev/ros2_ws/install/keyboard_claw_controller/share/keyboard_claw_controller/package.ps1'
[2.032s] INFO:colcon.colcon_core.shell:Creating package descriptor '/home/rosdev/ros2_ws/install/keyboard_claw_controller/share/keyboard_claw_controller/package.dsv'
[2.032s] INFO:colcon.colcon_core.shell:Creating package script '/home/rosdev/ros2_ws/install/keyboard_claw_controller/share/keyboard_claw_controller/package.sh'
[2.032s] INFO:colcon.colcon_core.shell:Creating package script '/home/rosdev/ros2_ws/install/keyboard_claw_controller/share/keyboard_claw_controller/package.bash'
[2.032s] INFO:colcon.colcon_core.shell:Creating package script '/home/rosdev/ros2_ws/install/keyboard_claw_controller/share/keyboard_claw_controller/package.zsh'
[2.033s] Level 1:colcon.colcon_core.environment:create_file_with_runtime_dependencies(/home/rosdev/ros2_ws/install/keyboard_claw_controller/share/colcon-core/packages/keyboard_claw_controller)
[2.033s] DEBUG:colcon.colcon_parallel_executor.executor.parallel:closing loop
[2.033s] DEBUG:colcon.colcon_parallel_executor.executor.parallel:loop closed
[2.033s] DEBUG:colcon.colcon_parallel_executor.executor.parallel:run_until_complete finished with '0'
[2.033s] DEBUG:colcon.colcon_core.event_reactor:joining thread
[2.053s] INFO:colcon.colcon_core.plugin_system:Skipping extension 'colcon_notification.desktop_notification.notify_send': Could not find 'notify-send'
[2.054s] INFO:colcon.colcon_core.plugin_system:Skipping extension 'colcon_notification.desktop_notification.terminal_notifier': Not used on non-Darwin systems
[2.054s] INFO:colcon.colcon_core.plugin_system:Skipping extension 'colcon_notification.desktop_notification.win32': Not used on non-Windows systems
[2.054s] INFO:colcon.colcon_notification.desktop_notification:Sending desktop notification using 'notify2'
[2.057s] DEBUG:colcon.colcon_notification.desktop_notification.notify2:Failed to initialize notify2: org.freedesktop.DBus.Error.Spawn.ExecFailed: /usr/bin/dbus-launch terminated abnormally without any error message
[2.057s] DEBUG:colcon.colcon_core.event_reactor:joined thread
[2.070s] INFO:colcon.colcon_core.shell:Creating prefix script '/home/rosdev/ros2_ws/install/local_setup.ps1'
[2.071s] INFO:colcon.colcon_core.shell:Creating prefix util module '/home/rosdev/ros2_ws/install/_local_setup_util_ps1.py'
[2.072s] INFO:colcon.colcon_core.shell:Creating prefix chain script '/home/rosdev/ros2_ws/install/setup.ps1'
[2.084s] INFO:colcon.colcon_core.shell:Creating prefix script '/home/rosdev/ros2_ws/install/local_setup.sh'
[2.084s] INFO:colcon.colcon_core.shell:Creating prefix util module '/home/rosdev/ros2_ws/install/_local_setup_util_sh.py'
[2.085s] INFO:colcon.colcon_core.shell:Creating prefix chain script '/home/rosdev/ros2_ws/install/setup.sh'
[2.096s] INFO:colcon.colcon_core.shell:Creating prefix script '/home/rosdev/ros2_ws/install/local_setup.bash'
[2.096s] INFO:colcon.colcon_core.shell:Creating prefix chain script '/home/rosdev/ros2_ws/install/setup.bash'
[2.107s] INFO:colcon.colcon_core.shell:Creating prefix script '/home/rosdev/ros2_ws/install/local_setup.zsh'
[2.107s] INFO:colcon.colcon_core.shell:Creating prefix chain script '/home/rosdev/ros2_ws/install/setup.zsh'
