[0.114s] Invoking command in '/home/rosdev/ros2_ws/build/claw_machine_msgs': CMAKE_PREFIX_PATH=${CMAKE_PREFIX_PATH}:/home/rosdev/ros2_ws/install/keyboard_claw_controller:/opt/ros/humble /usr/bin/cmake --build /home/rosdev/ros2_ws/build/claw_machine_msgs -- -j12 -l12
[0.217s] [  3%] Built target claw_machine_msgs__cpp
[0.222s] [ 12%] Built target claw_machine_msgs__rosidl_generator_c
[0.230s] [ 12%] Built target ament_cmake_python_copy_claw_machine_msgs
[0.248s] [ 25%] Built target claw_machine_msgs__rosidl_typesupport_cpp
[0.249s] [ 32%] Built target claw_machine_msgs__rosidl_typesupport_c
[0.249s] [ 41%] Built target claw_machine_msgs__rosidl_typesupport_fastrtps_cpp
[0.251s] [ 51%] Built target claw_machine_msgs__rosidl_typesupport_introspection_c
[0.251s] [ 61%] Built target claw_machine_msgs__rosidl_typesupport_introspection_cpp
[0.252s] [ 70%] Built target claw_machine_msgs__rosidl_typesupport_fastrtps_c
[0.273s] [ 70%] Built target claw_machine_msgs
[0.295s] [ 74%] Built target claw_machine_msgs__py
[0.322s] [ 80%] Built target claw_machine_msgs__rosidl_generator_py
[0.346s] [ 87%] Built target claw_machine_msgs__rosidl_typesupport_introspection_c__pyext
[0.348s] [ 93%] Built target claw_machine_msgs__rosidl_typesupport_c__pyext
[0.349s] [100%] Built target claw_machine_msgs__rosidl_typesupport_fastrtps_c__pyext
[0.449s] running egg_info
[0.449s] writing claw_machine_msgs.egg-info/PKG-INFO
[0.450s] writing dependency_links to claw_machine_msgs.egg-info/dependency_links.txt
[0.450s] writing top-level names to claw_machine_msgs.egg-info/top_level.txt
[0.452s] reading manifest file 'claw_machine_msgs.egg-info/SOURCES.txt'
[0.453s] writing manifest file 'claw_machine_msgs.egg-info/SOURCES.txt'
[0.475s] [100%] Built target ament_cmake_python_build_claw_machine_msgs_egg
[0.487s] Invoked command in '/home/rosdev/ros2_ws/build/claw_machine_msgs' returned '0': CMAKE_PREFIX_PATH=${CMAKE_PREFIX_PATH}:/home/rosdev/ros2_ws/install/keyboard_claw_controller:/opt/ros/humble /usr/bin/cmake --build /home/rosdev/ros2_ws/build/claw_machine_msgs -- -j12 -l12
[0.556s] Invoking command in '/home/rosdev/ros2_ws/build/claw_machine_msgs': CMAKE_PREFIX_PATH=${CMAKE_PREFIX_PATH}:/home/rosdev/ros2_ws/install/keyboard_claw_controller:/opt/ros/humble /usr/bin/cmake --install /home/rosdev/ros2_ws/build/claw_machine_msgs
[0.570s] -- Install configuration: ""
[0.571s] -- Up-to-date: /home/rosdev/ros2_ws/install/claw_machine_msgs/share/ament_index/resource_index/rosidl_interfaces/claw_machine_msgs
[0.571s] -- Up-to-date: /home/rosdev/ros2_ws/install/claw_machine_msgs/include/claw_machine_msgs/claw_machine_msgs
[0.571s] -- Up-to-date: /home/rosdev/ros2_ws/install/claw_machine_msgs/include/claw_machine_msgs/claw_machine_msgs/msg
[0.572s] -- Up-to-date: /home/rosdev/ros2_ws/install/claw_machine_msgs/include/claw_machine_msgs/claw_machine_msgs/msg/rosidl_generator_c__visibility_control.h
[0.572s] -- Up-to-date: /home/rosdev/ros2_ws/install/claw_machine_msgs/include/claw_machine_msgs/claw_machine_msgs/msg/detail
[0.572s] -- Up-to-date: /home/rosdev/ros2_ws/install/claw_machine_msgs/include/claw_machine_msgs/claw_machine_msgs/msg/detail/position__functions.c
[0.572s] -- Up-to-date: /home/rosdev/ros2_ws/install/claw_machine_msgs/include/claw_machine_msgs/claw_machine_msgs/msg/detail/position__functions.h
[0.572s] -- Up-to-date: /home/rosdev/ros2_ws/install/claw_machine_msgs/include/claw_machine_msgs/claw_machine_msgs/msg/detail/position__type_support.h
[0.572s] -- Up-to-date: /home/rosdev/ros2_ws/install/claw_machine_msgs/include/claw_machine_msgs/claw_machine_msgs/msg/detail/position__struct.h
[0.572s] -- Up-to-date: /home/rosdev/ros2_ws/install/claw_machine_msgs/include/claw_machine_msgs/claw_machine_msgs/msg/position.h
[0.572s] -- Up-to-date: /home/rosdev/ros2_ws/install/claw_machine_msgs/share/claw_machine_msgs/environment/library_path.sh
[0.573s] -- Up-to-date: /home/rosdev/ros2_ws/install/claw_machine_msgs/share/claw_machine_msgs/environment/library_path.dsv
[0.573s] -- Up-to-date: /home/rosdev/ros2_ws/install/claw_machine_msgs/lib/libclaw_machine_msgs__rosidl_generator_c.so
[0.574s] -- Up-to-date: /home/rosdev/ros2_ws/install/claw_machine_msgs/include/claw_machine_msgs/claw_machine_msgs
[0.574s] -- Up-to-date: /home/rosdev/ros2_ws/install/claw_machine_msgs/include/claw_machine_msgs/claw_machine_msgs/msg
[0.574s] -- Up-to-date: /home/rosdev/ros2_ws/install/claw_machine_msgs/include/claw_machine_msgs/claw_machine_msgs/msg/rosidl_typesupport_fastrtps_c__visibility_control.h
[0.574s] -- Up-to-date: /home/rosdev/ros2_ws/install/claw_machine_msgs/include/claw_machine_msgs/claw_machine_msgs/msg/detail
[0.574s] -- Up-to-date: /home/rosdev/ros2_ws/install/claw_machine_msgs/include/claw_machine_msgs/claw_machine_msgs/msg/detail/position__rosidl_typesupport_fastrtps_c.h
[0.574s] -- Up-to-date: /home/rosdev/ros2_ws/install/claw_machine_msgs/lib/libclaw_machine_msgs__rosidl_typesupport_fastrtps_c.so
[0.575s] -- Up-to-date: /home/rosdev/ros2_ws/install/claw_machine_msgs/include/claw_machine_msgs/claw_machine_msgs
[0.575s] -- Up-to-date: /home/rosdev/ros2_ws/install/claw_machine_msgs/include/claw_machine_msgs/claw_machine_msgs/msg
[0.575s] -- Up-to-date: /home/rosdev/ros2_ws/install/claw_machine_msgs/include/claw_machine_msgs/claw_machine_msgs/msg/detail
[0.575s] -- Up-to-date: /home/rosdev/ros2_ws/install/claw_machine_msgs/include/claw_machine_msgs/claw_machine_msgs/msg/detail/position__struct.hpp
[0.575s] -- Up-to-date: /home/rosdev/ros2_ws/install/claw_machine_msgs/include/claw_machine_msgs/claw_machine_msgs/msg/detail/position__traits.hpp
[0.575s] -- Up-to-date: /home/rosdev/ros2_ws/install/claw_machine_msgs/include/claw_machine_msgs/claw_machine_msgs/msg/detail/position__builder.hpp
[0.575s] -- Up-to-date: /home/rosdev/ros2_ws/install/claw_machine_msgs/include/claw_machine_msgs/claw_machine_msgs/msg/position.hpp
[0.575s] -- Up-to-date: /home/rosdev/ros2_ws/install/claw_machine_msgs/include/claw_machine_msgs/claw_machine_msgs
[0.575s] -- Up-to-date: /home/rosdev/ros2_ws/install/claw_machine_msgs/include/claw_machine_msgs/claw_machine_msgs/msg
[0.575s] -- Up-to-date: /home/rosdev/ros2_ws/install/claw_machine_msgs/include/claw_machine_msgs/claw_machine_msgs/msg/rosidl_typesupport_fastrtps_cpp__visibility_control.h
[0.575s] -- Up-to-date: /home/rosdev/ros2_ws/install/claw_machine_msgs/include/claw_machine_msgs/claw_machine_msgs/msg/detail
[0.576s] -- Up-to-date: /home/rosdev/ros2_ws/install/claw_machine_msgs/include/claw_machine_msgs/claw_machine_msgs/msg/detail/position__rosidl_typesupport_fastrtps_cpp.hpp
[0.576s] -- Up-to-date: /home/rosdev/ros2_ws/install/claw_machine_msgs/include/claw_machine_msgs/claw_machine_msgs/msg/detail/dds_fastrtps
[0.576s] -- Up-to-date: /home/rosdev/ros2_ws/install/claw_machine_msgs/lib/libclaw_machine_msgs__rosidl_typesupport_fastrtps_cpp.so
[0.576s] -- Up-to-date: /home/rosdev/ros2_ws/install/claw_machine_msgs/include/claw_machine_msgs/claw_machine_msgs
[0.576s] -- Up-to-date: /home/rosdev/ros2_ws/install/claw_machine_msgs/include/claw_machine_msgs/claw_machine_msgs/msg
[0.577s] -- Up-to-date: /home/rosdev/ros2_ws/install/claw_machine_msgs/include/claw_machine_msgs/claw_machine_msgs/msg/detail
[0.577s] -- Up-to-date: /home/rosdev/ros2_ws/install/claw_machine_msgs/include/claw_machine_msgs/claw_machine_msgs/msg/detail/position__rosidl_typesupport_introspection_c.h
[0.577s] -- Up-to-date: /home/rosdev/ros2_ws/install/claw_machine_msgs/include/claw_machine_msgs/claw_machine_msgs/msg/detail/position__type_support.c
[0.577s] -- Up-to-date: /home/rosdev/ros2_ws/install/claw_machine_msgs/include/claw_machine_msgs/claw_machine_msgs/msg/rosidl_typesupport_introspection_c__visibility_control.h
[0.577s] -- Up-to-date: /home/rosdev/ros2_ws/install/claw_machine_msgs/lib/libclaw_machine_msgs__rosidl_typesupport_introspection_c.so
[0.577s] -- Up-to-date: /home/rosdev/ros2_ws/install/claw_machine_msgs/lib/libclaw_machine_msgs__rosidl_typesupport_c.so
[0.578s] -- Up-to-date: /home/rosdev/ros2_ws/install/claw_machine_msgs/include/claw_machine_msgs/claw_machine_msgs
[0.578s] -- Up-to-date: /home/rosdev/ros2_ws/install/claw_machine_msgs/include/claw_machine_msgs/claw_machine_msgs/msg
[0.578s] -- Up-to-date: /home/rosdev/ros2_ws/install/claw_machine_msgs/include/claw_machine_msgs/claw_machine_msgs/msg/detail
[0.578s] -- Up-to-date: /home/rosdev/ros2_ws/install/claw_machine_msgs/include/claw_machine_msgs/claw_machine_msgs/msg/detail/position__rosidl_typesupport_introspection_cpp.hpp
[0.578s] -- Up-to-date: /home/rosdev/ros2_ws/install/claw_machine_msgs/include/claw_machine_msgs/claw_machine_msgs/msg/detail/position__type_support.cpp
[0.579s] -- Up-to-date: /home/rosdev/ros2_ws/install/claw_machine_msgs/lib/libclaw_machine_msgs__rosidl_typesupport_introspection_cpp.so
[0.579s] -- Up-to-date: /home/rosdev/ros2_ws/install/claw_machine_msgs/lib/libclaw_machine_msgs__rosidl_typesupport_cpp.so
[0.580s] -- Up-to-date: /home/rosdev/ros2_ws/install/claw_machine_msgs/share/claw_machine_msgs/environment/pythonpath.sh
[0.580s] -- Up-to-date: /home/rosdev/ros2_ws/install/claw_machine_msgs/share/claw_machine_msgs/environment/pythonpath.dsv
[0.580s] -- Up-to-date: /home/rosdev/ros2_ws/install/claw_machine_msgs/local/lib/python3.10/dist-packages/claw_machine_msgs-0.0.0-py3.10.egg-info
[0.580s] -- Installing: /home/rosdev/ros2_ws/install/claw_machine_msgs/local/lib/python3.10/dist-packages/claw_machine_msgs-0.0.0-py3.10.egg-info/PKG-INFO
[0.580s] -- Installing: /home/rosdev/ros2_ws/install/claw_machine_msgs/local/lib/python3.10/dist-packages/claw_machine_msgs-0.0.0-py3.10.egg-info/dependency_links.txt
[0.580s] -- Installing: /home/rosdev/ros2_ws/install/claw_machine_msgs/local/lib/python3.10/dist-packages/claw_machine_msgs-0.0.0-py3.10.egg-info/SOURCES.txt
[0.580s] -- Installing: /home/rosdev/ros2_ws/install/claw_machine_msgs/local/lib/python3.10/dist-packages/claw_machine_msgs-0.0.0-py3.10.egg-info/top_level.txt
[0.581s] -- Up-to-date: /home/rosdev/ros2_ws/install/claw_machine_msgs/local/lib/python3.10/dist-packages/claw_machine_msgs
[0.581s] -- Up-to-date: /home/rosdev/ros2_ws/install/claw_machine_msgs/local/lib/python3.10/dist-packages/claw_machine_msgs/claw_machine_msgs_s__rosidl_typesupport_introspection_c.cpython-310-x86_64-linux-gnu.so
[0.581s] -- Up-to-date: /home/rosdev/ros2_ws/install/claw_machine_msgs/local/lib/python3.10/dist-packages/claw_machine_msgs/claw_machine_msgs_s__rosidl_typesupport_c.cpython-310-x86_64-linux-gnu.so
[0.581s] -- Up-to-date: /home/rosdev/ros2_ws/install/claw_machine_msgs/local/lib/python3.10/dist-packages/claw_machine_msgs/libclaw_machine_msgs__rosidl_generator_py.so
[0.581s] -- Up-to-date: /home/rosdev/ros2_ws/install/claw_machine_msgs/local/lib/python3.10/dist-packages/claw_machine_msgs/claw_machine_msgs_s__rosidl_typesupport_fastrtps_c.cpython-310-x86_64-linux-gnu.so
[0.581s] -- Up-to-date: /home/rosdev/ros2_ws/install/claw_machine_msgs/local/lib/python3.10/dist-packages/claw_machine_msgs/_claw_machine_msgs_s.ep.rosidl_typesupport_introspection_c.c
[0.581s] -- Up-to-date: /home/rosdev/ros2_ws/install/claw_machine_msgs/local/lib/python3.10/dist-packages/claw_machine_msgs/msg
[0.581s] -- Up-to-date: /home/rosdev/ros2_ws/install/claw_machine_msgs/local/lib/python3.10/dist-packages/claw_machine_msgs/msg/_position.py
[0.581s] -- Up-to-date: /home/rosdev/ros2_ws/install/claw_machine_msgs/local/lib/python3.10/dist-packages/claw_machine_msgs/msg/__init__.py
[0.581s] -- Up-to-date: /home/rosdev/ros2_ws/install/claw_machine_msgs/local/lib/python3.10/dist-packages/claw_machine_msgs/msg/_position_s.c
[0.581s] -- Up-to-date: /home/rosdev/ros2_ws/install/claw_machine_msgs/local/lib/python3.10/dist-packages/claw_machine_msgs/__init__.py
[0.581s] -- Up-to-date: /home/rosdev/ros2_ws/install/claw_machine_msgs/local/lib/python3.10/dist-packages/claw_machine_msgs/_claw_machine_msgs_s.ep.rosidl_typesupport_c.c
[0.581s] -- Up-to-date: /home/rosdev/ros2_ws/install/claw_machine_msgs/local/lib/python3.10/dist-packages/claw_machine_msgs/_claw_machine_msgs_s.ep.rosidl_typesupport_fastrtps_c.c
[0.611s] Listing '/home/rosdev/ros2_ws/install/claw_machine_msgs/local/lib/python3.10/dist-packages/claw_machine_msgs'...
[0.611s] Listing '/home/rosdev/ros2_ws/install/claw_machine_msgs/local/lib/python3.10/dist-packages/claw_machine_msgs/msg'...
[0.614s] -- Up-to-date: /home/rosdev/ros2_ws/install/claw_machine_msgs/local/lib/python3.10/dist-packages/claw_machine_msgs/claw_machine_msgs_s__rosidl_typesupport_fastrtps_c.cpython-310-x86_64-linux-gnu.so
[0.615s] -- Up-to-date: /home/rosdev/ros2_ws/install/claw_machine_msgs/local/lib/python3.10/dist-packages/claw_machine_msgs/claw_machine_msgs_s__rosidl_typesupport_introspection_c.cpython-310-x86_64-linux-gnu.so
[0.616s] -- Up-to-date: /home/rosdev/ros2_ws/install/claw_machine_msgs/local/lib/python3.10/dist-packages/claw_machine_msgs/claw_machine_msgs_s__rosidl_typesupport_c.cpython-310-x86_64-linux-gnu.so
[0.616s] -- Up-to-date: /home/rosdev/ros2_ws/install/claw_machine_msgs/lib/libclaw_machine_msgs__rosidl_generator_py.so
[0.617s] -- Up-to-date: /home/rosdev/ros2_ws/install/claw_machine_msgs/share/claw_machine_msgs/msg/Position.idl
[0.617s] -- Up-to-date: /home/rosdev/ros2_ws/install/claw_machine_msgs/share/claw_machine_msgs/msg/Position.msg
[0.617s] -- Up-to-date: /home/rosdev/ros2_ws/install/claw_machine_msgs/share/ament_index/resource_index/package_run_dependencies/claw_machine_msgs
[0.617s] -- Up-to-date: /home/rosdev/ros2_ws/install/claw_machine_msgs/share/ament_index/resource_index/parent_prefix_path/claw_machine_msgs
[0.617s] -- Up-to-date: /home/rosdev/ros2_ws/install/claw_machine_msgs/share/claw_machine_msgs/environment/ament_prefix_path.sh
[0.617s] -- Up-to-date: /home/rosdev/ros2_ws/install/claw_machine_msgs/share/claw_machine_msgs/environment/ament_prefix_path.dsv
[0.617s] -- Up-to-date: /home/rosdev/ros2_ws/install/claw_machine_msgs/share/claw_machine_msgs/environment/path.sh
[0.617s] -- Up-to-date: /home/rosdev/ros2_ws/install/claw_machine_msgs/share/claw_machine_msgs/environment/path.dsv
[0.618s] -- Up-to-date: /home/rosdev/ros2_ws/install/claw_machine_msgs/share/claw_machine_msgs/local_setup.bash
[0.618s] -- Up-to-date: /home/rosdev/ros2_ws/install/claw_machine_msgs/share/claw_machine_msgs/local_setup.sh
[0.618s] -- Up-to-date: /home/rosdev/ros2_ws/install/claw_machine_msgs/share/claw_machine_msgs/local_setup.zsh
[0.618s] -- Up-to-date: /home/rosdev/ros2_ws/install/claw_machine_msgs/share/claw_machine_msgs/local_setup.dsv
[0.618s] -- Installing: /home/rosdev/ros2_ws/install/claw_machine_msgs/share/claw_machine_msgs/package.dsv
[0.619s] -- Up-to-date: /home/rosdev/ros2_ws/install/claw_machine_msgs/share/ament_index/resource_index/packages/claw_machine_msgs
[0.620s] -- Up-to-date: /home/rosdev/ros2_ws/install/claw_machine_msgs/share/claw_machine_msgs/cmake/export_claw_machine_msgs__rosidl_generator_cExport.cmake
[0.620s] -- Up-to-date: /home/rosdev/ros2_ws/install/claw_machine_msgs/share/claw_machine_msgs/cmake/export_claw_machine_msgs__rosidl_generator_cExport-noconfig.cmake
[0.620s] -- Up-to-date: /home/rosdev/ros2_ws/install/claw_machine_msgs/share/claw_machine_msgs/cmake/export_claw_machine_msgs__rosidl_typesupport_fastrtps_cExport.cmake
[0.621s] -- Up-to-date: /home/rosdev/ros2_ws/install/claw_machine_msgs/share/claw_machine_msgs/cmake/export_claw_machine_msgs__rosidl_typesupport_fastrtps_cExport-noconfig.cmake
[0.621s] -- Up-to-date: /home/rosdev/ros2_ws/install/claw_machine_msgs/share/claw_machine_msgs/cmake/export_claw_machine_msgs__rosidl_generator_cppExport.cmake
[0.621s] -- Up-to-date: /home/rosdev/ros2_ws/install/claw_machine_msgs/share/claw_machine_msgs/cmake/export_claw_machine_msgs__rosidl_typesupport_fastrtps_cppExport.cmake
[0.621s] -- Up-to-date: /home/rosdev/ros2_ws/install/claw_machine_msgs/share/claw_machine_msgs/cmake/export_claw_machine_msgs__rosidl_typesupport_fastrtps_cppExport-noconfig.cmake
[0.622s] -- Up-to-date: /home/rosdev/ros2_ws/install/claw_machine_msgs/share/claw_machine_msgs/cmake/claw_machine_msgs__rosidl_typesupport_introspection_cExport.cmake
[0.622s] -- Up-to-date: /home/rosdev/ros2_ws/install/claw_machine_msgs/share/claw_machine_msgs/cmake/claw_machine_msgs__rosidl_typesupport_introspection_cExport-noconfig.cmake
[0.622s] -- Up-to-date: /home/rosdev/ros2_ws/install/claw_machine_msgs/share/claw_machine_msgs/cmake/claw_machine_msgs__rosidl_typesupport_cExport.cmake
[0.623s] -- Up-to-date: /home/rosdev/ros2_ws/install/claw_machine_msgs/share/claw_machine_msgs/cmake/claw_machine_msgs__rosidl_typesupport_cExport-noconfig.cmake
[0.623s] -- Up-to-date: /home/rosdev/ros2_ws/install/claw_machine_msgs/share/claw_machine_msgs/cmake/claw_machine_msgs__rosidl_typesupport_introspection_cppExport.cmake
[0.623s] -- Up-to-date: /home/rosdev/ros2_ws/install/claw_machine_msgs/share/claw_machine_msgs/cmake/claw_machine_msgs__rosidl_typesupport_introspection_cppExport-noconfig.cmake
[0.623s] -- Up-to-date: /home/rosdev/ros2_ws/install/claw_machine_msgs/share/claw_machine_msgs/cmake/claw_machine_msgs__rosidl_typesupport_cppExport.cmake
[0.623s] -- Up-to-date: /home/rosdev/ros2_ws/install/claw_machine_msgs/share/claw_machine_msgs/cmake/claw_machine_msgs__rosidl_typesupport_cppExport-noconfig.cmake
[0.623s] -- Up-to-date: /home/rosdev/ros2_ws/install/claw_machine_msgs/share/claw_machine_msgs/cmake/export_claw_machine_msgs__rosidl_generator_pyExport.cmake
[0.624s] -- Up-to-date: /home/rosdev/ros2_ws/install/claw_machine_msgs/share/claw_machine_msgs/cmake/export_claw_machine_msgs__rosidl_generator_pyExport-noconfig.cmake
[0.624s] -- Up-to-date: /home/rosdev/ros2_ws/install/claw_machine_msgs/share/claw_machine_msgs/cmake/rosidl_cmake-extras.cmake
[0.624s] -- Up-to-date: /home/rosdev/ros2_ws/install/claw_machine_msgs/share/claw_machine_msgs/cmake/ament_cmake_export_dependencies-extras.cmake
[0.624s] -- Up-to-date: /home/rosdev/ros2_ws/install/claw_machine_msgs/share/claw_machine_msgs/cmake/ament_cmake_export_include_directories-extras.cmake
[0.624s] -- Up-to-date: /home/rosdev/ros2_ws/install/claw_machine_msgs/share/claw_machine_msgs/cmake/ament_cmake_export_libraries-extras.cmake
[0.624s] -- Up-to-date: /home/rosdev/ros2_ws/install/claw_machine_msgs/share/claw_machine_msgs/cmake/ament_cmake_export_targets-extras.cmake
[0.625s] -- Up-to-date: /home/rosdev/ros2_ws/install/claw_machine_msgs/share/claw_machine_msgs/cmake/rosidl_cmake_export_typesupport_targets-extras.cmake
[0.625s] -- Up-to-date: /home/rosdev/ros2_ws/install/claw_machine_msgs/share/claw_machine_msgs/cmake/rosidl_cmake_export_typesupport_libraries-extras.cmake
[0.625s] -- Up-to-date: /home/rosdev/ros2_ws/install/claw_machine_msgs/share/claw_machine_msgs/cmake/claw_machine_msgsConfig.cmake
[0.625s] -- Up-to-date: /home/rosdev/ros2_ws/install/claw_machine_msgs/share/claw_machine_msgs/cmake/claw_machine_msgsConfig-version.cmake
[0.625s] -- Up-to-date: /home/rosdev/ros2_ws/install/claw_machine_msgs/share/claw_machine_msgs/package.xml
[0.628s] Invoked command in '/home/rosdev/ros2_ws/build/claw_machine_msgs' returned '0': CMAKE_PREFIX_PATH=${CMAKE_PREFIX_PATH}:/home/rosdev/ros2_ws/install/keyboard_claw_controller:/opt/ros/humble /usr/bin/cmake --install /home/rosdev/ros2_ws/build/claw_machine_msgs
